Testsuite: org.apache.commons.lang3.ClassUtilsTest
Tests run: 10, Failures: 4, Errors: 0, Skipped: 0, Time elapsed: 0.052 sec

Testcase: test_getShortCanonicalName_String71 took 0.027 sec
Testcase: testGetClassClassNotFound79 took 0.001 sec
Testcase: test_getPackageCanonicalName_Object81 took 0 sec
Testcase: test_getShortClassName_Class70 took 0.002 sec
	FAILED
expected:<ClassUtilsTest.[7]> but was:<ClassUtilsTest.[1]>
junit.framework.AssertionFailedError: expected:<ClassUtilsTest.[7]> but was:<ClassUtilsTest.[1]>
	at org.apache.commons.lang3.ClassUtilsTest.test_getShortClassName_Class70(ClassUtilsTest.java:74)

Testcase: test_isAssignable76 took 0.006 sec
	FAILED
null
junit.framework.AssertionFailedError
	at org.apache.commons.lang3.ClassUtilsTest.test_isAssignable76(ClassUtilsTest.java:103)

Testcase: test_isAssignable78 took 0 sec
Testcase: test_getClass_String80 took 0.001 sec
	FAILED
expected:<ClassUtils> but was:<class org.apache.commons.lang3.ClassUtils>
junit.framework.AssertionFailedError: expected:<ClassUtils> but was:<class org.apache.commons.lang3.ClassUtils>
	at org.apache.commons.lang3.ClassUtilsTest.test_getClass_String80(ClassUtilsTest.java:181)

Testcase: testConstructor69 took 0 sec
Testcase: testIsAssignable77 took 0.001 sec
	FAILED
null
junit.framework.AssertionFailedError
	at org.apache.commons.lang3.ClassUtilsTest.testIsAssignable77(ClassUtilsTest.java:127)

Testcase: test_getPackageName_String72 took 0 sec
