Testsuite: org.apache.commons.lang3.BooleanUtilsTest
Tests run: 16, Failures: 3, Errors: 0, Skipped: 0, Time elapsed: 0.046 sec

Testcase: testXor_object_validInput_3items17 took 0.026 sec
Testcase: testXor_object_emptyInput18 took 0 sec
Testcase: test_toBooleanObject_Integer5 took 0 sec
Testcase: test_toBooleanObject_Integer6 took 0 sec
Testcase: test_toBooleanObject_Integer7 took 0.001 sec
	FAILED
expected:<true> but was:<false>
junit.framework.AssertionFailedError: expected:<true> but was:<false>
	at org.apache.commons.lang3.BooleanUtilsTest.test_toBooleanObject_Integer7(BooleanUtilsTest.java:79)

Testcase: testOr_object_validInput_3items15 took 0 sec
	FAILED
True result for (true, true, true)
junit.framework.AssertionFailedError: True result for (true, true, true)
	at org.apache.commons.lang3.BooleanUtilsTest.testOr_object_validInput_3items15(BooleanUtilsTest.java:114)

Testcase: testOr_object_nullElementInput16 took 0 sec
Testcase: test_toStringYesNo_Boolean12 took 0 sec
Testcase: test_isTrue_Boolean2 took 0 sec
Testcase: testAnd_object_emptyInput13 took 0 sec
Testcase: test_toBooleanObject_String_String_String_String10 took 0 sec
Testcase: test_toBooleanObject_String_String_String_String_nullValue11 took 0 sec
Testcase: testConstructor1 took 0 sec
Testcase: testOr_primitive_nullInput14 took 0 sec
Testcase: test_toBoolean_int4 took 0.001 sec
	FAILED
null
junit.framework.AssertionFailedError
	at org.apache.commons.lang3.BooleanUtilsTest.test_toBoolean_int4(BooleanUtilsTest.java:61)

Testcase: test_toBooleanDefaultIfNull_Boolean_boolean3 took 0.001 sec
