Testsuite: org.apache.commons.lang3.ArrayUtilsAddTest
Tests run: 3, Failures: 2, Errors: 0, Skipped: 0, Time elapsed: 0.039 sec

Testcase: testAddObjectArrayDouble229 took 0.022 sec
Testcase: testAddObjectArrayChar227 took 0.001 sec
	FAILED
null
junit.framework.AssertionFailedError
	at org.apache.commons.lang3.ArrayUtilsAddTest.testAddObjectArrayChar227(ArrayUtilsAddTest.java:49)

Testcase: testAddObjectArrayChar228 took 0.001 sec
	FAILED
null
junit.framework.AssertionFailedError
	at org.apache.commons.lang3.ArrayUtilsAddTest.testAddObjectArrayChar228(ArrayUtilsAddTest.java:66)

