Testsuite: org.apache.commons.lang3.CharRangeTest
Tests run: 4, Failures: 2, Errors: 0, Skipped: 0, Time elapsed: 0.035 sec

Testcase: testContains_Char308 took 0.018 sec
Testcase: testContains_Char311 took 0.001 sec
	FAILED
null
junit.framework.AssertionFailedError
	at org.apache.commons.lang3.CharRangeTest.testContains_Char311(CharRangeTest.java:96)

Testcase: testIsNot_char310 took 0 sec
	FAILED
null
junit.framework.AssertionFailedError
	at org.apache.commons.lang3.CharRangeTest.testIsNot_char310(CharRangeTest.java:69)

Testcase: testConstructorAccessors_isNotIn_Normal313 took 0 sec
