<?xml version="1.0" encoding="UTF-8" ?>
<testsuite errors="1" failures="0" hostname="sepehr-UX310UQK" name="org.joda.time.TestAllPackages" skipped="0" tests="1" time="0.0" timestamp="2022-12-31T22:54:47">
  <properties>
[...]
</properties>
  <error type="java.lang.reflect.InvocationTargetException">java.lang.reflect.InvocationTargetException
Caused by: java.lang.ExceptionInInitializerError
	at org.joda.time.TestAll.suite(TestAll.java:37)
	at org.joda.time.TestAllPackages.suite(TestAllPackages.java:36)
Caused by: java.lang.IllegalArgumentException: The datetime zone id &apos;Europe/London&apos; is not recognised
	at org.joda.time.DateTimeZone.forID(DateTimeZone.java:224)
	at org.joda.time.TestChronology.&lt;clinit&gt;(TestChronology.java:47)
</error>
  <system-out><![CDATA[]]></system-out>
  <system-err><![CDATA[java.io.IOException: Resource not found: "org/joda/time/tz/data/ZoneInfoMap" ClassLoader: sun.misc.Launcher$AppClassLoader@4b67cf4d
	at org.joda.time.tz.ZoneInfoProvider.openResource(ZoneInfoProvider.java:210)
	at org.joda.time.tz.ZoneInfoProvider.<init>(ZoneInfoProvider.java:123)
	at org.joda.time.tz.ZoneInfoProvider.<init>(ZoneInfoProvider.java:82)
	at org.joda.time.DateTimeZone.getDefaultProvider(DateTimeZone.java:488)
	at org.joda.time.DateTimeZone.setProvider0(DateTimeZone.java:444)
	at org.joda.time.DateTimeZone.<clinit>(DateTimeZone.java:116)
	at org.joda.time.TestChronology.<clinit>(TestChronology.java:47)
	at org.joda.time.TestAll.suite(TestAll.java:37)
	at org.joda.time.TestAllPackages.suite(TestAllPackages.java:36)
	at sun.reflect.NativeMethodAccessorImpl.invoke0(Native Method)
	at sun.reflect.NativeMethodAccessorImpl.invoke(NativeMethodAccessorImpl.java:62)
	at sun.reflect.DelegatingMethodAccessorImpl.invoke(DelegatingMethodAccessorImpl.java:43)
	at java.lang.reflect.Method.invoke(Method.java:498)
	at org.apache.tools.ant.taskdefs.optional.junit.JUnitTestRunner.run(JUnitTestRunner.java:412)
	at org.apache.tools.ant.taskdefs.optional.junit.JUnitTestRunner.launch(JUnitTestRunner.java:1196)
	at org.apache.tools.ant.taskdefs.optional.junit.JUnitTestRunner.main(JUnitTestRunner.java:1041)
]]></system-err>
</testsuite>
