<?xml version="1.0" encoding="UTF-8" ?>
<testsuite errors="1" failures="0" hostname="sepehr-UX310UQK" name="org.joda.time.TestAllPackages" skipped="0" tests="1" time="0.0" timestamp="2022-12-31T22:54:47">
  <properties>
    <property name="java.vendor" value="Private Build" />
    <property name="maven.compiler.fork" value="true" />
    <property name="sun.java.launcher" value="SUN_STANDARD" />
    <property name="sun.management.compiler" value="HotSpot 64-Bit Tiered Compilers" />
    <property name="checkstyle.config.location" value="/tmp/check_build_file_1389821800/src/main/checkstyle/checkstyle.xml" />
    <property name="maven.compiler.debuglevel" value="lines,source" />
    <property name="maven.build.srcDir.0" value="src/main/java" />
    <property name="os.name" value="Linux" />
    <property name="clover.historical.json" value="true" />
    <property name="sun.boot.class.path" value="/usr/lib/jvm/java-8-openjdk-amd64/jre/lib/resources.jar:/usr/lib/jvm/java-8-openjdk-amd64/jre/lib/rt.jar:/usr/lib/jvm/java-8-openjdk-amd64/jre/lib/sunrsasign.jar:/usr/lib/jvm/java-8-openjdk-amd64/jre/lib/jsse.jar:/usr/lib/jvm/java-8-openjdk-amd64/jre/lib/jce.jar:/usr/lib/jvm/java-8-openjdk-amd64/jre/lib/charsets.jar:/usr/lib/jvm/java-8-openjdk-amd64/jre/lib/jfr.jar:/usr/lib/jvm/java-8-openjdk-amd64/jre/classes" />
    <property name="sun.desktop" value="gnome" />
    <property name="java.vm.specification.vendor" value="Oracle Corporation" />
    <property name="ant.file.joda-time" value="/home/sepehr/masters/test_generation/model_generated_coverage/Time1f_manual/build.xml" />
    <property name="ant.home" value="/usr/share/ant" />
    <property name="java.runtime.version" value="1.8.0_352-8u352-ga-1~20.04-b08" />
    <property name="maven.build.resourceDir.1" value="src/main/java" />
    <property name="maven.build.resourceDir.0" value="." />
    <property name="project.build.sourceEncoding" value="UTF-8" />
    <property name="clover.project.historydir" value="/home/sepehr/masters/test_generation/model_generated_coverage/Time1f_manual/.cloverhistory/joda-time" />
    <property name="clover.flushinterval" value="100" />
    <property name="maven-checkstyle-plugin.version" value="2.10" />
    <property name="user.name" value="sepehr" />
    <property name="maven.build.outputDir" value="target/classes" />
    <property name="maven.repo.local" value="/home/sepehr/.m2/repository" />
    <property name="maven-toolchains-plugin.version" value="1.0" />
    <property name="maven.build.finalName" value="joda-time-2.4-SNAPSHOT" />
    <property name="author" value="false" />
    <property name="maven.build.testDir.0" value="src/test/java" />
    <property name="user.language" value="en" />
    <property name="maven-deploy-plugin.version" value="2.7" />
    <property name="sun.boot.library.path" value="/usr/lib/jvm/java-8-openjdk-amd64/jre/lib/amd64" />
    <property name="maven-javadoc-plugin.version" value="2.9.1" />
    <property name="maven-install-plugin.version" value="2.4" />
    <property name="ant.project.default-target" value="package" />
    <property name="maven.reporting.outputDirectory" value="target/site" />
    <property name="ant.project.name" value="joda-time" />
    <property name="java.version" value="1.8.0_352" />
    <property name="maven-changes-plugin.version" value="2.9" />
    <property name="user.timezone" value="" />
    <property name="ant.file.type.joda-time" value="file" />
    <property name="maven.compiler.compilerVersion" value="1.5" />
    <property name="sun.arch.data.model" value="64" />
    <property name="java.endorsed.dirs" value="/usr/lib/jvm/java-8-openjdk-amd64/jre/lib/endorsed" />
    <property name="sun.cpu.isalist" value="" />
    <property name="sun.jnu.encoding" value="UTF-8" />
    <property name="file.encoding.pkg" value="sun.io" />
    <property name="file.separator" value="/" />
    <property name="java.specification.name" value="Java Platform API Specification" />
    <property name="maven-plugin-plugin.version" value="3.2" />
    <property name="clover.initstring" value="/home/sepehr/masters/test_generation/model_generated_coverage/Time1f_manual/.clover/clover4_4_1.db" />
    <property name="java.class.version" value="52.0" />
    <property name="user.country" value="US" />
    <property name="maven.compiler.debug" value="true" />
    <property name="java.home" value="/usr/lib/jvm/java-8-openjdk-amd64/jre" />
    <property name="clover.dir" value="/home/sepehr/masters/test_generation/model_generated_coverage/Time1f_manual/clover" />
    <property name="java.vm.info" value="mixed mode" />
    <property name="maven-project-info-reports-plugin.version" value="2.7" />
    <property name="ant.file" value="/home/sepehr/masters/test_generation/model_generated_coverage/Time1f_manual/build.xml" />
    <property name="os.version" value="5.15.0-56-generic" />
    <property name="maven-gpg-plugin.version" value="1.4" />
    <property name="maven-surefire-report-plugin.version" value="2.15" />
    <property name="maven.build.testOutputDir" value="target/test-classes" />
    <property name="maven.compiler.target" value="1.5" />
    <property name="project.reporting.outputEncoding" value="UTF-8" />
    <property name="maven-jar-plugin.version" value="2.4" />
    <property name="path.separator" value=":" />
    <property name="java.vm.version" value="25.352-b08" />
    <property name="maven.build.dir" value="target" />
    <property name="maven.test.reports" value="target/test-reports" />
    <property name="ant.library.dir" value="/usr/share/ant/lib" />
    <property name="clover.jar" value="/home/sepehr/masters/test_generation/model_generated_coverage/Time1f_manual/${clover.home}/clover.jar" />
    <property name="java.awt.printerjob" value="sun.print.PSPrinterJob" />
    <property name="sun.io.unicode.encoding" value="UnicodeLittle" />
    <property name="maven-surefire-plugin.version" value="2.15" />
    <property name="awt.toolkit" value="sun.awt.X11.XToolkit" />
    <property name="java.specification.maintenance.version" value="4" />
    <property name="maven-site-plugin.version" value="3.3" />
    <property name="maven-source-plugin.version" value="2.2.1" />
    <property name="project.build.outputDirectory" value="target/classes" />
    <property name="user.home" value="/home/sepehr" />
    <property name="maven-repository-plugin.version" value="2.3.1" />
    <property name="maven-compiler-plugin.version" value="3.1" />
    <property name="java.specification.vendor" value="Oracle Corporation" />
    <property name="maven-dependency-plugin.version" value="2.8" />
    <property name="clover.span" value="1day" />
    <property name="clover.dest" value="/home/sepehr/masters/test_generation/model_generated_coverage/Time1f_manual/clover/joda-time" />
    <property name="maven.compiler.optimize" value="true" />
    <property name="java.vendor.url" value="http://java.oracle.com/" />
    <property name="java.library.path" value="/usr/java/packages/lib/amd64:/usr/lib/x86_64-linux-gnu/jni:/lib/x86_64-linux-gnu:/usr/lib/x86_64-linux-gnu:/usr/lib/jni:/lib:/usr/lib" />
    <property name="test.target" value="test" />
    <property name="maven.settings.offline" value="false" />
    <property name="ant.file.joda-time-from-maven" value="/home/sepehr/masters/test_generation/model_generated_coverage/Time1f_manual/maven-build.xml" />
    <property name="java.vm.vendor" value="Private Build" />
    <property name="maven-resources-plugin.version" value="2.6" />
    <property name="maven.settings.interactiveMode" value="true" />
    <property name="java.runtime.name" value="OpenJDK Runtime Environment" />
    <property name="ant.version" value="Apache Ant(TM) version 1.10.7 compiled on October 24 2019" />
    <property name="java.class.path" value="/home/sepehr/.ant/lib/clover.jar:/home/sepehr/.m2/repository/org/joda/joda-convert/1.2/joda-convert-1.2.jar:/home/sepehr/.m2/repository/junit/junit/3.8.2/junit-3.8.2.jar:/home/sepehr/masters/test_generation/model_generated_coverage/Time1f_manual/target/classes:/home/sepehr/masters/test_generation/model_generated_coverage/Time1f_manual/target/test-classes:/home/sepehr/.ant/lib/evosuite-1.0.6.jar:/usr/share/java/ant-launcher-1.10.7.jar:/usr/share/ant/lib/ant.jar:/usr/share/ant/lib/ant-junit.jar:/usr/share/ant/lib/ant-junit4.jar" />
    <property name="sun.java.command" value="org.apache.tools.ant.taskdefs.optional.junit.JUnitTestRunner org.joda.time.TestAllPackages skipNonTests=false filtertrace=true haltOnError=false haltOnFailure=false formatter=org.apache.tools.ant.taskdefs.optional.junit.SummaryJUnitResultFormatter showoutput=false outputtoformatters=true logfailedtests=true threadid=0 logtestlistenerevents=false formatter=org.apache.tools.ant.taskdefs.optional.junit.XMLJUnitResultFormatter,/home/sepehr/masters/test_generation/model_generated_coverage/Time1f_manual/target/test-reports/TEST-org.joda.time.TestAllPackages.xml formatter=org.apache.tools.ant.taskdefs.optional.junit.PlainJUnitResultFormatter crashfile=/home/sepehr/masters/test_generation/model_generated_coverage/Time1f_manual/junitvmwatcher9070548325272332824.properties propsfile=/home/sepehr/masters/test_generation/model_generated_coverage/Time1f_manual/junit4381326962372622604.properties" />
    <property name="project.name" value="joda-time" />
    <property name="project.build.directory" value="target" />
    <property name="maven.compiler.verbose" value="true" />
    <property name="java.vm.specification.name" value="Java Virtual Machine Specification" />
    <property name="clover.snapshot.file" value="/home/sepehr/masters/test_generation/model_generated_coverage/Time1f_manual/.cloverhistory/joda-time/clover.snapshot" />
    <property name="ant.file.type" value="file" />
    <property name="java.vm.specification.version" value="1.8" />
    <property name="sun.os.patch.level" value="unknown" />
    <property name="sun.cpu.endian" value="little" />
    <property name="java.io.tmpdir" value="/tmp" />
    <property name="junit.present" value="true" />
    <property name="project.title" value="joda-time" />
    <property name="java.vendor.url.bug" value="http://bugreport.sun.com/bugreport/" />
    <property name="maven.compiler.source" value="1.5" />
    <property name="maven-jxr-plugin.version" value="2.3" />
    <property name="java.awt.graphicsenv" value="sun.awt.X11GraphicsEnvironment" />
    <property name="os.arch" value="amd64" />
    <property name="clover.jarpath" value="/home/sepehr/.ant/lib/clover.jar" />
    <property name="maven.build.testResourceDir.0" value="src/test/resources" />
    <property name="java.ext.dirs" value="/usr/lib/jvm/java-8-openjdk-amd64/jre/lib/ext:/usr/java/packages/lib/ext" />
    <property name="user.dir" value="/home/sepehr/masters/test_generation/model_generated_coverage/Time1f_manual" />
    <property name="maven-pmd-plugin.version" value="3.0.1" />
    <property name="line.separator" value="&#xa;" />
    <property name="java.vm.name" value="OpenJDK 64-Bit Server VM" />
    <property name="basedir" value="." />
    <property name="maven-assembly-plugin.version" value="2.4" />
    <property name="notimestamp" value="true" />
    <property name="ant.java.version" value="1.8" />
    <property name="ant.file.type.joda-time-from-maven" value="file" />
    <property name="ant.core.lib" value="/usr/share/ant/lib/ant.jar" />
    <property name="file.encoding" value="UTF-8" />
    <property name="build.compiler" value="com.atlassian.clover.ant.taskdefs.CloverCompilerAdapter" />
    <property name="clover.historydir" value="/home/sepehr/masters/test_generation/model_generated_coverage/Time1f_manual/.cloverhistory" />
    <property name="java.specification.version" value="1.8" />
    <property name="ant.project.invoked-targets" value="with.clover,test,clover.report" />
    <property name="maven-clean-plugin.version" value="2.5" />
    <property name="clover.flushpolicy" value="directed" />
  </properties>
  <error type="java.lang.reflect.InvocationTargetException">java.lang.reflect.InvocationTargetException
Caused by: java.lang.ExceptionInInitializerError
	at org.joda.time.TestAll.suite(TestAll.java:37)
	at org.joda.time.TestAllPackages.suite(TestAllPackages.java:36)
Caused by: java.lang.IllegalArgumentException: The datetime zone id &apos;Europe/London&apos; is not recognised
	at org.joda.time.DateTimeZone.forID(DateTimeZone.java:224)
	at org.joda.time.TestChronology.&lt;clinit&gt;(TestChronology.java:47)
</error>
  <system-out><![CDATA[]]></system-out>
  <system-err><![CDATA[java.io.IOException: Resource not found: "org/joda/time/tz/data/ZoneInfoMap" ClassLoader: sun.misc.Launcher$AppClassLoader@4b67cf4d
	at org.joda.time.tz.ZoneInfoProvider.openResource(ZoneInfoProvider.java:210)
	at org.joda.time.tz.ZoneInfoProvider.<init>(ZoneInfoProvider.java:123)
	at org.joda.time.tz.ZoneInfoProvider.<init>(ZoneInfoProvider.java:82)
	at org.joda.time.DateTimeZone.getDefaultProvider(DateTimeZone.java:488)
	at org.joda.time.DateTimeZone.setProvider0(DateTimeZone.java:444)
	at org.joda.time.DateTimeZone.<clinit>(DateTimeZone.java:116)
	at org.joda.time.TestChronology.<clinit>(TestChronology.java:47)
	at org.joda.time.TestAll.suite(TestAll.java:37)
	at org.joda.time.TestAllPackages.suite(TestAllPackages.java:36)
	at sun.reflect.NativeMethodAccessorImpl.invoke0(Native Method)
	at sun.reflect.NativeMethodAccessorImpl.invoke(NativeMethodAccessorImpl.java:62)
	at sun.reflect.DelegatingMethodAccessorImpl.invoke(DelegatingMethodAccessorImpl.java:43)
	at java.lang.reflect.Method.invoke(Method.java:498)
	at org.apache.tools.ant.taskdefs.optional.junit.JUnitTestRunner.run(JUnitTestRunner.java:412)
	at org.apache.tools.ant.taskdefs.optional.junit.JUnitTestRunner.launch(JUnitTestRunner.java:1196)
	at org.apache.tools.ant.taskdefs.optional.junit.JUnitTestRunner.main(JUnitTestRunner.java:1041)
]]></system-err>
</testsuite>
