Testsuite: org.apache.commons.lang3.ClassUtilsTest
Tests run: 26, Failures: 2, Errors: 0, Skipped: 0, Time elapsed: 0.065 sec

Testcase: testGetClassInvalidArguments193 took 0.025 sec
Testcase: test_getAllInterfaces_Class182 took 0.001 sec
Testcase: test_getShortClassName_Class175 took 0.002 sec
	FAILED
expected:<ClassUtilsTest.[2]> but was:<ClassUtilsTest.[3]>
junit.framework.AssertionFailedError: expected:<ClassUtilsTest.[2]> but was:<ClassUtilsTest.[3]>
	at org.apache.commons.lang3.ClassUtilsTest.test_getShortClassName_Class175(ClassUtilsTest.java:112)

Testcase: test_getSimpleName_Object177 took 0.001 sec
Testcase: test_getShortCanonicalName_Object196 took 0 sec
Testcase: test_isAssignable_Unboxing_Widening186 took 0 sec
Testcase: testWithInterleavingWhitespace195 took 0 sec
Testcase: testWrappersToPrimitivesNull188 took 0.005 sec
Testcase: test_getShortClassName_Object174 took 0 sec
	FAILED
expected:<ClassUtilsTest.[1]> but was:<ClassUtilsTest.[2]>
junit.framework.AssertionFailedError: expected:<ClassUtilsTest.[1]> but was:<ClassUtilsTest.[2]>
	at org.apache.commons.lang3.ClassUtilsTest.test_getShortClassName_Object174(ClassUtilsTest.java:79)

Testcase: testGetClassRawPrimitives191 took 0 sec
Testcase: testGetClassClassNotFound192 took 0 sec
Testcase: testGetClassWithArrayClasses190 took 0.001 sec
Testcase: test_getPackageCanonicalName_Class198 took 0.001 sec
Testcase: test_getPackageName_Class179 took 0.001 sec
Testcase: testPrimitivesToWrappers187 took 0.001 sec
Testcase: test_isAssignable_ClassArray_ClassArray_NoAutoboxing185 took 0 sec
Testcase: test_getShortClassName_String176 took 0 sec
Testcase: test_getPackageName_Object178 took 0 sec
Testcase: test_isInnerClass_Class189 took 0 sec
Testcase: test_getPackageCanonicalName_Object173 took 0.001 sec
Testcase: test_getShortCanonicalName_Class197 took 0.001 sec
Testcase: test_convertClassesToClassNames_List183 took 0 sec
Testcase: testGetPublicMethod194 took 0.001 sec
Testcase: test_isAssignable_ClassArray_ClassArray184 took 0.003 sec
Testcase: test_getPackageName_String180 took 0 sec
Testcase: test_getAllSuperclasses_Class181 took 0.001 sec
