<?xml version="1.0" encoding="UTF-8"?>
<testsuite name="org.joda.time.TestAllPackages" time="1.535" tests="237" errors="2" skipped="0" failures="108">
  <properties>
[...]
</properties>
  <testcase name="test_setHourOfDay21" classname="org.joda.time.TestChronology" time="0.024">
    <error message="Value 24 for hourOfDay must be in the range [0,23]" type="org.joda.time.IllegalFieldValueException">org.joda.time.IllegalFieldValueException: Value 24 for hourOfDay must be in the range [0,23]
	at org.joda.time.field.FieldUtils.verifyValueBounds(FieldUtils.java:236)
	at org.joda.time.field.PreciseDateTimeField.set(PreciseDateTimeField.java:112)
	at org.joda.time.DateTime.withHourOfDay(DateTime.java:1767)
	at org.joda.time.TestChronology.__CLR4_4_1gxj4r2guw(TestChronology.java:115)
	at org.joda.time.TestChronology.test_setHourOfDay21(TestChronology.java:111)
</error>
  </testcase>
  <testcase name="warning" classname="junit.framework.TestSuite$1" time="0">
    <failure message="No tests found in org.joda.time.TestDateTimeFieldType" type="junit.framework.AssertionFailedError">junit.framework.AssertionFailedError: No tests found in org.joda.time.TestDateTimeFieldType
	at junit.framework.Assert.fail(Assert.java:47)
	at junit.framework.TestSuite$1.runTest(TestSuite.java:90)
	at junit.framework.TestCase.runBare(TestCase.java:130)
	at junit.framework.TestResult$1.protect(TestResult.java:106)
	at junit.framework.TestResult.runProtected(TestResult.java:124)
	at junit.framework.TestResult.run(TestResult.java:109)
	at junit.framework.TestCase.run(TestCase.java:120)
	at junit.framework.TestSuite.runTest(TestSuite.java:230)
	at junit.framework.TestSuite.run(TestSuite.java:225)
	at junit.framework.TestSuite.runTest(TestSuite.java:230)
	at junit.framework.TestSuite.run(TestSuite.java:225)
	at junit.framework.TestSuite.runTest(TestSuite.java:230)
	at junit.framework.TestSuite.run(TestSuite.java:225)
	at sun.reflect.NativeMethodAccessorImpl.invoke0(Native Method)
	at sun.reflect.NativeMethodAccessorImpl.invoke(NativeMethodAccessorImpl.java:62)
	at sun.reflect.DelegatingMethodAccessorImpl.invoke(DelegatingMethodAccessorImpl.java:43)
	at java.lang.reflect.Method.invoke(Method.java:498)
	at org.apache.maven.surefire.junit.JUnitTestSet.execute(JUnitTestSet.java:95)
	at org.apache.maven.surefire.junit.JUnit3Provider.executeTestSet(JUnit3Provider.java:131)
	at org.apache.maven.surefire.junit.JUnit3Provider.invoke(JUnit3Provider.java:108)
	at org.apache.maven.surefire.booter.ForkedBooter.invokeProviderInSameClassLoader(ForkedBooter.java:200)
	at org.apache.maven.surefire.booter.ForkedBooter.runSuitesInProcess(ForkedBooter.java:153)
	at org.apache.maven.surefire.booter.ForkedBooter.main(ForkedBooter.java:103)
</failure>
  </testcase>
  <testcase name="test_weeks292" classname="org.joda.time.TestDurationFieldType" time="0.057"/>
  <testcase name="testForFields4290" classname="org.joda.time.TestDurationFieldType" time="0.001"/>
  <testcase name="test_centuries291" classname="org.joda.time.TestDurationFieldType" time="0.001"/>
  <testcase name="testWithFieldAdded_DurationFieldType_int_854" classname="org.joda.time.TestDurationFieldType" time="0.003"/>
  <testcase name="warning" classname="junit.framework.TestSuite$1" time="0">
    <failure message="No tests found in org.joda.time.TestInstant_Constructors" type="junit.framework.AssertionFailedError">junit.framework.AssertionFailedError: No tests found in org.joda.time.TestInstant_Constructors
	at junit.framework.Assert.fail(Assert.java:47)
	at junit.framework.TestSuite$1.runTest(TestSuite.java:90)
	at junit.framework.TestCase.runBare(TestCase.java:130)
	at junit.framework.TestResult$1.protect(TestResult.java:106)
	at junit.framework.TestResult.runProtected(TestResult.java:124)
	at junit.framework.TestResult.run(TestResult.java:109)
	at junit.framework.TestCase.run(TestCase.java:120)
	at junit.framework.TestSuite.runTest(TestSuite.java:230)
	at junit.framework.TestSuite.run(TestSuite.java:225)
	at junit.framework.TestSuite.runTest(TestSuite.java:230)
	at junit.framework.TestSuite.run(TestSuite.java:225)
	at junit.framework.TestSuite.runTest(TestSuite.java:230)
	at junit.framework.TestSuite.run(TestSuite.java:225)
	at sun.reflect.NativeMethodAccessorImpl.invoke0(Native Method)
	at sun.reflect.NativeMethodAccessorImpl.invoke(NativeMethodAccessorImpl.java:62)
	at sun.reflect.DelegatingMethodAccessorImpl.invoke(DelegatingMethodAccessorImpl.java:43)
	at java.lang.reflect.Method.invoke(Method.java:498)
	at org.apache.maven.surefire.junit.JUnitTestSet.execute(JUnitTestSet.java:95)
	at org.apache.maven.surefire.junit.JUnit3Provider.executeTestSet(JUnit3Provider.java:131)
	at org.apache.maven.surefire.junit.JUnit3Provider.invoke(JUnit3Provider.java:108)
	at org.apache.maven.surefire.booter.ForkedBooter.invokeProviderInSameClassLoader(ForkedBooter.java:200)
	at org.apache.maven.surefire.booter.ForkedBooter.runSuitesInProcess(ForkedBooter.java:153)
	at org.apache.maven.surefire.booter.ForkedBooter.main(ForkedBooter.java:103)
</failure>
  </testcase>
  <testcase name="testConstructor297" classname="org.joda.time.TestInstant_Basics" time="0.001"/>
  <testcase name="testToDateTime_DateTimeZone296" classname="org.joda.time.TestInstant_Basics" time="0.001"/>
  <testcase name="warning" classname="junit.framework.TestSuite$1" time="0.001">
    <failure message="No tests found in org.joda.time.TestDateTime_Constructors" type="junit.framework.AssertionFailedError">junit.framework.AssertionFailedError: No tests found in org.joda.time.TestDateTime_Constructors
	at junit.framework.Assert.fail(Assert.java:47)
	at junit.framework.TestSuite$1.runTest(TestSuite.java:90)
	at junit.framework.TestCase.runBare(TestCase.java:130)
	at junit.framework.TestResult$1.protect(TestResult.java:106)
	at junit.framework.TestResult.runProtected(TestResult.java:124)
	at junit.framework.TestResult.run(TestResult.java:109)
	at junit.framework.TestCase.run(TestCase.java:120)
	at junit.framework.TestSuite.runTest(TestSuite.java:230)
	at junit.framework.TestSuite.run(TestSuite.java:225)
	at junit.framework.TestSuite.runTest(TestSuite.java:230)
	at junit.framework.TestSuite.run(TestSuite.java:225)
	at junit.framework.TestSuite.runTest(TestSuite.java:230)
	at junit.framework.TestSuite.run(TestSuite.java:225)
	at sun.reflect.NativeMethodAccessorImpl.invoke0(Native Method)
	at sun.reflect.NativeMethodAccessorImpl.invoke(NativeMethodAccessorImpl.java:62)
	at sun.reflect.DelegatingMethodAccessorImpl.invoke(DelegatingMethodAccessorImpl.java:43)
	at java.lang.reflect.Method.invoke(Method.java:498)
	at org.apache.maven.surefire.junit.JUnitTestSet.execute(JUnitTestSet.java:95)
	at org.apache.maven.surefire.junit.JUnit3Provider.executeTestSet(JUnit3Provider.java:131)
	at org.apache.maven.surefire.junit.JUnit3Provider.invoke(JUnit3Provider.java:108)
	at org.apache.maven.surefire.booter.ForkedBooter.invokeProviderInSameClassLoader(ForkedBooter.java:200)
	at org.apache.maven.surefire.booter.ForkedBooter.runSuitesInProcess(ForkedBooter.java:153)
	at org.apache.maven.surefire.booter.ForkedBooter.main(ForkedBooter.java:103)
</failure>
  </testcase>
  <testcase name="warning" classname="junit.framework.TestSuite$1" time="0">
    <failure message="No tests found in org.joda.time.TestDateTime_Basics" type="junit.framework.AssertionFailedError">junit.framework.AssertionFailedError: No tests found in org.joda.time.TestDateTime_Basics
	at junit.framework.Assert.fail(Assert.java:47)
	at junit.framework.TestSuite$1.runTest(TestSuite.java:90)
	at junit.framework.TestCase.runBare(TestCase.java:130)
	at junit.framework.TestResult$1.protect(TestResult.java:106)
	at junit.framework.TestResult.runProtected(TestResult.java:124)
	at junit.framework.TestResult.run(TestResult.java:109)
	at junit.framework.TestCase.run(TestCase.java:120)
	at junit.framework.TestSuite.runTest(TestSuite.java:230)
	at junit.framework.TestSuite.run(TestSuite.java:225)
	at junit.framework.TestSuite.runTest(TestSuite.java:230)
	at junit.framework.TestSuite.run(TestSuite.java:225)
	at junit.framework.TestSuite.runTest(TestSuite.java:230)
	at junit.framework.TestSuite.run(TestSuite.java:225)
	at sun.reflect.NativeMethodAccessorImpl.invoke0(Native Method)
	at sun.reflect.NativeMethodAccessorImpl.invoke(NativeMethodAccessorImpl.java:62)
	at sun.reflect.DelegatingMethodAccessorImpl.invoke(DelegatingMethodAccessorImpl.java:43)
	at java.lang.reflect.Method.invoke(Method.java:498)
	at org.apache.maven.surefire.junit.JUnitTestSet.execute(JUnitTestSet.java:95)
	at org.apache.maven.surefire.junit.JUnit3Provider.executeTestSet(JUnit3Provider.java:131)
	at org.apache.maven.surefire.junit.JUnit3Provider.invoke(JUnit3Provider.java:108)
	at org.apache.maven.surefire.booter.ForkedBooter.invokeProviderInSameClassLoader(ForkedBooter.java:200)
	at org.apache.maven.surefire.booter.ForkedBooter.runSuitesInProcess(ForkedBooter.java:153)
	at org.apache.maven.surefire.booter.ForkedBooter.main(ForkedBooter.java:103)
</failure>
  </testcase>
  <testcase name="warning" classname="junit.framework.TestSuite$1" time="0.001">
    <failure message="No tests found in org.joda.time.TestDateTime_Properties" type="junit.framework.AssertionFailedError">junit.framework.AssertionFailedError: No tests found in org.joda.time.TestDateTime_Properties
	at junit.framework.Assert.fail(Assert.java:47)
	at junit.framework.TestSuite$1.runTest(TestSuite.java:90)
	at junit.framework.TestCase.runBare(TestCase.java:130)
	at junit.framework.TestResult$1.protect(TestResult.java:106)
	at junit.framework.TestResult.runProtected(TestResult.java:124)
	at junit.framework.TestResult.run(TestResult.java:109)
	at junit.framework.TestCase.run(TestCase.java:120)
	at junit.framework.TestSuite.runTest(TestSuite.java:230)
	at junit.framework.TestSuite.run(TestSuite.java:225)
	at junit.framework.TestSuite.runTest(TestSuite.java:230)
	at junit.framework.TestSuite.run(TestSuite.java:225)
	at junit.framework.TestSuite.runTest(TestSuite.java:230)
	at junit.framework.TestSuite.run(TestSuite.java:225)
	at sun.reflect.NativeMethodAccessorImpl.invoke0(Native Method)
	at sun.reflect.NativeMethodAccessorImpl.invoke(NativeMethodAccessorImpl.java:62)
	at sun.reflect.DelegatingMethodAccessorImpl.invoke(DelegatingMethodAccessorImpl.java:43)
	at java.lang.reflect.Method.invoke(Method.java:498)
	at org.apache.maven.surefire.junit.JUnitTestSet.execute(JUnitTestSet.java:95)
	at org.apache.maven.surefire.junit.JUnit3Provider.executeTestSet(JUnit3Provider.java:131)
	at org.apache.maven.surefire.junit.JUnit3Provider.invoke(JUnit3Provider.java:108)
	at org.apache.maven.surefire.booter.ForkedBooter.invokeProviderInSameClassLoader(ForkedBooter.java:200)
	at org.apache.maven.surefire.booter.ForkedBooter.runSuitesInProcess(ForkedBooter.java:153)
	at org.apache.maven.surefire.booter.ForkedBooter.main(ForkedBooter.java:103)
</failure>
  </testcase>
  <testcase name="warning" classname="junit.framework.TestSuite$1" time="0.001">
    <failure message="No tests found in org.joda.time.TestMutableDateTime_Constructors" type="junit.framework.AssertionFailedError">junit.framework.AssertionFailedError: No tests found in org.joda.time.TestMutableDateTime_Constructors
	at junit.framework.Assert.fail(Assert.java:47)
	at junit.framework.TestSuite$1.runTest(TestSuite.java:90)
	at junit.framework.TestCase.runBare(TestCase.java:130)
	at junit.framework.TestResult$1.protect(TestResult.java:106)
	at junit.framework.TestResult.runProtected(TestResult.java:124)
	at junit.framework.TestResult.run(TestResult.java:109)
	at junit.framework.TestCase.run(TestCase.java:120)
	at junit.framework.TestSuite.runTest(TestSuite.java:230)
	at junit.framework.TestSuite.run(TestSuite.java:225)
	at junit.framework.TestSuite.runTest(TestSuite.java:230)
	at junit.framework.TestSuite.run(TestSuite.java:225)
	at junit.framework.TestSuite.runTest(TestSuite.java:230)
	at junit.framework.TestSuite.run(TestSuite.java:225)
	at sun.reflect.NativeMethodAccessorImpl.invoke0(Native Method)
	at sun.reflect.NativeMethodAccessorImpl.invoke(NativeMethodAccessorImpl.java:62)
	at sun.reflect.DelegatingMethodAccessorImpl.invoke(DelegatingMethodAccessorImpl.java:43)
	at java.lang.reflect.Method.invoke(Method.java:498)
	at org.apache.maven.surefire.junit.JUnitTestSet.execute(JUnitTestSet.java:95)
	at org.apache.maven.surefire.junit.JUnit3Provider.executeTestSet(JUnit3Provider.java:131)
	at org.apache.maven.surefire.junit.JUnit3Provider.invoke(JUnit3Provider.java:108)
	at org.apache.maven.surefire.booter.ForkedBooter.invokeProviderInSameClassLoader(ForkedBooter.java:200)
	at org.apache.maven.surefire.booter.ForkedBooter.runSuitesInProcess(ForkedBooter.java:153)
	at org.apache.maven.surefire.booter.ForkedBooter.main(ForkedBooter.java:103)
</failure>
  </testcase>
  <testcase name="testSetDateTime_int_int_int_int_int_int_int19" classname="org.joda.time.TestMutableDateTime_Basics" time="0.005"/>
  <testcase name="testSetWeekOfWeekyear_int131" classname="org.joda.time.TestMutableDateTime_Sets" time="0.003">
    <error message="Value 2001 for weekOfWeekyear must be in the range [1,52]" type="org.joda.time.IllegalFieldValueException">org.joda.time.IllegalFieldValueException: Value 2001 for weekOfWeekyear must be in the range [1,52]
	at org.joda.time.field.FieldUtils.verifyValueBounds(FieldUtils.java:236)
	at org.joda.time.field.PreciseDurationDateTimeField.set(PreciseDurationDateTimeField.java:79)
	at org.joda.time.chrono.ZonedChronology$ZonedDateTimeField.set(ZonedChronology.java:481)
	at org.joda.time.MutableDateTime.setWeekOfWeekyear(MutableDateTime.java:721)
	at org.joda.time.TestMutableDateTime_Sets.__CLR4_4_15nr96ui6m(TestMutableDateTime_Sets.java:104)
	at org.joda.time.TestMutableDateTime_Sets.testSetWeekOfWeekyear_int131(TestMutableDateTime_Sets.java:102)
</error>
  </testcase>
  <testcase name="testSetTime_RI162" classname="org.joda.time.TestMutableDateTime_Sets" time="0.003">
    <failure message="expected:&lt;1052231280000&gt; but was:&lt;1018013280000&gt;" type="junit.framework.AssertionFailedError"><![CDATA[junit.framework.AssertionFailedError: expected:<1052231280000> but was:<1018013280000>
	at junit.framework.Assert.fail(Assert.java:47)
	at junit.framework.Assert.failNotEquals(Assert.java:280)
	at junit.framework.Assert.assertEquals(Assert.java:64)
	at junit.framework.Assert.assertEquals(Assert.java:133)
	at junit.framework.Assert.assertEquals(Assert.java:139)
	at org.joda.time.TestMutableDateTime_Sets.__CLR4_4_1615gfvi6q(TestMutableDateTime_Sets.java:110)
	at org.joda.time.TestMutableDateTime_Sets.testSetTime_RI162(TestMutableDateTime_Sets.java:107)
]]></failure>
  </testcase>
  <testcase name="testSetTime_RI_same319" classname="org.joda.time.TestMutableDateTime_Sets" time="0.002"/>
  <testcase name="testSetTime_RI_same318" classname="org.joda.time.TestMutableDateTime_Sets" time="0.002">
    <failure message="expected:&lt;2&gt; but was:&lt;10&gt;" type="junit.framework.AssertionFailedError"><![CDATA[junit.framework.AssertionFailedError: expected:<2> but was:<10>
	at junit.framework.Assert.fail(Assert.java:47)
	at junit.framework.Assert.failNotEquals(Assert.java:280)
	at junit.framework.Assert.assertEquals(Assert.java:64)
	at junit.framework.Assert.assertEquals(Assert.java:198)
	at junit.framework.Assert.assertEquals(Assert.java:204)
	at org.joda.time.TestMutableDateTime_Sets.__CLR4_4_1i0x5w5i6v(TestMutableDateTime_Sets.java:120)
	at org.joda.time.TestMutableDateTime_Sets.testSetTime_RI_same318(TestMutableDateTime_Sets.java:113)
]]></failure>
  </testcase>
  <testcase name="warning" classname="junit.framework.TestSuite$1" time="0">
    <failure message="No tests found in org.joda.time.TestMutableDateTime_Adds" type="junit.framework.AssertionFailedError">junit.framework.AssertionFailedError: No tests found in org.joda.time.TestMutableDateTime_Adds
	at junit.framework.Assert.fail(Assert.java:47)
	at junit.framework.TestSuite$1.runTest(TestSuite.java:90)
	at junit.framework.TestCase.runBare(TestCase.java:130)
	at junit.framework.TestResult$1.protect(TestResult.java:106)
	at junit.framework.TestResult.runProtected(TestResult.java:124)
	at junit.framework.TestResult.run(TestResult.java:109)
	at junit.framework.TestCase.run(TestCase.java:120)
	at junit.framework.TestSuite.runTest(TestSuite.java:230)
	at junit.framework.TestSuite.run(TestSuite.java:225)
	at junit.framework.TestSuite.runTest(TestSuite.java:230)
	at junit.framework.TestSuite.run(TestSuite.java:225)
	at junit.framework.TestSuite.runTest(TestSuite.java:230)
	at junit.framework.TestSuite.run(TestSuite.java:225)
	at sun.reflect.NativeMethodAccessorImpl.invoke0(Native Method)
	at sun.reflect.NativeMethodAccessorImpl.invoke(NativeMethodAccessorImpl.java:62)
	at sun.reflect.DelegatingMethodAccessorImpl.invoke(DelegatingMethodAccessorImpl.java:43)
	at java.lang.reflect.Method.invoke(Method.java:498)
	at org.apache.maven.surefire.junit.JUnitTestSet.execute(JUnitTestSet.java:95)
	at org.apache.maven.surefire.junit.JUnit3Provider.executeTestSet(JUnit3Provider.java:131)
	at org.apache.maven.surefire.junit.JUnit3Provider.invoke(JUnit3Provider.java:108)
	at org.apache.maven.surefire.booter.ForkedBooter.invokeProviderInSameClassLoader(ForkedBooter.java:200)
	at org.apache.maven.surefire.booter.ForkedBooter.runSuitesInProcess(ForkedBooter.java:153)
	at org.apache.maven.surefire.booter.ForkedBooter.main(ForkedBooter.java:103)
</failure>
  </testcase>
  <testcase name="testConstructor_trickyDifferences_LD_LD_toFeb_exactMonths248" classname="org.joda.time.TestMutableDateTime_Properties" time="0.001"/>
  <testcase name="testSetDate_int_int_int1249" classname="org.joda.time.TestMutableDateTime_Properties" time="0.001"/>
  <testcase name="testPropertyGetHourOfDay250" classname="org.joda.time.TestMutableDateTime_Properties" time="0.004">
    <failure message="expected:&lt;23&gt; but was:&lt;13&gt;" type="junit.framework.AssertionFailedError"><![CDATA[junit.framework.AssertionFailedError: expected:<23> but was:<13>
	at junit.framework.Assert.fail(Assert.java:47)
	at junit.framework.Assert.failNotEquals(Assert.java:280)
	at junit.framework.Assert.assertEquals(Assert.java:64)
	at junit.framework.Assert.assertEquals(Assert.java:198)
	at junit.framework.Assert.assertEquals(Assert.java:204)
	at org.joda.time.TestMutableDateTime_Properties.__CLR4_4_1o8agcei41(TestMutableDateTime_Properties.java:156)
	at org.joda.time.TestMutableDateTime_Properties.testPropertyGetHourOfDay250(TestMutableDateTime_Properties.java:151)
]]></failure>
  </testcase>
  <testcase name="testPropertyGetMonthOfYear251" classname="org.joda.time.TestMutableDateTime_Properties" time="0.008">
    <failure message="expected:&lt;[6]&gt; but was:&lt;[June]&gt;" type="junit.framework.ComparisonFailure"><![CDATA[junit.framework.ComparisonFailure: expected:<[6]> but was:<[June]>
	at junit.framework.Assert.assertEquals(Assert.java:81)
	at junit.framework.Assert.assertEquals(Assert.java:87)
	at org.joda.time.TestMutableDateTime_Properties.__CLR4_4_1n1x780i4f(TestMutableDateTime_Properties.java:173)
	at org.joda.time.TestMutableDateTime_Properties.testPropertyGetMonthOfYear251(TestMutableDateTime_Properties.java:166)
]]></failure>
  </testcase>
  <testcase name="testSetTime_int_int_int2253" classname="org.joda.time.TestMutableDateTime_Properties" time="0.001"/>
  <testcase name="testPropertyCompareToDay254" classname="org.joda.time.TestMutableDateTime_Properties" time="0.005"/>
  <testcase name="testPropertyGetHourOfDay255" classname="org.joda.time.TestMutableDateTime_Properties" time="0.002"/>
  <testcase name="testAdd_RInterval139" classname="org.joda.time.TestMutableDateTime_Properties" time="0.005"/>
  <testcase name="testPropertySetMonthOfYear246" classname="org.joda.time.TestMutableDateTime_Properties" time="0.002">
    <failure message="expected:&lt;2004-[1]2-09T00:00:00.000Z&gt; but was:&lt;2004-[0]2-09T00:00:00.000Z&gt;" type="junit.framework.ComparisonFailure"><![CDATA[junit.framework.ComparisonFailure: expected:<2004-[1]2-09T00:00:00.000Z> but was:<2004-[0]2-09T00:00:00.000Z>
	at junit.framework.Assert.assertEquals(Assert.java:81)
	at junit.framework.Assert.assertEquals(Assert.java:87)
	at org.joda.time.TestMutableDateTime_Properties.__CLR4_4_13ffs76i2u(TestMutableDateTime_Properties.java:110)
	at org.joda.time.TestMutableDateTime_Properties.testPropertySetMonthOfYear246(TestMutableDateTime_Properties.java:104)
]]></failure>
  </testcase>
  <testcase name="testPropertyGetEra247" classname="org.joda.time.TestMutableDateTime_Properties" time="0.003"/>
  <testcase name="warning" classname="junit.framework.TestSuite$1" time="0.001">
    <failure message="No tests found in org.joda.time.TestDateMidnight_Constructors" type="junit.framework.AssertionFailedError">junit.framework.AssertionFailedError: No tests found in org.joda.time.TestDateMidnight_Constructors
	at junit.framework.Assert.fail(Assert.java:47)
	at junit.framework.TestSuite$1.runTest(TestSuite.java:90)
	at junit.framework.TestCase.runBare(TestCase.java:130)
	at junit.framework.TestResult$1.protect(TestResult.java:106)
	at junit.framework.TestResult.runProtected(TestResult.java:124)
	at junit.framework.TestResult.run(TestResult.java:109)
	at junit.framework.TestCase.run(TestCase.java:120)
	at junit.framework.TestSuite.runTest(TestSuite.java:230)
	at junit.framework.TestSuite.run(TestSuite.java:225)
	at junit.framework.TestSuite.runTest(TestSuite.java:230)
	at junit.framework.TestSuite.run(TestSuite.java:225)
	at junit.framework.TestSuite.runTest(TestSuite.java:230)
	at junit.framework.TestSuite.run(TestSuite.java:225)
	at sun.reflect.NativeMethodAccessorImpl.invoke0(Native Method)
	at sun.reflect.NativeMethodAccessorImpl.invoke(NativeMethodAccessorImpl.java:62)
	at sun.reflect.DelegatingMethodAccessorImpl.invoke(DelegatingMethodAccessorImpl.java:43)
	at java.lang.reflect.Method.invoke(Method.java:498)
	at org.apache.maven.surefire.junit.JUnitTestSet.execute(JUnitTestSet.java:95)
	at org.apache.maven.surefire.junit.JUnit3Provider.executeTestSet(JUnit3Provider.java:131)
	at org.apache.maven.surefire.junit.JUnit3Provider.invoke(JUnit3Provider.java:108)
	at org.apache.maven.surefire.booter.ForkedBooter.invokeProviderInSameClassLoader(ForkedBooter.java:200)
	at org.apache.maven.surefire.booter.ForkedBooter.runSuitesInProcess(ForkedBooter.java:153)
	at org.apache.maven.surefire.booter.ForkedBooter.main(ForkedBooter.java:103)
</failure>
  </testcase>
  <testcase name="testWithDurationAdded_long_int14" classname="org.joda.time.TestDateMidnight_Basics" time="0.002"/>
  <testcase name="testToDurationTo110" classname="org.joda.time.TestDateMidnight_Basics" time="0.003"/>
  <testcase name="testEqualsHashCode112" classname="org.joda.time.TestDateMidnight_Basics" time="0.001"/>
  <testcase name="testWithDurationAdded_RD_int116" classname="org.joda.time.TestDateMidnight_Basics" time="0.001"/>
  <testcase name="testMinus_RD108" classname="org.joda.time.TestDateMidnight_Basics" time="0.001"/>
  <testcase name="testWithMillis_long109" classname="org.joda.time.TestDateMidnight_Basics" time="0.001">
    <failure message="expected:&lt;1017957600000&gt; but was:&lt;1017961200000&gt;" type="junit.framework.AssertionFailedError"><![CDATA[junit.framework.AssertionFailedError: expected:<1017957600000> but was:<1017961200000>
	at junit.framework.Assert.fail(Assert.java:47)
	at junit.framework.Assert.failNotEquals(Assert.java:280)
	at junit.framework.Assert.assertEquals(Assert.java:64)
	at junit.framework.Assert.assertEquals(Assert.java:133)
	at junit.framework.Assert.assertEquals(Assert.java:139)
	at org.joda.time.TestDateMidnight_Basics.__CLR4_4_1fku1xggwk(TestDateMidnight_Basics.java:183)
	at org.joda.time.TestDateMidnight_Basics.testWithMillis_long109(TestDateMidnight_Basics.java:179)
]]></failure>
  </testcase>
  <testcase name="testGetPeriodType107" classname="org.joda.time.TestDateMidnight_Basics" time="0"/>
  <testcase name="testPlus_RD114" classname="org.joda.time.TestDateMidnight_Basics" time="0.001"/>
  <testcase name="testMinusYears_int41" classname="org.joda.time.TestDateMidnight_Basics" time="0.001"/>
  <testcase name="testBug3476684_adjustOffset_springGap115" classname="org.joda.time.TestDateMidnight_Basics" time="0.002"/>
  <testcase name="warning" classname="junit.framework.TestSuite$1" time="0">
    <failure message="No tests found in org.joda.time.TestDateMidnight_Properties" type="junit.framework.AssertionFailedError">junit.framework.AssertionFailedError: No tests found in org.joda.time.TestDateMidnight_Properties
	at junit.framework.Assert.fail(Assert.java:47)
	at junit.framework.TestSuite$1.runTest(TestSuite.java:90)
	at junit.framework.TestCase.runBare(TestCase.java:130)
	at junit.framework.TestResult$1.protect(TestResult.java:106)
	at junit.framework.TestResult.runProtected(TestResult.java:124)
	at junit.framework.TestResult.run(TestResult.java:109)
	at junit.framework.TestCase.run(TestCase.java:120)
	at junit.framework.TestSuite.runTest(TestSuite.java:230)
	at junit.framework.TestSuite.run(TestSuite.java:225)
	at junit.framework.TestSuite.runTest(TestSuite.java:230)
	at junit.framework.TestSuite.run(TestSuite.java:225)
	at junit.framework.TestSuite.runTest(TestSuite.java:230)
	at junit.framework.TestSuite.run(TestSuite.java:225)
	at sun.reflect.NativeMethodAccessorImpl.invoke0(Native Method)
	at sun.reflect.NativeMethodAccessorImpl.invoke(NativeMethodAccessorImpl.java:62)
	at sun.reflect.DelegatingMethodAccessorImpl.invoke(DelegatingMethodAccessorImpl.java:43)
	at java.lang.reflect.Method.invoke(Method.java:498)
	at org.apache.maven.surefire.junit.JUnitTestSet.execute(JUnitTestSet.java:95)
	at org.apache.maven.surefire.junit.JUnit3Provider.executeTestSet(JUnit3Provider.java:131)
	at org.apache.maven.surefire.junit.JUnit3Provider.invoke(JUnit3Provider.java:108)
	at org.apache.maven.surefire.booter.ForkedBooter.invokeProviderInSameClassLoader(ForkedBooter.java:200)
	at org.apache.maven.surefire.booter.ForkedBooter.runSuitesInProcess(ForkedBooter.java:153)
	at org.apache.maven.surefire.booter.ForkedBooter.main(ForkedBooter.java:103)
</failure>
  </testcase>
  <testcase name="warning" classname="junit.framework.TestSuite$1" time="0.001">
    <failure message="No tests found in org.joda.time.TestDuration_Constructors" type="junit.framework.AssertionFailedError">junit.framework.AssertionFailedError: No tests found in org.joda.time.TestDuration_Constructors
	at junit.framework.Assert.fail(Assert.java:47)
	at junit.framework.TestSuite$1.runTest(TestSuite.java:90)
	at junit.framework.TestCase.runBare(TestCase.java:130)
	at junit.framework.TestResult$1.protect(TestResult.java:106)
	at junit.framework.TestResult.runProtected(TestResult.java:124)
	at junit.framework.TestResult.run(TestResult.java:109)
	at junit.framework.TestCase.run(TestCase.java:120)
	at junit.framework.TestSuite.runTest(TestSuite.java:230)
	at junit.framework.TestSuite.run(TestSuite.java:225)
	at junit.framework.TestSuite.runTest(TestSuite.java:230)
	at junit.framework.TestSuite.run(TestSuite.java:225)
	at junit.framework.TestSuite.runTest(TestSuite.java:230)
	at junit.framework.TestSuite.run(TestSuite.java:225)
	at sun.reflect.NativeMethodAccessorImpl.invoke0(Native Method)
	at sun.reflect.NativeMethodAccessorImpl.invoke(NativeMethodAccessorImpl.java:62)
	at sun.reflect.DelegatingMethodAccessorImpl.invoke(DelegatingMethodAccessorImpl.java:43)
	at java.lang.reflect.Method.invoke(Method.java:498)
	at org.apache.maven.surefire.junit.JUnitTestSet.execute(JUnitTestSet.java:95)
	at org.apache.maven.surefire.junit.JUnit3Provider.executeTestSet(JUnit3Provider.java:131)
	at org.apache.maven.surefire.junit.JUnit3Provider.invoke(JUnit3Provider.java:108)
	at org.apache.maven.surefire.booter.ForkedBooter.invokeProviderInSameClassLoader(ForkedBooter.java:200)
	at org.apache.maven.surefire.booter.ForkedBooter.runSuitesInProcess(ForkedBooter.java:153)
	at org.apache.maven.surefire.booter.ForkedBooter.main(ForkedBooter.java:103)
</failure>
  </testcase>
  <testcase name="warning" classname="junit.framework.TestSuite$1" time="0">
    <failure message="No tests found in org.joda.time.TestDuration_Basics" type="junit.framework.AssertionFailedError">junit.framework.AssertionFailedError: No tests found in org.joda.time.TestDuration_Basics
	at junit.framework.Assert.fail(Assert.java:47)
	at junit.framework.TestSuite$1.runTest(TestSuite.java:90)
	at junit.framework.TestCase.runBare(TestCase.java:130)
	at junit.framework.TestResult$1.protect(TestResult.java:106)
	at junit.framework.TestResult.runProtected(TestResult.java:124)
	at junit.framework.TestResult.run(TestResult.java:109)
	at junit.framework.TestCase.run(TestCase.java:120)
	at junit.framework.TestSuite.runTest(TestSuite.java:230)
	at junit.framework.TestSuite.run(TestSuite.java:225)
	at junit.framework.TestSuite.runTest(TestSuite.java:230)
	at junit.framework.TestSuite.run(TestSuite.java:225)
	at junit.framework.TestSuite.runTest(TestSuite.java:230)
	at junit.framework.TestSuite.run(TestSuite.java:225)
	at sun.reflect.NativeMethodAccessorImpl.invoke0(Native Method)
	at sun.reflect.NativeMethodAccessorImpl.invoke(NativeMethodAccessorImpl.java:62)
	at sun.reflect.DelegatingMethodAccessorImpl.invoke(DelegatingMethodAccessorImpl.java:43)
	at java.lang.reflect.Method.invoke(Method.java:498)
	at org.apache.maven.surefire.junit.JUnitTestSet.execute(JUnitTestSet.java:95)
	at org.apache.maven.surefire.junit.JUnit3Provider.executeTestSet(JUnit3Provider.java:131)
	at org.apache.maven.surefire.junit.JUnit3Provider.invoke(JUnit3Provider.java:108)
	at org.apache.maven.surefire.booter.ForkedBooter.invokeProviderInSameClassLoader(ForkedBooter.java:200)
	at org.apache.maven.surefire.booter.ForkedBooter.runSuitesInProcess(ForkedBooter.java:153)
	at org.apache.maven.surefire.booter.ForkedBooter.main(ForkedBooter.java:103)
</failure>
  </testcase>
  <testcase name="warning" classname="junit.framework.TestSuite$1" time="0">
    <failure message="No tests found in org.joda.time.TestInterval_Constructors" type="junit.framework.AssertionFailedError">junit.framework.AssertionFailedError: No tests found in org.joda.time.TestInterval_Constructors
	at junit.framework.Assert.fail(Assert.java:47)
	at junit.framework.TestSuite$1.runTest(TestSuite.java:90)
	at junit.framework.TestCase.runBare(TestCase.java:130)
	at junit.framework.TestResult$1.protect(TestResult.java:106)
	at junit.framework.TestResult.runProtected(TestResult.java:124)
	at junit.framework.TestResult.run(TestResult.java:109)
	at junit.framework.TestCase.run(TestCase.java:120)
	at junit.framework.TestSuite.runTest(TestSuite.java:230)
	at junit.framework.TestSuite.run(TestSuite.java:225)
	at junit.framework.TestSuite.runTest(TestSuite.java:230)
	at junit.framework.TestSuite.run(TestSuite.java:225)
	at junit.framework.TestSuite.runTest(TestSuite.java:230)
	at junit.framework.TestSuite.run(TestSuite.java:225)
	at sun.reflect.NativeMethodAccessorImpl.invoke0(Native Method)
	at sun.reflect.NativeMethodAccessorImpl.invoke(NativeMethodAccessorImpl.java:62)
	at sun.reflect.DelegatingMethodAccessorImpl.invoke(DelegatingMethodAccessorImpl.java:43)
	at java.lang.reflect.Method.invoke(Method.java:498)
	at org.apache.maven.surefire.junit.JUnitTestSet.execute(JUnitTestSet.java:95)
	at org.apache.maven.surefire.junit.JUnit3Provider.executeTestSet(JUnit3Provider.java:131)
	at org.apache.maven.surefire.junit.JUnit3Provider.invoke(JUnit3Provider.java:108)
	at org.apache.maven.surefire.booter.ForkedBooter.invokeProviderInSameClassLoader(ForkedBooter.java:200)
	at org.apache.maven.surefire.booter.ForkedBooter.runSuitesInProcess(ForkedBooter.java:153)
	at org.apache.maven.surefire.booter.ForkedBooter.main(ForkedBooter.java:103)
</failure>
  </testcase>
  <testcase name="testAbuts_RInterval_null37" classname="org.joda.time.TestInterval_Basics" time="0.001"/>
  <testcase name="testWithDurationBeforeEnd15" classname="org.joda.time.TestInterval_Basics" time="0.001"/>
  <testcase name="testFactory_fromCalendarFields48" classname="org.joda.time.TestLocalDateTime_Constructors" time="0.003"/>
  <testcase name="testConstructor_nullObject_nullDateTimeZone45" classname="org.joda.time.TestLocalDateTime_Constructors" time="0.009"/>
  <testcase name="testIsEqual_LocalDateTime217" classname="org.joda.time.TestLocalDateTime_Basics" time="0.001"/>
  <testcase name="testGet_DateTimeFieldType239" classname="org.joda.time.TestLocalDateTime_Basics" time="0.002">
    <failure type="junit.framework.AssertionFailedError">junit.framework.AssertionFailedError
	at junit.framework.Assert.fail(Assert.java:47)
	at junit.framework.Assert.fail(Assert.java:53)
	at org.joda.time.TestLocalDateTime_Basics.__CLR4_4_1ab4ajjhmh(TestLocalDateTime_Basics.java:205)
	at org.joda.time.TestLocalDateTime_Basics.testGet_DateTimeFieldType239(TestLocalDateTime_Basics.java:189)
</failure>
  </testcase>
  <testcase name="testPropertyAddToCopyMonth215" classname="org.joda.time.TestLocalDateTime_Basics" time="0.001"/>
  <testcase name="testIsEqual_LocalDateTime216" classname="org.joda.time.TestLocalDateTime_Basics" time="0.001"/>
  <testcase name="testToDate_autumnDST28" classname="org.joda.time.TestLocalDateTime_Basics" time="0.005"/>
  <testcase name="warning" classname="junit.framework.TestSuite$1" time="0.001">
    <failure message="No tests found in org.joda.time.TestLocalDateTime_Properties" type="junit.framework.AssertionFailedError">junit.framework.AssertionFailedError: No tests found in org.joda.time.TestLocalDateTime_Properties
	at junit.framework.Assert.fail(Assert.java:47)
	at junit.framework.TestSuite$1.runTest(TestSuite.java:90)
	at junit.framework.TestCase.runBare(TestCase.java:130)
	at junit.framework.TestResult$1.protect(TestResult.java:106)
	at junit.framework.TestResult.runProtected(TestResult.java:124)
	at junit.framework.TestResult.run(TestResult.java:109)
	at junit.framework.TestCase.run(TestCase.java:120)
	at junit.framework.TestSuite.runTest(TestSuite.java:230)
	at junit.framework.TestSuite.run(TestSuite.java:225)
	at junit.framework.TestSuite.runTest(TestSuite.java:230)
	at junit.framework.TestSuite.run(TestSuite.java:225)
	at junit.framework.TestSuite.runTest(TestSuite.java:230)
	at junit.framework.TestSuite.run(TestSuite.java:225)
	at sun.reflect.NativeMethodAccessorImpl.invoke0(Native Method)
	at sun.reflect.NativeMethodAccessorImpl.invoke(NativeMethodAccessorImpl.java:62)
	at sun.reflect.DelegatingMethodAccessorImpl.invoke(DelegatingMethodAccessorImpl.java:43)
	at java.lang.reflect.Method.invoke(Method.java:498)
	at org.apache.maven.surefire.junit.JUnitTestSet.execute(JUnitTestSet.java:95)
	at org.apache.maven.surefire.junit.JUnit3Provider.executeTestSet(JUnit3Provider.java:131)
	at org.apache.maven.surefire.junit.JUnit3Provider.invoke(JUnit3Provider.java:108)
	at org.apache.maven.surefire.booter.ForkedBooter.invokeProviderInSameClassLoader(ForkedBooter.java:200)
	at org.apache.maven.surefire.booter.ForkedBooter.runSuitesInProcess(ForkedBooter.java:153)
	at org.apache.maven.surefire.booter.ForkedBooter.main(ForkedBooter.java:103)
</failure>
  </testcase>
  <testcase name="testIsContiguous_RP106" classname="org.joda.time.TestLocalDate_Constructors" time="0.005"/>
  <testcase name="testPropertySetDayOfYear13" classname="org.joda.time.TestLocalDate_Constructors" time="0.002">
    <failure message="expected:&lt;2004-01-[19]T00:00:00.000Z&gt; but was:&lt;2004-01-[04]T00:00:00.000Z&gt;" type="junit.framework.ComparisonFailure"><![CDATA[junit.framework.ComparisonFailure: expected:<2004-01-[19]T00:00:00.000Z> but was:<2004-01-[04]T00:00:00.000Z>
	at junit.framework.Assert.assertEquals(Assert.java:81)
	at junit.framework.Assert.assertEquals(Assert.java:87)
	at org.joda.time.TestLocalDate_Constructors.__CLR4_4_1ryd5emhqp(TestLocalDate_Constructors.java:89)
	at org.joda.time.TestLocalDate_Constructors.testPropertySetDayOfYear13(TestLocalDate_Constructors.java:86)
]]></failure>
  </testcase>
  <testcase name="testParse_noFormatter104" classname="org.joda.time.TestLocalDate_Constructors" time="0.002"/>
  <testcase name="testSetDayOfYear_int2105" classname="org.joda.time.TestLocalDate_Constructors" time="0.001"/>
  <testcase name="testMinusYears_int4" classname="org.joda.time.TestLocalDate_Basics" time="0.001"/>
  <testcase name="testIsSupported_DurationFieldType65" classname="org.joda.time.TestLocalDate_Basics" time="0"/>
  <testcase name="testWithFieldAdded_DurationFieldType_int_1321" classname="org.joda.time.TestLocalDate_Basics" time="0"/>
  <testcase name="testPropertyWithMinimumValueDayOfMonth220" classname="org.joda.time.TestLocalDate_Properties" time="0.002"/>
  <testcase name="testIsSupported_DateTimeFieldType32" classname="org.joda.time.TestLocalDate_Properties" time="0.002">
    <failure message="expected:&lt;true&gt; but was:&lt;false&gt;" type="junit.framework.AssertionFailedError"><![CDATA[junit.framework.AssertionFailedError: expected:<true> but was:<false>
	at junit.framework.Assert.fail(Assert.java:47)
	at junit.framework.Assert.failNotEquals(Assert.java:280)
	at junit.framework.Assert.assertEquals(Assert.java:64)
	at junit.framework.Assert.assertEquals(Assert.java:146)
	at junit.framework.Assert.assertEquals(Assert.java:152)
	at org.joda.time.TestLocalDate_Properties.__CLR4_4_1mmpf4ihs2(TestLocalDate_Properties.java:97)
	at org.joda.time.TestLocalDate_Properties.testIsSupported_DateTimeFieldType32(TestLocalDate_Properties.java:83)
]]></failure>
  </testcase>
  <testcase name="testPropertySetCopyTextDay218" classname="org.joda.time.TestLocalDate_Properties" time="0"/>
  <testcase name="warning" classname="junit.framework.TestSuite$1" time="0">
    <failure message="No tests found in org.joda.time.TestLocalTime_Constructors" type="junit.framework.AssertionFailedError">junit.framework.AssertionFailedError: No tests found in org.joda.time.TestLocalTime_Constructors
	at junit.framework.Assert.fail(Assert.java:47)
	at junit.framework.TestSuite$1.runTest(TestSuite.java:90)
	at junit.framework.TestCase.runBare(TestCase.java:130)
	at junit.framework.TestResult$1.protect(TestResult.java:106)
	at junit.framework.TestResult.runProtected(TestResult.java:124)
	at junit.framework.TestResult.run(TestResult.java:109)
	at junit.framework.TestCase.run(TestCase.java:120)
	at junit.framework.TestSuite.runTest(TestSuite.java:230)
	at junit.framework.TestSuite.run(TestSuite.java:225)
	at junit.framework.TestSuite.runTest(TestSuite.java:230)
	at junit.framework.TestSuite.run(TestSuite.java:225)
	at junit.framework.TestSuite.runTest(TestSuite.java:230)
	at junit.framework.TestSuite.run(TestSuite.java:225)
	at sun.reflect.NativeMethodAccessorImpl.invoke0(Native Method)
	at sun.reflect.NativeMethodAccessorImpl.invoke(NativeMethodAccessorImpl.java:62)
	at sun.reflect.DelegatingMethodAccessorImpl.invoke(DelegatingMethodAccessorImpl.java:43)
	at java.lang.reflect.Method.invoke(Method.java:498)
	at org.apache.maven.surefire.junit.JUnitTestSet.execute(JUnitTestSet.java:95)
	at org.apache.maven.surefire.junit.JUnit3Provider.executeTestSet(JUnit3Provider.java:131)
	at org.apache.maven.surefire.junit.JUnit3Provider.invoke(JUnit3Provider.java:108)
	at org.apache.maven.surefire.booter.ForkedBooter.invokeProviderInSameClassLoader(ForkedBooter.java:200)
	at org.apache.maven.surefire.booter.ForkedBooter.runSuitesInProcess(ForkedBooter.java:153)
	at org.apache.maven.surefire.booter.ForkedBooter.main(ForkedBooter.java:103)
</failure>
  </testcase>
  <testcase name="testPlusMinutes_int289" classname="org.joda.time.TestLocalTime_Basics" time="0.001"/>
  <testcase name="testProperty53" classname="org.joda.time.TestLocalTime_Basics" time="0.002"/>
  <testcase name="testPropertyAddWrapFieldHour63" classname="org.joda.time.TestLocalTime_Properties" time="0"/>
  <testcase name="warning" classname="junit.framework.TestSuite$1" time="0">
    <failure message="No tests found in org.joda.time.TestMutableInterval_Constructors" type="junit.framework.AssertionFailedError">junit.framework.AssertionFailedError: No tests found in org.joda.time.TestMutableInterval_Constructors
	at junit.framework.Assert.fail(Assert.java:47)
	at junit.framework.TestSuite$1.runTest(TestSuite.java:90)
	at junit.framework.TestCase.runBare(TestCase.java:130)
	at junit.framework.TestResult$1.protect(TestResult.java:106)
	at junit.framework.TestResult.runProtected(TestResult.java:124)
	at junit.framework.TestResult.run(TestResult.java:109)
	at junit.framework.TestCase.run(TestCase.java:120)
	at junit.framework.TestSuite.runTest(TestSuite.java:230)
	at junit.framework.TestSuite.run(TestSuite.java:225)
	at junit.framework.TestSuite.runTest(TestSuite.java:230)
	at junit.framework.TestSuite.run(TestSuite.java:225)
	at junit.framework.TestSuite.runTest(TestSuite.java:230)
	at junit.framework.TestSuite.run(TestSuite.java:225)
	at sun.reflect.NativeMethodAccessorImpl.invoke0(Native Method)
	at sun.reflect.NativeMethodAccessorImpl.invoke(NativeMethodAccessorImpl.java:62)
	at sun.reflect.DelegatingMethodAccessorImpl.invoke(DelegatingMethodAccessorImpl.java:43)
	at java.lang.reflect.Method.invoke(Method.java:498)
	at org.apache.maven.surefire.junit.JUnitTestSet.execute(JUnitTestSet.java:95)
	at org.apache.maven.surefire.junit.JUnit3Provider.executeTestSet(JUnit3Provider.java:131)
	at org.apache.maven.surefire.junit.JUnit3Provider.invoke(JUnit3Provider.java:108)
	at org.apache.maven.surefire.booter.ForkedBooter.invokeProviderInSameClassLoader(ForkedBooter.java:200)
	at org.apache.maven.surefire.booter.ForkedBooter.runSuitesInProcess(ForkedBooter.java:153)
	at org.apache.maven.surefire.booter.ForkedBooter.main(ForkedBooter.java:103)
</failure>
  </testcase>
  <testcase name="warning" classname="junit.framework.TestSuite$1" time="0.001">
    <failure message="No tests found in org.joda.time.TestMutableInterval_Basics" type="junit.framework.AssertionFailedError">junit.framework.AssertionFailedError: No tests found in org.joda.time.TestMutableInterval_Basics
	at junit.framework.Assert.fail(Assert.java:47)
	at junit.framework.TestSuite$1.runTest(TestSuite.java:90)
	at junit.framework.TestCase.runBare(TestCase.java:130)
	at junit.framework.TestResult$1.protect(TestResult.java:106)
	at junit.framework.TestResult.runProtected(TestResult.java:124)
	at junit.framework.TestResult.run(TestResult.java:109)
	at junit.framework.TestCase.run(TestCase.java:120)
	at junit.framework.TestSuite.runTest(TestSuite.java:230)
	at junit.framework.TestSuite.run(TestSuite.java:225)
	at junit.framework.TestSuite.runTest(TestSuite.java:230)
	at junit.framework.TestSuite.run(TestSuite.java:225)
	at junit.framework.TestSuite.runTest(TestSuite.java:230)
	at junit.framework.TestSuite.run(TestSuite.java:225)
	at sun.reflect.NativeMethodAccessorImpl.invoke0(Native Method)
	at sun.reflect.NativeMethodAccessorImpl.invoke(NativeMethodAccessorImpl.java:62)
	at sun.reflect.DelegatingMethodAccessorImpl.invoke(DelegatingMethodAccessorImpl.java:43)
	at java.lang.reflect.Method.invoke(Method.java:498)
	at org.apache.maven.surefire.junit.JUnitTestSet.execute(JUnitTestSet.java:95)
	at org.apache.maven.surefire.junit.JUnit3Provider.executeTestSet(JUnit3Provider.java:131)
	at org.apache.maven.surefire.junit.JUnit3Provider.invoke(JUnit3Provider.java:108)
	at org.apache.maven.surefire.booter.ForkedBooter.invokeProviderInSameClassLoader(ForkedBooter.java:200)
	at org.apache.maven.surefire.booter.ForkedBooter.runSuitesInProcess(ForkedBooter.java:153)
	at org.apache.maven.surefire.booter.ForkedBooter.main(ForkedBooter.java:103)
</failure>
  </testcase>
  <testcase name="warning" classname="junit.framework.TestSuite$1" time="0">
    <failure message="No tests found in org.joda.time.TestMutableInterval_Updates" type="junit.framework.AssertionFailedError">junit.framework.AssertionFailedError: No tests found in org.joda.time.TestMutableInterval_Updates
	at junit.framework.Assert.fail(Assert.java:47)
	at junit.framework.TestSuite$1.runTest(TestSuite.java:90)
	at junit.framework.TestCase.runBare(TestCase.java:130)
	at junit.framework.TestResult$1.protect(TestResult.java:106)
	at junit.framework.TestResult.runProtected(TestResult.java:124)
	at junit.framework.TestResult.run(TestResult.java:109)
	at junit.framework.TestCase.run(TestCase.java:120)
	at junit.framework.TestSuite.runTest(TestSuite.java:230)
	at junit.framework.TestSuite.run(TestSuite.java:225)
	at junit.framework.TestSuite.runTest(TestSuite.java:230)
	at junit.framework.TestSuite.run(TestSuite.java:225)
	at junit.framework.TestSuite.runTest(TestSuite.java:230)
	at junit.framework.TestSuite.run(TestSuite.java:225)
	at sun.reflect.NativeMethodAccessorImpl.invoke0(Native Method)
	at sun.reflect.NativeMethodAccessorImpl.invoke(NativeMethodAccessorImpl.java:62)
	at sun.reflect.DelegatingMethodAccessorImpl.invoke(DelegatingMethodAccessorImpl.java:43)
	at java.lang.reflect.Method.invoke(Method.java:498)
	at org.apache.maven.surefire.junit.JUnitTestSet.execute(JUnitTestSet.java:95)
	at org.apache.maven.surefire.junit.JUnit3Provider.executeTestSet(JUnit3Provider.java:131)
	at org.apache.maven.surefire.junit.JUnit3Provider.invoke(JUnit3Provider.java:108)
	at org.apache.maven.surefire.booter.ForkedBooter.invokeProviderInSameClassLoader(ForkedBooter.java:200)
	at org.apache.maven.surefire.booter.ForkedBooter.runSuitesInProcess(ForkedBooter.java:153)
	at org.apache.maven.surefire.booter.ForkedBooter.main(ForkedBooter.java:103)
</failure>
  </testcase>
  <testcase name="warning" classname="junit.framework.TestSuite$1" time="0">
    <failure message="No tests found in org.joda.time.TestPeriod_Constructors" type="junit.framework.AssertionFailedError">junit.framework.AssertionFailedError: No tests found in org.joda.time.TestPeriod_Constructors
	at junit.framework.Assert.fail(Assert.java:47)
	at junit.framework.TestSuite$1.runTest(TestSuite.java:90)
	at junit.framework.TestCase.runBare(TestCase.java:130)
	at junit.framework.TestResult$1.protect(TestResult.java:106)
	at junit.framework.TestResult.runProtected(TestResult.java:124)
	at junit.framework.TestResult.run(TestResult.java:109)
	at junit.framework.TestCase.run(TestCase.java:120)
	at junit.framework.TestSuite.runTest(TestSuite.java:230)
	at junit.framework.TestSuite.run(TestSuite.java:225)
	at junit.framework.TestSuite.runTest(TestSuite.java:230)
	at junit.framework.TestSuite.run(TestSuite.java:225)
	at junit.framework.TestSuite.runTest(TestSuite.java:230)
	at junit.framework.TestSuite.run(TestSuite.java:225)
	at sun.reflect.NativeMethodAccessorImpl.invoke0(Native Method)
	at sun.reflect.NativeMethodAccessorImpl.invoke(NativeMethodAccessorImpl.java:62)
	at sun.reflect.DelegatingMethodAccessorImpl.invoke(DelegatingMethodAccessorImpl.java:43)
	at java.lang.reflect.Method.invoke(Method.java:498)
	at org.apache.maven.surefire.junit.JUnitTestSet.execute(JUnitTestSet.java:95)
	at org.apache.maven.surefire.junit.JUnit3Provider.executeTestSet(JUnit3Provider.java:131)
	at org.apache.maven.surefire.junit.JUnit3Provider.invoke(JUnit3Provider.java:108)
	at org.apache.maven.surefire.booter.ForkedBooter.invokeProviderInSameClassLoader(ForkedBooter.java:200)
	at org.apache.maven.surefire.booter.ForkedBooter.runSuitesInProcess(ForkedBooter.java:153)
	at org.apache.maven.surefire.booter.ForkedBooter.main(ForkedBooter.java:103)
</failure>
  </testcase>
  <testcase name="testConstructor_long_PeriodType2169" classname="org.joda.time.TestPeriod_Basics" time="0.001"/>
  <testcase name="testConstructor_long_PeriodType_Chronology4170" classname="org.joda.time.TestPeriod_Basics" time="0.001"/>
  <testcase name="testPlusFieldsZero20" classname="org.joda.time.TestPeriod_Basics" time="0.001"/>
  <testcase name="testFactory_weeks_int174" classname="org.joda.time.TestPeriod_Basics" time="0.001">
    <failure message="expected:&lt;PeriodType[Weeks]&gt; but was:&lt;PeriodType[Standard]&gt;" type="junit.framework.AssertionFailedError"><![CDATA[junit.framework.AssertionFailedError: expected:<PeriodType[Weeks]> but was:<PeriodType[Standard]>
	at junit.framework.Assert.fail(Assert.java:47)
	at junit.framework.Assert.failNotEquals(Assert.java:280)
	at junit.framework.Assert.assertEquals(Assert.java:64)
	at junit.framework.Assert.assertEquals(Assert.java:71)
	at org.joda.time.TestPeriod_Basics.__CLR4_4_181ype5ior(TestPeriod_Basics.java:232)
	at org.joda.time.TestPeriod_Basics.testFactory_weeks_int174(TestPeriod_Basics.java:230)
]]></failure>
  </testcase>
  <testcase name="testToStandardSeconds175" classname="org.joda.time.TestPeriod_Basics" time="0.01"/>
  <testcase name="testToStandardDays177" classname="org.joda.time.TestPeriod_Basics" time="0.001"/>
  <testcase name="testToStandardMinutes172" classname="org.joda.time.TestPeriod_Basics" time="0.002"/>
  <testcase name="testYears176" classname="org.joda.time.TestPeriod_Basics" time="0.002">
    <failure message="expected:&lt;0&gt; but was:&lt;5&gt;" type="junit.framework.AssertionFailedError"><![CDATA[junit.framework.AssertionFailedError: expected:<0> but was:<5>
	at junit.framework.Assert.fail(Assert.java:47)
	at junit.framework.Assert.failNotEquals(Assert.java:280)
	at junit.framework.Assert.assertEquals(Assert.java:64)
	at junit.framework.Assert.assertEquals(Assert.java:198)
	at junit.framework.Assert.assertEquals(Assert.java:204)
	at org.joda.time.TestPeriod_Basics.__CLR4_4_1bqc6dpipn(TestPeriod_Basics.java:267)
	at org.joda.time.TestPeriod_Basics.testYears176(TestPeriod_Basics.java:264)
]]></failure>
  </testcase>
  <testcase name="testWith173" classname="org.joda.time.TestPeriod_Basics" time="0.001"/>
  <testcase name="testToStandardHours167" classname="org.joda.time.TestPeriod_Basics" time="0.003"/>
  <testcase name="testMutablePeriod56" classname="org.joda.time.TestMutablePeriod_Constructors" time="0.001"/>
  <testcase name="testConstructor_long_long_Chronology2270" classname="org.joda.time.TestMutablePeriod_Constructors" time="0.003">
    <failure message="expected:&lt;1&gt; but was:&lt;2&gt;" type="junit.framework.AssertionFailedError"><![CDATA[junit.framework.AssertionFailedError: expected:<1> but was:<2>
	at junit.framework.Assert.fail(Assert.java:47)
	at junit.framework.Assert.failNotEquals(Assert.java:280)
	at junit.framework.Assert.assertEquals(Assert.java:64)
	at junit.framework.Assert.assertEquals(Assert.java:198)
	at junit.framework.Assert.assertEquals(Assert.java:204)
	at org.joda.time.TestMutablePeriod_Constructors.__CLR4_4_1aib0y7idk(TestMutablePeriod_Constructors.java:169)
	at org.joda.time.TestMutablePeriod_Constructors.testConstructor_long_long_Chronology2270(TestMutablePeriod_Constructors.java:161)
]]></failure>
  </testcase>
  <testcase name="testConstructor_trickyDifferences_LD_LD_toFeb_endOfMonth166" classname="org.joda.time.TestMutablePeriod_Constructors" time="0"/>
  <testcase name="testSetSeconds272" classname="org.joda.time.TestMutablePeriod_Constructors" time="0.001"/>
  <testcase name="testSetYears269" classname="org.joda.time.TestMutablePeriod_Constructors" time="0.001"/>
  <testcase name="testSetDays267" classname="org.joda.time.TestMutablePeriod_Constructors" time="0"/>
  <testcase name="testSetHours271" classname="org.joda.time.TestMutablePeriod_Constructors" time="0.001"/>
  <testcase name="testConstructor_RI_RI4266" classname="org.joda.time.TestMutablePeriod_Constructors" time="0.003">
    <failure message="expected:&lt;-1&gt; but was:&lt;0&gt;" type="junit.framework.AssertionFailedError"><![CDATA[junit.framework.AssertionFailedError: expected:<-1> but was:<0>
	at junit.framework.Assert.fail(Assert.java:47)
	at junit.framework.Assert.failNotEquals(Assert.java:280)
	at junit.framework.Assert.assertEquals(Assert.java:64)
	at junit.framework.Assert.assertEquals(Assert.java:198)
	at junit.framework.Assert.assertEquals(Assert.java:204)
	at org.joda.time.TestMutablePeriod_Constructors.__CLR4_4_1ncqz5ficd(TestMutablePeriod_Constructors.java:122)
	at org.joda.time.TestMutablePeriod_Constructors.testConstructor_RI_RI4266(TestMutablePeriod_Constructors.java:113)
]]></failure>
  </testcase>
  <testcase name="testSetMinutes274" classname="org.joda.time.TestMutablePeriod_Constructors" time="0.001"/>
  <testcase name="testParse_noFormatter293" classname="org.joda.time.TestMutablePeriod_Constructors" time="0.002">
    <failure message="expected:&lt;P1Y2M3W4DT5H6M7.008S&gt; but was:&lt;P1DT5H6M7.008S&gt;" type="junit.framework.AssertionFailedError"><![CDATA[junit.framework.AssertionFailedError: expected:<P1Y2M3W4DT5H6M7.008S> but was:<P1DT5H6M7.008S>
	at junit.framework.Assert.fail(Assert.java:47)
	at junit.framework.Assert.failNotEquals(Assert.java:280)
	at junit.framework.Assert.assertEquals(Assert.java:64)
	at junit.framework.Assert.assertEquals(Assert.java:71)
	at org.joda.time.TestMutablePeriod_Constructors.__CLR4_4_13n37ygif0(TestMutablePeriod_Constructors.java:219)
	at org.joda.time.TestMutablePeriod_Constructors.testParse_noFormatter293(TestMutablePeriod_Constructors.java:217)
]]></failure>
  </testcase>
  <testcase name="testToMutablePeriod294" classname="org.joda.time.TestMutablePeriod_Constructors" time="0"/>
  <testcase name="testParse_noFormatter295" classname="org.joda.time.TestMutablePeriod_Constructors" time="0.005">
    <failure message="expected:&lt;P1Y2M3W4DT5H6M7.008S&gt; but was:&lt;P1DT5H6M7.008S&gt;" type="junit.framework.AssertionFailedError"><![CDATA[junit.framework.AssertionFailedError: expected:<P1Y2M3W4DT5H6M7.008S> but was:<P1DT5H6M7.008S>
	at junit.framework.Assert.fail(Assert.java:47)
	at junit.framework.Assert.failNotEquals(Assert.java:280)
	at junit.framework.Assert.assertEquals(Assert.java:64)
	at junit.framework.Assert.assertEquals(Assert.java:71)
	at org.joda.time.TestMutablePeriod_Constructors.__CLR4_4_1a535jeif7(TestMutablePeriod_Constructors.java:228)
	at org.joda.time.TestMutablePeriod_Constructors.testParse_noFormatter295(TestMutablePeriod_Constructors.java:226)
]]></failure>
  </testcase>
  <testcase name="warning" classname="junit.framework.TestSuite$1" time="0">
    <failure message="No tests found in org.joda.time.TestMutablePeriod_Basics" type="junit.framework.AssertionFailedError">junit.framework.AssertionFailedError: No tests found in org.joda.time.TestMutablePeriod_Basics
	at junit.framework.Assert.fail(Assert.java:47)
	at junit.framework.TestSuite$1.runTest(TestSuite.java:90)
	at junit.framework.TestCase.runBare(TestCase.java:130)
	at junit.framework.TestResult$1.protect(TestResult.java:106)
	at junit.framework.TestResult.runProtected(TestResult.java:124)
	at junit.framework.TestResult.run(TestResult.java:109)
	at junit.framework.TestCase.run(TestCase.java:120)
	at junit.framework.TestSuite.runTest(TestSuite.java:230)
	at junit.framework.TestSuite.run(TestSuite.java:225)
	at junit.framework.TestSuite.runTest(TestSuite.java:230)
	at junit.framework.TestSuite.run(TestSuite.java:225)
	at junit.framework.TestSuite.runTest(TestSuite.java:230)
	at junit.framework.TestSuite.run(TestSuite.java:225)
	at sun.reflect.NativeMethodAccessorImpl.invoke0(Native Method)
	at sun.reflect.NativeMethodAccessorImpl.invoke(NativeMethodAccessorImpl.java:62)
	at sun.reflect.DelegatingMethodAccessorImpl.invoke(DelegatingMethodAccessorImpl.java:43)
	at java.lang.reflect.Method.invoke(Method.java:498)
	at org.apache.maven.surefire.junit.JUnitTestSet.execute(JUnitTestSet.java:95)
	at org.apache.maven.surefire.junit.JUnit3Provider.executeTestSet(JUnit3Provider.java:131)
	at org.apache.maven.surefire.junit.JUnit3Provider.invoke(JUnit3Provider.java:108)
	at org.apache.maven.surefire.booter.ForkedBooter.invokeProviderInSameClassLoader(ForkedBooter.java:200)
	at org.apache.maven.surefire.booter.ForkedBooter.runSuitesInProcess(ForkedBooter.java:153)
	at org.apache.maven.surefire.booter.ForkedBooter.main(ForkedBooter.java:103)
</failure>
  </testcase>
  <testcase name="testAdd_RD322" classname="org.joda.time.TestMutablePeriod_Updates" time="0.001"/>
  <testcase name="warning" classname="junit.framework.TestSuite$1" time="0">
    <failure message="No tests found in org.joda.time.TestBaseSingleFieldPeriod" type="junit.framework.AssertionFailedError">junit.framework.AssertionFailedError: No tests found in org.joda.time.TestBaseSingleFieldPeriod
	at junit.framework.Assert.fail(Assert.java:47)
	at junit.framework.TestSuite$1.runTest(TestSuite.java:90)
	at junit.framework.TestCase.runBare(TestCase.java:130)
	at junit.framework.TestResult$1.protect(TestResult.java:106)
	at junit.framework.TestResult.runProtected(TestResult.java:124)
	at junit.framework.TestResult.run(TestResult.java:109)
	at junit.framework.TestCase.run(TestCase.java:120)
	at junit.framework.TestSuite.runTest(TestSuite.java:230)
	at junit.framework.TestSuite.run(TestSuite.java:225)
	at junit.framework.TestSuite.runTest(TestSuite.java:230)
	at junit.framework.TestSuite.run(TestSuite.java:225)
	at junit.framework.TestSuite.runTest(TestSuite.java:230)
	at junit.framework.TestSuite.run(TestSuite.java:225)
	at sun.reflect.NativeMethodAccessorImpl.invoke0(Native Method)
	at sun.reflect.NativeMethodAccessorImpl.invoke(NativeMethodAccessorImpl.java:62)
	at sun.reflect.DelegatingMethodAccessorImpl.invoke(DelegatingMethodAccessorImpl.java:43)
	at java.lang.reflect.Method.invoke(Method.java:498)
	at org.apache.maven.surefire.junit.JUnitTestSet.execute(JUnitTestSet.java:95)
	at org.apache.maven.surefire.junit.JUnit3Provider.executeTestSet(JUnit3Provider.java:131)
	at org.apache.maven.surefire.junit.JUnit3Provider.invoke(JUnit3Provider.java:108)
	at org.apache.maven.surefire.booter.ForkedBooter.invokeProviderInSameClassLoader(ForkedBooter.java:200)
	at org.apache.maven.surefire.booter.ForkedBooter.runSuitesInProcess(ForkedBooter.java:153)
	at org.apache.maven.surefire.booter.ForkedBooter.main(ForkedBooter.java:103)
</failure>
  </testcase>
  <testcase name="warning" classname="junit.framework.TestSuite$1" time="0.001">
    <failure message="No tests found in org.joda.time.TestYears" type="junit.framework.AssertionFailedError">junit.framework.AssertionFailedError: No tests found in org.joda.time.TestYears
	at junit.framework.Assert.fail(Assert.java:47)
	at junit.framework.TestSuite$1.runTest(TestSuite.java:90)
	at junit.framework.TestCase.runBare(TestCase.java:130)
	at junit.framework.TestResult$1.protect(TestResult.java:106)
	at junit.framework.TestResult.runProtected(TestResult.java:124)
	at junit.framework.TestResult.run(TestResult.java:109)
	at junit.framework.TestCase.run(TestCase.java:120)
	at junit.framework.TestSuite.runTest(TestSuite.java:230)
	at junit.framework.TestSuite.run(TestSuite.java:225)
	at junit.framework.TestSuite.runTest(TestSuite.java:230)
	at junit.framework.TestSuite.run(TestSuite.java:225)
	at junit.framework.TestSuite.runTest(TestSuite.java:230)
	at junit.framework.TestSuite.run(TestSuite.java:225)
	at sun.reflect.NativeMethodAccessorImpl.invoke0(Native Method)
	at sun.reflect.NativeMethodAccessorImpl.invoke(NativeMethodAccessorImpl.java:62)
	at sun.reflect.DelegatingMethodAccessorImpl.invoke(DelegatingMethodAccessorImpl.java:43)
	at java.lang.reflect.Method.invoke(Method.java:498)
	at org.apache.maven.surefire.junit.JUnitTestSet.execute(JUnitTestSet.java:95)
	at org.apache.maven.surefire.junit.JUnit3Provider.executeTestSet(JUnit3Provider.java:131)
	at org.apache.maven.surefire.junit.JUnit3Provider.invoke(JUnit3Provider.java:108)
	at org.apache.maven.surefire.booter.ForkedBooter.invokeProviderInSameClassLoader(ForkedBooter.java:200)
	at org.apache.maven.surefire.booter.ForkedBooter.runSuitesInProcess(ForkedBooter.java:153)
	at org.apache.maven.surefire.booter.ForkedBooter.main(ForkedBooter.java:103)
</failure>
  </testcase>
  <testcase name="testFactory_months_int286" classname="org.joda.time.TestMonths" time="0.002"/>
  <testcase name="testFactory_parseMonths_String43" classname="org.joda.time.TestMonths" time="0.001"/>
  <testcase name="testFactory_monthsIn_RInterval264" classname="org.joda.time.TestMonths" time="0.002"/>
  <testcase name="testSerialization51" classname="org.joda.time.TestMonths" time="0.003"/>
  <testcase name="testPlus_Months55" classname="org.joda.time.TestMonths" time="0.001"/>
  <testcase name="testToStandardDays265" classname="org.joda.time.TestWeeks" time="0.003">
    <failure message="expected:&lt;P1209600D&gt; but was:&lt;P14D&gt;" type="junit.framework.AssertionFailedError"><![CDATA[junit.framework.AssertionFailedError: expected:<P1209600D> but was:<P14D>
	at junit.framework.Assert.fail(Assert.java:47)
	at junit.framework.Assert.failNotEquals(Assert.java:280)
	at junit.framework.Assert.assertEquals(Assert.java:64)
	at junit.framework.Assert.assertEquals(Assert.java:71)
	at org.joda.time.TestWeeks.__CLR4_4_135fjdiw2(TestWeeks.java:62)
	at org.joda.time.TestWeeks.testToStandardDays265(TestWeeks.java:59)
]]></failure>
  </testcase>
  <testcase name="testGetPeriodType44" classname="org.joda.time.TestWeeks" time="0.001"/>
  <testcase name="warning" classname="junit.framework.TestSuite$1" time="0">
    <failure message="No tests found in org.joda.time.TestDays" type="junit.framework.AssertionFailedError">junit.framework.AssertionFailedError: No tests found in org.joda.time.TestDays
	at junit.framework.Assert.fail(Assert.java:47)
	at junit.framework.TestSuite$1.runTest(TestSuite.java:90)
	at junit.framework.TestCase.runBare(TestCase.java:130)
	at junit.framework.TestResult$1.protect(TestResult.java:106)
	at junit.framework.TestResult.runProtected(TestResult.java:124)
	at junit.framework.TestResult.run(TestResult.java:109)
	at junit.framework.TestCase.run(TestCase.java:120)
	at junit.framework.TestSuite.runTest(TestSuite.java:230)
	at junit.framework.TestSuite.run(TestSuite.java:225)
	at junit.framework.TestSuite.runTest(TestSuite.java:230)
	at junit.framework.TestSuite.run(TestSuite.java:225)
	at junit.framework.TestSuite.runTest(TestSuite.java:230)
	at junit.framework.TestSuite.run(TestSuite.java:225)
	at sun.reflect.NativeMethodAccessorImpl.invoke0(Native Method)
	at sun.reflect.NativeMethodAccessorImpl.invoke(NativeMethodAccessorImpl.java:62)
	at sun.reflect.DelegatingMethodAccessorImpl.invoke(DelegatingMethodAccessorImpl.java:43)
	at java.lang.reflect.Method.invoke(Method.java:498)
	at org.apache.maven.surefire.junit.JUnitTestSet.execute(JUnitTestSet.java:95)
	at org.apache.maven.surefire.junit.JUnit3Provider.executeTestSet(JUnit3Provider.java:131)
	at org.apache.maven.surefire.junit.JUnit3Provider.invoke(JUnit3Provider.java:108)
	at org.apache.maven.surefire.booter.ForkedBooter.invokeProviderInSameClassLoader(ForkedBooter.java:200)
	at org.apache.maven.surefire.booter.ForkedBooter.runSuitesInProcess(ForkedBooter.java:153)
	at org.apache.maven.surefire.booter.ForkedBooter.main(ForkedBooter.java:103)
</failure>
  </testcase>
  <testcase name="testFactory_hoursBetween_RPartial59" classname="org.joda.time.TestHours" time="0.002">
    <failure message="expected:&lt;3&gt; but was:&lt;0&gt;" type="junit.framework.AssertionFailedError"><![CDATA[junit.framework.AssertionFailedError: expected:<3> but was:<0>
	at junit.framework.Assert.fail(Assert.java:47)
	at junit.framework.Assert.failNotEquals(Assert.java:280)
	at junit.framework.Assert.assertEquals(Assert.java:64)
	at junit.framework.Assert.assertEquals(Assert.java:198)
	at junit.framework.Assert.assertEquals(Assert.java:204)
	at org.joda.time.TestHours.__CLR4_4_15aljthev(TestHours.java:60)
	at org.joda.time.TestHours.testFactory_hoursBetween_RPartial59(TestHours.java:55)
]]></failure>
  </testcase>
  <testcase name="warning" classname="junit.framework.TestSuite$1" time="0">
    <failure message="No tests found in org.joda.time.TestMinutes" type="junit.framework.AssertionFailedError">junit.framework.AssertionFailedError: No tests found in org.joda.time.TestMinutes
	at junit.framework.Assert.fail(Assert.java:47)
	at junit.framework.TestSuite$1.runTest(TestSuite.java:90)
	at junit.framework.TestCase.runBare(TestCase.java:130)
	at junit.framework.TestResult$1.protect(TestResult.java:106)
	at junit.framework.TestResult.runProtected(TestResult.java:124)
	at junit.framework.TestResult.run(TestResult.java:109)
	at junit.framework.TestCase.run(TestCase.java:120)
	at junit.framework.TestSuite.runTest(TestSuite.java:230)
	at junit.framework.TestSuite.run(TestSuite.java:225)
	at junit.framework.TestSuite.runTest(TestSuite.java:230)
	at junit.framework.TestSuite.run(TestSuite.java:225)
	at junit.framework.TestSuite.runTest(TestSuite.java:230)
	at junit.framework.TestSuite.run(TestSuite.java:225)
	at sun.reflect.NativeMethodAccessorImpl.invoke0(Native Method)
	at sun.reflect.NativeMethodAccessorImpl.invoke(NativeMethodAccessorImpl.java:62)
	at sun.reflect.DelegatingMethodAccessorImpl.invoke(DelegatingMethodAccessorImpl.java:43)
	at java.lang.reflect.Method.invoke(Method.java:498)
	at org.apache.maven.surefire.junit.JUnitTestSet.execute(JUnitTestSet.java:95)
	at org.apache.maven.surefire.junit.JUnit3Provider.executeTestSet(JUnit3Provider.java:131)
	at org.apache.maven.surefire.junit.JUnit3Provider.invoke(JUnit3Provider.java:108)
	at org.apache.maven.surefire.booter.ForkedBooter.invokeProviderInSameClassLoader(ForkedBooter.java:200)
	at org.apache.maven.surefire.booter.ForkedBooter.runSuitesInProcess(ForkedBooter.java:153)
	at org.apache.maven.surefire.booter.ForkedBooter.main(ForkedBooter.java:103)
</failure>
  </testcase>
  <testcase name="warning" classname="junit.framework.TestSuite$1" time="0.001">
    <failure message="No tests found in org.joda.time.TestSeconds" type="junit.framework.AssertionFailedError">junit.framework.AssertionFailedError: No tests found in org.joda.time.TestSeconds
	at junit.framework.Assert.fail(Assert.java:47)
	at junit.framework.TestSuite$1.runTest(TestSuite.java:90)
	at junit.framework.TestCase.runBare(TestCase.java:130)
	at junit.framework.TestResult$1.protect(TestResult.java:106)
	at junit.framework.TestResult.runProtected(TestResult.java:124)
	at junit.framework.TestResult.run(TestResult.java:109)
	at junit.framework.TestCase.run(TestCase.java:120)
	at junit.framework.TestSuite.runTest(TestSuite.java:230)
	at junit.framework.TestSuite.run(TestSuite.java:225)
	at junit.framework.TestSuite.runTest(TestSuite.java:230)
	at junit.framework.TestSuite.run(TestSuite.java:225)
	at junit.framework.TestSuite.runTest(TestSuite.java:230)
	at junit.framework.TestSuite.run(TestSuite.java:225)
	at sun.reflect.NativeMethodAccessorImpl.invoke0(Native Method)
	at sun.reflect.NativeMethodAccessorImpl.invoke(NativeMethodAccessorImpl.java:62)
	at sun.reflect.DelegatingMethodAccessorImpl.invoke(DelegatingMethodAccessorImpl.java:43)
	at java.lang.reflect.Method.invoke(Method.java:498)
	at org.apache.maven.surefire.junit.JUnitTestSet.execute(JUnitTestSet.java:95)
	at org.apache.maven.surefire.junit.JUnit3Provider.executeTestSet(JUnit3Provider.java:131)
	at org.apache.maven.surefire.junit.JUnit3Provider.invoke(JUnit3Provider.java:108)
	at org.apache.maven.surefire.booter.ForkedBooter.invokeProviderInSameClassLoader(ForkedBooter.java:200)
	at org.apache.maven.surefire.booter.ForkedBooter.runSuitesInProcess(ForkedBooter.java:153)
	at org.apache.maven.surefire.booter.ForkedBooter.main(ForkedBooter.java:103)
</failure>
  </testcase>
  <testcase name="testDurationFields195" classname="org.joda.time.TestTimeOfDay_Basics" time="0.001"/>
  <testcase name="warning" classname="junit.framework.TestSuite$1" time="0">
    <failure message="No tests found in org.joda.time.TestTimeOfDay_Constructors" type="junit.framework.AssertionFailedError">junit.framework.AssertionFailedError: No tests found in org.joda.time.TestTimeOfDay_Constructors
	at junit.framework.Assert.fail(Assert.java:47)
	at junit.framework.TestSuite$1.runTest(TestSuite.java:90)
	at junit.framework.TestCase.runBare(TestCase.java:130)
	at junit.framework.TestResult$1.protect(TestResult.java:106)
	at junit.framework.TestResult.runProtected(TestResult.java:124)
	at junit.framework.TestResult.run(TestResult.java:109)
	at junit.framework.TestCase.run(TestCase.java:120)
	at junit.framework.TestSuite.runTest(TestSuite.java:230)
	at junit.framework.TestSuite.run(TestSuite.java:225)
	at junit.framework.TestSuite.runTest(TestSuite.java:230)
	at junit.framework.TestSuite.run(TestSuite.java:225)
	at junit.framework.TestSuite.runTest(TestSuite.java:230)
	at junit.framework.TestSuite.run(TestSuite.java:225)
	at sun.reflect.NativeMethodAccessorImpl.invoke0(Native Method)
	at sun.reflect.NativeMethodAccessorImpl.invoke(NativeMethodAccessorImpl.java:62)
	at sun.reflect.DelegatingMethodAccessorImpl.invoke(DelegatingMethodAccessorImpl.java:43)
	at java.lang.reflect.Method.invoke(Method.java:498)
	at org.apache.maven.surefire.junit.JUnitTestSet.execute(JUnitTestSet.java:95)
	at org.apache.maven.surefire.junit.JUnit3Provider.executeTestSet(JUnit3Provider.java:131)
	at org.apache.maven.surefire.junit.JUnit3Provider.invoke(JUnit3Provider.java:108)
	at org.apache.maven.surefire.booter.ForkedBooter.invokeProviderInSameClassLoader(ForkedBooter.java:200)
	at org.apache.maven.surefire.booter.ForkedBooter.runSuitesInProcess(ForkedBooter.java:153)
	at org.apache.maven.surefire.booter.ForkedBooter.main(ForkedBooter.java:103)
</failure>
  </testcase>
  <testcase name="warning" classname="junit.framework.TestSuite$1" time="0.001">
    <failure message="No tests found in org.joda.time.TestTimeOfDay_Properties" type="junit.framework.AssertionFailedError">junit.framework.AssertionFailedError: No tests found in org.joda.time.TestTimeOfDay_Properties
	at junit.framework.Assert.fail(Assert.java:47)
	at junit.framework.TestSuite$1.runTest(TestSuite.java:90)
	at junit.framework.TestCase.runBare(TestCase.java:130)
	at junit.framework.TestResult$1.protect(TestResult.java:106)
	at junit.framework.TestResult.runProtected(TestResult.java:124)
	at junit.framework.TestResult.run(TestResult.java:109)
	at junit.framework.TestCase.run(TestCase.java:120)
	at junit.framework.TestSuite.runTest(TestSuite.java:230)
	at junit.framework.TestSuite.run(TestSuite.java:225)
	at junit.framework.TestSuite.runTest(TestSuite.java:230)
	at junit.framework.TestSuite.run(TestSuite.java:225)
	at junit.framework.TestSuite.runTest(TestSuite.java:230)
	at junit.framework.TestSuite.run(TestSuite.java:225)
	at sun.reflect.NativeMethodAccessorImpl.invoke0(Native Method)
	at sun.reflect.NativeMethodAccessorImpl.invoke(NativeMethodAccessorImpl.java:62)
	at sun.reflect.DelegatingMethodAccessorImpl.invoke(DelegatingMethodAccessorImpl.java:43)
	at java.lang.reflect.Method.invoke(Method.java:498)
	at org.apache.maven.surefire.junit.JUnitTestSet.execute(JUnitTestSet.java:95)
	at org.apache.maven.surefire.junit.JUnit3Provider.executeTestSet(JUnit3Provider.java:131)
	at org.apache.maven.surefire.junit.JUnit3Provider.invoke(JUnit3Provider.java:108)
	at org.apache.maven.surefire.booter.ForkedBooter.invokeProviderInSameClassLoader(ForkedBooter.java:200)
	at org.apache.maven.surefire.booter.ForkedBooter.runSuitesInProcess(ForkedBooter.java:153)
	at org.apache.maven.surefire.booter.ForkedBooter.main(ForkedBooter.java:103)
</failure>
  </testcase>
  <testcase name="testMinus_RP91" classname="org.joda.time.TestYearMonthDay_Basics" time="0.002">
    <failure message="expected:&lt;2001-03-03&gt; but was:&lt;2001-04-02&gt;" type="junit.framework.AssertionFailedError"><![CDATA[junit.framework.AssertionFailedError: expected:<2001-03-03> but was:<2001-04-02>
	at junit.framework.Assert.fail(Assert.java:47)
	at junit.framework.Assert.failNotEquals(Assert.java:280)
	at junit.framework.Assert.assertEquals(Assert.java:64)
	at junit.framework.Assert.assertEquals(Assert.java:71)
	at org.joda.time.TestYearMonthDay_Basics.__CLR4_4_1hzlvduiwu(TestYearMonthDay_Basics.java:96)
	at org.joda.time.TestYearMonthDay_Basics.testMinus_RP91(TestYearMonthDay_Basics.java:92)
]]></failure>
  </testcase>
  <testcase name="testMinus_RP6" classname="org.joda.time.TestYearMonthDay_Basics" time="0.001">
    <failure message="expected:&lt;2001-04-03&gt; but was:&lt;2001-04-02&gt;" type="junit.framework.AssertionFailedError"><![CDATA[junit.framework.AssertionFailedError: expected:<2001-04-03> but was:<2001-04-02>
	at junit.framework.Assert.fail(Assert.java:47)
	at junit.framework.Assert.failNotEquals(Assert.java:280)
	at junit.framework.Assert.assertEquals(Assert.java:64)
	at junit.framework.Assert.assertEquals(Assert.java:71)
	at org.joda.time.TestYearMonthDay_Basics.__CLR4_4_1mri926iwn(TestYearMonthDay_Basics.java:88)
	at org.joda.time.TestYearMonthDay_Basics.testMinus_RP6(TestYearMonthDay_Basics.java:84)
]]></failure>
  </testcase>
  <testcase name="warning" classname="junit.framework.TestSuite$1" time="0.001">
    <failure message="No tests found in org.joda.time.TestYearMonthDay_Constructors" type="junit.framework.AssertionFailedError">junit.framework.AssertionFailedError: No tests found in org.joda.time.TestYearMonthDay_Constructors
	at junit.framework.Assert.fail(Assert.java:47)
	at junit.framework.TestSuite$1.runTest(TestSuite.java:90)
	at junit.framework.TestCase.runBare(TestCase.java:130)
	at junit.framework.TestResult$1.protect(TestResult.java:106)
	at junit.framework.TestResult.runProtected(TestResult.java:124)
	at junit.framework.TestResult.run(TestResult.java:109)
	at junit.framework.TestCase.run(TestCase.java:120)
	at junit.framework.TestSuite.runTest(TestSuite.java:230)
	at junit.framework.TestSuite.run(TestSuite.java:225)
	at junit.framework.TestSuite.runTest(TestSuite.java:230)
	at junit.framework.TestSuite.run(TestSuite.java:225)
	at junit.framework.TestSuite.runTest(TestSuite.java:230)
	at junit.framework.TestSuite.run(TestSuite.java:225)
	at sun.reflect.NativeMethodAccessorImpl.invoke0(Native Method)
	at sun.reflect.NativeMethodAccessorImpl.invoke(NativeMethodAccessorImpl.java:62)
	at sun.reflect.DelegatingMethodAccessorImpl.invoke(DelegatingMethodAccessorImpl.java:43)
	at java.lang.reflect.Method.invoke(Method.java:498)
	at org.apache.maven.surefire.junit.JUnitTestSet.execute(JUnitTestSet.java:95)
	at org.apache.maven.surefire.junit.JUnit3Provider.executeTestSet(JUnit3Provider.java:131)
	at org.apache.maven.surefire.junit.JUnit3Provider.invoke(JUnit3Provider.java:108)
	at org.apache.maven.surefire.booter.ForkedBooter.invokeProviderInSameClassLoader(ForkedBooter.java:200)
	at org.apache.maven.surefire.booter.ForkedBooter.runSuitesInProcess(ForkedBooter.java:153)
	at org.apache.maven.surefire.booter.ForkedBooter.main(ForkedBooter.java:103)
</failure>
  </testcase>
  <testcase name="testPropertyWithMinimumValueDayOfMonth33" classname="org.joda.time.TestYearMonthDay_Properties" time="0.002"/>
  <testcase name="testPropertyCompareToYear184" classname="org.joda.time.TestYearMonthDay_Properties" time="0.001"/>
  <testcase name="warning" classname="junit.framework.TestSuite$1" time="0">
    <failure message="No tests found in org.joda.time.TestYearMonth_Basics" type="junit.framework.AssertionFailedError">junit.framework.AssertionFailedError: No tests found in org.joda.time.TestYearMonth_Basics
	at junit.framework.Assert.fail(Assert.java:47)
	at junit.framework.TestSuite$1.runTest(TestSuite.java:90)
	at junit.framework.TestCase.runBare(TestCase.java:130)
	at junit.framework.TestResult$1.protect(TestResult.java:106)
	at junit.framework.TestResult.runProtected(TestResult.java:124)
	at junit.framework.TestResult.run(TestResult.java:109)
	at junit.framework.TestCase.run(TestCase.java:120)
	at junit.framework.TestSuite.runTest(TestSuite.java:230)
	at junit.framework.TestSuite.run(TestSuite.java:225)
	at junit.framework.TestSuite.runTest(TestSuite.java:230)
	at junit.framework.TestSuite.run(TestSuite.java:225)
	at junit.framework.TestSuite.runTest(TestSuite.java:230)
	at junit.framework.TestSuite.run(TestSuite.java:225)
	at sun.reflect.NativeMethodAccessorImpl.invoke0(Native Method)
	at sun.reflect.NativeMethodAccessorImpl.invoke(NativeMethodAccessorImpl.java:62)
	at sun.reflect.DelegatingMethodAccessorImpl.invoke(DelegatingMethodAccessorImpl.java:43)
	at java.lang.reflect.Method.invoke(Method.java:498)
	at org.apache.maven.surefire.junit.JUnitTestSet.execute(JUnitTestSet.java:95)
	at org.apache.maven.surefire.junit.JUnit3Provider.executeTestSet(JUnit3Provider.java:131)
	at org.apache.maven.surefire.junit.JUnit3Provider.invoke(JUnit3Provider.java:108)
	at org.apache.maven.surefire.booter.ForkedBooter.invokeProviderInSameClassLoader(ForkedBooter.java:200)
	at org.apache.maven.surefire.booter.ForkedBooter.runSuitesInProcess(ForkedBooter.java:153)
	at org.apache.maven.surefire.booter.ForkedBooter.main(ForkedBooter.java:103)
</failure>
  </testcase>
  <testcase name="warning" classname="junit.framework.TestSuite$1" time="0">
    <failure message="No tests found in org.joda.time.TestYearMonth_Constructors" type="junit.framework.AssertionFailedError">junit.framework.AssertionFailedError: No tests found in org.joda.time.TestYearMonth_Constructors
	at junit.framework.Assert.fail(Assert.java:47)
	at junit.framework.TestSuite$1.runTest(TestSuite.java:90)
	at junit.framework.TestCase.runBare(TestCase.java:130)
	at junit.framework.TestResult$1.protect(TestResult.java:106)
	at junit.framework.TestResult.runProtected(TestResult.java:124)
	at junit.framework.TestResult.run(TestResult.java:109)
	at junit.framework.TestCase.run(TestCase.java:120)
	at junit.framework.TestSuite.runTest(TestSuite.java:230)
	at junit.framework.TestSuite.run(TestSuite.java:225)
	at junit.framework.TestSuite.runTest(TestSuite.java:230)
	at junit.framework.TestSuite.run(TestSuite.java:225)
	at junit.framework.TestSuite.runTest(TestSuite.java:230)
	at junit.framework.TestSuite.run(TestSuite.java:225)
	at sun.reflect.NativeMethodAccessorImpl.invoke0(Native Method)
	at sun.reflect.NativeMethodAccessorImpl.invoke(NativeMethodAccessorImpl.java:62)
	at sun.reflect.DelegatingMethodAccessorImpl.invoke(DelegatingMethodAccessorImpl.java:43)
	at java.lang.reflect.Method.invoke(Method.java:498)
	at org.apache.maven.surefire.junit.JUnitTestSet.execute(JUnitTestSet.java:95)
	at org.apache.maven.surefire.junit.JUnit3Provider.executeTestSet(JUnit3Provider.java:131)
	at org.apache.maven.surefire.junit.JUnit3Provider.invoke(JUnit3Provider.java:108)
	at org.apache.maven.surefire.booter.ForkedBooter.invokeProviderInSameClassLoader(ForkedBooter.java:200)
	at org.apache.maven.surefire.booter.ForkedBooter.runSuitesInProcess(ForkedBooter.java:153)
	at org.apache.maven.surefire.booter.ForkedBooter.main(ForkedBooter.java:103)
</failure>
  </testcase>
  <testcase name="warning" classname="junit.framework.TestSuite$1" time="0.001">
    <failure message="No tests found in org.joda.time.TestYearMonth_Properties" type="junit.framework.AssertionFailedError">junit.framework.AssertionFailedError: No tests found in org.joda.time.TestYearMonth_Properties
	at junit.framework.Assert.fail(Assert.java:47)
	at junit.framework.TestSuite$1.runTest(TestSuite.java:90)
	at junit.framework.TestCase.runBare(TestCase.java:130)
	at junit.framework.TestResult$1.protect(TestResult.java:106)
	at junit.framework.TestResult.runProtected(TestResult.java:124)
	at junit.framework.TestResult.run(TestResult.java:109)
	at junit.framework.TestCase.run(TestCase.java:120)
	at junit.framework.TestSuite.runTest(TestSuite.java:230)
	at junit.framework.TestSuite.run(TestSuite.java:225)
	at junit.framework.TestSuite.runTest(TestSuite.java:230)
	at junit.framework.TestSuite.run(TestSuite.java:225)
	at junit.framework.TestSuite.runTest(TestSuite.java:230)
	at junit.framework.TestSuite.run(TestSuite.java:225)
	at sun.reflect.NativeMethodAccessorImpl.invoke0(Native Method)
	at sun.reflect.NativeMethodAccessorImpl.invoke(NativeMethodAccessorImpl.java:62)
	at sun.reflect.DelegatingMethodAccessorImpl.invoke(DelegatingMethodAccessorImpl.java:43)
	at java.lang.reflect.Method.invoke(Method.java:498)
	at org.apache.maven.surefire.junit.JUnitTestSet.execute(JUnitTestSet.java:95)
	at org.apache.maven.surefire.junit.JUnit3Provider.executeTestSet(JUnit3Provider.java:131)
	at org.apache.maven.surefire.junit.JUnit3Provider.invoke(JUnit3Provider.java:108)
	at org.apache.maven.surefire.booter.ForkedBooter.invokeProviderInSameClassLoader(ForkedBooter.java:200)
	at org.apache.maven.surefire.booter.ForkedBooter.runSuitesInProcess(ForkedBooter.java:153)
[...]
	at org.apache.maven.surefire.booter.ForkedBooter.runSuitesInProcess(ForkedBooter.java:153)
	at org.apache.maven.surefire.booter.ForkedBooter.main(ForkedBooter.java:103)
</failure>
  </testcase>
  <testcase name="warning" classname="junit.framework.TestSuite$1" time="0">
    <failure message="No tests found in org.joda.time.format.TestISOPeriodFormat" type="junit.framework.AssertionFailedError">junit.framework.AssertionFailedError: No tests found in org.joda.time.format.TestISOPeriodFormat
	at junit.framework.Assert.fail(Assert.java:47)
	at junit.framework.TestSuite$1.runTest(TestSuite.java:90)
	at junit.framework.TestCase.runBare(TestCase.java:130)
	at junit.framework.TestResult$1.protect(TestResult.java:106)
	at junit.framework.TestResult.runProtected(TestResult.java:124)
	at junit.framework.TestResult.run(TestResult.java:109)
	at junit.framework.TestCase.run(TestCase.java:120)
	at junit.framework.TestSuite.runTest(TestSuite.java:230)
	at junit.framework.TestSuite.run(TestSuite.java:225)
	at junit.framework.TestSuite.runTest(TestSuite.java:230)
	at junit.framework.TestSuite.run(TestSuite.java:225)
	at junit.framework.TestSuite.runTest(TestSuite.java:230)
	at junit.framework.TestSuite.run(TestSuite.java:225)
	at sun.reflect.NativeMethodAccessorImpl.invoke0(Native Method)
	at sun.reflect.NativeMethodAccessorImpl.invoke(NativeMethodAccessorImpl.java:62)
	at sun.reflect.DelegatingMethodAccessorImpl.invoke(DelegatingMethodAccessorImpl.java:43)
	at java.lang.reflect.Method.invoke(Method.java:498)
	at org.apache.maven.surefire.junit.JUnitTestSet.execute(JUnitTestSet.java:95)
	at org.apache.maven.surefire.junit.JUnit3Provider.executeTestSet(JUnit3Provider.java:131)
	at org.apache.maven.surefire.junit.JUnit3Provider.invoke(JUnit3Provider.java:108)
	at org.apache.maven.surefire.booter.ForkedBooter.invokeProviderInSameClassLoader(ForkedBooter.java:200)
	at org.apache.maven.surefire.booter.ForkedBooter.runSuitesInProcess(ForkedBooter.java:153)
	at org.apache.maven.surefire.booter.ForkedBooter.main(ForkedBooter.java:103)
</failure>
  </testcase>
  <testcase name="warning" classname="junit.framework.TestSuite$1" time="0.001">
    <failure message="No tests found in org.joda.time.format.TestISOPeriodFormatParsing" type="junit.framework.AssertionFailedError">junit.framework.AssertionFailedError: No tests found in org.joda.time.format.TestISOPeriodFormatParsing
	at junit.framework.Assert.fail(Assert.java:47)
	at junit.framework.TestSuite$1.runTest(TestSuite.java:90)
	at junit.framework.TestCase.runBare(TestCase.java:130)
	at junit.framework.TestResult$1.protect(TestResult.java:106)
	at junit.framework.TestResult.runProtected(TestResult.java:124)
	at junit.framework.TestResult.run(TestResult.java:109)
	at junit.framework.TestCase.run(TestCase.java:120)
	at junit.framework.TestSuite.runTest(TestSuite.java:230)
	at junit.framework.TestSuite.run(TestSuite.java:225)
	at junit.framework.TestSuite.runTest(TestSuite.java:230)
	at junit.framework.TestSuite.run(TestSuite.java:225)
	at junit.framework.TestSuite.runTest(TestSuite.java:230)
	at junit.framework.TestSuite.run(TestSuite.java:225)
	at sun.reflect.NativeMethodAccessorImpl.invoke0(Native Method)
	at sun.reflect.NativeMethodAccessorImpl.invoke(NativeMethodAccessorImpl.java:62)
	at sun.reflect.DelegatingMethodAccessorImpl.invoke(DelegatingMethodAccessorImpl.java:43)
	at java.lang.reflect.Method.invoke(Method.java:498)
	at org.apache.maven.surefire.junit.JUnitTestSet.execute(JUnitTestSet.java:95)
	at org.apache.maven.surefire.junit.JUnit3Provider.executeTestSet(JUnit3Provider.java:131)
	at org.apache.maven.surefire.junit.JUnit3Provider.invoke(JUnit3Provider.java:108)
	at org.apache.maven.surefire.booter.ForkedBooter.invokeProviderInSameClassLoader(ForkedBooter.java:200)
	at org.apache.maven.surefire.booter.ForkedBooter.runSuitesInProcess(ForkedBooter.java:153)
	at org.apache.maven.surefire.booter.ForkedBooter.main(ForkedBooter.java:103)
</failure>
  </testcase>
  <testcase name="testConstructor_4int1257" classname="org.joda.time.format.TestPeriodFormatParsing" time="0"/>
  <testcase name="testConstructor_Object3260" classname="org.joda.time.format.TestPeriodFormatParsing" time="0.001"/>
  <testcase name="testConstructor_Object_PeriodType2261" classname="org.joda.time.format.TestPeriodFormatParsing" time="0"/>
  <testcase name="testToPeriod40" classname="org.joda.time.format.TestPeriodFormatParsing" time="0.001"/>
  <testcase name="testFormatSuffixSimple219" classname="org.joda.time.format.TestPeriodFormatterBuilder" time="0.001"/>
  <testcase name="testFormatMinutes162" classname="org.joda.time.format.TestPeriodFormatterBuilder" time="0.001">
    <failure message="expected:&lt;[1 minute]&gt; but was:&lt;[6]&gt;" type="junit.framework.ComparisonFailure"><![CDATA[junit.framework.ComparisonFailure: expected:<[1 minute]> but was:<[6]>
	at junit.framework.Assert.assertEquals(Assert.java:81)
	at junit.framework.Assert.assertEquals(Assert.java:87)
	at org.joda.time.format.TestPeriodFormatterBuilder.__CLR4_4_1rkfbxektr(TestPeriodFormatterBuilder.java:258)
	at org.joda.time.format.TestPeriodFormatterBuilder.testFormatMinutes162(TestPeriodFormatterBuilder.java:256)
]]></failure>
  </testcase>
  <testcase name="testFormatPrefixSimple2163" classname="org.joda.time.format.TestPeriodFormatterBuilder" time="0.001">
    <failure message="expected:&lt;Hour[s]:5&gt; but was:&lt;Hour[]:5&gt;" type="junit.framework.ComparisonFailure"><![CDATA[junit.framework.ComparisonFailure: expected:<Hour[s]:5> but was:<Hour[]:5>
	at junit.framework.Assert.assertEquals(Assert.java:81)
	at junit.framework.Assert.assertEquals(Assert.java:87)
	at org.joda.time.format.TestPeriodFormatterBuilder.__CLR4_4_174uiz4ku0(TestPeriodFormatterBuilder.java:268)
	at org.joda.time.format.TestPeriodFormatterBuilder.testFormatPrefixSimple2163(TestPeriodFormatterBuilder.java:266)
]]></failure>
  </testcase>
  <testcase name="testFormatPrintZeroRarelyLast160" classname="org.joda.time.format.TestPeriodFormatterBuilder" time="0.001"/>
  <testcase name="testFormatMinutes88" classname="org.joda.time.format.TestPeriodFormatterBuilder" time="0.001">
    <failure message="expected:&lt;[0]&gt; but was:&lt;[6]&gt;" type="junit.framework.ComparisonFailure"><![CDATA[junit.framework.ComparisonFailure: expected:<[0]> but was:<[6]>
	at junit.framework.Assert.assertEquals(Assert.java:81)
	at junit.framework.Assert.assertEquals(Assert.java:87)
	at org.joda.time.format.TestPeriodFormatterBuilder.__CLR4_4_1m2u6wtkqy(TestPeriodFormatterBuilder.java:146)
	at org.joda.time.format.TestPeriodFormatterBuilder.testFormatMinutes88(TestPeriodFormatterBuilder.java:144)
]]></failure>
  </testcase>
  <testcase name="testFormatAppend_PrinterParser_Printer_null_null_Parser85" classname="org.joda.time.format.TestPeriodFormatterBuilder" time="0"/>
  <testcase name="testFormatMillis3Digit89" classname="org.joda.time.format.TestPeriodFormatterBuilder" time="0.001"/>
  <testcase name="testFormatWeeks99" classname="org.joda.time.format.TestPeriodFormatterBuilder" time="0.001">
    <failure message="expected:&lt;[1-2-3-4]&gt; but was:&lt;[3]&gt;" type="junit.framework.ComparisonFailure"><![CDATA[junit.framework.ComparisonFailure: expected:<[1-2-3-4]> but was:<[3]>
	at junit.framework.Assert.assertEquals(Assert.java:81)
	at junit.framework.Assert.assertEquals(Assert.java:87)
	at org.joda.time.format.TestPeriodFormatterBuilder.__CLR4_4_1x6g2v1ks8(TestPeriodFormatterBuilder.java:196)
	at org.joda.time.format.TestPeriodFormatterBuilder.testFormatWeeks99(TestPeriodFormatterBuilder.java:194)
]]></failure>
  </testcase>
  <testcase name="testFormatSeparatorComplex156" classname="org.joda.time.format.TestPeriodFormatterBuilder" time="0.002"/>
  <testcase name="testFormatDefault90" classname="org.joda.time.format.TestPeriodFormatterBuilder" time="0.002">
    <failure message="expected:&lt;[0---]&gt; but was:&lt;[---0]&gt;" type="junit.framework.ComparisonFailure"><![CDATA[junit.framework.ComparisonFailure: expected:<[0---]> but was:<[---0]>
	at junit.framework.Assert.assertEquals(Assert.java:81)
	at junit.framework.Assert.assertEquals(Assert.java:87)
	at org.joda.time.format.TestPeriodFormatterBuilder.__CLR4_4_1c0nxhykrg(TestPeriodFormatterBuilder.java:169)
	at org.joda.time.format.TestPeriodFormatterBuilder.testFormatDefault90(TestPeriodFormatterBuilder.java:164)
]]></failure>
  </testcase>
  <testcase name="testFormatWeeks98" classname="org.joda.time.format.TestPeriodFormatterBuilder" time="0.001">
    <failure message="expected:&lt;[1]-2-3-4&gt; but was:&lt;[3]-2-3-4&gt;" type="junit.framework.ComparisonFailure"><![CDATA[junit.framework.ComparisonFailure: expected:<[1]-2-3-4> but was:<[3]-2-3-4>
	at junit.framework.Assert.assertEquals(Assert.java:81)
	at junit.framework.Assert.assertEquals(Assert.java:87)
	at org.joda.time.format.TestPeriodFormatterBuilder.__CLR4_4_1txg42kkru(TestPeriodFormatterBuilder.java:181)
	at org.joda.time.format.TestPeriodFormatterBuilder.testFormatWeeks98(TestPeriodFormatterBuilder.java:179)
]]></failure>
  </testcase>
  <testcase name="testFormatAppend_PrinterParser_PrinterParser2" classname="org.joda.time.format.TestPeriodFormatterBuilder" time="0.001"/>
  <testcase name="testFormatAppend_PrinterParser_Printer_null161" classname="org.joda.time.format.TestPeriodFormatterBuilder" time="0.001">
    <failure type="junit.framework.AssertionFailedError">junit.framework.AssertionFailedError
	at junit.framework.Assert.fail(Assert.java:47)
	at junit.framework.Assert.assertTrue(Assert.java:20)
	at junit.framework.Assert.assertNotNull(Assert.java:217)
	at junit.framework.Assert.assertNotNull(Assert.java:210)
	at org.joda.time.format.TestPeriodFormatterBuilder.__CLR4_4_1v3nkezkth(TestPeriodFormatterBuilder.java:247)
	at org.joda.time.format.TestPeriodFormatterBuilder.testFormatAppend_PrinterParser_Printer_null161(TestPeriodFormatterBuilder.java:243)
</failure>
  </testcase>
  <testcase name="testFormatPrintZeroAlways10" classname="org.joda.time.format.TestPeriodFormatterBuilder" time="0.001"/>
  <testcase name="testFormatPrintZeroRarelyFirst165" classname="org.joda.time.format.TestPeriodFormatterBuilder" time="0.001"/>
  <testcase name="testFormatSeparatorIfFieldsAfter158" classname="org.joda.time.format.TestPeriodFormatterBuilder" time="0.001"/>
  <testcase name="warning" classname="junit.framework.TestSuite$1" time="0">
    <failure message="No tests found in org.joda.time.format.TestTextFields" type="junit.framework.AssertionFailedError">junit.framework.AssertionFailedError: No tests found in org.joda.time.format.TestTextFields
	at junit.framework.Assert.fail(Assert.java:47)
	at junit.framework.TestSuite$1.runTest(TestSuite.java:90)
	at junit.framework.TestCase.runBare(TestCase.java:130)
	at junit.framework.TestResult$1.protect(TestResult.java:106)
	at junit.framework.TestResult.runProtected(TestResult.java:124)
	at junit.framework.TestResult.run(TestResult.java:109)
	at junit.framework.TestCase.run(TestCase.java:120)
	at junit.framework.TestSuite.runTest(TestSuite.java:230)
	at junit.framework.TestSuite.run(TestSuite.java:225)
	at junit.framework.TestSuite.runTest(TestSuite.java:230)
	at junit.framework.TestSuite.run(TestSuite.java:225)
	at junit.framework.TestSuite.runTest(TestSuite.java:230)
	at junit.framework.TestSuite.run(TestSuite.java:225)
	at sun.reflect.NativeMethodAccessorImpl.invoke0(Native Method)
	at sun.reflect.NativeMethodAccessorImpl.invoke(NativeMethodAccessorImpl.java:62)
	at sun.reflect.DelegatingMethodAccessorImpl.invoke(DelegatingMethodAccessorImpl.java:43)
	at java.lang.reflect.Method.invoke(Method.java:498)
	at org.apache.maven.surefire.junit.JUnitTestSet.execute(JUnitTestSet.java:95)
	at org.apache.maven.surefire.junit.JUnit3Provider.executeTestSet(JUnit3Provider.java:131)
	at org.apache.maven.surefire.junit.JUnit3Provider.invoke(JUnit3Provider.java:108)
	at org.apache.maven.surefire.booter.ForkedBooter.invokeProviderInSameClassLoader(ForkedBooter.java:200)
	at org.apache.maven.surefire.booter.ForkedBooter.runSuitesInProcess(ForkedBooter.java:153)
	at org.apache.maven.surefire.booter.ForkedBooter.main(ForkedBooter.java:103)
</failure>
  </testcase>
  <testcase name="warning" classname="junit.framework.TestSuite$1" time="0">
    <failure message="No tests found in org.joda.time.tz.TestUTCProvider" type="junit.framework.AssertionFailedError">junit.framework.AssertionFailedError: No tests found in org.joda.time.tz.TestUTCProvider
	at junit.framework.Assert.fail(Assert.java:47)
	at junit.framework.TestSuite$1.runTest(TestSuite.java:90)
	at junit.framework.TestCase.runBare(TestCase.java:130)
	at junit.framework.TestResult$1.protect(TestResult.java:106)
	at junit.framework.TestResult.runProtected(TestResult.java:124)
	at junit.framework.TestResult.run(TestResult.java:109)
	at junit.framework.TestCase.run(TestCase.java:120)
	at junit.framework.TestSuite.runTest(TestSuite.java:230)
	at junit.framework.TestSuite.run(TestSuite.java:225)
	at junit.framework.TestSuite.runTest(TestSuite.java:230)
	at junit.framework.TestSuite.run(TestSuite.java:225)
	at junit.framework.TestSuite.runTest(TestSuite.java:230)
	at junit.framework.TestSuite.run(TestSuite.java:225)
	at sun.reflect.NativeMethodAccessorImpl.invoke0(Native Method)
	at sun.reflect.NativeMethodAccessorImpl.invoke(NativeMethodAccessorImpl.java:62)
	at sun.reflect.DelegatingMethodAccessorImpl.invoke(DelegatingMethodAccessorImpl.java:43)
	at java.lang.reflect.Method.invoke(Method.java:498)
	at org.apache.maven.surefire.junit.JUnitTestSet.execute(JUnitTestSet.java:95)
	at org.apache.maven.surefire.junit.JUnit3Provider.executeTestSet(JUnit3Provider.java:131)
	at org.apache.maven.surefire.junit.JUnit3Provider.invoke(JUnit3Provider.java:108)
	at org.apache.maven.surefire.booter.ForkedBooter.invokeProviderInSameClassLoader(ForkedBooter.java:200)
	at org.apache.maven.surefire.booter.ForkedBooter.runSuitesInProcess(ForkedBooter.java:153)
	at org.apache.maven.surefire.booter.ForkedBooter.main(ForkedBooter.java:103)
</failure>
  </testcase>
  <testcase name="warning" classname="junit.framework.TestSuite$1" time="0">
    <failure message="No tests found in org.joda.time.tz.TestBuilder" type="junit.framework.AssertionFailedError">junit.framework.AssertionFailedError: No tests found in org.joda.time.tz.TestBuilder
	at junit.framework.Assert.fail(Assert.java:47)
	at junit.framework.TestSuite$1.runTest(TestSuite.java:90)
	at junit.framework.TestCase.runBare(TestCase.java:130)
	at junit.framework.TestResult$1.protect(TestResult.java:106)
	at junit.framework.TestResult.runProtected(TestResult.java:124)
	at junit.framework.TestResult.run(TestResult.java:109)
	at junit.framework.TestCase.run(TestCase.java:120)
	at junit.framework.TestSuite.runTest(TestSuite.java:230)
	at junit.framework.TestSuite.run(TestSuite.java:225)
	at junit.framework.TestSuite.runTest(TestSuite.java:230)
	at junit.framework.TestSuite.run(TestSuite.java:225)
	at junit.framework.TestSuite.runTest(TestSuite.java:230)
	at junit.framework.TestSuite.run(TestSuite.java:225)
	at sun.reflect.NativeMethodAccessorImpl.invoke0(Native Method)
	at sun.reflect.NativeMethodAccessorImpl.invoke(NativeMethodAccessorImpl.java:62)
	at sun.reflect.DelegatingMethodAccessorImpl.invoke(DelegatingMethodAccessorImpl.java:43)
	at java.lang.reflect.Method.invoke(Method.java:498)
	at org.apache.maven.surefire.junit.JUnitTestSet.execute(JUnitTestSet.java:95)
	at org.apache.maven.surefire.junit.JUnit3Provider.executeTestSet(JUnit3Provider.java:131)
	at org.apache.maven.surefire.junit.JUnit3Provider.invoke(JUnit3Provider.java:108)
	at org.apache.maven.surefire.booter.ForkedBooter.invokeProviderInSameClassLoader(ForkedBooter.java:200)
	at org.apache.maven.surefire.booter.ForkedBooter.runSuitesInProcess(ForkedBooter.java:153)
	at org.apache.maven.surefire.booter.ForkedBooter.main(ForkedBooter.java:103)
</failure>
  </testcase>
  <testcase name="test_2400_last133" classname="org.joda.time.tz.TestCompiler" time="0.005"/>
  <testcase name="testProvider_badClassName137" classname="org.joda.time.tz.TestCompiler" time="0.002"/>
  <testcase name="testPatchedNameKeysLondon139" classname="org.joda.time.tz.TestCompiler" time="0.005"/>
  <testcase name="warning" classname="junit.framework.TestSuite$1" time="0.001">
    <failure message="No tests found in org.joda.time.tz.TestCachedDateTimeZone" type="junit.framework.AssertionFailedError">junit.framework.AssertionFailedError: No tests found in org.joda.time.tz.TestCachedDateTimeZone
	at junit.framework.Assert.fail(Assert.java:47)
	at junit.framework.TestSuite$1.runTest(TestSuite.java:90)
	at junit.framework.TestCase.runBare(TestCase.java:130)
	at junit.framework.TestResult$1.protect(TestResult.java:106)
	at junit.framework.TestResult.runProtected(TestResult.java:124)
	at junit.framework.TestResult.run(TestResult.java:109)
	at junit.framework.TestCase.run(TestCase.java:120)
	at junit.framework.TestSuite.runTest(TestSuite.java:230)
	at junit.framework.TestSuite.run(TestSuite.java:225)
	at junit.framework.TestSuite.runTest(TestSuite.java:230)
	at junit.framework.TestSuite.run(TestSuite.java:225)
	at junit.framework.TestSuite.runTest(TestSuite.java:230)
	at junit.framework.TestSuite.run(TestSuite.java:225)
	at sun.reflect.NativeMethodAccessorImpl.invoke0(Native Method)
	at sun.reflect.NativeMethodAccessorImpl.invoke(NativeMethodAccessorImpl.java:62)
	at sun.reflect.DelegatingMethodAccessorImpl.invoke(DelegatingMethodAccessorImpl.java:43)
	at java.lang.reflect.Method.invoke(Method.java:498)
	at org.apache.maven.surefire.junit.JUnitTestSet.execute(JUnitTestSet.java:95)
	at org.apache.maven.surefire.junit.JUnit3Provider.executeTestSet(JUnit3Provider.java:131)
	at org.apache.maven.surefire.junit.JUnit3Provider.invoke(JUnit3Provider.java:108)
	at org.apache.maven.surefire.booter.ForkedBooter.invokeProviderInSameClassLoader(ForkedBooter.java:200)
	at org.apache.maven.surefire.booter.ForkedBooter.runSuitesInProcess(ForkedBooter.java:153)
	at org.apache.maven.surefire.booter.ForkedBooter.main(ForkedBooter.java:103)
</failure>
  </testcase>
  <testcase name="warning" classname="junit.framework.TestSuite$1" time="0">
    <failure message="No tests found in org.joda.time.tz.TestFixedDateTimeZone" type="junit.framework.AssertionFailedError">junit.framework.AssertionFailedError: No tests found in org.joda.time.tz.TestFixedDateTimeZone
	at junit.framework.Assert.fail(Assert.java:47)
	at junit.framework.TestSuite$1.runTest(TestSuite.java:90)
	at junit.framework.TestCase.runBare(TestCase.java:130)
	at junit.framework.TestResult$1.protect(TestResult.java:106)
	at junit.framework.TestResult.runProtected(TestResult.java:124)
	at junit.framework.TestResult.run(TestResult.java:109)
	at junit.framework.TestCase.run(TestCase.java:120)
	at junit.framework.TestSuite.runTest(TestSuite.java:230)
	at junit.framework.TestSuite.run(TestSuite.java:225)
	at junit.framework.TestSuite.runTest(TestSuite.java:230)
	at junit.framework.TestSuite.run(TestSuite.java:225)
	at junit.framework.TestSuite.runTest(TestSuite.java:230)
	at junit.framework.TestSuite.run(TestSuite.java:225)
	at sun.reflect.NativeMethodAccessorImpl.invoke0(Native Method)
	at sun.reflect.NativeMethodAccessorImpl.invoke(NativeMethodAccessorImpl.java:62)
	at sun.reflect.DelegatingMethodAccessorImpl.invoke(DelegatingMethodAccessorImpl.java:43)
	at java.lang.reflect.Method.invoke(Method.java:498)
	at org.apache.maven.surefire.junit.JUnitTestSet.execute(JUnitTestSet.java:95)
	at org.apache.maven.surefire.junit.JUnit3Provider.executeTestSet(JUnit3Provider.java:131)
	at org.apache.maven.surefire.junit.JUnit3Provider.invoke(JUnit3Provider.java:108)
	at org.apache.maven.surefire.booter.ForkedBooter.invokeProviderInSameClassLoader(ForkedBooter.java:200)
	at org.apache.maven.surefire.booter.ForkedBooter.runSuitesInProcess(ForkedBooter.java:153)
	at org.apache.maven.surefire.booter.ForkedBooter.main(ForkedBooter.java:103)
</failure>
  </testcase>
</testsuite>