<?xml version="1.0" encoding="UTF-8" ?>
<testsuite errors="2" failures="19" hostname="sepehr-UX310UQK" name="org.jsoup.parser.ParserTest" skipped="0" tests="28" time="0.17" timestamp="2023-02-09T19:41:57">
  <properties>
[...]
</properties>
  <testcase classname="org.jsoup.parser.ParserTest" name="addFirst" time="0.035">
    <failure message="expected:&lt;[One Two Three]&gt; but was:&lt;[[T, h, r, e, e, T, w, o, O, n, e,  , T, w, o,  , T, h, r, e, e]]&gt;" type="junit.framework.AssertionFailedError">junit.framework.AssertionFailedError: expected:&lt;[One Two Three]&gt; but was:&lt;[[T, h, r, e, e, T, w, o, O, n, e,  , T, w, o,  , T, h, r, e, e]]&gt;
	at org.jsoup.parser.ParserTest.__CLR4_4_1crxkay20x(ParserTest.java:23)
	at org.jsoup.parser.ParserTest.addFirst(ParserTest.java:23)
</failure>
  </testcase>
  <testcase classname="org.jsoup.parser.ParserTest" name="testParse128" time="0.027">
    <failure message="expected:&lt;[html]&gt; but was:&lt;[&lt;title&gt;Title&lt;/title&gt;]&gt;" type="junit.framework.AssertionFailedError">junit.framework.AssertionFailedError: expected:&lt;[html]&gt; but was:&lt;[&lt;title&gt;Title&lt;/title&gt;]&gt;
	at org.jsoup.parser.ParserTest.__CLR4_4_1rmsd0d21q(ParserTest.java:31)
	at org.jsoup.parser.ParserTest.testParse128(ParserTest.java:31)
</failure>
  </testcase>
  <testcase classname="org.jsoup.parser.ParserTest" name="testParse130" time="0.002">
    <failure message="expected:&lt;[html]&gt; but was:&lt;[]&gt;" type="junit.framework.AssertionFailedError">junit.framework.AssertionFailedError: expected:&lt;[html]&gt; but was:&lt;[]&gt;
	at org.jsoup.parser.ParserTest.__CLR4_4_1vcnj8421z(ParserTest.java:33)
	at org.jsoup.parser.ParserTest.testParse130(ParserTest.java:33)
</failure>
  </testcase>
  <testcase classname="org.jsoup.parser.ParserTest" name="testParse132" time="0.003">
    <failure message="expected:&lt;[html]&gt; but was:&lt;[&lt;title&gt;Title&lt;/title&gt;]&gt;" type="junit.framework.AssertionFailedError">junit.framework.AssertionFailedError: expected:&lt;[html]&gt; but was:&lt;[&lt;title&gt;Title&lt;/title&gt;]&gt;
	at org.jsoup.parser.ParserTest.__CLR4_4_1x6gl6222a(ParserTest.java:37)
	at org.jsoup.parser.ParserTest.testParse132(ParserTest.java:37)
</failure>
  </testcase>
  <testcase classname="org.jsoup.parser.ParserTest" name="testParseEndTag134" time="0.001" />
  <testcase classname="org.jsoup.parser.ParserTest" name="testParseEndTag135" time="0.003">
    <failure message="expected:&lt;[Hello]&gt; but was:&lt;[]&gt;" type="junit.framework.AssertionFailedError">junit.framework.AssertionFailedError: expected:&lt;[Hello]&gt; but was:&lt;[]&gt;
	at org.jsoup.parser.ParserTest.__CLR4_4_1wmwqu222n(ParserTest.java:41)
	at org.jsoup.parser.ParserTest.testParseEndTag135(ParserTest.java:41)
</failure>
  </testcase>
  <testcase classname="org.jsoup.parser.ParserTest" name="testParseEndTag136" time="0.002">
    <failure message="expected:&lt;[body]&gt; but was:&lt;[Hello]&gt;" type="junit.framework.AssertionFailedError">junit.framework.AssertionFailedError: expected:&lt;[body]&gt; but was:&lt;[Hello]&gt;
	at org.jsoup.parser.ParserTest.__CLR4_4_1z57ccl22y(ParserTest.java:43)
	at org.jsoup.parser.ParserTest.testParseEndTag136(ParserTest.java:43)
</failure>
  </testcase>
  <testcase classname="org.jsoup.parser.ParserTest" name="testParseEndTag137" time="0.003">
    <failure message="expected:&lt;1&gt; but was:&lt;0&gt;" type="junit.framework.AssertionFailedError">junit.framework.AssertionFailedError: expected:&lt;1&gt; but was:&lt;0&gt;
	at org.jsoup.parser.ParserTest.__CLR4_4_1vw7dk4237(ParserTest.java:45)
	at org.jsoup.parser.ParserTest.testParseEndTag137(ParserTest.java:45)
</failure>
  </testcase>
  <testcase classname="org.jsoup.parser.ParserTest" name="testParseTextNode141" time="0.003">
    <failure message="expected:&lt;[There]&gt; but was:&lt;[]&gt;" type="junit.framework.AssertionFailedError">junit.framework.AssertionFailedError: expected:&lt;[There]&gt; but was:&lt;[]&gt;
	at org.jsoup.parser.ParserTest.__CLR4_4_1ltphvp23i(ParserTest.java:49)
	at org.jsoup.parser.ParserTest.testParseTextNode141(ParserTest.java:49)
</failure>
  </testcase>
  <testcase classname="org.jsoup.parser.ParserTest" name="parsesTextNodes" time="0.003">
    <failure message="expected:&lt;Hello[ There]&gt; but was:&lt;Hello[]&gt;" type="junit.framework.AssertionFailedError">junit.framework.AssertionFailedError: expected:&lt;Hello[ There]&gt; but was:&lt;Hello[]&gt;
	at org.jsoup.parser.ParserTest.__CLR4_4_1wxblh23u(ParserTest.java:53)
	at org.jsoup.parser.ParserTest.parsesTextNodes(ParserTest.java:53)
</failure>
  </testcase>
  <testcase classname="org.jsoup.parser.ParserTest" name="testPopStackToSuitableContainer151" time="0.004">
    <error type="java.lang.NullPointerException">java.lang.NullPointerException
	at org.jsoup.parser.ParserTest.__CLR4_4_12yzhky243(ParserTest.java:57)
	at org.jsoup.parser.ParserTest.testPopStackToSuitableContainer151(ParserTest.java:57)
</error>
  </testcase>
  <testcase classname="org.jsoup.parser.ParserTest" name="testPopStackToSuitableContainer155" time="0.003">
    <error type="java.lang.NullPointerException">java.lang.NullPointerException
	at org.jsoup.parser.ParserTest.__CLR4_4_1a10dky24a(ParserTest.java:61)
	at org.jsoup.parser.ParserTest.testPopStackToSuitableContainer155(ParserTest.java:61)
</error>
  </testcase>
  <testcase classname="org.jsoup.parser.ParserTest" name="testTag195" time="0.001" />
  <testcase classname="org.jsoup.parser.ParserTest" name="getName1" time="0.001" />
  <testcase classname="org.jsoup.parser.ParserTest" name="canContain1" time="0.001">
    <failure type="junit.framework.AssertionFailedError">junit.framework.AssertionFailedError: 
	at org.jsoup.parser.ParserTest.__CLR4_4_15xgad0251(ParserTest.java:73)
	at org.jsoup.parser.ParserTest.canContain1(ParserTest.java:73)
</failure>
  </testcase>
  <testcase classname="org.jsoup.parser.ParserTest" name="canContain2" time="0.003">
    <failure type="junit.framework.AssertionFailedError">junit.framework.AssertionFailedError: 
	at org.jsoup.parser.ParserTest.__CLR4_4_196g95h25b(ParserTest.java:75)
	at org.jsoup.parser.ParserTest.canContain2(ParserTest.java:75)
</failure>
  </testcase>
  <testcase classname="org.jsoup.parser.ParserTest" name="canContain" time="0.001">
    <failure type="junit.framework.AssertionFailedError">junit.framework.AssertionFailedError: 
	at org.jsoup.parser.ParserTest.__CLR4_4_1uzsjhn25n(ParserTest.java:77)
	at org.jsoup.parser.ParserTest.canContain(ParserTest.java:77)
</failure>
  </testcase>
  <testcase classname="org.jsoup.parser.ParserTest" name="isData1" time="0.002">
    <failure type="junit.framework.AssertionFailedError">junit.framework.AssertionFailedError: 
	at org.jsoup.parser.ParserTest.__CLR4_4_1jiqx5w25u(ParserTest.java:79)
	at org.jsoup.parser.ParserTest.isData1(ParserTest.java:79)
</failure>
  </testcase>
  <testcase classname="org.jsoup.parser.ParserTest" name="isData" time="0.001">
    <failure type="junit.framework.AssertionFailedError">junit.framework.AssertionFailedError: 
	at org.jsoup.parser.ParserTest.__CLR4_4_1ufl3k5260(ParserTest.java:81)
	at org.jsoup.parser.ParserTest.isData(ParserTest.java:81)
</failure>
  </testcase>
  <testcase classname="org.jsoup.parser.ParserTest" name="testGetImplicitParent197" time="0.001">
    <failure type="junit.framework.AssertionFailedError">junit.framework.AssertionFailedError: 
	at org.jsoup.parser.ParserTest.__CLR4_4_1v2y6pp269(ParserTest.java:85)
	at org.jsoup.parser.ParserTest.testGetImplicitParent197(ParserTest.java:85)
</failure>
  </testcase>
  <testcase classname="org.jsoup.parser.ParserTest" name="testHashCode200" time="0.0" />
  <testcase classname="org.jsoup.parser.ParserTest" name="setAncestor" time="0.0" />
  <testcase classname="org.jsoup.parser.ParserTest" name="addFirst1" time="0.002">
    <failure message="expected:&lt;[One Two Three]&gt; but was:&lt;[[ , T, w, o,  , T, h, r, e, e]]&gt;" type="junit.framework.AssertionFailedError">junit.framework.AssertionFailedError: expected:&lt;[One Two Three]&gt; but was:&lt;[[ , T, w, o,  , T, h, r, e, e]]&gt;
	at org.jsoup.parser.ParserTest.__CLR4_4_11cvxpz21c(ParserTest.java:27)
	at org.jsoup.parser.ParserTest.addFirst1(ParserTest.java:27)
</failure>
  </testcase>
  <testcase classname="org.jsoup.parser.ParserTest" name="parsesComments" time="0.004">
    <failure message="expected:&lt;...tle&gt;&lt;/head&gt;&lt;body&gt;&lt;p&gt;[Thir]d!&lt;/p&gt;&lt;/body&gt;&lt;/html&gt;&gt; but was:&lt;...tle&gt;&lt;/head&gt;&lt;body&gt;&lt;p&gt;[Secon]d!&lt;/p&gt;&lt;/body&gt;&lt;/html&gt;&gt;" type="junit.framework.AssertionFailedError">junit.framework.AssertionFailedError: expected:&lt;...tle&gt;&lt;/head&gt;&lt;body&gt;&lt;p&gt;[Thir]d!&lt;/p&gt;&lt;/body&gt;&lt;/html&gt;&gt; but was:&lt;...tle&gt;&lt;/head&gt;&lt;body&gt;&lt;p&gt;[Secon]d!&lt;/p&gt;&lt;/body&gt;&lt;/html&gt;&gt;
	at org.jsoup.parser.ParserTest.__CLR4_4_1ltfdad21l(ParserTest.java:29)
	at org.jsoup.parser.ParserTest.parsesComments(ParserTest.java:29)
</failure>
  </testcase>
  <testcase classname="org.jsoup.parser.ParserTest" name="addFirst2" time="0.001">
    <failure message="expected:&lt;[One Two Three]&gt; but was:&lt;[[ , T, w, o,  , T, h, r, e, e]]&gt;" type="junit.framework.AssertionFailedError">junit.framework.AssertionFailedError: expected:&lt;[One Two Three]&gt; but was:&lt;[[ , T, w, o,  , T, h, r, e, e]]&gt;
	at org.jsoup.parser.ParserTest.__CLR4_4_11w412i215(ParserTest.java:25)
	at org.jsoup.parser.ParserTest.addFirst2(ParserTest.java:25)
</failure>
  </testcase>
  <testcase classname="org.jsoup.parser.ParserTest" name="valueOf" time="0.001" />
  <testcase classname="org.jsoup.parser.ParserTest" name="getName" time="0.001" />
  <testcase classname="org.jsoup.parser.ParserTest" name="isEmpty" time="0.001">
    <failure type="junit.framework.AssertionFailedError">junit.framework.AssertionFailedError: 
	at org.jsoup.parser.ParserTest.__CLR4_4_1u3unrq266(ParserTest.java:83)
	at org.jsoup.parser.ParserTest.isEmpty(ParserTest.java:83)
</failure>
  </testcase>
  <system-out><![CDATA[]]></system-out>
  <system-err><![CDATA[]]></system-err>
</testsuite>
