<?xml version="1.0" encoding="UTF-8" ?>
<testsuite errors="1" failures="20" hostname="sepehr-UX310UQK" name="org.jsoup.select.SelectorTest" skipped="0" tests="23" time="0.171" timestamp="2023-02-09T19:41:59">
  <properties>
[...]
</properties>
  <testcase classname="org.jsoup.select.SelectorTest" name="findElements" time="0.058">
    <failure message="expected:&lt;Hello []&gt; but was:&lt;Hello [there]&gt;" type="junit.framework.AssertionFailedError">junit.framework.AssertionFailedError: expected:&lt;Hello []&gt; but was:&lt;Hello [there]&gt;
	at org.jsoup.select.SelectorTest.__CLR4_4_195cr8p1vp(SelectorTest.java:19)
	at org.jsoup.select.SelectorTest.findElements(SelectorTest.java:19)
</failure>
  </testcase>
  <testcase classname="org.jsoup.select.SelectorTest" name="findElements3" time="0.006">
    <failure message="expected:&lt;2&gt; but was:&lt;0&gt;" type="junit.framework.AssertionFailedError">junit.framework.AssertionFailedError: expected:&lt;2&gt; but was:&lt;0&gt;
	at org.jsoup.select.SelectorTest.__CLR4_4_1oh735i1vv(SelectorTest.java:21)
	at org.jsoup.select.SelectorTest.findElements3(SelectorTest.java:21)
</failure>
  </testcase>
  <testcase classname="org.jsoup.select.SelectorTest" name="findElements2" time="0.003">
    <failure message="expected:&lt;1&gt; but was:&lt;0&gt;" type="junit.framework.AssertionFailedError">junit.framework.AssertionFailedError: expected:&lt;1&gt; but was:&lt;0&gt;
	at org.jsoup.select.SelectorTest.__CLR4_4_1rq71xz1w4(SelectorTest.java:23)
	at org.jsoup.select.SelectorTest.findElements2(SelectorTest.java:23)
</failure>
  </testcase>
  <testcase classname="org.jsoup.select.SelectorTest" name="findElements1" time="0.003">
    <failure message="expected:&lt;1&gt; but was:&lt;0&gt;" type="junit.framework.AssertionFailedError">junit.framework.AssertionFailedError: expected:&lt;1&gt; but was:&lt;0&gt;
	at org.jsoup.select.SelectorTest.__CLR4_4_1uz70qg1wc(SelectorTest.java:25)
	at org.jsoup.select.SelectorTest.findElements1(SelectorTest.java:25)
</failure>
  </testcase>
  <testcase classname="org.jsoup.select.SelectorTest" name="byAttribute" time="0.002">
    <failure message="expected:&lt;2&gt; but was:&lt;1&gt;" type="junit.framework.AssertionFailedError">junit.framework.AssertionFailedError: expected:&lt;2&gt; but was:&lt;1&gt;
	at org.jsoup.select.SelectorTest.__CLR4_4_1ma15m41wk(SelectorTest.java:27)
	at org.jsoup.select.SelectorTest.byAttribute(SelectorTest.java:27)
</failure>
  </testcase>
  <testcase classname="org.jsoup.select.SelectorTest" name="indexLessThan" time="0.003">
    <failure message="expected:&lt;3&gt; but was:&lt;2&gt;" type="junit.framework.AssertionFailedError">junit.framework.AssertionFailedError: expected:&lt;3&gt; but was:&lt;2&gt;
	at org.jsoup.select.SelectorTest.__CLR4_4_1kyumc31wq(SelectorTest.java:29)
	at org.jsoup.select.SelectorTest.indexLessThan(SelectorTest.java:29)
</failure>
  </testcase>
  <testcase classname="org.jsoup.select.SelectorTest" name="indexGreaterThan" time="0.002">
    <failure message="expected:&lt;3&gt; but was:&lt;1&gt;" type="junit.framework.AssertionFailedError">junit.framework.AssertionFailedError: expected:&lt;3&gt; but was:&lt;1&gt;
	at org.jsoup.select.SelectorTest.__CLR4_4_1gg3tcg1wx(SelectorTest.java:31)
	at org.jsoup.select.SelectorTest.indexGreaterThan(SelectorTest.java:31)
</failure>
  </testcase>
  <testcase classname="org.jsoup.select.SelectorTest" name="consumeIndex5" time="0.003">
    <failure message="expected:&lt;3&gt; but was:&lt;2&gt;" type="junit.framework.AssertionFailedError">junit.framework.AssertionFailedError: expected:&lt;3&gt; but was:&lt;2&gt;
	at org.jsoup.select.SelectorTest.__CLR4_4_1pm19gm1x4(SelectorTest.java:33)
	at org.jsoup.select.SelectorTest.consumeIndex5(SelectorTest.java:33)
</failure>
  </testcase>
  <testcase classname="org.jsoup.select.SelectorTest" name="consumeIndex4" time="0.003">
    <failure message="expected:&lt;3&gt; but was:&lt;1&gt;" type="junit.framework.AssertionFailedError">junit.framework.AssertionFailedError: expected:&lt;3&gt; but was:&lt;1&gt;
	at org.jsoup.select.SelectorTest.__CLR4_4_1md1ao51xd(SelectorTest.java:35)
	at org.jsoup.select.SelectorTest.consumeIndex4(SelectorTest.java:35)
</failure>
  </testcase>
  <testcase classname="org.jsoup.select.SelectorTest" name="consumeIndex3" time="0.003">
    <failure message="expected:&lt;3&gt; but was:&lt;2&gt;" type="junit.framework.AssertionFailedError">junit.framework.AssertionFailedError: expected:&lt;3&gt; but was:&lt;2&gt;
	at org.jsoup.select.SelectorTest.__CLR4_4_1j41bvo1xk(SelectorTest.java:37)
	at org.jsoup.select.SelectorTest.consumeIndex3(SelectorTest.java:37)
</failure>
  </testcase>
  <testcase classname="org.jsoup.select.SelectorTest" name="consumeIndex2" time="0.003">
    <error message="Index: 1, Size: 1" type="java.lang.IndexOutOfBoundsException">java.lang.IndexOutOfBoundsException: Index: 1, Size: 1
	at java.util.ArrayList.rangeCheck(ArrayList.java:659)
	at java.util.ArrayList.get(ArrayList.java:435)
	at org.jsoup.select.Elements.get(Elements.java:354)
	at org.jsoup.select.SelectorTest.__CLR4_4_1fv1d371xs(SelectorTest.java:39)
	at org.jsoup.select.SelectorTest.consumeIndex2(SelectorTest.java:39)
</error>
  </testcase>
  <testcase classname="org.jsoup.select.SelectorTest" name="consumeIndex1" time="0.002">
    <failure message="expected:&lt;1&gt; but was:&lt;2&gt;" type="junit.framework.AssertionFailedError">junit.framework.AssertionFailedError: expected:&lt;1&gt; but was:&lt;2&gt;
	at org.jsoup.select.SelectorTest.__CLR4_4_1cm1eaq1xz(SelectorTest.java:41)
	at org.jsoup.select.SelectorTest.consumeIndex1(SelectorTest.java:41)
</failure>
  </testcase>
  <testcase classname="org.jsoup.select.SelectorTest" name="filterForAdjacentSiblings1" time="0.003">
    <failure message="expected:&lt;3&gt; but was:&lt;0&gt;" type="junit.framework.AssertionFailedError">junit.framework.AssertionFailedError: expected:&lt;3&gt; but was:&lt;0&gt;
	at org.jsoup.select.SelectorTest.__CLR4_4_1nsdpkk1y8(SelectorTest.java:43)
	at org.jsoup.select.SelectorTest.filterForAdjacentSiblings1(SelectorTest.java:43)
</failure>
  </testcase>
  <testcase classname="org.jsoup.select.SelectorTest" name="testFilterForAdjacentSiblings65" time="0.003">
    <failure message="expected:&lt;3&gt; but was:&lt;0&gt;" type="junit.framework.AssertionFailedError">junit.framework.AssertionFailedError: expected:&lt;3&gt; but was:&lt;0&gt;
	at org.jsoup.select.SelectorTest.__CLR4_4_1o9oqs81yf(SelectorTest.java:45)
	at org.jsoup.select.SelectorTest.testFilterForAdjacentSiblings65(SelectorTest.java:45)
</failure>
  </testcase>
  <testcase classname="org.jsoup.select.SelectorTest" name="filterForAdjacentSiblings" time="0.002" />
  <testcase classname="org.jsoup.select.SelectorTest" name="testFilterForAdjacentSiblings67" time="0.002" />
  <testcase classname="org.jsoup.select.SelectorTest" name="testFilterForAdjacentSiblings68" time="0.002">
    <failure message="expected:&lt;3&gt; but was:&lt;0&gt;" type="junit.framework.AssertionFailedError">junit.framework.AssertionFailedError: expected:&lt;3&gt; but was:&lt;0&gt;
	at org.jsoup.select.SelectorTest.__CLR4_4_1y0on5n1z0(SelectorTest.java:51)
	at org.jsoup.select.SelectorTest.testFilterForAdjacentSiblings68(SelectorTest.java:51)
</failure>
  </testcase>
  <testcase classname="org.jsoup.select.SelectorTest" name="testGetElementsByAttributeValueNot113" time="0.002">
    <failure message="expected:&lt;2&gt; but was:&lt;8&gt;" type="junit.framework.AssertionFailedError">junit.framework.AssertionFailedError: expected:&lt;2&gt; but was:&lt;8&gt;
	at org.jsoup.select.SelectorTest.__CLR4_4_11zyziq1z7(SelectorTest.java:53)
	at org.jsoup.select.SelectorTest.testGetElementsByAttributeValueNot113(SelectorTest.java:53)
</failure>
  </testcase>
  <testcase classname="org.jsoup.select.SelectorTest" name="testGetElementsByAttributeValueEnding114" time="0.002">
    <failure message="expected:&lt;2&gt; but was:&lt;0&gt;" type="junit.framework.AssertionFailedError">junit.framework.AssertionFailedError: expected:&lt;2&gt; but was:&lt;0&gt;
	at org.jsoup.select.SelectorTest.__CLR4_4_1d650z71zd(SelectorTest.java:55)
	at org.jsoup.select.SelectorTest.testGetElementsByAttributeValueEnding114(SelectorTest.java:55)
</failure>
  </testcase>
  <testcase classname="org.jsoup.select.SelectorTest" name="testCollect116" time="0.002">
    <failure message="expected:&lt;2&gt; but was:&lt;3&gt;" type="junit.framework.AssertionFailedError">junit.framework.AssertionFailedError: expected:&lt;2&gt; but was:&lt;3&gt;
	at org.jsoup.select.SelectorTest.__CLR4_4_1i3ejxh1zr(SelectorTest.java:59)
	at org.jsoup.select.SelectorTest.testCollect116(SelectorTest.java:59)
</failure>
  </testcase>
  <testcase classname="org.jsoup.select.SelectorTest" name="combinator" time="0.002">
    <failure message="expected:&lt;3&gt; but was:&lt;2&gt;" type="junit.framework.AssertionFailedError">junit.framework.AssertionFailedError: expected:&lt;3&gt; but was:&lt;2&gt;
	at org.jsoup.select.SelectorTest.__CLR4_4_1r7vfgd1va(SelectorTest.java:15)
	at org.jsoup.select.SelectorTest.combinator(SelectorTest.java:15)
</failure>
  </testcase>
  <testcase classname="org.jsoup.select.SelectorTest" name="combinator1" time="0.002">
    <failure message="expected:&lt;[One]&gt; but was:&lt;[p]&gt;" type="junit.framework.AssertionFailedError">junit.framework.AssertionFailedError: expected:&lt;[One]&gt; but was:&lt;[p]&gt;
	at org.jsoup.select.SelectorTest.__CLR4_4_1mwdfj81vh(SelectorTest.java:17)
	at org.jsoup.select.SelectorTest.combinator1(SelectorTest.java:17)
</failure>
  </testcase>
  <testcase classname="org.jsoup.select.SelectorTest" name="collect" time="0.003">
    <failure message="expected:&lt;Three[]&gt; but was:&lt;Three[p&gt;]&gt;" type="junit.framework.AssertionFailedError">junit.framework.AssertionFailedError: expected:&lt;Three[]&gt; but was:&lt;Three[p&gt;]&gt;
	at org.jsoup.select.SelectorTest.__CLR4_4_1fq6hfz1zk(SelectorTest.java:57)
	at org.jsoup.select.SelectorTest.collect(SelectorTest.java:57)
</failure>
  </testcase>
  <system-out><![CDATA[]]></system-out>
  <system-err><![CDATA[]]></system-err>
</testsuite>
