<?xml version="1.0" encoding="UTF-8" ?>
<testsuite errors="2" failures="4" hostname="sepehr-UX310UQK" name="org.jsoup.nodes.TextNodeTest" skipped="0" tests="8" time="0.124" timestamp="2023-02-09T19:41:57">
  <properties>
[...]
</properties>
  <testcase classname="org.jsoup.nodes.TextNodeTest" name="text" time="0.057">
    <failure message="expected:&lt;[Hello ]there!&gt; but was:&lt;[]there!&gt;" type="junit.framework.AssertionFailedError">junit.framework.AssertionFailedError: expected:&lt;[Hello ]there!&gt; but was:&lt;[]there!&gt;
	at org.jsoup.nodes.TextNodeTest.__CLR4_4_1sz271o27p(TextNodeTest.java:20)
	at org.jsoup.nodes.TextNodeTest.text(TextNodeTest.java:20)
</failure>
  </testcase>
  <testcase classname="org.jsoup.nodes.TextNodeTest" name="testGetWholeText73" time="0.001" />
  <testcase classname="org.jsoup.nodes.TextNodeTest" name="isBlank" time="0.006">
    <failure type="junit.framework.AssertionFailedError">junit.framework.AssertionFailedError: 
	at org.jsoup.nodes.TextNodeTest.__CLR4_4_1wakoy9284(TextNodeTest.java:24)
	at org.jsoup.nodes.TextNodeTest.isBlank(TextNodeTest.java:24)
</failure>
  </testcase>
  <testcase classname="org.jsoup.nodes.TextNodeTest" name="testOuterHtml78" time="0.003">
    <error message="org.jsoup.nodes.Element cannot be cast to org.jsoup.nodes.TextNode" type="java.lang.ClassCastException">java.lang.ClassCastException: org.jsoup.nodes.Element cannot be cast to org.jsoup.nodes.TextNode
	at org.jsoup.nodes.TextNodeTest.__CLR4_4_15bibdw28f(TextNodeTest.java:26)
	at org.jsoup.nodes.TextNodeTest.testOuterHtml78(TextNodeTest.java:26)
</error>
  </testcase>
  <testcase classname="org.jsoup.nodes.TextNodeTest" name="testCreateFromEncoded82" time="0.002" />
  <testcase classname="org.jsoup.nodes.TextNodeTest" name="testParent14" time="0.004">
    <failure type="junit.framework.AssertionFailedError">junit.framework.AssertionFailedError: 
	at org.jsoup.nodes.TextNodeTest.__CLR4_4_1iemz6i271(TextNodeTest.java:14)
	at org.jsoup.nodes.TextNodeTest.testParent14(TextNodeTest.java:14)
</failure>
  </testcase>
  <testcase classname="org.jsoup.nodes.TextNodeTest" name="setParentNode" time="0.005">
    <error message="Cannot (yet) move nodes in tree" type="org.apache.commons.lang.NotImplementedException">org.apache.commons.lang.NotImplementedException: Cannot (yet) move nodes in tree
	at org.jsoup.nodes.Node.setParentNode(Node.java:213)
	at org.jsoup.nodes.TextNodeTest.__CLR4_4_1o4waln279(TextNodeTest.java:16)
	at org.jsoup.nodes.TextNodeTest.setParentNode(TextNodeTest.java:16)
</error>
  </testcase>
  <testcase classname="org.jsoup.nodes.TextNodeTest" name="testHashCode22" time="0.003">
    <failure message="expected:&lt;0&gt; but was:&lt;1993631872&gt;" type="junit.framework.AssertionFailedError">junit.framework.AssertionFailedError: expected:&lt;0&gt; but was:&lt;1993631872&gt;
	at org.jsoup.nodes.TextNodeTest.__CLR4_4_1gjcm0k27f(TextNodeTest.java:18)
	at org.jsoup.nodes.TextNodeTest.testHashCode22(TextNodeTest.java:18)
</failure>
  </testcase>
  <system-out><![CDATA[]]></system-out>
  <system-err><![CDATA[]]></system-err>
</testsuite>
