Testsuite: org.apache.commons.lang3.ClassUtilsTest
Tests run: 11, Failures: 7, Errors: 0, Skipped: 0, Time elapsed: 0.06 sec

Testcase: test_getSimpleName_Object61 took 0.022 sec
Testcase: test_isPrimitiveWrapper_Class65 took 0.001 sec
	FAILED
null
junit.framework.AssertionFailedError
	at org.apache.commons.lang3.ClassUtilsTest.test_isPrimitiveWrapper_Class65(ClassUtilsTest.java:133)

Testcase: test_getPackageCanonicalName_Object77 took 0.007 sec
Testcase: test_getPackageCanonicalName_Object78 took 0.001 sec
Testcase: test_getPackageCanonicalName_Object79 took 0.001 sec
	FAILED
expected:<[<null>]> but was:<[org.apache.commons.lang3]>
junit.framework.AssertionFailedError: expected:<[<null>]> but was:<[org.apache.commons.lang3]>
	at org.apache.commons.lang3.ClassUtilsTest.test_getPackageCanonicalName_Object79(ClassUtilsTest.java:237)

Testcase: test_isPrimitiveOrWrapper_Class64 took 0 sec
	FAILED
null
junit.framework.AssertionFailedError
	at org.apache.commons.lang3.ClassUtilsTest.test_isPrimitiveOrWrapper_Class64(ClassUtilsTest.java:122)

Testcase: test_getShortClassName_Class60 took 0 sec
Testcase: test_convertClassNamesToClasses_List63 took 0 sec
	FAILED
expected:<null> but was:<[]>
junit.framework.AssertionFailedError: expected:<null> but was:<[]>
	at org.apache.commons.lang3.ClassUtilsTest.test_convertClassNamesToClasses_List63(ClassUtilsTest.java:94)

Testcase: test_getShortCanonicalName_Object75 took 0.001 sec
	FAILED
expected:<ClassUtilsTest.[6]> but was:<ClassUtilsTest.[7]>
junit.framework.AssertionFailedError: expected:<ClassUtilsTest.[6]> but was:<ClassUtilsTest.[7]>
	at org.apache.commons.lang3.ClassUtilsTest.test_getShortCanonicalName_Object75(ClassUtilsTest.java:199)

Testcase: testWrapperToPrimitive_Class73 took 0 sec
	FAILED
expected:<boolean> but was:<null>
junit.framework.AssertionFailedError: expected:<boolean> but was:<null>
	at org.apache.commons.lang3.ClassUtilsTest.testWrapperToPrimitive_Class73(ClassUtilsTest.java:152)

Testcase: test_toClass_Object_Object74 took 0.008 sec
	FAILED
null
junit.framework.AssertionFailedError
	at org.apache.commons.lang3.ClassUtilsTest.test_toClass_Object_Object74(ClassUtilsTest.java:177)

