Testsuite: org.apache.commons.lang3.text.StrBuilderTest
Tests run: 18, Failures: 9, Errors: 0, Skipped: 0, Time elapsed: 0.061 sec

Testcase: testWriteCharArray318 took 0.007 sec
	FAILED
expected:<foo[]> but was:<foo[barbaz]>
junit.framework.AssertionFailedError: expected:<foo[]> but was:<foo[barbaz]>
	at org.apache.commons.lang3.text.StrBuilderTest.testWriteCharArray318(StrBuilderTest.java:344)

Testcase: testTrim297 took 0 sec
Testcase: testToCharArrayIntInt273 took 0.008 sec
Testcase: testReplaceAll_String_String295 took 0 sec
	FAILED
expected:<dbcbccb[a]> but was:<dbcbccb[d]>
junit.framework.AssertionFailedError: expected:<dbcbccb[a]> but was:<dbcbccb[d]>
	at org.apache.commons.lang3.text.StrBuilderTest.testReplaceAll_String_String295(StrBuilderTest.java:141)

Testcase: testReplaceAll_StrMatcher_String296 took 0 sec
	FAILED
expected:<dbcbccb[a]> but was:<dbcbccb[d]>
junit.framework.AssertionFailedError: expected:<dbcbccb[a]> but was:<dbcbccb[d]>
	at org.apache.commons.lang3.text.StrBuilderTest.testReplaceAll_StrMatcher_String296(StrBuilderTest.java:165)

Testcase: testStartsWith298 took 0 sec
	FAILED
null
junit.framework.AssertionFailedError
	at org.apache.commons.lang3.text.StrBuilderTest.testStartsWith298(StrBuilderTest.java:199)

Testcase: testStartsWith299 took 0 sec
	FAILED
null
junit.framework.AssertionFailedError
	at org.apache.commons.lang3.text.StrBuilderTest.testStartsWith299(StrBuilderTest.java:218)

Testcase: testWrite_Boolean316 took 0.001 sec
Testcase: testAppend_CharArray285 took 0 sec
Testcase: testReplaceFirst_char_char315 took 0 sec
Testcase: testAppend_Boolean317 took 0 sec
Testcase: testIndexOf_char_int305 took 0 sec
	FAILED
expected:<2> but was:<-1>
junit.framework.AssertionFailedError: expected:<2> but was:<-1>
	at org.apache.commons.lang3.text.StrBuilderTest.testIndexOf_char_int305(StrBuilderTest.java:273)

Testcase: testIndexOf_char_int306 took 0.001 sec
	FAILED
expected:<1> but was:<3>
junit.framework.AssertionFailedError: expected:<1> but was:<3>
	at org.apache.commons.lang3.text.StrBuilderTest.testIndexOf_char_int306(StrBuilderTest.java:285)

Testcase: testToCharArray274 took 0 sec
Testcase: testLang294307 took 0 sec
Testcase: testReplaceFirst_String_String294 took 0 sec
Testcase: testMidString301 took 0 sec
	FAILED
expected:<535866307> but was:<hello >
junit.framework.AssertionFailedError: expected:<535866307> but was:<hello >
	at org.apache.commons.lang3.text.StrBuilderTest.testMidString301(StrBuilderTest.java:230)

Testcase: testMidString302 took 0 sec
	FAILED
expected:<hello [goodbye]> but was:<hello []>
junit.framework.AssertionFailedError: expected:<hello [goodbye]> but was:<hello []>
	at org.apache.commons.lang3.text.StrBuilderTest.testMidString302(StrBuilderTest.java:249)

