Testsuite: org.apache.commons.lang3.ArrayUtilsRemoveTest
Tests run: 7, Failures: 3, Errors: 0, Skipped: 0, Time elapsed: 0.041 sec

Testcase: testRemoveElementShortArray258 took 0.024 sec
Testcase: testRemoveFloatArray259 took 0 sec
Testcase: testGetLengthObject192 took 0.001 sec
	FAILED
expected:<4> but was:<6>
junit.framework.AssertionFailedError: expected:<4> but was:<6>
	at org.apache.commons.lang3.ArrayUtilsRemoveTest.testGetLengthObject192(ArrayUtilsRemoveTest.java:39)

Testcase: testRemoveCharArray254 took 0 sec
	FAILED
null
junit.framework.AssertionFailedError
	at org.apache.commons.lang3.ArrayUtilsRemoveTest.testRemoveCharArray254(ArrayUtilsRemoveTest.java:59)

Testcase: testRemoveCharArray255 took 0 sec
	FAILED
null
junit.framework.AssertionFailedError
	at org.apache.commons.lang3.ArrayUtilsRemoveTest.testRemoveCharArray255(ArrayUtilsRemoveTest.java:97)

Testcase: testRemoveShortArray257 took 0.001 sec
Testcase: testRemoveDoubleArray256 took 0 sec
