Testsuite: org.apache.commons.lang3.reflect.ConstructorUtilsTest
Tests run: 3, Failures: 0, Errors: 2, Skipped: 0, Time elapsed: 0.045 sec

Testcase: testInvokeConstructor266 took 0.031 sec
Testcase: testInvokeExactConstructor345 took 0.001 sec
	Caused an ERROR
No such accessible constructor on object: org.apache.commons.lang3.reflect.ConstructorUtilsTest$TestBean
java.lang.NoSuchMethodException: No such accessible constructor on object: org.apache.commons.lang3.reflect.ConstructorUtilsTest$TestBean
	at org.apache.commons.lang3.reflect.ConstructorUtils.invokeExactConstructor(ConstructorUtils.java:183)
	at org.apache.commons.lang3.reflect.ConstructorUtils.invokeExactConstructor(ConstructorUtils.java:149)
	at org.apache.commons.lang3.reflect.ConstructorUtilsTest.testInvokeExactConstructor345(ConstructorUtilsTest.java:106)

Testcase: testInvokeExactConstructor346 took 0 sec
	Caused an ERROR
No such accessible constructor on object: org.apache.commons.lang3.reflect.ConstructorUtilsTest$TestBean
java.lang.NoSuchMethodException: No such accessible constructor on object: org.apache.commons.lang3.reflect.ConstructorUtilsTest$TestBean
	at org.apache.commons.lang3.reflect.ConstructorUtils.invokeExactConstructor(ConstructorUtils.java:183)
	at org.apache.commons.lang3.reflect.ConstructorUtils.invokeExactConstructor(ConstructorUtils.java:149)
	at org.apache.commons.lang3.reflect.ConstructorUtilsTest.testInvokeExactConstructor346(ConstructorUtilsTest.java:124)

