<!DOCTYPE html>
<html xmlns="http://www.w3.org/1999/xhtml" xml:lang="en" lang="en">
<head>
    <meta http-equiv="Content-Type" content="text/html; charset=UTF-8"/>

    
    
    <link rel="SHORTCUT ICON" href="../../../../../img/clover.ico" />

    <link rel="stylesheet" href="../../../../../aui/css/aui.min.css" media="all"/>
    <link rel="stylesheet" href="../../../../../aui/css/aui-experimental.min.css" media="all"/>
    <!--[if IE 9]><link rel="stylesheet" href="../../../../../aui/css/aui-ie9.min.css" media="all"/><![endif]-->

    <style type="text/css" media="all">
        @import url('../../../../../style.css');
        @import url('../../../../../tree.css');
        
    </style>

    <script src="../../../../../jquery-1.8.3.min.js" type="text/javascript"></script>
    <script src="../../../../../aui/js/aui.min.js" type="text/javascript"></script>
    <script src="../../../../../aui/js/aui-experimental.min.js" type="text/javascript"></script>
    <script src="../../../../../aui/js/aui-soy.min.js" type="text/javascript"></script>

    <script src="../../../../../package-nodes-tree.js" type="text/javascript"></script>
    <script src="../../../../../clover-tree.js" type="text/javascript"></script>
    <script src="../../../../../clover.js" type="text/javascript"></script>
    <script src="../../../../../clover-descriptions.js" type="text/javascript"></script>
    <script src="../../../../../cloud.js" type="text/javascript"></script>

            <title>jfreechart</title>
    </head>

<body>
    <div id="page">
        
        


<header id="header" role="banner">
    <nav class="aui-header aui-dropdown2-trigger-group" role="navigation">
        <div class="aui-header-inner">
            <div class="aui-header-primary">
                <h1 id="logo" class="aui-header-logo aui-header-logo-clover">
                    <a href="http://openclover.org" title="Visit OpenClover home page"><span class="aui-header-logo-device">OpenClover</span></a>
                </h1>
                                <ul class="aui-nav">
                    <li>
                        <a href="#dropdown2-jira3" aria-owns="dropdown2-jira3" aria-haspopup="true"
                           class="aui-dropdown2-trigger" aria-controls="dropdown2-header7">
                            Linked reports
                            <span class="aui-icon-dropdown"></span>
                        </a>

                        <div class="aui-dropdown2 aui-style-default aui-dropdown2-in-header" id="dropdown2-jira3"
                             style="display: none; top: 40px; min-width: 160px; left: 1213px; " aria-hidden="true">
                            <div class="aui-dropdown2-section">
                                <ul>
                                                                                                                <li><a href="../../../../../historical.html">jfreechart-Historical</a></li>
                                                                    </ul>
                            </div>
                        </div>
                    </li>
                </ul>
                            </div>
            <div class="aui-header-secondary">
                <ul class="aui-nav">
                    <li id="system-help-menu">
                        <a class="aui-nav-link" title="Open online documentation" target="_blank"
                           href="http://openclover.org/documentation">
                            <span class="aui-icon aui-icon-small aui-iconfont-help">&#160;Help</span>
                        </a>
                    </li>
                </ul>
            </div>
        </div>
    </nav>
</header>
        
        <div class="aui-page-panel">
            <div class="aui-page-panel-inner">
                <div class="aui-page-panel-nav aui-page-panel-nav-clover">
                    

<div class="aui-page-header-inner" style="margin-bottom: 20px;">
    <div class="aui-page-header-image">
                <div class="aui-avatar aui-avatar-large aui-avatar-project">
            <div class="aui-avatar-inner">
                                    <img src="../../../../../img/clover_logo_large.png" alt="Clover icon"/>
                            </div>
        </div>
            </div>
    <div class="aui-page-header-main" >
        <h1>
                                        jfreechart
                                </h1>
    </div>
</div>

<nav class="aui-navgroup aui-navgroup-vertical">
    <div class="aui-navgroup-inner">
                                            <ul class="aui-nav">
                <li class="">
                    <a href="../../../../../dashboard.html">Project overview</a>
                </li>
            </ul>
        
                <div class="aui-nav-heading packages-nav-heading">
            <strong>Packages</strong>
        </div>
        <div class="aui-nav project-packages">
            <form method="get" action="#" class="aui package-filter-container">
                <input type="text" autocomplete="off" class="package-filter text"
                       placeholder="Type to filter packages..." name="package-filter" id="package-filter"
                       title="Start typing package name (or part of the name) to search through the tree. Use arrow keys and the Enter key to navigate."/>
            </form>
            <p class="package-filter-no-results-message hidden">
                <small>No results found.</small>
            </p>
                                                <div class="packages-tree-wrapper" data-root-relative="../../../../../" data-package-name="org.jfree.data.general.junit">
                <div class="packages-tree-container"></div>
                <div class="clover-packages-lozenges"></div>
            </div>
        </div>
        
            </div>
</nav>                </div>
                <section class="aui-page-panel-content">
                    <div class="aui-page-panel-content-clover">

                    
                    <div class="aui-page-header-main"><ol class="aui-nav aui-nav-breadcrumbs">
    
    <li><a href="../../../../../dashboard.html"> Project Clover database Fri Feb 3 2023 02:44:53 MST</a></li>
     <li><a href="test-pkg-summary.html">Package org.jfree.data.general.junit</a></li>
</ol></div>
    
<h1 class="aui-h2-clover">
            
        Class DatasetUtilitiesTests
    </h1>


 
<div class="aui-tabs horizontal-tabs" id="tabs-file">
    <ul class="tabs-menu">
        <li class="menu-item">
            <a href="DatasetUtilitiesTests.html"><strong>Source file</strong></a>
        </li>
        <li class="menu-item active-tab">
            <a href="#tabs-file-test-results"><strong>Test results</strong></a>
        </li>
    </ul>
    <div class="tabs-pane aui-tabs-pane-100-pcnt active-pane" id="tabs-file-test-results">
        <div>&#160;</div>




<table id="testClassSummaryTable" class="aui">
<thead>
    <tr>
        <th width="40%"><label>Class</label></th>
        <th width="10%"><label title="Total number of tests (or test iterations) executed.">Tests</label></th>
        <th width="10%"><label title="Number of failed tests">Fail</label></th>
        <th width="10%"><label title="Number of test errors">Error</label></th>
        <th width="10%">
            <label title="The total time in seconds taken to run this set of tests.">Time (secs)</label>
        </th>
        <th width="20%"><label>% Tests Success</label></th>
    </tr>
</thead>
<tbody>
    <tr>
        <td>DatasetUtilitiesTests</td>
        <td class="testPasses"><span class="sortValue">36</span>36</td>
<td class="testFailures"><span class="sortValue">30</span>30</td>
<td class=""><span class="sortValue">0</span>0</td>
        <td>0.025</td>
        <td class="align-middle">
            

<div style="display: table; width: 100%">
            <div class="barGraphValue"><span class="sortValue">0.16666667</span>16.7%</div>         <div style="display: table-cell">
            
            <div title="0% Errors" style="min-width: 40px;" class="testBarError">
                <div title="16.7% of tests passed&lt;br/&gt;83.3% of tests failed" class="testBarFail" style="width: 100%"><div class="testBarPass" style="width: 16.7%"></div></div>
            </div>
        </div>
    </div>        </td>
    </tr>
</tbody>
</table>

<div>&#160;</div>

<table id="testClassTestsTable" class="aui aui-table-sortable">
<thead>
    <tr>
        <th width="40%">
            <label title="Tests (or test iterations) which were executed.">Tests</label>
        </th>
        <th width="10%"><label>Started</label></th>
        <th width="10%"><label>Status</label></th>
        <th width="10%">
            <label title="The total time in seconds taken to run this set of tests.">Time (secs)</label>
        </th>
        <th width="30%"><label>Message</label></th>
    </tr>
</thead>
<tbody>


<tr>
    <td><span class="sortValue">DatasetUtilitiesTests.testFindMaximumDomainValue4621</span><a href="DatasetUtilitiesTests_testFindMaximumDomainValue4621_xz.html">DatasetUtilitiesTests.testFindMaximumDomainValue4621</a></td>
    <td style="whitespace:nowrap;"><span class="sortValue">1675417499717</span>3 Feb 02:44:59</td>
    <td>      <span class="sortValue">3</span><span class="aui-lozenge aui-lozenge-error">FAIL</span>
  </td>
    <td><span class="sortValue">0.0</span>0</td>
    <td style="width:50%">
    <span class="sortValue"></span>
        <span class="expand" id="togglebut1" onclick="toggleNodeExpansion('togglebut1', 'msgc1', 'msge1');return false;">&#160;</span>
        <div class="errorMessage" id="msgc1"></div>
        <div class="errorMessage" id="msge1" style="display:none;"> <div>junit.framework.AssertionFailedError</div><div> at junit.framework.Assert.fail(Assert.java:47)</div><div> at junit.framework.Assert.assertTrue(Assert.java:20)</div><div> at junit.framework.Assert.assertNull(Assert.java:233)</div><div> at junit.framework.Assert.assertNull(Assert.java:226)</div><div>	at <a href="../../../../../org/jfree/data/general/junit/DatasetUtilitiesTests.html?line=125#src-125">org.jfree.data.general.junit.DatasetUtilitiesTests.testFindMaximumDomainValue4621(DatasetUtilitiesTests.java:125)</a></div></div>
        </td>
</tr>
<tr>
    <td><span class="sortValue">DatasetUtilitiesTests.testGetDomainLowerBound6641</span><a href="DatasetUtilitiesTests_testGetDomainLowerBound6641_11i.html">DatasetUtilitiesTests.testGetDomainLowerBound6641</a></td>
    <td style="whitespace:nowrap;"><span class="sortValue">1675417499724</span>3 Feb 02:44:59</td>
    <td>      <span class="sortValue">3</span><span class="aui-lozenge aui-lozenge-error">FAIL</span>
  </td>
    <td><span class="sortValue">0.0</span>0</td>
    <td style="width:50%">
    <span class="sortValue">expected:&lt;0.5&gt;&#160;but&#160;was:&lt;1.0&gt;</span>
        <span class="expand" id="togglebut2" onclick="toggleNodeExpansion('togglebut2', 'msgc2', 'msge2');return false;">&#160;</span>
        <div class="errorMessage" id="msgc2">expected:&lt;0.5&gt;&#160;but&#160;was:&lt;1.0&gt;</div>
        <div class="errorMessage" id="msge2" style="display:none;"> <div>junit.framework.AssertionFailedError: expected:&lt;0.5&gt; but was:&lt;1.0&gt;</div><div> at junit.framework.Assert.fail(Assert.java:47)</div><div> at junit.framework.Assert.failNotEquals(Assert.java:282)</div><div>	at <a href="../../../../../org/jfree/data/general/junit/DatasetUtilitiesTests.html?line=136#src-136">org.jfree.data.general.junit.DatasetUtilitiesTests.testGetDomainLowerBound6641(DatasetUtilitiesTests.java:136)</a></div></div>
        </td>
</tr>
<tr>
    <td><span class="sortValue">DatasetUtilitiesTests.testGetMaxRegularValue2758</span><a href="DatasetUtilitiesTests_testGetMaxRegularValue2758_lx.html">DatasetUtilitiesTests.testGetMaxRegularValue2758</a></td>
    <td style="whitespace:nowrap;"><span class="sortValue">1675417499713</span>3 Feb 02:44:59</td>
    <td>      <span class="sortValue">3</span><span class="aui-lozenge aui-lozenge-error">FAIL</span>
  </td>
    <td><span class="sortValue">0.002</span>0.002</td>
    <td style="width:50%">
    <span class="sortValue">expected:&lt;3.0&gt;&#160;but&#160;was:&lt;6.0&gt;</span>
        <span class="expand" id="togglebut3" onclick="toggleNodeExpansion('togglebut3', 'msgc3', 'msge3');return false;">&#160;</span>
        <div class="errorMessage" id="msgc3">expected:&lt;3.0&gt;&#160;but&#160;was:&lt;6.0&gt;</div>
        <div class="errorMessage" id="msge3" style="display:none;"> <div>junit.framework.AssertionFailedError: expected:&lt;3.0&gt; but was:&lt;6.0&gt;</div><div> at junit.framework.Assert.fail(Assert.java:47)</div><div> at junit.framework.Assert.failNotEquals(Assert.java:282)</div><div>	at <a href="../../../../../org/jfree/data/general/junit/DatasetUtilitiesTests.html?line=120#src-120">org.jfree.data.general.junit.DatasetUtilitiesTests.testGetMaxRegularValue2758(DatasetUtilitiesTests.java:120)</a></div></div>
        </td>
</tr>
<tr>
    <td><span class="sortValue">DatasetUtilitiesTests.testFindRangeBoundsXYDataset4562</span><a href="DatasetUtilitiesTests_testFindRangeBoundsXYDataset4562_t4.html">DatasetUtilitiesTests.testFindRangeBoundsXYDataset4562</a></td>
    <td style="whitespace:nowrap;"><span class="sortValue">1675417499691</span>3 Feb 02:44:59</td>
    <td>      <span class="sortValue">3</span><span class="aui-lozenge aui-lozenge-error">FAIL</span>
  </td>
    <td><span class="sortValue">0.001</span>0.001</td>
    <td style="width:50%">
    <span class="sortValue">expected:&lt;1.0&gt;&#160;but&#160;was:&lt;100.0&gt;</span>
        <span class="expand" id="togglebut4" onclick="toggleNodeExpansion('togglebut4', 'msgc4', 'msge4');return false;">&#160;</span>
        <div class="errorMessage" id="msgc4">expected:&lt;1.0&gt;&#160;but&#160;was:&lt;100.0&gt;</div>
        <div class="errorMessage" id="msge4" style="display:none;"> <div>junit.framework.AssertionFailedError: expected:&lt;1.0&gt; but was:&lt;100.0&gt;</div><div> at junit.framework.Assert.fail(Assert.java:47)</div><div> at junit.framework.Assert.failNotEquals(Assert.java:282)</div><div>	at <a href="../../../../../org/jfree/data/general/junit/DatasetUtilitiesTests.html?line=122#src-122">org.jfree.data.general.junit.DatasetUtilitiesTests.testFindRangeBoundsXYDataset4562(DatasetUtilitiesTests.java:122)</a></div></div>
        </td>
</tr>
<tr>
    <td><span class="sortValue">DatasetUtilitiesTests.testIterateRangeBounds4584</span><a href="DatasetUtilitiesTests_testIterateRangeBounds4584_j0.html">DatasetUtilitiesTests.testIterateRangeBounds4584</a></td>
    <td style="whitespace:nowrap;"><span class="sortValue">1675417499739</span>3 Feb 02:44:59</td>
    <td>      <span class="sortValue">3</span><span class="aui-lozenge aui-lozenge-error">FAIL</span>
  </td>
    <td><span class="sortValue">0.0</span>0</td>
    <td style="width:50%">
    <span class="sortValue">expected:&lt;1.0&gt;&#160;but&#160;was:&lt;100.0&gt;</span>
        <span class="expand" id="togglebut5" onclick="toggleNodeExpansion('togglebut5', 'msgc5', 'msge5');return false;">&#160;</span>
        <div class="errorMessage" id="msgc5">expected:&lt;1.0&gt;&#160;but&#160;was:&lt;100.0&gt;</div>
        <div class="errorMessage" id="msge5" style="display:none;"> <div>junit.framework.AssertionFailedError: expected:&lt;1.0&gt; but was:&lt;100.0&gt;</div><div> at junit.framework.Assert.fail(Assert.java:47)</div><div> at junit.framework.Assert.failNotEquals(Assert.java:282)</div><div>	at <a href="../../../../../org/jfree/data/general/junit/DatasetUtilitiesTests.html?line=124#src-124">org.jfree.data.general.junit.DatasetUtilitiesTests.testIterateRangeBounds4584(DatasetUtilitiesTests.java:124)</a></div></div>
        </td>
</tr>
<tr>
    <td><span class="sortValue">DatasetUtilitiesTests.testGetDomainLowerBound6641</span><a href="DatasetUtilitiesTests_testGetDomainLowerBound6641_ep.html">DatasetUtilitiesTests.testGetDomainLowerBound6641</a></td>
    <td style="whitespace:nowrap;"><span class="sortValue">1675417499748</span>3 Feb 02:44:59</td>
    <td>      <span class="sortValue">3</span><span class="aui-lozenge aui-lozenge-error">FAIL</span>
  </td>
    <td><span class="sortValue">0.0</span>0</td>
    <td style="width:50%">
    <span class="sortValue">expected:&lt;0.5&gt;&#160;but&#160;was:&lt;1.0&gt;</span>
        <span class="expand" id="togglebut6" onclick="toggleNodeExpansion('togglebut6', 'msgc6', 'msge6');return false;">&#160;</span>
        <div class="errorMessage" id="msgc6">expected:&lt;0.5&gt;&#160;but&#160;was:&lt;1.0&gt;</div>
        <div class="errorMessage" id="msge6" style="display:none;"> <div>junit.framework.AssertionFailedError: expected:&lt;0.5&gt; but was:&lt;1.0&gt;</div><div> at junit.framework.Assert.fail(Assert.java:47)</div><div> at junit.framework.Assert.failNotEquals(Assert.java:282)</div><div>	at <a href="../../../../../org/jfree/data/general/junit/DatasetUtilitiesTests.html?line=136#src-136">org.jfree.data.general.junit.DatasetUtilitiesTests.testGetDomainLowerBound6641(DatasetUtilitiesTests.java:136)</a></div></div>
        </td>
</tr>
<tr>
    <td><span class="sortValue">DatasetUtilitiesTests.testGetDomainUpperBound6643</span><a href="DatasetUtilitiesTests_testGetDomainUpperBound6643_14y.html">DatasetUtilitiesTests.testGetDomainUpperBound6643</a></td>
    <td style="whitespace:nowrap;"><span class="sortValue">1675417499748</span>3 Feb 02:44:59</td>
    <td>      <span class="sortValue">3</span><span class="aui-lozenge aui-lozenge-error">FAIL</span>
  </td>
    <td><span class="sortValue">0.0</span>0</td>
    <td style="width:50%">
    <span class="sortValue">expected:&lt;2.5&gt;&#160;but&#160;was:&lt;2.0&gt;</span>
        <span class="expand" id="togglebut7" onclick="toggleNodeExpansion('togglebut7', 'msgc7', 'msge7');return false;">&#160;</span>
        <div class="errorMessage" id="msgc7">expected:&lt;2.5&gt;&#160;but&#160;was:&lt;2.0&gt;</div>
        <div class="errorMessage" id="msge7" style="display:none;"> <div>junit.framework.AssertionFailedError: expected:&lt;2.5&gt; but was:&lt;2.0&gt;</div><div> at junit.framework.Assert.fail(Assert.java:47)</div><div> at junit.framework.Assert.failNotEquals(Assert.java:282)</div><div>	at <a href="../../../../../org/jfree/data/general/junit/DatasetUtilitiesTests.html?line=139#src-139">org.jfree.data.general.junit.DatasetUtilitiesTests.testGetDomainUpperBound6643(DatasetUtilitiesTests.java:139)</a></div></div>
        </td>
</tr>
<tr>
    <td><span class="sortValue">DatasetUtilitiesTests.testGetValues4787</span><a href="DatasetUtilitiesTests_testGetValues4787_10u.html">DatasetUtilitiesTests.testGetValues4787</a></td>
    <td style="whitespace:nowrap;"><span class="sortValue">1675417499744</span>3 Feb 02:44:59</td>
    <td>      <span class="sortValue">3</span><span class="aui-lozenge aui-lozenge-error">FAIL</span>
  </td>
    <td><span class="sortValue">0.001</span>0.001</td>
    <td style="width:50%">
    <span class="sortValue">expected:&lt;2&gt;&#160;but&#160;was:&lt;0&gt;</span>
        <span class="expand" id="togglebut8" onclick="toggleNodeExpansion('togglebut8', 'msgc8', 'msge8');return false;">&#160;</span>
        <div class="errorMessage" id="msgc8">expected:&lt;2&gt;&#160;but&#160;was:&lt;0&gt;</div>
        <div class="errorMessage" id="msge8" style="display:none;"> <div>junit.framework.AssertionFailedError: expected:&lt;2&gt; but was:&lt;0&gt;</div><div> at junit.framework.Assert.fail(Assert.java:47)</div><div> at junit.framework.Assert.failNotEquals(Assert.java:282)</div><div>	at <a href="../../../../../org/jfree/data/general/junit/DatasetUtilitiesTests.html?line=126#src-126">org.jfree.data.general.junit.DatasetUtilitiesTests.testGetValues4787(DatasetUtilitiesTests.java:126)</a></div></div>
        </td>
</tr>
<tr>
    <td><span class="sortValue">DatasetUtilitiesTests.testGetYHighValue8603</span><a href="DatasetUtilitiesTests_testGetYHighValue8603_12d.html">DatasetUtilitiesTests.testGetYHighValue8603</a></td>
    <td style="whitespace:nowrap;"><span class="sortValue">1675417499711</span>3 Feb 02:44:59</td>
    <td>      <span class="sortValue">3</span><span class="aui-lozenge aui-lozenge-error">FAIL</span>
  </td>
    <td><span class="sortValue">0.0</span>0</td>
    <td style="width:50%">
    <span class="sortValue">expected:&lt;1.5&gt;&#160;but&#160;was:&lt;0.5&gt;</span>
        <span class="expand" id="togglebut9" onclick="toggleNodeExpansion('togglebut9', 'msgc9', 'msge9');return false;">&#160;</span>
        <div class="errorMessage" id="msgc9">expected:&lt;1.5&gt;&#160;but&#160;was:&lt;0.5&gt;</div>
        <div class="errorMessage" id="msge9" style="display:none;"> <div>junit.framework.AssertionFailedError: expected:&lt;1.5&gt; but was:&lt;0.5&gt;</div><div> at junit.framework.Assert.fail(Assert.java:47)</div><div> at junit.framework.Assert.failNotEquals(Assert.java:282)</div><div>	at <a href="../../../../../org/jfree/data/general/junit/DatasetUtilitiesTests.html?line=150#src-150">org.jfree.data.general.junit.DatasetUtilitiesTests.testGetYHighValue8603(DatasetUtilitiesTests.java:150)</a></div></div>
        </td>
</tr>
<tr>
    <td><span class="sortValue">DatasetUtilitiesTests.testGetYHighValue8603</span><a href="DatasetUtilitiesTests_testGetYHighValue8603_19y.html">DatasetUtilitiesTests.testGetYHighValue8603</a></td>
    <td style="whitespace:nowrap;"><span class="sortValue">1675417499741</span>3 Feb 02:44:59</td>
    <td>      <span class="sortValue">3</span><span class="aui-lozenge aui-lozenge-error">FAIL</span>
  </td>
    <td><span class="sortValue">0.0</span>0</td>
    <td style="width:50%">
    <span class="sortValue">expected:&lt;1.5&gt;&#160;but&#160;was:&lt;0.5&gt;</span>
        <span class="expand" id="togglebut10" onclick="toggleNodeExpansion('togglebut10', 'msgc10', 'msge10');return false;">&#160;</span>
        <div class="errorMessage" id="msgc10">expected:&lt;1.5&gt;&#160;but&#160;was:&lt;0.5&gt;</div>
        <div class="errorMessage" id="msge10" style="display:none;"> <div>junit.framework.AssertionFailedError: expected:&lt;1.5&gt; but was:&lt;0.5&gt;</div><div> at junit.framework.Assert.fail(Assert.java:47)</div><div> at junit.framework.Assert.failNotEquals(Assert.java:282)</div><div>	at <a href="../../../../../org/jfree/data/general/junit/DatasetUtilitiesTests.html?line=150#src-150">org.jfree.data.general.junit.DatasetUtilitiesTests.testGetYHighValue8603(DatasetUtilitiesTests.java:150)</a></div></div>
        </td>
</tr>
<tr>
    <td><span class="sortValue">DatasetUtilitiesTests.testGetYLowValue8601</span><a href="DatasetUtilitiesTests_testGetYLowValue8601_16u.html">DatasetUtilitiesTests.testGetYLowValue8601</a></td>
    <td style="whitespace:nowrap;"><span class="sortValue">1675417499740</span>3 Feb 02:44:59</td>
    <td>      <span class="sortValue">3</span><span class="aui-lozenge aui-lozenge-error">FAIL</span>
  </td>
    <td><span class="sortValue">0.0</span>0</td>
    <td style="width:50%">
    <span class="sortValue">expected:&lt;1.5&gt;&#160;but&#160;was:&lt;0.5&gt;</span>
        <span class="expand" id="togglebut11" onclick="toggleNodeExpansion('togglebut11', 'msgc11', 'msge11');return false;">&#160;</span>
        <div class="errorMessage" id="msgc11">expected:&lt;1.5&gt;&#160;but&#160;was:&lt;0.5&gt;</div>
        <div class="errorMessage" id="msge11" style="display:none;"> <div>junit.framework.AssertionFailedError: expected:&lt;1.5&gt; but was:&lt;0.5&gt;</div><div> at junit.framework.Assert.fail(Assert.java:47)</div><div> at junit.framework.Assert.failNotEquals(Assert.java:282)</div><div>	at <a href="../../../../../org/jfree/data/general/junit/DatasetUtilitiesTests.html?line=144#src-144">org.jfree.data.general.junit.DatasetUtilitiesTests.testGetYLowValue8601(DatasetUtilitiesTests.java:144)</a></div></div>
        </td>
</tr>
<tr>
    <td><span class="sortValue">DatasetUtilitiesTests.testGetDomainLowerBound6640</span><a href="DatasetUtilitiesTests_testGetDomainLowerBound6640_jd.html">DatasetUtilitiesTests.testGetDomainLowerBound6640</a></td>
    <td style="whitespace:nowrap;"><span class="sortValue">1675417499723</span>3 Feb 02:44:59</td>
    <td>      <span class="sortValue">3</span><span class="aui-lozenge aui-lozenge-error">FAIL</span>
  </td>
    <td><span class="sortValue">0.0</span>0</td>
    <td style="width:50%">
    <span class="sortValue">expected:&lt;1.0&gt;&#160;but&#160;was:&lt;0.5&gt;</span>
        <span class="expand" id="togglebut12" onclick="toggleNodeExpansion('togglebut12', 'msgc12', 'msge12');return false;">&#160;</span>
        <div class="errorMessage" id="msgc12">expected:&lt;1.0&gt;&#160;but&#160;was:&lt;0.5&gt;</div>
        <div class="errorMessage" id="msge12" style="display:none;"> <div>junit.framework.AssertionFailedError: expected:&lt;1.0&gt; but was:&lt;0.5&gt;</div><div> at junit.framework.Assert.fail(Assert.java:47)</div><div> at junit.framework.Assert.failNotEquals(Assert.java:282)</div><div>	at <a href="../../../../../org/jfree/data/general/junit/DatasetUtilitiesTests.html?line=133#src-133">org.jfree.data.general.junit.DatasetUtilitiesTests.testGetDomainLowerBound6640(DatasetUtilitiesTests.java:133)</a></div></div>
        </td>
</tr>
<tr>
    <td><span class="sortValue">DatasetUtilitiesTests.testGetDomainLowerBound6640</span><a href="DatasetUtilitiesTests_testGetDomainLowerBound6640_k6.html">DatasetUtilitiesTests.testGetDomainLowerBound6640</a></td>
    <td style="whitespace:nowrap;"><span class="sortValue">1675417499747</span>3 Feb 02:44:59</td>
    <td>      <span class="sortValue">3</span><span class="aui-lozenge aui-lozenge-error">FAIL</span>
  </td>
    <td><span class="sortValue">0.0</span>0</td>
    <td style="width:50%">
    <span class="sortValue">expected:&lt;1.0&gt;&#160;but&#160;was:&lt;0.5&gt;</span>
        <span class="expand" id="togglebut13" onclick="toggleNodeExpansion('togglebut13', 'msgc13', 'msge13');return false;">&#160;</span>
        <div class="errorMessage" id="msgc13">expected:&lt;1.0&gt;&#160;but&#160;was:&lt;0.5&gt;</div>
        <div class="errorMessage" id="msge13" style="display:none;"> <div>junit.framework.AssertionFailedError: expected:&lt;1.0&gt; but was:&lt;0.5&gt;</div><div> at junit.framework.Assert.fail(Assert.java:47)</div><div> at junit.framework.Assert.failNotEquals(Assert.java:282)</div><div>	at <a href="../../../../../org/jfree/data/general/junit/DatasetUtilitiesTests.html?line=133#src-133">org.jfree.data.general.junit.DatasetUtilitiesTests.testGetDomainLowerBound6640(DatasetUtilitiesTests.java:133)</a></div></div>
        </td>
</tr>
<tr>
    <td><span class="sortValue">DatasetUtilitiesTests.testGetMaxRegularValue2758</span><a href="DatasetUtilitiesTests_testGetMaxRegularValue2758_13f.html">DatasetUtilitiesTests.testGetMaxRegularValue2758</a></td>
    <td style="whitespace:nowrap;"><span class="sortValue">1675417499742</span>3 Feb 02:44:59</td>
    <td>      <span class="sortValue">3</span><span class="aui-lozenge aui-lozenge-error">FAIL</span>
  </td>
    <td><span class="sortValue">0.0</span>0</td>
    <td style="width:50%">
    <span class="sortValue">expected:&lt;3.0&gt;&#160;but&#160;was:&lt;6.0&gt;</span>
        <span class="expand" id="togglebut14" onclick="toggleNodeExpansion('togglebut14', 'msgc14', 'msge14');return false;">&#160;</span>
        <div class="errorMessage" id="msgc14">expected:&lt;3.0&gt;&#160;but&#160;was:&lt;6.0&gt;</div>
        <div class="errorMessage" id="msge14" style="display:none;"> <div>junit.framework.AssertionFailedError: expected:&lt;3.0&gt; but was:&lt;6.0&gt;</div><div> at junit.framework.Assert.fail(Assert.java:47)</div><div> at junit.framework.Assert.failNotEquals(Assert.java:282)</div><div>	at <a href="../../../../../org/jfree/data/general/junit/DatasetUtilitiesTests.html?line=120#src-120">org.jfree.data.general.junit.DatasetUtilitiesTests.testGetMaxRegularValue2758(DatasetUtilitiesTests.java:120)</a></div></div>
        </td>
</tr>
<tr>
    <td><span class="sortValue">DatasetUtilitiesTests.testIterateRangeBounds4584</span><a href="DatasetUtilitiesTests_testIterateRangeBounds4584_kc.html">DatasetUtilitiesTests.testIterateRangeBounds4584</a></td>
    <td style="whitespace:nowrap;"><span class="sortValue">1675417499694</span>3 Feb 02:44:59</td>
    <td>      <span class="sortValue">3</span><span class="aui-lozenge aui-lozenge-error">FAIL</span>
  </td>
    <td><span class="sortValue">0.0</span>0</td>
    <td style="width:50%">
    <span class="sortValue">expected:&lt;1.0&gt;&#160;but&#160;was:&lt;100.0&gt;</span>
        <span class="expand" id="togglebut15" onclick="toggleNodeExpansion('togglebut15', 'msgc15', 'msge15');return false;">&#160;</span>
        <div class="errorMessage" id="msgc15">expected:&lt;1.0&gt;&#160;but&#160;was:&lt;100.0&gt;</div>
        <div class="errorMessage" id="msge15" style="display:none;"> <div>junit.framework.AssertionFailedError: expected:&lt;1.0&gt; but was:&lt;100.0&gt;</div><div> at junit.framework.Assert.fail(Assert.java:47)</div><div> at junit.framework.Assert.failNotEquals(Assert.java:282)</div><div>	at <a href="../../../../../org/jfree/data/general/junit/DatasetUtilitiesTests.html?line=124#src-124">org.jfree.data.general.junit.DatasetUtilitiesTests.testIterateRangeBounds4584(DatasetUtilitiesTests.java:124)</a></div></div>
        </td>
</tr>
<tr>
    <td><span class="sortValue">DatasetUtilitiesTests.testGetDomainUpperBound6643</span><a href="DatasetUtilitiesTests_testGetDomainUpperBound6643_6l.html">DatasetUtilitiesTests.testGetDomainUpperBound6643</a></td>
    <td style="whitespace:nowrap;"><span class="sortValue">1675417499727</span>3 Feb 02:44:59</td>
    <td>      <span class="sortValue">3</span><span class="aui-lozenge aui-lozenge-error">FAIL</span>
  </td>
    <td><span class="sortValue">0.001</span>0.001</td>
    <td style="width:50%">
    <span class="sortValue">expected:&lt;2.5&gt;&#160;but&#160;was:&lt;2.0&gt;</span>
        <span class="expand" id="togglebut16" onclick="toggleNodeExpansion('togglebut16', 'msgc16', 'msge16');return false;">&#160;</span>
        <div class="errorMessage" id="msgc16">expected:&lt;2.5&gt;&#160;but&#160;was:&lt;2.0&gt;</div>
        <div class="errorMessage" id="msge16" style="display:none;"> <div>junit.framework.AssertionFailedError: expected:&lt;2.5&gt; but was:&lt;2.0&gt;</div><div> at junit.framework.Assert.fail(Assert.java:47)</div><div> at junit.framework.Assert.failNotEquals(Assert.java:282)</div><div>	at <a href="../../../../../org/jfree/data/general/junit/DatasetUtilitiesTests.html?line=139#src-139">org.jfree.data.general.junit.DatasetUtilitiesTests.testGetDomainUpperBound6643(DatasetUtilitiesTests.java:139)</a></div></div>
        </td>
</tr>
<tr>
    <td><span class="sortValue">DatasetUtilitiesTests.testGetMaxRegularValue2757</span><a href="DatasetUtilitiesTests_testGetMaxRegularValue2757_j5.html">DatasetUtilitiesTests.testGetMaxRegularValue2757</a></td>
    <td style="whitespace:nowrap;"><span class="sortValue">1675417499743</span>3 Feb 02:44:59</td>
    <td>      <span class="sortValue">3</span><span class="aui-lozenge aui-lozenge-error">FAIL</span>
  </td>
    <td><span class="sortValue">0.0</span>0</td>
    <td style="width:50%">
    <span class="sortValue">expected:&lt;1.0&gt;&#160;but&#160;was:&lt;6.0&gt;</span>
        <span class="expand" id="togglebut17" onclick="toggleNodeExpansion('togglebut17', 'msgc17', 'msge17');return false;">&#160;</span>
        <div class="errorMessage" id="msgc17">expected:&lt;1.0&gt;&#160;but&#160;was:&lt;6.0&gt;</div>
        <div class="errorMessage" id="msge17" style="display:none;"> <div>junit.framework.AssertionFailedError: expected:&lt;1.0&gt; but was:&lt;6.0&gt;</div><div> at junit.framework.Assert.fail(Assert.java:47)</div><div> at junit.framework.Assert.failNotEquals(Assert.java:282)</div><div>	at <a href="../../../../../org/jfree/data/general/junit/DatasetUtilitiesTests.html?line=119#src-119">org.jfree.data.general.junit.DatasetUtilitiesTests.testGetMaxRegularValue2757(DatasetUtilitiesTests.java:119)</a></div></div>
        </td>
</tr>
<tr>
    <td><span class="sortValue">DatasetUtilitiesTests.testFindRangeBoundsXYDataset4562</span><a href="DatasetUtilitiesTests_testFindRangeBoundsXYDataset4562_16a.html">DatasetUtilitiesTests.testFindRangeBoundsXYDataset4562</a></td>
    <td style="whitespace:nowrap;"><span class="sortValue">1675417499737</span>3 Feb 02:44:59</td>
    <td>      <span class="sortValue">3</span><span class="aui-lozenge aui-lozenge-error">FAIL</span>
  </td>
    <td><span class="sortValue">0.0</span>0</td>
    <td style="width:50%">
    <span class="sortValue">expected:&lt;1.0&gt;&#160;but&#160;was:&lt;100.0&gt;</span>
        <span class="expand" id="togglebut18" onclick="toggleNodeExpansion('togglebut18', 'msgc18', 'msge18');return false;">&#160;</span>
        <div class="errorMessage" id="msgc18">expected:&lt;1.0&gt;&#160;but&#160;was:&lt;100.0&gt;</div>
        <div class="errorMessage" id="msge18" style="display:none;"> <div>junit.framework.AssertionFailedError: expected:&lt;1.0&gt; but was:&lt;100.0&gt;</div><div> at junit.framework.Assert.fail(Assert.java:47)</div><div> at junit.framework.Assert.failNotEquals(Assert.java:282)</div><div>	at <a href="../../../../../org/jfree/data/general/junit/DatasetUtilitiesTests.html?line=122#src-122">org.jfree.data.general.junit.DatasetUtilitiesTests.testFindRangeBoundsXYDataset4562(DatasetUtilitiesTests.java:122)</a></div></div>
        </td>
</tr>
<tr>
    <td><span class="sortValue">DatasetUtilitiesTests.testGetValues4787</span><a href="DatasetUtilitiesTests_testGetValues4787_hf.html">DatasetUtilitiesTests.testGetValues4787</a></td>
    <td style="whitespace:nowrap;"><span class="sortValue">1675417499718</span>3 Feb 02:44:59</td>
    <td>      <span class="sortValue">3</span><span class="aui-lozenge aui-lozenge-error">FAIL</span>
  </td>
    <td><span class="sortValue">0.002</span>0.002</td>
    <td style="width:50%">
    <span class="sortValue">expected:&lt;2&gt;&#160;but&#160;was:&lt;0&gt;</span>
        <span class="expand" id="togglebut19" onclick="toggleNodeExpansion('togglebut19', 'msgc19', 'msge19');return false;">&#160;</span>
        <div class="errorMessage" id="msgc19">expected:&lt;2&gt;&#160;but&#160;was:&lt;0&gt;</div>
        <div class="errorMessage" id="msge19" style="display:none;"> <div>junit.framework.AssertionFailedError: expected:&lt;2&gt; but was:&lt;0&gt;</div><div> at junit.framework.Assert.fail(Assert.java:47)</div><div> at junit.framework.Assert.failNotEquals(Assert.java:282)</div><div>	at <a href="../../../../../org/jfree/data/general/junit/DatasetUtilitiesTests.html?line=126#src-126">org.jfree.data.general.junit.DatasetUtilitiesTests.testGetValues4787(DatasetUtilitiesTests.java:126)</a></div></div>
        </td>
</tr>
<tr>
    <td><span class="sortValue">DatasetUtilitiesTests.testFindRangeBounds4564</span><a href="DatasetUtilitiesTests_testFindRangeBounds4564_12m.html">DatasetUtilitiesTests.testFindRangeBounds4564</a></td>
    <td style="whitespace:nowrap;"><span class="sortValue">1675417499693</span>3 Feb 02:44:59</td>
    <td>      <span class="sortValue">3</span><span class="aui-lozenge aui-lozenge-error">FAIL</span>
  </td>
    <td><span class="sortValue">0.0</span>0</td>
    <td style="width:50%">
    <span class="sortValue">expected:&lt;1.0&gt;&#160;but&#160;was:&lt;100.0&gt;</span>
        <span class="expand" id="togglebut20" onclick="toggleNodeExpansion('togglebut20', 'msgc20', 'msge20');return false;">&#160;</span>
        <div class="errorMessage" id="msgc20">expected:&lt;1.0&gt;&#160;but&#160;was:&lt;100.0&gt;</div>
        <div class="errorMessage" id="msge20" style="display:none;"> <div>junit.framework.AssertionFailedError: expected:&lt;1.0&gt; but was:&lt;100.0&gt;</div><div> at junit.framework.Assert.fail(Assert.java:47)</div><div> at junit.framework.Assert.failNotEquals(Assert.java:282)</div><div>	at <a href="../../../../../org/jfree/data/general/junit/DatasetUtilitiesTests.html?line=123#src-123">org.jfree.data.general.junit.DatasetUtilitiesTests.testFindRangeBounds4564(DatasetUtilitiesTests.java:123)</a></div></div>
        </td>
</tr>
<tr>
    <td><span class="sortValue">DatasetUtilitiesTests.testGetDomainLowerBound6639</span><a href="DatasetUtilitiesTests_testGetDomainLowerBound6639_l5.html">DatasetUtilitiesTests.testGetDomainLowerBound6639</a></td>
    <td style="whitespace:nowrap;"><span class="sortValue">1675417499746</span>3 Feb 02:44:59</td>
    <td>      <span class="sortValue">3</span><span class="aui-lozenge aui-lozenge-error">FAIL</span>
  </td>
    <td><span class="sortValue">0.0</span>0</td>
    <td style="width:50%">
    <span class="sortValue">expected:&lt;1.0&gt;&#160;but&#160;was:&lt;0.5&gt;</span>
        <span class="expand" id="togglebut21" onclick="toggleNodeExpansion('togglebut21', 'msgc21', 'msge21');return false;">&#160;</span>
        <div class="errorMessage" id="msgc21">expected:&lt;1.0&gt;&#160;but&#160;was:&lt;0.5&gt;</div>
        <div class="errorMessage" id="msge21" style="display:none;"> <div>junit.framework.AssertionFailedError: expected:&lt;1.0&gt; but was:&lt;0.5&gt;</div><div> at junit.framework.Assert.fail(Assert.java:47)</div><div> at junit.framework.Assert.failNotEquals(Assert.java:282)</div><div>	at <a href="../../../../../org/jfree/data/general/junit/DatasetUtilitiesTests.html?line=130#src-130">org.jfree.data.general.junit.DatasetUtilitiesTests.testGetDomainLowerBound6639(DatasetUtilitiesTests.java:130)</a></div></div>
        </td>
</tr>
<tr>
    <td><span class="sortValue">DatasetUtilitiesTests.testGetYLowValue8601</span><a href="DatasetUtilitiesTests_testGetYLowValue8601_ox.html">DatasetUtilitiesTests.testGetYLowValue8601</a></td>
    <td style="whitespace:nowrap;"><span class="sortValue">1675417499695</span>3 Feb 02:44:59</td>
    <td>      <span class="sortValue">3</span><span class="aui-lozenge aui-lozenge-error">FAIL</span>
  </td>
    <td><span class="sortValue">0.015</span>0.015</td>
    <td style="width:50%">
    <span class="sortValue">expected:&lt;1.5&gt;&#160;but&#160;was:&lt;0.5&gt;</span>
        <span class="expand" id="togglebut22" onclick="toggleNodeExpansion('togglebut22', 'msgc22', 'msge22');return false;">&#160;</span>
        <div class="errorMessage" id="msgc22">expected:&lt;1.5&gt;&#160;but&#160;was:&lt;0.5&gt;</div>
        <div class="errorMessage" id="msge22" style="display:none;"> <div>junit.framework.AssertionFailedError: expected:&lt;1.5&gt; but was:&lt;0.5&gt;</div><div> at junit.framework.Assert.fail(Assert.java:47)</div><div> at junit.framework.Assert.failNotEquals(Assert.java:282)</div><div>	at <a href="../../../../../org/jfree/data/general/junit/DatasetUtilitiesTests.html?line=144#src-144">org.jfree.data.general.junit.DatasetUtilitiesTests.testGetYLowValue8601(DatasetUtilitiesTests.java:144)</a></div></div>
        </td>
</tr>
<tr>
    <td><span class="sortValue">DatasetUtilitiesTests.testGetMaxRegularValue2757</span><a href="DatasetUtilitiesTests_testGetMaxRegularValue2757_vm.html">DatasetUtilitiesTests.testGetMaxRegularValue2757</a></td>
    <td style="whitespace:nowrap;"><span class="sortValue">1675417499716</span>3 Feb 02:44:59</td>
    <td>      <span class="sortValue">3</span><span class="aui-lozenge aui-lozenge-error">FAIL</span>
  </td>
    <td><span class="sortValue">0.0</span>0</td>
    <td style="width:50%">
    <span class="sortValue">expected:&lt;1.0&gt;&#160;but&#160;was:&lt;6.0&gt;</span>
        <span class="expand" id="togglebut23" onclick="toggleNodeExpansion('togglebut23', 'msgc23', 'msge23');return false;">&#160;</span>
        <div class="errorMessage" id="msgc23">expected:&lt;1.0&gt;&#160;but&#160;was:&lt;6.0&gt;</div>
        <div class="errorMessage" id="msge23" style="display:none;"> <div>junit.framework.AssertionFailedError: expected:&lt;1.0&gt; but was:&lt;6.0&gt;</div><div> at junit.framework.Assert.fail(Assert.java:47)</div><div> at junit.framework.Assert.failNotEquals(Assert.java:282)</div><div>	at <a href="../../../../../org/jfree/data/general/junit/DatasetUtilitiesTests.html?line=119#src-119">org.jfree.data.general.junit.DatasetUtilitiesTests.testGetMaxRegularValue2757(DatasetUtilitiesTests.java:119)</a></div></div>
        </td>
</tr>
<tr>
    <td><span class="sortValue">DatasetUtilitiesTests.testGetYLowValue8600</span><a href="DatasetUtilitiesTests_testGetYLowValue8600_av.html">DatasetUtilitiesTests.testGetYLowValue8600</a></td>
    <td style="whitespace:nowrap;"><span class="sortValue">1675417499730</span>3 Feb 02:44:59</td>
    <td>      <span class="sortValue">3</span><span class="aui-lozenge aui-lozenge-error">FAIL</span>
  </td>
    <td><span class="sortValue">0.0</span>0</td>
    <td style="width:50%">
    <span class="sortValue">Index:&#160;2,&#160;Size:&#160;2</span>
        <span class="expand" id="togglebut24" onclick="toggleNodeExpansion('togglebut24', 'msgc24', 'msge24');return false;">&#160;</span>
        <div class="errorMessage" id="msgc24">Index:&#160;2,&#160;Size:&#160;2</div>
        <div class="errorMessage" id="msge24" style="display:none;"> <div>java.lang.IndexOutOfBoundsException: Index: 2, Size: 2</div><div> at java.util.ArrayList.rangeCheck(ArrayList.java:659)</div><div> at java.util.ArrayList.get(ArrayList.java:435)</div><div>	at <a href="../../../../../org/jfree/data/ComparableObjectSeries.html?line=333#src-333">org.jfree.data.ComparableObjectSeries.getDataItem(ComparableObjectSeries.java:333)</a></div><div>	at <a href="../../../../../org/jfree/data/xy/YIntervalSeries.html?line=156#src-156">org.jfree.data.xy.YIntervalSeries.getDataItem(YIntervalSeries.java:156)</a></div><div>	at <a href="../../../../../org/jfree/data/xy/YIntervalSeries.html?line=129#src-129">org.jfree.data.xy.YIntervalSeries.getYLowValue(YIntervalSeries.java:129)</a></div><div>	at <a href="../../../../../org/jfree/data/general/junit/DatasetUtilitiesTests.html?line=143#src-143">org.jfree.data.general.junit.DatasetUtilitiesTests.testGetYLowValue8600(DatasetUtilitiesTests.java:143)</a></div></div>
        </td>
</tr>
<tr>
    <td><span class="sortValue">DatasetUtilitiesTests.testFindMaximumDomainValue4621</span><a href="DatasetUtilitiesTests_testFindMaximumDomainValue4621_15j.html">DatasetUtilitiesTests.testFindMaximumDomainValue4621</a></td>
    <td style="whitespace:nowrap;"><span class="sortValue">1675417499743</span>3 Feb 02:44:59</td>
    <td>      <span class="sortValue">3</span><span class="aui-lozenge aui-lozenge-error">FAIL</span>
  </td>
    <td><span class="sortValue">0.001</span>0.001</td>
    <td style="width:50%">
    <span class="sortValue"></span>
        <span class="expand" id="togglebut25" onclick="toggleNodeExpansion('togglebut25', 'msgc25', 'msge25');return false;">&#160;</span>
        <div class="errorMessage" id="msgc25"></div>
        <div class="errorMessage" id="msge25" style="display:none;"> <div>junit.framework.AssertionFailedError</div><div> at junit.framework.Assert.fail(Assert.java:47)</div><div> at junit.framework.Assert.assertTrue(Assert.java:20)</div><div> at junit.framework.Assert.assertNull(Assert.java:233)</div><div> at junit.framework.Assert.assertNull(Assert.java:226)</div><div>	at <a href="../../../../../org/jfree/data/general/junit/DatasetUtilitiesTests.html?line=125#src-125">org.jfree.data.general.junit.DatasetUtilitiesTests.testFindMaximumDomainValue4621(DatasetUtilitiesTests.java:125)</a></div></div>
        </td>
</tr>
<tr>
    <td><span class="sortValue">DatasetUtilitiesTests.testGetValues4788</span><a href="DatasetUtilitiesTests_testGetValues4788_j6.html">DatasetUtilitiesTests.testGetValues4788</a></td>
    <td style="whitespace:nowrap;"><span class="sortValue">1675417499745</span>3 Feb 02:44:59</td>
    <td>      <span class="sortValue">3</span><span class="aui-lozenge aui-lozenge-error">FAIL</span>
  </td>
    <td><span class="sortValue">0.0</span>0</td>
    <td style="width:50%">
    <span class="sortValue">expected:&lt;2&gt;&#160;but&#160;was:&lt;0&gt;</span>
        <span class="expand" id="togglebut26" onclick="toggleNodeExpansion('togglebut26', 'msgc26', 'msge26');return false;">&#160;</span>
        <div class="errorMessage" id="msgc26">expected:&lt;2&gt;&#160;but&#160;was:&lt;0&gt;</div>
        <div class="errorMessage" id="msge26" style="display:none;"> <div>junit.framework.AssertionFailedError: expected:&lt;2&gt; but was:&lt;0&gt;</div><div> at junit.framework.Assert.fail(Assert.java:47)</div><div> at junit.framework.Assert.failNotEquals(Assert.java:282)</div><div>	at <a href="../../../../../org/jfree/data/general/junit/DatasetUtilitiesTests.html?line=127#src-127">org.jfree.data.general.junit.DatasetUtilitiesTests.testGetValues4788(DatasetUtilitiesTests.java:127)</a></div></div>
        </td>
</tr>
<tr>
    <td><span class="sortValue">DatasetUtilitiesTests.testGetDomainLowerBound6639</span><a href="DatasetUtilitiesTests_testGetDomainLowerBound6639_v5.html">DatasetUtilitiesTests.testGetDomainLowerBound6639</a></td>
    <td style="whitespace:nowrap;"><span class="sortValue">1675417499722</span>3 Feb 02:44:59</td>
    <td>      <span class="sortValue">3</span><span class="aui-lozenge aui-lozenge-error">FAIL</span>
  </td>
    <td><span class="sortValue">0.0</span>0</td>
    <td style="width:50%">
    <span class="sortValue">expected:&lt;1.0&gt;&#160;but&#160;was:&lt;0.5&gt;</span>
        <span class="expand" id="togglebut27" onclick="toggleNodeExpansion('togglebut27', 'msgc27', 'msge27');return false;">&#160;</span>
        <div class="errorMessage" id="msgc27">expected:&lt;1.0&gt;&#160;but&#160;was:&lt;0.5&gt;</div>
        <div class="errorMessage" id="msge27" style="display:none;"> <div>junit.framework.AssertionFailedError: expected:&lt;1.0&gt; but was:&lt;0.5&gt;</div><div> at junit.framework.Assert.fail(Assert.java:47)</div><div> at junit.framework.Assert.failNotEquals(Assert.java:282)</div><div>	at <a href="../../../../../org/jfree/data/general/junit/DatasetUtilitiesTests.html?line=130#src-130">org.jfree.data.general.junit.DatasetUtilitiesTests.testGetDomainLowerBound6639(DatasetUtilitiesTests.java:130)</a></div></div>
        </td>
</tr>
<tr>
    <td><span class="sortValue">DatasetUtilitiesTests.testGetValues4788</span><a href="DatasetUtilitiesTests_testGetValues4788_9k.html">DatasetUtilitiesTests.testGetValues4788</a></td>
    <td style="whitespace:nowrap;"><span class="sortValue">1675417499721</span>3 Feb 02:44:59</td>
    <td>      <span class="sortValue">3</span><span class="aui-lozenge aui-lozenge-error">FAIL</span>
  </td>
    <td><span class="sortValue">0.0</span>0</td>
    <td style="width:50%">
    <span class="sortValue">expected:&lt;2&gt;&#160;but&#160;was:&lt;0&gt;</span>
        <span class="expand" id="togglebut28" onclick="toggleNodeExpansion('togglebut28', 'msgc28', 'msge28');return false;">&#160;</span>
        <div class="errorMessage" id="msgc28">expected:&lt;2&gt;&#160;but&#160;was:&lt;0&gt;</div>
        <div class="errorMessage" id="msge28" style="display:none;"> <div>junit.framework.AssertionFailedError: expected:&lt;2&gt; but was:&lt;0&gt;</div><div> at junit.framework.Assert.fail(Assert.java:47)</div><div> at junit.framework.Assert.failNotEquals(Assert.java:282)</div><div>	at <a href="../../../../../org/jfree/data/general/junit/DatasetUtilitiesTests.html?line=127#src-127">org.jfree.data.general.junit.DatasetUtilitiesTests.testGetValues4788(DatasetUtilitiesTests.java:127)</a></div></div>
        </td>
</tr>
<tr>
    <td><span class="sortValue">DatasetUtilitiesTests.testGetYLowValue8600</span><a href="DatasetUtilitiesTests_testGetYLowValue8600_i4.html">DatasetUtilitiesTests.testGetYLowValue8600</a></td>
    <td style="whitespace:nowrap;"><span class="sortValue">1675417499749</span>3 Feb 02:44:59</td>
    <td>      <span class="sortValue">3</span><span class="aui-lozenge aui-lozenge-error">FAIL</span>
  </td>
    <td><span class="sortValue">0.001</span>0.001</td>
    <td style="width:50%">
    <span class="sortValue">Index:&#160;2,&#160;Size:&#160;2</span>
        <span class="expand" id="togglebut29" onclick="toggleNodeExpansion('togglebut29', 'msgc29', 'msge29');return false;">&#160;</span>
        <div class="errorMessage" id="msgc29">Index:&#160;2,&#160;Size:&#160;2</div>
        <div class="errorMessage" id="msge29" style="display:none;"> <div>java.lang.IndexOutOfBoundsException: Index: 2, Size: 2</div><div> at java.util.ArrayList.rangeCheck(ArrayList.java:659)</div><div> at java.util.ArrayList.get(ArrayList.java:435)</div><div>	at <a href="../../../../../org/jfree/data/ComparableObjectSeries.html?line=333#src-333">org.jfree.data.ComparableObjectSeries.getDataItem(ComparableObjectSeries.java:333)</a></div><div>	at <a href="../../../../../org/jfree/data/xy/YIntervalSeries.html?line=156#src-156">org.jfree.data.xy.YIntervalSeries.getDataItem(YIntervalSeries.java:156)</a></div><div>	at <a href="../../../../../org/jfree/data/xy/YIntervalSeries.html?line=129#src-129">org.jfree.data.xy.YIntervalSeries.getYLowValue(YIntervalSeries.java:129)</a></div><div>	at <a href="../../../../../org/jfree/data/general/junit/DatasetUtilitiesTests.html?line=143#src-143">org.jfree.data.general.junit.DatasetUtilitiesTests.testGetYLowValue8600(DatasetUtilitiesTests.java:143)</a></div></div>
        </td>
</tr>
<tr>
    <td><span class="sortValue">DatasetUtilitiesTests.testFindRangeBounds4564</span><a href="DatasetUtilitiesTests_testFindRangeBounds4564_ba.html">DatasetUtilitiesTests.testFindRangeBounds4564</a></td>
    <td style="whitespace:nowrap;"><span class="sortValue">1675417499738</span>3 Feb 02:44:59</td>
    <td>      <span class="sortValue">3</span><span class="aui-lozenge aui-lozenge-error">FAIL</span>
  </td>
    <td><span class="sortValue">0.0</span>0</td>
    <td style="width:50%">
    <span class="sortValue">expected:&lt;1.0&gt;&#160;but&#160;was:&lt;100.0&gt;</span>
        <span class="expand" id="togglebut30" onclick="toggleNodeExpansion('togglebut30', 'msgc30', 'msge30');return false;">&#160;</span>
        <div class="errorMessage" id="msgc30">expected:&lt;1.0&gt;&#160;but&#160;was:&lt;100.0&gt;</div>
        <div class="errorMessage" id="msge30" style="display:none;"> <div>junit.framework.AssertionFailedError: expected:&lt;1.0&gt; but was:&lt;100.0&gt;</div><div> at junit.framework.Assert.fail(Assert.java:47)</div><div> at junit.framework.Assert.failNotEquals(Assert.java:282)</div><div>	at <a href="../../../../../org/jfree/data/general/junit/DatasetUtilitiesTests.html?line=123#src-123">org.jfree.data.general.junit.DatasetUtilitiesTests.testFindRangeBounds4564(DatasetUtilitiesTests.java:123)</a></div></div>
        </td>
</tr>
<tr>
    <td><span class="sortValue">DatasetUtilitiesTests.testGetUpperBound7939</span><a href="DatasetUtilitiesTests_testGetUpperBound7939_zu.html">DatasetUtilitiesTests.testGetUpperBound7939</a></td>
    <td style="whitespace:nowrap;"><span class="sortValue">1675417499729</span>3 Feb 02:44:59</td>
    <td>      <span class="sortValue">1</span><span class="aui-lozenge aui-lozenge-success">PASS</span>
  </td>
    <td><span class="sortValue">0.0</span>0</td>
    <td style="width:50%">
     &#160;     </td>
</tr>
<tr>
    <td><span class="sortValue">DatasetUtilitiesTests.testGetUpperBound7939</span><a href="DatasetUtilitiesTests_testGetUpperBound7939_t.html">DatasetUtilitiesTests.testGetUpperBound7939</a></td>
    <td style="whitespace:nowrap;"><span class="sortValue">1675417499749</span>3 Feb 02:44:59</td>
    <td>      <span class="sortValue">1</span><span class="aui-lozenge aui-lozenge-success">PASS</span>
  </td>
    <td><span class="sortValue">0.0</span>0</td>
    <td style="width:50%">
     &#160;     </td>
</tr>
<tr>
    <td><span class="sortValue">DatasetUtilitiesTests.testGetYHighValue8602</span><a href="DatasetUtilitiesTests_testGetYHighValue8602_tw.html">DatasetUtilitiesTests.testGetYHighValue8602</a></td>
    <td style="whitespace:nowrap;"><span class="sortValue">1675417499740</span>3 Feb 02:44:59</td>
    <td>      <span class="sortValue">1</span><span class="aui-lozenge aui-lozenge-success">PASS</span>
  </td>
    <td><span class="sortValue">0.0</span>0</td>
    <td style="width:50%">
     &#160;     </td>
</tr>
<tr>
    <td><span class="sortValue">DatasetUtilitiesTests.testIterateDomainBounds4536</span><a href="DatasetUtilitiesTests_testIterateDomainBounds4536_os.html">DatasetUtilitiesTests.testIterateDomainBounds4536</a></td>
    <td style="whitespace:nowrap;"><span class="sortValue">1675417499741</span>3 Feb 02:44:59</td>
    <td>      <span class="sortValue">1</span><span class="aui-lozenge aui-lozenge-success">PASS</span>
  </td>
    <td><span class="sortValue">0.001</span>0.001</td>
    <td style="width:50%">
     &#160;     </td>
</tr>
<tr>
    <td><span class="sortValue">DatasetUtilitiesTests.testIterateDomainBounds4536</span><a href="DatasetUtilitiesTests_testIterateDomainBounds4536_pb.html">DatasetUtilitiesTests.testIterateDomainBounds4536</a></td>
    <td style="whitespace:nowrap;"><span class="sortValue">1675417499712</span>3 Feb 02:44:59</td>
    <td>      <span class="sortValue">1</span><span class="aui-lozenge aui-lozenge-success">PASS</span>
  </td>
    <td><span class="sortValue">0.0</span>0</td>
    <td style="width:50%">
     &#160;     </td>
</tr>
<tr>
    <td><span class="sortValue">DatasetUtilitiesTests.testGetYHighValue8602</span><a href="DatasetUtilitiesTests_testGetYHighValue8602_u8.html">DatasetUtilitiesTests.testGetYHighValue8602</a></td>
    <td style="whitespace:nowrap;"><span class="sortValue">1675417499711</span>3 Feb 02:44:59</td>
    <td>      <span class="sortValue">1</span><span class="aui-lozenge aui-lozenge-success">PASS</span>
  </td>
    <td><span class="sortValue">0.0</span>0</td>
    <td style="width:50%">
     &#160;     </td>
</tr>

    </tbody>
</table>

    </div> <!-- tabs-pane -->
</div> <!-- aui-tabs horizontal-tabs -->

                        </div> <!-- class="aui-page-panel-content-clover" -->
                    <footer id="footer" role="contentinfo">
    <section class="footer-body">
        <ul>
            <li>
                Report generated by <a target="_new" href="http://openclover.org">OpenClover</a> v 4.4.1
                on Fri Feb 3 2023 02:45:03 MST using coverage data from Fri Feb 3 2023 02:45:00 MST.
            </li>
        </ul>
        <ul>
            <li>OpenClover is free and open-source software. </li>
        </ul>
    </section>
</footer>                </section> <!-- class="aui-page-panel-content" -->
            </div> <!-- class="aui-page-panel-inner" -->
        </div> <!-- class="aui-page-panel" -->
    </div> <!-- id="page" -->
</body>
</html>