Testsuite: org.apache.commons.lang3.AnnotationUtilsTest
Tests run: 10, Failures: 0, Errors: 4, Skipped: 0, Time elapsed: 0.063 sec

Testcase: testObjectArrayHiddenByObject533 took 0.002 sec
	Caused an ERROR
java.lang.NoSuchMethodException: org.apache.commons.lang3.AnnotationUtilsTest.testObjectArrayHiddenByObject()
java.lang.RuntimeException: java.lang.NoSuchMethodException: org.apache.commons.lang3.AnnotationUtilsTest.testObjectArrayHiddenByObject()
	at org.apache.commons.lang3.AnnotationUtilsTest.testObjectArrayHiddenByObject533(AnnotationUtilsTest.java:672)
	at java.util.concurrent.FutureTask.run(FutureTask.java:266)
	at java.lang.Thread.run(Thread.java:750)
Caused by: java.lang.NoSuchMethodException: org.apache.commons.lang3.AnnotationUtilsTest.testObjectArrayHiddenByObject()
	at java.lang.Class.getDeclaredMethod(Class.java:2130)
	at org.apache.commons.lang3.AnnotationUtilsTest.testObjectArrayHiddenByObject533(AnnotationUtilsTest.java:670)

Testcase: testEquivalence138 took 0.03 sec
Testcase: testEquivalence518 took 0.008 sec
Testcase: testEquivalence523 took 0.002 sec
Testcase: testMemberEquals530 took 0 sec
	Caused an ERROR
org.apache.commons.lang3.AnnotationUtilsTest.testMemberEquals()
java.lang.NoSuchMethodException: org.apache.commons.lang3.AnnotationUtilsTest.testMemberEquals()
	at java.lang.Class.getDeclaredMethod(Class.java:2130)
	at org.apache.commons.lang3.AnnotationUtilsTest.testMemberEquals530(AnnotationUtilsTest.java:624)

Testcase: testAnnotationsOfDifferingTypes515 took 0 sec
Testcase: testAnnotationsOfDifferingTypes516 took 0 sec
	Caused an ERROR
org.apache.commons.lang3.AnnotationUtilsTest.testAnnotations()
java.lang.NoSuchMethodException: org.apache.commons.lang3.AnnotationUtilsTest.testAnnotations()
	at java.lang.Class.getDeclaredMethod(Class.java:2130)
	at org.apache.commons.lang3.AnnotationUtilsTest.testAnnotationsOfDifferingTypes516(AnnotationUtilsTest.java:439)
	at java.util.concurrent.FutureTask.run(FutureTask.java:266)
	at java.lang.Thread.run(Thread.java:750)

Testcase: testAnnotationsOfDifferingTypes517 took 0 sec
Testcase: testAnnotationsOfDifferingTypes528 took 0.001 sec
	Caused an ERROR
org.apache.commons.lang3.AnnotationUtilsTest.testAnnotations()
java.lang.NoSuchMethodException: org.apache.commons.lang3.AnnotationUtilsTest.testAnnotations()
	at java.lang.Class.getDeclaredMethod(Class.java:2130)
	at org.apache.commons.lang3.AnnotationUtilsTest.testAnnotationsOfDifferingTypes528(AnnotationUtilsTest.java:580)
	at java.util.concurrent.FutureTask.run(FutureTask.java:266)
	at java.lang.Thread.run(Thread.java:750)

Testcase: testSameInstance525 took 0 sec
