Testsuite: org.apache.commons.lang3.BooleanUtilsTest
Tests run: 6, Failures: 3, Errors: 0, Skipped: 0, Time elapsed: 0.044 sec

Testcase: testXor_primitive_emptyInput255 took 0.019 sec
Testcase: testXor_object_nullElementInput256 took 0.006 sec
Testcase: testXor_primitive_nullInput38 took 0 sec
Testcase: testXor_object_validInput_2items257 took 0.001 sec
	FAILED
True result for (false, false, true)
junit.framework.AssertionFailedError: True result for (false, false, true)
	at org.apache.commons.lang3.BooleanUtilsTest.testXor_object_validInput_2items257(BooleanUtilsTest.java:66)

Testcase: testXor_primitive_validInput_2items253 took 0.001 sec
	FAILED
False result for (true, true)
junit.framework.AssertionFailedError: False result for (true, true)
	at org.apache.commons.lang3.BooleanUtilsTest.testXor_primitive_validInput_2items253(BooleanUtilsTest.java:44)

Testcase: testXor_primitive_validInput_2items254 took 0 sec
	FAILED
False result for (true, true)
junit.framework.AssertionFailedError: False result for (true, true)
	at org.apache.commons.lang3.BooleanUtilsTest.testXor_primitive_validInput_2items254(BooleanUtilsTest.java:51)

