Testsuite: org.apache.commons.lang3.StringUtilsSubstringTest
Tests run: 3, Failures: 3, Errors: 0, Skipped: 0, Time elapsed: 0.042 sec

Testcase: testCountMatches_StringString407 took 0.025 sec
	FAILED
expected:<3> but was:<1>
junit.framework.AssertionFailedError: expected:<3> but was:<1>
	at org.apache.commons.lang3.StringUtilsSubstringTest.testCountMatches_StringString407(StringUtilsSubstringTest.java:66)

Testcase: testCountMatches_StringString408 took 0.001 sec
	FAILED
expected:<1> but was:<0>
junit.framework.AssertionFailedError: expected:<1> but was:<0>
	at org.apache.commons.lang3.StringUtilsSubstringTest.testCountMatches_StringString408(StringUtilsSubstringTest.java:80)

Testcase: testCountMatches83 took 0 sec
	FAILED
expected:<1> but was:<0>
junit.framework.AssertionFailedError: expected:<1> but was:<0>
	at org.apache.commons.lang3.StringUtilsSubstringTest.testCountMatches83(StringUtilsSubstringTest.java:49)

