<?xml version="1.0" encoding="UTF-8"?>
<testsuite name="org.joda.time.TestAllPackages" time="1.331" tests="143" errors="1" skipped="0" failures="115">
  <properties>
    <property name="java.runtime.name" value="OpenJDK Runtime Environment"/>
    <property name="sun.boot.library.path" value="/usr/lib/jvm/java-8-openjdk-amd64/jre/lib/amd64"/>
    <property name="java.vm.version" value="25.352-b08"/>
    <property name="java.vm.vendor" value="Private Build"/>
    <property name="maven.multiModuleProjectDirectory" value="/home/sepehr/masters/test_generation/model_generated_coverage/Time1f_automated_nopt"/>
    <property name="java.vendor.url" value="http://java.oracle.com/"/>
    <property name="path.separator" value=":"/>
    <property name="guice.disable.misplaced.annotation.check" value="true"/>
    <property name="java.vm.name" value="OpenJDK 64-Bit Server VM"/>
    <property name="file.encoding.pkg" value="sun.io"/>
    <property name="user.country" value="US"/>
    <property name="sun.java.launcher" value="SUN_STANDARD"/>
    <property name="sun.os.patch.level" value="unknown"/>
    <property name="java.vm.specification.name" value="Java Virtual Machine Specification"/>
    <property name="user.dir" value="/home/sepehr/masters/test_generation/model_generated_coverage/Time1f_automated_nopt"/>
    <property name="java.runtime.version" value="1.8.0_352-8u352-ga-1~20.04-b08"/>
    <property name="java.awt.graphicsenv" value="sun.awt.X11GraphicsEnvironment"/>
    <property name="java.endorsed.dirs" value="/usr/lib/jvm/java-8-openjdk-amd64/jre/lib/endorsed"/>
    <property name="os.arch" value="amd64"/>
    <property name="java.io.tmpdir" value="/tmp"/>
    <property name="line.separator" value="&#10;"/>
    <property name="java.vm.specification.vendor" value="Oracle Corporation"/>
    <property name="org.joda.time.DateTimeZone.Provider" value="org.joda.time.tz.UTCProvider"/>
    <property name="os.name" value="Linux"/>
    <property name="classworlds.conf" value="/usr/share/maven/bin/m2.conf"/>
    <property name="sun.jnu.encoding" value="UTF-8"/>
    <property name="java.library.path" value="/usr/java/packages/lib/amd64:/usr/lib/x86_64-linux-gnu/jni:/lib/x86_64-linux-gnu:/usr/lib/x86_64-linux-gnu:/usr/lib/jni:/lib:/usr/lib"/>
    <property name="maven.conf" value="/usr/share/maven/conf"/>
    <property name="java.specification.name" value="Java Platform API Specification"/>
    <property name="java.class.version" value="52.0"/>
    <property name="sun.management.compiler" value="HotSpot 64-Bit Tiered Compilers"/>
    <property name="skipTests" value="false"/>
    <property name="os.version" value="5.15.0-58-generic"/>
    <property name="library.jansi.path" value="/usr/share/maven/lib/jansi-native"/>
    <property name="user.home" value="/home/sepehr"/>
    <property name="user.timezone" value="America/Edmonton"/>
    <property name="java.awt.printerjob" value="sun.print.PSPrinterJob"/>
    <property name="testFailureIgnore" value="true"/>
    <property name="java.specification.version" value="1.8"/>
    <property name="file.encoding" value="UTF-8"/>
    <property name="user.name" value="sepehr"/>
    <property name="java.class.path" value="/usr/share/maven/boot/plexus-classworlds-2.x.jar"/>
    <property name="java.vm.specification.version" value="1.8"/>
    <property name="sun.arch.data.model" value="64"/>
    <property name="java.home" value="/usr/lib/jvm/java-8-openjdk-amd64/jre"/>
    <property name="sun.java.command" value="org.codehaus.plexus.classworlds.launcher.Launcher clean clover:setup test clover:aggregate clover:clover -DskipTests=false -DtestFailureIgnore=true -fail-never"/>
    <property name="java.specification.vendor" value="Oracle Corporation"/>
    <property name="user.language" value="en"/>
    <property name="awt.toolkit" value="sun.awt.X11.XToolkit"/>
    <property name="java.vm.info" value="mixed mode"/>
    <property name="java.version" value="1.8.0_352"/>
    <property name="java.ext.dirs" value="/usr/lib/jvm/java-8-openjdk-amd64/jre/lib/ext:/usr/java/packages/lib/ext"/>
    <property name="securerandom.source" value="file:/dev/./urandom"/>
    <property name="sun.boot.class.path" value="/usr/lib/jvm/java-8-openjdk-amd64/jre/lib/resources.jar:/usr/lib/jvm/java-8-openjdk-amd64/jre/lib/rt.jar:/usr/lib/jvm/java-8-openjdk-amd64/jre/lib/sunrsasign.jar:/usr/lib/jvm/java-8-openjdk-amd64/jre/lib/jsse.jar:/usr/lib/jvm/java-8-openjdk-amd64/jre/lib/jce.jar:/usr/lib/jvm/java-8-openjdk-amd64/jre/lib/charsets.jar:/usr/lib/jvm/java-8-openjdk-amd64/jre/lib/jfr.jar:/usr/lib/jvm/java-8-openjdk-amd64/jre/classes"/>
    <property name="java.vendor" value="Private Build"/>
    <property name="java.specification.maintenance.version" value="4"/>
    <property name="maven.home" value="/usr/share/maven"/>
    <property name="file.separator" value="/"/>
    <property name="java.vendor.url.bug" value="http://bugreport.sun.com/bugreport/"/>
    <property name="sun.cpu.endian" value="little"/>
    <property name="sun.io.unicode.encoding" value="UnicodeLittle"/>
    <property name="sun.desktop" value="gnome"/>
    <property name="sun.cpu.isalist" value=""/>
  </properties>
  <testcase name="warning" classname="junit.framework.TestSuite$1" time="0.004">
    <failure message="No tests found in org.joda.time.TestChronology" type="junit.framework.AssertionFailedError">junit.framework.AssertionFailedError: No tests found in org.joda.time.TestChronology
	at junit.framework.Assert.fail(Assert.java:47)
	at junit.framework.TestSuite$1.runTest(TestSuite.java:90)
	at junit.framework.TestCase.runBare(TestCase.java:130)
	at junit.framework.TestResult$1.protect(TestResult.java:106)
	at junit.framework.TestResult.runProtected(TestResult.java:124)
	at junit.framework.TestResult.run(TestResult.java:109)
	at junit.framework.TestCase.run(TestCase.java:120)
	at junit.framework.TestSuite.runTest(TestSuite.java:230)
	at junit.framework.TestSuite.run(TestSuite.java:225)
	at junit.framework.TestSuite.runTest(TestSuite.java:230)
	at junit.framework.TestSuite.run(TestSuite.java:225)
	at junit.framework.TestSuite.runTest(TestSuite.java:230)
	at junit.framework.TestSuite.run(TestSuite.java:225)
	at sun.reflect.NativeMethodAccessorImpl.invoke0(Native Method)
	at sun.reflect.NativeMethodAccessorImpl.invoke(NativeMethodAccessorImpl.java:62)
	at sun.reflect.DelegatingMethodAccessorImpl.invoke(DelegatingMethodAccessorImpl.java:43)
	at java.lang.reflect.Method.invoke(Method.java:498)
	at org.apache.maven.surefire.junit.JUnitTestSet.execute(JUnitTestSet.java:95)
	at org.apache.maven.surefire.junit.JUnit3Provider.executeTestSet(JUnit3Provider.java:131)
	at org.apache.maven.surefire.junit.JUnit3Provider.invoke(JUnit3Provider.java:108)
	at org.apache.maven.surefire.booter.ForkedBooter.invokeProviderInSameClassLoader(ForkedBooter.java:200)
	at org.apache.maven.surefire.booter.ForkedBooter.runSuitesInProcess(ForkedBooter.java:153)
	at org.apache.maven.surefire.booter.ForkedBooter.main(ForkedBooter.java:103)
</failure>
  </testcase>
  <testcase name="warning" classname="junit.framework.TestSuite$1" time="0.001">
    <failure message="No tests found in org.joda.time.TestDateTimeFieldType" type="junit.framework.AssertionFailedError">junit.framework.AssertionFailedError: No tests found in org.joda.time.TestDateTimeFieldType
	at junit.framework.Assert.fail(Assert.java:47)
	at junit.framework.TestSuite$1.runTest(TestSuite.java:90)
	at junit.framework.TestCase.runBare(TestCase.java:130)
	at junit.framework.TestResult$1.protect(TestResult.java:106)
	at junit.framework.TestResult.runProtected(TestResult.java:124)
	at junit.framework.TestResult.run(TestResult.java:109)
	at junit.framework.TestCase.run(TestCase.java:120)
	at junit.framework.TestSuite.runTest(TestSuite.java:230)
	at junit.framework.TestSuite.run(TestSuite.java:225)
	at junit.framework.TestSuite.runTest(TestSuite.java:230)
	at junit.framework.TestSuite.run(TestSuite.java:225)
	at junit.framework.TestSuite.runTest(TestSuite.java:230)
	at junit.framework.TestSuite.run(TestSuite.java:225)
	at sun.reflect.NativeMethodAccessorImpl.invoke0(Native Method)
	at sun.reflect.NativeMethodAccessorImpl.invoke(NativeMethodAccessorImpl.java:62)
	at sun.reflect.DelegatingMethodAccessorImpl.invoke(DelegatingMethodAccessorImpl.java:43)
	at java.lang.reflect.Method.invoke(Method.java:498)
	at org.apache.maven.surefire.junit.JUnitTestSet.execute(JUnitTestSet.java:95)
	at org.apache.maven.surefire.junit.JUnit3Provider.executeTestSet(JUnit3Provider.java:131)
	at org.apache.maven.surefire.junit.JUnit3Provider.invoke(JUnit3Provider.java:108)
	at org.apache.maven.surefire.booter.ForkedBooter.invokeProviderInSameClassLoader(ForkedBooter.java:200)
	at org.apache.maven.surefire.booter.ForkedBooter.runSuitesInProcess(ForkedBooter.java:153)
	at org.apache.maven.surefire.booter.ForkedBooter.main(ForkedBooter.java:103)
</failure>
  </testcase>
  <testcase name="warning" classname="junit.framework.TestSuite$1" time="0">
    <failure message="No tests found in org.joda.time.TestDurationFieldType" type="junit.framework.AssertionFailedError">junit.framework.AssertionFailedError: No tests found in org.joda.time.TestDurationFieldType
	at junit.framework.Assert.fail(Assert.java:47)
	at junit.framework.TestSuite$1.runTest(TestSuite.java:90)
	at junit.framework.TestCase.runBare(TestCase.java:130)
	at junit.framework.TestResult$1.protect(TestResult.java:106)
	at junit.framework.TestResult.runProtected(TestResult.java:124)
	at junit.framework.TestResult.run(TestResult.java:109)
	at junit.framework.TestCase.run(TestCase.java:120)
	at junit.framework.TestSuite.runTest(TestSuite.java:230)
	at junit.framework.TestSuite.run(TestSuite.java:225)
	at junit.framework.TestSuite.runTest(TestSuite.java:230)
	at junit.framework.TestSuite.run(TestSuite.java:225)
	at junit.framework.TestSuite.runTest(TestSuite.java:230)
	at junit.framework.TestSuite.run(TestSuite.java:225)
	at sun.reflect.NativeMethodAccessorImpl.invoke0(Native Method)
	at sun.reflect.NativeMethodAccessorImpl.invoke(NativeMethodAccessorImpl.java:62)
	at sun.reflect.DelegatingMethodAccessorImpl.invoke(DelegatingMethodAccessorImpl.java:43)
	at java.lang.reflect.Method.invoke(Method.java:498)
	at org.apache.maven.surefire.junit.JUnitTestSet.execute(JUnitTestSet.java:95)
	at org.apache.maven.surefire.junit.JUnit3Provider.executeTestSet(JUnit3Provider.java:131)
	at org.apache.maven.surefire.junit.JUnit3Provider.invoke(JUnit3Provider.java:108)
	at org.apache.maven.surefire.booter.ForkedBooter.invokeProviderInSameClassLoader(ForkedBooter.java:200)
	at org.apache.maven.surefire.booter.ForkedBooter.runSuitesInProcess(ForkedBooter.java:153)
	at org.apache.maven.surefire.booter.ForkedBooter.main(ForkedBooter.java:103)
</failure>
  </testcase>
  <testcase name="warning" classname="junit.framework.TestSuite$1" time="0">
    <failure message="No tests found in org.joda.time.TestInstant_Constructors" type="junit.framework.AssertionFailedError">junit.framework.AssertionFailedError: No tests found in org.joda.time.TestInstant_Constructors
	at junit.framework.Assert.fail(Assert.java:47)
	at junit.framework.TestSuite$1.runTest(TestSuite.java:90)
	at junit.framework.TestCase.runBare(TestCase.java:130)
	at junit.framework.TestResult$1.protect(TestResult.java:106)
	at junit.framework.TestResult.runProtected(TestResult.java:124)
	at junit.framework.TestResult.run(TestResult.java:109)
	at junit.framework.TestCase.run(TestCase.java:120)
	at junit.framework.TestSuite.runTest(TestSuite.java:230)
	at junit.framework.TestSuite.run(TestSuite.java:225)
	at junit.framework.TestSuite.runTest(TestSuite.java:230)
	at junit.framework.TestSuite.run(TestSuite.java:225)
	at junit.framework.TestSuite.runTest(TestSuite.java:230)
	at junit.framework.TestSuite.run(TestSuite.java:225)
	at sun.reflect.NativeMethodAccessorImpl.invoke0(Native Method)
	at sun.reflect.NativeMethodAccessorImpl.invoke(NativeMethodAccessorImpl.java:62)
	at sun.reflect.DelegatingMethodAccessorImpl.invoke(DelegatingMethodAccessorImpl.java:43)
	at java.lang.reflect.Method.invoke(Method.java:498)
	at org.apache.maven.surefire.junit.JUnitTestSet.execute(JUnitTestSet.java:95)
	at org.apache.maven.surefire.junit.JUnit3Provider.executeTestSet(JUnit3Provider.java:131)
	at org.apache.maven.surefire.junit.JUnit3Provider.invoke(JUnit3Provider.java:108)
	at org.apache.maven.surefire.booter.ForkedBooter.invokeProviderInSameClassLoader(ForkedBooter.java:200)
	at org.apache.maven.surefire.booter.ForkedBooter.runSuitesInProcess(ForkedBooter.java:153)
	at org.apache.maven.surefire.booter.ForkedBooter.main(ForkedBooter.java:103)
</failure>
  </testcase>
  <testcase name="warning" classname="junit.framework.TestSuite$1" time="0.002">
    <failure message="No tests found in org.joda.time.TestInstant_Basics" type="junit.framework.AssertionFailedError">junit.framework.AssertionFailedError: No tests found in org.joda.time.TestInstant_Basics
	at junit.framework.Assert.fail(Assert.java:47)
	at junit.framework.TestSuite$1.runTest(TestSuite.java:90)
	at junit.framework.TestCase.runBare(TestCase.java:130)
	at junit.framework.TestResult$1.protect(TestResult.java:106)
	at junit.framework.TestResult.runProtected(TestResult.java:124)
	at junit.framework.TestResult.run(TestResult.java:109)
	at junit.framework.TestCase.run(TestCase.java:120)
	at junit.framework.TestSuite.runTest(TestSuite.java:230)
	at junit.framework.TestSuite.run(TestSuite.java:225)
	at junit.framework.TestSuite.runTest(TestSuite.java:230)
	at junit.framework.TestSuite.run(TestSuite.java:225)
	at junit.framework.TestSuite.runTest(TestSuite.java:230)
	at junit.framework.TestSuite.run(TestSuite.java:225)
	at sun.reflect.NativeMethodAccessorImpl.invoke0(Native Method)
	at sun.reflect.NativeMethodAccessorImpl.invoke(NativeMethodAccessorImpl.java:62)
	at sun.reflect.DelegatingMethodAccessorImpl.invoke(DelegatingMethodAccessorImpl.java:43)
	at java.lang.reflect.Method.invoke(Method.java:498)
	at org.apache.maven.surefire.junit.JUnitTestSet.execute(JUnitTestSet.java:95)
	at org.apache.maven.surefire.junit.JUnit3Provider.executeTestSet(JUnit3Provider.java:131)
	at org.apache.maven.surefire.junit.JUnit3Provider.invoke(JUnit3Provider.java:108)
	at org.apache.maven.surefire.booter.ForkedBooter.invokeProviderInSameClassLoader(ForkedBooter.java:200)
	at org.apache.maven.surefire.booter.ForkedBooter.runSuitesInProcess(ForkedBooter.java:153)
	at org.apache.maven.surefire.booter.ForkedBooter.main(ForkedBooter.java:103)
</failure>
  </testcase>
  <testcase name="warning" classname="junit.framework.TestSuite$1" time="0">
    <failure message="No tests found in org.joda.time.TestDateTime_Constructors" type="junit.framework.AssertionFailedError">junit.framework.AssertionFailedError: No tests found in org.joda.time.TestDateTime_Constructors
	at junit.framework.Assert.fail(Assert.java:47)
	at junit.framework.TestSuite$1.runTest(TestSuite.java:90)
	at junit.framework.TestCase.runBare(TestCase.java:130)
	at junit.framework.TestResult$1.protect(TestResult.java:106)
	at junit.framework.TestResult.runProtected(TestResult.java:124)
	at junit.framework.TestResult.run(TestResult.java:109)
	at junit.framework.TestCase.run(TestCase.java:120)
	at junit.framework.TestSuite.runTest(TestSuite.java:230)
	at junit.framework.TestSuite.run(TestSuite.java:225)
	at junit.framework.TestSuite.runTest(TestSuite.java:230)
	at junit.framework.TestSuite.run(TestSuite.java:225)
	at junit.framework.TestSuite.runTest(TestSuite.java:230)
	at junit.framework.TestSuite.run(TestSuite.java:225)
	at sun.reflect.NativeMethodAccessorImpl.invoke0(Native Method)
	at sun.reflect.NativeMethodAccessorImpl.invoke(NativeMethodAccessorImpl.java:62)
	at sun.reflect.DelegatingMethodAccessorImpl.invoke(DelegatingMethodAccessorImpl.java:43)
	at java.lang.reflect.Method.invoke(Method.java:498)
	at org.apache.maven.surefire.junit.JUnitTestSet.execute(JUnitTestSet.java:95)
	at org.apache.maven.surefire.junit.JUnit3Provider.executeTestSet(JUnit3Provider.java:131)
	at org.apache.maven.surefire.junit.JUnit3Provider.invoke(JUnit3Provider.java:108)
	at org.apache.maven.surefire.booter.ForkedBooter.invokeProviderInSameClassLoader(ForkedBooter.java:200)
	at org.apache.maven.surefire.booter.ForkedBooter.runSuitesInProcess(ForkedBooter.java:153)
	at org.apache.maven.surefire.booter.ForkedBooter.main(ForkedBooter.java:103)
</failure>
  </testcase>
  <testcase name="warning" classname="junit.framework.TestSuite$1" time="0">
    <failure message="No tests found in org.joda.time.TestDateTime_Basics" type="junit.framework.AssertionFailedError">junit.framework.AssertionFailedError: No tests found in org.joda.time.TestDateTime_Basics
	at junit.framework.Assert.fail(Assert.java:47)
	at junit.framework.TestSuite$1.runTest(TestSuite.java:90)
	at junit.framework.TestCase.runBare(TestCase.java:130)
	at junit.framework.TestResult$1.protect(TestResult.java:106)
	at junit.framework.TestResult.runProtected(TestResult.java:124)
	at junit.framework.TestResult.run(TestResult.java:109)
	at junit.framework.TestCase.run(TestCase.java:120)
	at junit.framework.TestSuite.runTest(TestSuite.java:230)
	at junit.framework.TestSuite.run(TestSuite.java:225)
	at junit.framework.TestSuite.runTest(TestSuite.java:230)
	at junit.framework.TestSuite.run(TestSuite.java:225)
	at junit.framework.TestSuite.runTest(TestSuite.java:230)
	at junit.framework.TestSuite.run(TestSuite.java:225)
	at sun.reflect.NativeMethodAccessorImpl.invoke0(Native Method)
	at sun.reflect.NativeMethodAccessorImpl.invoke(NativeMethodAccessorImpl.java:62)
	at sun.reflect.DelegatingMethodAccessorImpl.invoke(DelegatingMethodAccessorImpl.java:43)
	at java.lang.reflect.Method.invoke(Method.java:498)
	at org.apache.maven.surefire.junit.JUnitTestSet.execute(JUnitTestSet.java:95)
	at org.apache.maven.surefire.junit.JUnit3Provider.executeTestSet(JUnit3Provider.java:131)
	at org.apache.maven.surefire.junit.JUnit3Provider.invoke(JUnit3Provider.java:108)
	at org.apache.maven.surefire.booter.ForkedBooter.invokeProviderInSameClassLoader(ForkedBooter.java:200)
	at org.apache.maven.surefire.booter.ForkedBooter.runSuitesInProcess(ForkedBooter.java:153)
	at org.apache.maven.surefire.booter.ForkedBooter.main(ForkedBooter.java:103)
</failure>
  </testcase>
  <testcase name="warning" classname="junit.framework.TestSuite$1" time="0.001">
    <failure message="No tests found in org.joda.time.TestDateTime_Properties" type="junit.framework.AssertionFailedError">junit.framework.AssertionFailedError: No tests found in org.joda.time.TestDateTime_Properties
	at junit.framework.Assert.fail(Assert.java:47)
	at junit.framework.TestSuite$1.runTest(TestSuite.java:90)
	at junit.framework.TestCase.runBare(TestCase.java:130)
	at junit.framework.TestResult$1.protect(TestResult.java:106)
	at junit.framework.TestResult.runProtected(TestResult.java:124)
	at junit.framework.TestResult.run(TestResult.java:109)
	at junit.framework.TestCase.run(TestCase.java:120)
	at junit.framework.TestSuite.runTest(TestSuite.java:230)
	at junit.framework.TestSuite.run(TestSuite.java:225)
	at junit.framework.TestSuite.runTest(TestSuite.java:230)
	at junit.framework.TestSuite.run(TestSuite.java:225)
	at junit.framework.TestSuite.runTest(TestSuite.java:230)
	at junit.framework.TestSuite.run(TestSuite.java:225)
	at sun.reflect.NativeMethodAccessorImpl.invoke0(Native Method)
	at sun.reflect.NativeMethodAccessorImpl.invoke(NativeMethodAccessorImpl.java:62)
	at sun.reflect.DelegatingMethodAccessorImpl.invoke(DelegatingMethodAccessorImpl.java:43)
	at java.lang.reflect.Method.invoke(Method.java:498)
	at org.apache.maven.surefire.junit.JUnitTestSet.execute(JUnitTestSet.java:95)
	at org.apache.maven.surefire.junit.JUnit3Provider.executeTestSet(JUnit3Provider.java:131)
	at org.apache.maven.surefire.junit.JUnit3Provider.invoke(JUnit3Provider.java:108)
	at org.apache.maven.surefire.booter.ForkedBooter.invokeProviderInSameClassLoader(ForkedBooter.java:200)
	at org.apache.maven.surefire.booter.ForkedBooter.runSuitesInProcess(ForkedBooter.java:153)
	at org.apache.maven.surefire.booter.ForkedBooter.main(ForkedBooter.java:103)
</failure>
  </testcase>
  <testcase name="warning" classname="junit.framework.TestSuite$1" time="0">
    <failure message="No tests found in org.joda.time.TestMutableDateTime_Constructors" type="junit.framework.AssertionFailedError">junit.framework.AssertionFailedError: No tests found in org.joda.time.TestMutableDateTime_Constructors
	at junit.framework.Assert.fail(Assert.java:47)
	at junit.framework.TestSuite$1.runTest(TestSuite.java:90)
	at junit.framework.TestCase.runBare(TestCase.java:130)
	at junit.framework.TestResult$1.protect(TestResult.java:106)
	at junit.framework.TestResult.runProtected(TestResult.java:124)
	at junit.framework.TestResult.run(TestResult.java:109)
	at junit.framework.TestCase.run(TestCase.java:120)
	at junit.framework.TestSuite.runTest(TestSuite.java:230)
	at junit.framework.TestSuite.run(TestSuite.java:225)
	at junit.framework.TestSuite.runTest(TestSuite.java:230)
	at junit.framework.TestSuite.run(TestSuite.java:225)
	at junit.framework.TestSuite.runTest(TestSuite.java:230)
	at junit.framework.TestSuite.run(TestSuite.java:225)
	at sun.reflect.NativeMethodAccessorImpl.invoke0(Native Method)
	at sun.reflect.NativeMethodAccessorImpl.invoke(NativeMethodAccessorImpl.java:62)
	at sun.reflect.DelegatingMethodAccessorImpl.invoke(DelegatingMethodAccessorImpl.java:43)
	at java.lang.reflect.Method.invoke(Method.java:498)
	at org.apache.maven.surefire.junit.JUnitTestSet.execute(JUnitTestSet.java:95)
	at org.apache.maven.surefire.junit.JUnit3Provider.executeTestSet(JUnit3Provider.java:131)
	at org.apache.maven.surefire.junit.JUnit3Provider.invoke(JUnit3Provider.java:108)
	at org.apache.maven.surefire.booter.ForkedBooter.invokeProviderInSameClassLoader(ForkedBooter.java:200)
	at org.apache.maven.surefire.booter.ForkedBooter.runSuitesInProcess(ForkedBooter.java:153)
	at org.apache.maven.surefire.booter.ForkedBooter.main(ForkedBooter.java:103)
</failure>
  </testcase>
  <testcase name="testGetWeekOfWeekyear213" classname="org.joda.time.TestMutableDateTime_Basics" time="0.012">
    <failure message="expected:&lt;2&gt; but was:&lt;1&gt;" type="junit.framework.AssertionFailedError"><![CDATA[junit.framework.AssertionFailedError: expected:<2> but was:<1>
	at junit.framework.Assert.fail(Assert.java:47)
	at junit.framework.Assert.failNotEquals(Assert.java:280)
	at junit.framework.Assert.assertEquals(Assert.java:64)
	at junit.framework.Assert.assertEquals(Assert.java:198)
	at junit.framework.Assert.assertEquals(Assert.java:204)
	at org.joda.time.TestMutableDateTime_Basics.__CLR4_4_17okmxxhml(TestMutableDateTime_Basics.java:115)
	at org.joda.time.TestMutableDateTime_Basics.testGetWeekOfWeekyear213(TestMutableDateTime_Basics.java:115)
]]></failure>
  </testcase>
  <testcase name="testGetWeekyear210" classname="org.joda.time.TestMutableDateTime_Basics" time="0.002">
    <failure message="expected:&lt;2&gt; but was:&lt;2001&gt;" type="junit.framework.AssertionFailedError"><![CDATA[junit.framework.AssertionFailedError: expected:<2> but was:<2001>
	at junit.framework.Assert.fail(Assert.java:47)
	at junit.framework.Assert.failNotEquals(Assert.java:280)
	at junit.framework.Assert.assertEquals(Assert.java:64)
	at junit.framework.Assert.assertEquals(Assert.java:198)
	at junit.framework.Assert.assertEquals(Assert.java:204)
	at org.joda.time.TestMutableDateTime_Basics.__CLR4_4_1gyb6f1hmi(TestMutableDateTime_Basics.java:114)
	at org.joda.time.TestMutableDateTime_Basics.testGetWeekyear210(TestMutableDateTime_Basics.java:114)
]]></failure>
  </testcase>
  <testcase name="testSetTime1677" classname="org.joda.time.TestMutableDateTime_Sets" time="0.007">
    <failure message="expected:&lt;0&gt; but was:&lt;1023580800000&gt;" type="junit.framework.AssertionFailedError"><![CDATA[junit.framework.AssertionFailedError: expected:<0> but was:<1023580800000>
	at junit.framework.Assert.fail(Assert.java:47)
	at junit.framework.Assert.failNotEquals(Assert.java:280)
	at junit.framework.Assert.assertEquals(Assert.java:64)
	at junit.framework.Assert.assertEquals(Assert.java:133)
	at junit.framework.Assert.assertEquals(Assert.java:139)
	at org.joda.time.TestMutableDateTime_Sets.__CLR4_4_1c8kotlhph(TestMutableDateTime_Sets.java:102)
	at org.joda.time.TestMutableDateTime_Sets.testSetTime1677(TestMutableDateTime_Sets.java:102)
]]></failure>
  </testcase>
  <testcase name="warning" classname="junit.framework.TestSuite$1" time="0">
    <failure message="No tests found in org.joda.time.TestMutableDateTime_Adds" type="junit.framework.AssertionFailedError">junit.framework.AssertionFailedError: No tests found in org.joda.time.TestMutableDateTime_Adds
	at junit.framework.Assert.fail(Assert.java:47)
	at junit.framework.TestSuite$1.runTest(TestSuite.java:90)
	at junit.framework.TestCase.runBare(TestCase.java:130)
	at junit.framework.TestResult$1.protect(TestResult.java:106)
	at junit.framework.TestResult.runProtected(TestResult.java:124)
	at junit.framework.TestResult.run(TestResult.java:109)
	at junit.framework.TestCase.run(TestCase.java:120)
	at junit.framework.TestSuite.runTest(TestSuite.java:230)
	at junit.framework.TestSuite.run(TestSuite.java:225)
	at junit.framework.TestSuite.runTest(TestSuite.java:230)
	at junit.framework.TestSuite.run(TestSuite.java:225)
	at junit.framework.TestSuite.runTest(TestSuite.java:230)
	at junit.framework.TestSuite.run(TestSuite.java:225)
	at sun.reflect.NativeMethodAccessorImpl.invoke0(Native Method)
	at sun.reflect.NativeMethodAccessorImpl.invoke(NativeMethodAccessorImpl.java:62)
	at sun.reflect.DelegatingMethodAccessorImpl.invoke(DelegatingMethodAccessorImpl.java:43)
	at java.lang.reflect.Method.invoke(Method.java:498)
	at org.apache.maven.surefire.junit.JUnitTestSet.execute(JUnitTestSet.java:95)
	at org.apache.maven.surefire.junit.JUnit3Provider.executeTestSet(JUnit3Provider.java:131)
	at org.apache.maven.surefire.junit.JUnit3Provider.invoke(JUnit3Provider.java:108)
	at org.apache.maven.surefire.booter.ForkedBooter.invokeProviderInSameClassLoader(ForkedBooter.java:200)
	at org.apache.maven.surefire.booter.ForkedBooter.runSuitesInProcess(ForkedBooter.java:153)
	at org.apache.maven.surefire.booter.ForkedBooter.main(ForkedBooter.java:103)
</failure>
  </testcase>
  <testcase name="testPreviousTransition33" classname="org.joda.time.TestMutableDateTime_Properties" time="0.003"/>
  <testcase name="testBaseDateTime1271" classname="org.joda.time.TestMutableDateTime_Properties" time="0"/>
  <testcase name="testAdd1266" classname="org.joda.time.TestMutableDateTime_Properties" time="0.002"/>
  <testcase name="warning" classname="junit.framework.TestSuite$1" time="0.001">
    <failure message="No tests found in org.joda.time.TestDateMidnight_Constructors" type="junit.framework.AssertionFailedError">junit.framework.AssertionFailedError: No tests found in org.joda.time.TestDateMidnight_Constructors
	at junit.framework.Assert.fail(Assert.java:47)
	at junit.framework.TestSuite$1.runTest(TestSuite.java:90)
	at junit.framework.TestCase.runBare(TestCase.java:130)
	at junit.framework.TestResult$1.protect(TestResult.java:106)
	at junit.framework.TestResult.runProtected(TestResult.java:124)
	at junit.framework.TestResult.run(TestResult.java:109)
	at junit.framework.TestCase.run(TestCase.java:120)
	at junit.framework.TestSuite.runTest(TestSuite.java:230)
	at junit.framework.TestSuite.run(TestSuite.java:225)
	at junit.framework.TestSuite.runTest(TestSuite.java:230)
	at junit.framework.TestSuite.run(TestSuite.java:225)
	at junit.framework.TestSuite.runTest(TestSuite.java:230)
	at junit.framework.TestSuite.run(TestSuite.java:225)
	at sun.reflect.NativeMethodAccessorImpl.invoke0(Native Method)
	at sun.reflect.NativeMethodAccessorImpl.invoke(NativeMethodAccessorImpl.java:62)
	at sun.reflect.DelegatingMethodAccessorImpl.invoke(DelegatingMethodAccessorImpl.java:43)
	at java.lang.reflect.Method.invoke(Method.java:498)
	at org.apache.maven.surefire.junit.JUnitTestSet.execute(JUnitTestSet.java:95)
	at org.apache.maven.surefire.junit.JUnit3Provider.executeTestSet(JUnit3Provider.java:131)
	at org.apache.maven.surefire.junit.JUnit3Provider.invoke(JUnit3Provider.java:108)
	at org.apache.maven.surefire.booter.ForkedBooter.invokeProviderInSameClassLoader(ForkedBooter.java:200)
	at org.apache.maven.surefire.booter.ForkedBooter.runSuitesInProcess(ForkedBooter.java:153)
	at org.apache.maven.surefire.booter.ForkedBooter.main(ForkedBooter.java:103)
</failure>
  </testcase>
  <testcase name="warning" classname="junit.framework.TestSuite$1" time="0">
    <failure message="No tests found in org.joda.time.TestDateMidnight_Basics" type="junit.framework.AssertionFailedError">junit.framework.AssertionFailedError: No tests found in org.joda.time.TestDateMidnight_Basics
	at junit.framework.Assert.fail(Assert.java:47)
	at junit.framework.TestSuite$1.runTest(TestSuite.java:90)
	at junit.framework.TestCase.runBare(TestCase.java:130)
	at junit.framework.TestResult$1.protect(TestResult.java:106)
	at junit.framework.TestResult.runProtected(TestResult.java:124)
	at junit.framework.TestResult.run(TestResult.java:109)
	at junit.framework.TestCase.run(TestCase.java:120)
	at junit.framework.TestSuite.runTest(TestSuite.java:230)
	at junit.framework.TestSuite.run(TestSuite.java:225)
	at junit.framework.TestSuite.runTest(TestSuite.java:230)
	at junit.framework.TestSuite.run(TestSuite.java:225)
	at junit.framework.TestSuite.runTest(TestSuite.java:230)
	at junit.framework.TestSuite.run(TestSuite.java:225)
	at sun.reflect.NativeMethodAccessorImpl.invoke0(Native Method)
	at sun.reflect.NativeMethodAccessorImpl.invoke(NativeMethodAccessorImpl.java:62)
	at sun.reflect.DelegatingMethodAccessorImpl.invoke(DelegatingMethodAccessorImpl.java:43)
	at java.lang.reflect.Method.invoke(Method.java:498)
	at org.apache.maven.surefire.junit.JUnitTestSet.execute(JUnitTestSet.java:95)
	at org.apache.maven.surefire.junit.JUnit3Provider.executeTestSet(JUnit3Provider.java:131)
	at org.apache.maven.surefire.junit.JUnit3Provider.invoke(JUnit3Provider.java:108)
	at org.apache.maven.surefire.booter.ForkedBooter.invokeProviderInSameClassLoader(ForkedBooter.java:200)
	at org.apache.maven.surefire.booter.ForkedBooter.runSuitesInProcess(ForkedBooter.java:153)
	at org.apache.maven.surefire.booter.ForkedBooter.main(ForkedBooter.java:103)
</failure>
  </testcase>
  <testcase name="warning" classname="junit.framework.TestSuite$1" time="0.002">
    <failure message="No tests found in org.joda.time.TestDateMidnight_Properties" type="junit.framework.AssertionFailedError">junit.framework.AssertionFailedError: No tests found in org.joda.time.TestDateMidnight_Properties
	at junit.framework.Assert.fail(Assert.java:47)
	at junit.framework.TestSuite$1.runTest(TestSuite.java:90)
	at junit.framework.TestCase.runBare(TestCase.java:130)
	at junit.framework.TestResult$1.protect(TestResult.java:106)
	at junit.framework.TestResult.runProtected(TestResult.java:124)
	at junit.framework.TestResult.run(TestResult.java:109)
	at junit.framework.TestCase.run(TestCase.java:120)
	at junit.framework.TestSuite.runTest(TestSuite.java:230)
	at junit.framework.TestSuite.run(TestSuite.java:225)
	at junit.framework.TestSuite.runTest(TestSuite.java:230)
	at junit.framework.TestSuite.run(TestSuite.java:225)
	at junit.framework.TestSuite.runTest(TestSuite.java:230)
	at junit.framework.TestSuite.run(TestSuite.java:225)
	at sun.reflect.NativeMethodAccessorImpl.invoke0(Native Method)
	at sun.reflect.NativeMethodAccessorImpl.invoke(NativeMethodAccessorImpl.java:62)
	at sun.reflect.DelegatingMethodAccessorImpl.invoke(DelegatingMethodAccessorImpl.java:43)
	at java.lang.reflect.Method.invoke(Method.java:498)
	at org.apache.maven.surefire.junit.JUnitTestSet.execute(JUnitTestSet.java:95)
	at org.apache.maven.surefire.junit.JUnit3Provider.executeTestSet(JUnit3Provider.java:131)
	at org.apache.maven.surefire.junit.JUnit3Provider.invoke(JUnit3Provider.java:108)
	at org.apache.maven.surefire.booter.ForkedBooter.invokeProviderInSameClassLoader(ForkedBooter.java:200)
	at org.apache.maven.surefire.booter.ForkedBooter.runSuitesInProcess(ForkedBooter.java:153)
	at org.apache.maven.surefire.booter.ForkedBooter.main(ForkedBooter.java:103)
</failure>
  </testcase>
  <testcase name="warning" classname="junit.framework.TestSuite$1" time="0">
    <failure message="No tests found in org.joda.time.TestDuration_Constructors" type="junit.framework.AssertionFailedError">junit.framework.AssertionFailedError: No tests found in org.joda.time.TestDuration_Constructors
	at junit.framework.Assert.fail(Assert.java:47)
	at junit.framework.TestSuite$1.runTest(TestSuite.java:90)
	at junit.framework.TestCase.runBare(TestCase.java:130)
	at junit.framework.TestResult$1.protect(TestResult.java:106)
	at junit.framework.TestResult.runProtected(TestResult.java:124)
	at junit.framework.TestResult.run(TestResult.java:109)
	at junit.framework.TestCase.run(TestCase.java:120)
	at junit.framework.TestSuite.runTest(TestSuite.java:230)
	at junit.framework.TestSuite.run(TestSuite.java:225)
	at junit.framework.TestSuite.runTest(TestSuite.java:230)
	at junit.framework.TestSuite.run(TestSuite.java:225)
	at junit.framework.TestSuite.runTest(TestSuite.java:230)
	at junit.framework.TestSuite.run(TestSuite.java:225)
	at sun.reflect.NativeMethodAccessorImpl.invoke0(Native Method)
	at sun.reflect.NativeMethodAccessorImpl.invoke(NativeMethodAccessorImpl.java:62)
	at sun.reflect.DelegatingMethodAccessorImpl.invoke(DelegatingMethodAccessorImpl.java:43)
	at java.lang.reflect.Method.invoke(Method.java:498)
	at org.apache.maven.surefire.junit.JUnitTestSet.execute(JUnitTestSet.java:95)
	at org.apache.maven.surefire.junit.JUnit3Provider.executeTestSet(JUnit3Provider.java:131)
	at org.apache.maven.surefire.junit.JUnit3Provider.invoke(JUnit3Provider.java:108)
	at org.apache.maven.surefire.booter.ForkedBooter.invokeProviderInSameClassLoader(ForkedBooter.java:200)
	at org.apache.maven.surefire.booter.ForkedBooter.runSuitesInProcess(ForkedBooter.java:153)
	at org.apache.maven.surefire.booter.ForkedBooter.main(ForkedBooter.java:103)
</failure>
  </testcase>
  <testcase name="warning" classname="junit.framework.TestSuite$1" time="0.001">
    <failure message="No tests found in org.joda.time.TestDuration_Basics" type="junit.framework.AssertionFailedError">junit.framework.AssertionFailedError: No tests found in org.joda.time.TestDuration_Basics
	at junit.framework.Assert.fail(Assert.java:47)
	at junit.framework.TestSuite$1.runTest(TestSuite.java:90)
	at junit.framework.TestCase.runBare(TestCase.java:130)
	at junit.framework.TestResult$1.protect(TestResult.java:106)
	at junit.framework.TestResult.runProtected(TestResult.java:124)
	at junit.framework.TestResult.run(TestResult.java:109)
	at junit.framework.TestCase.run(TestCase.java:120)
	at junit.framework.TestSuite.runTest(TestSuite.java:230)
	at junit.framework.TestSuite.run(TestSuite.java:225)
	at junit.framework.TestSuite.runTest(TestSuite.java:230)
	at junit.framework.TestSuite.run(TestSuite.java:225)
	at junit.framework.TestSuite.runTest(TestSuite.java:230)
	at junit.framework.TestSuite.run(TestSuite.java:225)
	at sun.reflect.NativeMethodAccessorImpl.invoke0(Native Method)
	at sun.reflect.NativeMethodAccessorImpl.invoke(NativeMethodAccessorImpl.java:62)
	at sun.reflect.DelegatingMethodAccessorImpl.invoke(DelegatingMethodAccessorImpl.java:43)
	at java.lang.reflect.Method.invoke(Method.java:498)
	at org.apache.maven.surefire.junit.JUnitTestSet.execute(JUnitTestSet.java:95)
	at org.apache.maven.surefire.junit.JUnit3Provider.executeTestSet(JUnit3Provider.java:131)
	at org.apache.maven.surefire.junit.JUnit3Provider.invoke(JUnit3Provider.java:108)
	at org.apache.maven.surefire.booter.ForkedBooter.invokeProviderInSameClassLoader(ForkedBooter.java:200)
	at org.apache.maven.surefire.booter.ForkedBooter.runSuitesInProcess(ForkedBooter.java:153)
	at org.apache.maven.surefire.booter.ForkedBooter.main(ForkedBooter.java:103)
</failure>
  </testcase>
  <testcase name="warning" classname="junit.framework.TestSuite$1" time="0">
    <failure message="No tests found in org.joda.time.TestInterval_Constructors" type="junit.framework.AssertionFailedError">junit.framework.AssertionFailedError: No tests found in org.joda.time.TestInterval_Constructors
	at junit.framework.Assert.fail(Assert.java:47)
	at junit.framework.TestSuite$1.runTest(TestSuite.java:90)
	at junit.framework.TestCase.runBare(TestCase.java:130)
	at junit.framework.TestResult$1.protect(TestResult.java:106)
	at junit.framework.TestResult.runProtected(TestResult.java:124)
	at junit.framework.TestResult.run(TestResult.java:109)
	at junit.framework.TestCase.run(TestCase.java:120)
	at junit.framework.TestSuite.runTest(TestSuite.java:230)
	at junit.framework.TestSuite.run(TestSuite.java:225)
	at junit.framework.TestSuite.runTest(TestSuite.java:230)
	at junit.framework.TestSuite.run(TestSuite.java:225)
	at junit.framework.TestSuite.runTest(TestSuite.java:230)
	at junit.framework.TestSuite.run(TestSuite.java:225)
	at sun.reflect.NativeMethodAccessorImpl.invoke0(Native Method)
	at sun.reflect.NativeMethodAccessorImpl.invoke(NativeMethodAccessorImpl.java:62)
	at sun.reflect.DelegatingMethodAccessorImpl.invoke(DelegatingMethodAccessorImpl.java:43)
	at java.lang.reflect.Method.invoke(Method.java:498)
	at org.apache.maven.surefire.junit.JUnitTestSet.execute(JUnitTestSet.java:95)
	at org.apache.maven.surefire.junit.JUnit3Provider.executeTestSet(JUnit3Provider.java:131)
	at org.apache.maven.surefire.junit.JUnit3Provider.invoke(JUnit3Provider.java:108)
	at org.apache.maven.surefire.booter.ForkedBooter.invokeProviderInSameClassLoader(ForkedBooter.java:200)
	at org.apache.maven.surefire.booter.ForkedBooter.runSuitesInProcess(ForkedBooter.java:153)
	at org.apache.maven.surefire.booter.ForkedBooter.main(ForkedBooter.java:103)
</failure>
  </testcase>
  <testcase name="warning" classname="junit.framework.TestSuite$1" time="0.001">
    <failure message="No tests found in org.joda.time.TestInterval_Basics" type="junit.framework.AssertionFailedError">junit.framework.AssertionFailedError: No tests found in org.joda.time.TestInterval_Basics
	at junit.framework.Assert.fail(Assert.java:47)
	at junit.framework.TestSuite$1.runTest(TestSuite.java:90)
	at junit.framework.TestCase.runBare(TestCase.java:130)
	at junit.framework.TestResult$1.protect(TestResult.java:106)
	at junit.framework.TestResult.runProtected(TestResult.java:124)
	at junit.framework.TestResult.run(TestResult.java:109)
	at junit.framework.TestCase.run(TestCase.java:120)
	at junit.framework.TestSuite.runTest(TestSuite.java:230)
	at junit.framework.TestSuite.run(TestSuite.java:225)
	at junit.framework.TestSuite.runTest(TestSuite.java:230)
	at junit.framework.TestSuite.run(TestSuite.java:225)
	at junit.framework.TestSuite.runTest(TestSuite.java:230)
	at junit.framework.TestSuite.run(TestSuite.java:225)
	at sun.reflect.NativeMethodAccessorImpl.invoke0(Native Method)
	at sun.reflect.NativeMethodAccessorImpl.invoke(NativeMethodAccessorImpl.java:62)
	at sun.reflect.DelegatingMethodAccessorImpl.invoke(DelegatingMethodAccessorImpl.java:43)
	at java.lang.reflect.Method.invoke(Method.java:498)
	at org.apache.maven.surefire.junit.JUnitTestSet.execute(JUnitTestSet.java:95)
	at org.apache.maven.surefire.junit.JUnit3Provider.executeTestSet(JUnit3Provider.java:131)
	at org.apache.maven.surefire.junit.JUnit3Provider.invoke(JUnit3Provider.java:108)
	at org.apache.maven.surefire.booter.ForkedBooter.invokeProviderInSameClassLoader(ForkedBooter.java:200)
	at org.apache.maven.surefire.booter.ForkedBooter.runSuitesInProcess(ForkedBooter.java:153)
	at org.apache.maven.surefire.booter.ForkedBooter.main(ForkedBooter.java:103)
</failure>
  </testcase>
  <testcase name="warning" classname="junit.framework.TestSuite$1" time="0">
    <failure message="No tests found in org.joda.time.TestLocalDateTime_Constructors" type="junit.framework.AssertionFailedError">junit.framework.AssertionFailedError: No tests found in org.joda.time.TestLocalDateTime_Constructors
	at junit.framework.Assert.fail(Assert.java:47)
	at junit.framework.TestSuite$1.runTest(TestSuite.java:90)
	at junit.framework.TestCase.runBare(TestCase.java:130)
	at junit.framework.TestResult$1.protect(TestResult.java:106)
	at junit.framework.TestResult.runProtected(TestResult.java:124)
	at junit.framework.TestResult.run(TestResult.java:109)
	at junit.framework.TestCase.run(TestCase.java:120)
	at junit.framework.TestSuite.runTest(TestSuite.java:230)
	at junit.framework.TestSuite.run(TestSuite.java:225)
	at junit.framework.TestSuite.runTest(TestSuite.java:230)
	at junit.framework.TestSuite.run(TestSuite.java:225)
	at junit.framework.TestSuite.runTest(TestSuite.java:230)
	at junit.framework.TestSuite.run(TestSuite.java:225)
	at sun.reflect.NativeMethodAccessorImpl.invoke0(Native Method)
	at sun.reflect.NativeMethodAccessorImpl.invoke(NativeMethodAccessorImpl.java:62)
	at sun.reflect.DelegatingMethodAccessorImpl.invoke(DelegatingMethodAccessorImpl.java:43)
	at java.lang.reflect.Method.invoke(Method.java:498)
	at org.apache.maven.surefire.junit.JUnitTestSet.execute(JUnitTestSet.java:95)
	at org.apache.maven.surefire.junit.JUnit3Provider.executeTestSet(JUnit3Provider.java:131)
	at org.apache.maven.surefire.junit.JUnit3Provider.invoke(JUnit3Provider.java:108)
	at org.apache.maven.surefire.booter.ForkedBooter.invokeProviderInSameClassLoader(ForkedBooter.java:200)
	at org.apache.maven.surefire.booter.ForkedBooter.runSuitesInProcess(ForkedBooter.java:153)
	at org.apache.maven.surefire.booter.ForkedBooter.main(ForkedBooter.java:103)
</failure>
  </testcase>
  <testcase name="testCompareTo1133" classname="org.joda.time.TestLocalDateTime_Basics" time="0"/>
  <testcase name="warning" classname="junit.framework.TestSuite$1" time="0.001">
    <failure message="No tests found in org.joda.time.TestLocalDateTime_Properties" type="junit.framework.AssertionFailedError">junit.framework.AssertionFailedError: No tests found in org.joda.time.TestLocalDateTime_Properties
	at junit.framework.Assert.fail(Assert.java:47)
	at junit.framework.TestSuite$1.runTest(TestSuite.java:90)
	at junit.framework.TestCase.runBare(TestCase.java:130)
	at junit.framework.TestResult$1.protect(TestResult.java:106)
	at junit.framework.TestResult.runProtected(TestResult.java:124)
	at junit.framework.TestResult.run(TestResult.java:109)
	at junit.framework.TestCase.run(TestCase.java:120)
	at junit.framework.TestSuite.runTest(TestSuite.java:230)
	at junit.framework.TestSuite.run(TestSuite.java:225)
	at junit.framework.TestSuite.runTest(TestSuite.java:230)
	at junit.framework.TestSuite.run(TestSuite.java:225)
	at junit.framework.TestSuite.runTest(TestSuite.java:230)
	at junit.framework.TestSuite.run(TestSuite.java:225)
	at sun.reflect.NativeMethodAccessorImpl.invoke0(Native Method)
	at sun.reflect.NativeMethodAccessorImpl.invoke(NativeMethodAccessorImpl.java:62)
	at sun.reflect.DelegatingMethodAccessorImpl.invoke(DelegatingMethodAccessorImpl.java:43)
	at java.lang.reflect.Method.invoke(Method.java:498)
	at org.apache.maven.surefire.junit.JUnitTestSet.execute(JUnitTestSet.java:95)
	at org.apache.maven.surefire.junit.JUnit3Provider.executeTestSet(JUnit3Provider.java:131)
	at org.apache.maven.surefire.junit.JUnit3Provider.invoke(JUnit3Provider.java:108)
	at org.apache.maven.surefire.booter.ForkedBooter.invokeProviderInSameClassLoader(ForkedBooter.java:200)
	at org.apache.maven.surefire.booter.ForkedBooter.runSuitesInProcess(ForkedBooter.java:153)
	at org.apache.maven.surefire.booter.ForkedBooter.main(ForkedBooter.java:103)
</failure>
  </testcase>
  <testcase name="warning" classname="junit.framework.TestSuite$1" time="0">
    <failure message="No tests found in org.joda.time.TestLocalDate_Constructors" type="junit.framework.AssertionFailedError">junit.framework.AssertionFailedError: No tests found in org.joda.time.TestLocalDate_Constructors
	at junit.framework.Assert.fail(Assert.java:47)
	at junit.framework.TestSuite$1.runTest(TestSuite.java:90)
	at junit.framework.TestCase.runBare(TestCase.java:130)
	at junit.framework.TestResult$1.protect(TestResult.java:106)
	at junit.framework.TestResult.runProtected(TestResult.java:124)
	at junit.framework.TestResult.run(TestResult.java:109)
	at junit.framework.TestCase.run(TestCase.java:120)
	at junit.framework.TestSuite.runTest(TestSuite.java:230)
	at junit.framework.TestSuite.run(TestSuite.java:225)
	at junit.framework.TestSuite.runTest(TestSuite.java:230)
	at junit.framework.TestSuite.run(TestSuite.java:225)
	at junit.framework.TestSuite.runTest(TestSuite.java:230)
	at junit.framework.TestSuite.run(TestSuite.java:225)
	at sun.reflect.NativeMethodAccessorImpl.invoke0(Native Method)
	at sun.reflect.NativeMethodAccessorImpl.invoke(NativeMethodAccessorImpl.java:62)
	at sun.reflect.DelegatingMethodAccessorImpl.invoke(DelegatingMethodAccessorImpl.java:43)
	at java.lang.reflect.Method.invoke(Method.java:498)
	at org.apache.maven.surefire.junit.JUnitTestSet.execute(JUnitTestSet.java:95)
	at org.apache.maven.surefire.junit.JUnit3Provider.executeTestSet(JUnit3Provider.java:131)
	at org.apache.maven.surefire.junit.JUnit3Provider.invoke(JUnit3Provider.java:108)
	at org.apache.maven.surefire.booter.ForkedBooter.invokeProviderInSameClassLoader(ForkedBooter.java:200)
	at org.apache.maven.surefire.booter.ForkedBooter.runSuitesInProcess(ForkedBooter.java:153)
	at org.apache.maven.surefire.booter.ForkedBooter.main(ForkedBooter.java:103)
</failure>
  </testcase>
  <testcase name="warning" classname="junit.framework.TestSuite$1" time="0.001">
    <failure message="No tests found in org.joda.time.TestLocalDate_Basics" type="junit.framework.AssertionFailedError">junit.framework.AssertionFailedError: No tests found in org.joda.time.TestLocalDate_Basics
	at junit.framework.Assert.fail(Assert.java:47)
	at junit.framework.TestSuite$1.runTest(TestSuite.java:90)
	at junit.framework.TestCase.runBare(TestCase.java:130)
	at junit.framework.TestResult$1.protect(TestResult.java:106)
	at junit.framework.TestResult.runProtected(TestResult.java:124)
	at junit.framework.TestResult.run(TestResult.java:109)
	at junit.framework.TestCase.run(TestCase.java:120)
	at junit.framework.TestSuite.runTest(TestSuite.java:230)
	at junit.framework.TestSuite.run(TestSuite.java:225)
	at junit.framework.TestSuite.runTest(TestSuite.java:230)
	at junit.framework.TestSuite.run(TestSuite.java:225)
	at junit.framework.TestSuite.runTest(TestSuite.java:230)
	at junit.framework.TestSuite.run(TestSuite.java:225)
	at sun.reflect.NativeMethodAccessorImpl.invoke0(Native Method)
	at sun.reflect.NativeMethodAccessorImpl.invoke(NativeMethodAccessorImpl.java:62)
	at sun.reflect.DelegatingMethodAccessorImpl.invoke(DelegatingMethodAccessorImpl.java:43)
	at java.lang.reflect.Method.invoke(Method.java:498)
	at org.apache.maven.surefire.junit.JUnitTestSet.execute(JUnitTestSet.java:95)
	at org.apache.maven.surefire.junit.JUnit3Provider.executeTestSet(JUnit3Provider.java:131)
	at org.apache.maven.surefire.junit.JUnit3Provider.invoke(JUnit3Provider.java:108)
	at org.apache.maven.surefire.booter.ForkedBooter.invokeProviderInSameClassLoader(ForkedBooter.java:200)
	at org.apache.maven.surefire.booter.ForkedBooter.runSuitesInProcess(ForkedBooter.java:153)
	at org.apache.maven.surefire.booter.ForkedBooter.main(ForkedBooter.java:103)
</failure>
  </testcase>
  <testcase name="warning" classname="junit.framework.TestSuite$1" time="0">
    <failure message="No tests found in org.joda.time.TestLocalDate_Properties" type="junit.framework.AssertionFailedError">junit.framework.AssertionFailedError: No tests found in org.joda.time.TestLocalDate_Properties
	at junit.framework.Assert.fail(Assert.java:47)
	at junit.framework.TestSuite$1.runTest(TestSuite.java:90)
	at junit.framework.TestCase.runBare(TestCase.java:130)
	at junit.framework.TestResult$1.protect(TestResult.java:106)
	at junit.framework.TestResult.runProtected(TestResult.java:124)
	at junit.framework.TestResult.run(TestResult.java:109)
	at junit.framework.TestCase.run(TestCase.java:120)
	at junit.framework.TestSuite.runTest(TestSuite.java:230)
	at junit.framework.TestSuite.run(TestSuite.java:225)
	at junit.framework.TestSuite.runTest(TestSuite.java:230)
	at junit.framework.TestSuite.run(TestSuite.java:225)
	at junit.framework.TestSuite.runTest(TestSuite.java:230)
	at junit.framework.TestSuite.run(TestSuite.java:225)
	at sun.reflect.NativeMethodAccessorImpl.invoke0(Native Method)
	at sun.reflect.NativeMethodAccessorImpl.invoke(NativeMethodAccessorImpl.java:62)
	at sun.reflect.DelegatingMethodAccessorImpl.invoke(DelegatingMethodAccessorImpl.java:43)
	at java.lang.reflect.Method.invoke(Method.java:498)
	at org.apache.maven.surefire.junit.JUnitTestSet.execute(JUnitTestSet.java:95)
	at org.apache.maven.surefire.junit.JUnit3Provider.executeTestSet(JUnit3Provider.java:131)
	at org.apache.maven.surefire.junit.JUnit3Provider.invoke(JUnit3Provider.java:108)
	at org.apache.maven.surefire.booter.ForkedBooter.invokeProviderInSameClassLoader(ForkedBooter.java:200)
	at org.apache.maven.surefire.booter.ForkedBooter.runSuitesInProcess(ForkedBooter.java:153)
	at org.apache.maven.surefire.booter.ForkedBooter.main(ForkedBooter.java:103)
</failure>
  </testcase>
  <testcase name="warning" classname="junit.framework.TestSuite$1" time="0.001">
    <failure message="No tests found in org.joda.time.TestLocalTime_Constructors" type="junit.framework.AssertionFailedError">junit.framework.AssertionFailedError: No tests found in org.joda.time.TestLocalTime_Constructors
	at junit.framework.Assert.fail(Assert.java:47)
	at junit.framework.TestSuite$1.runTest(TestSuite.java:90)
	at junit.framework.TestCase.runBare(TestCase.java:130)
	at junit.framework.TestResult$1.protect(TestResult.java:106)
	at junit.framework.TestResult.runProtected(TestResult.java:124)
	at junit.framework.TestResult.run(TestResult.java:109)
	at junit.framework.TestCase.run(TestCase.java:120)
	at junit.framework.TestSuite.runTest(TestSuite.java:230)
	at junit.framework.TestSuite.run(TestSuite.java:225)
	at junit.framework.TestSuite.runTest(TestSuite.java:230)
	at junit.framework.TestSuite.run(TestSuite.java:225)
	at junit.framework.TestSuite.runTest(TestSuite.java:230)
	at junit.framework.TestSuite.run(TestSuite.java:225)
	at sun.reflect.NativeMethodAccessorImpl.invoke0(Native Method)
	at sun.reflect.NativeMethodAccessorImpl.invoke(NativeMethodAccessorImpl.java:62)
	at sun.reflect.DelegatingMethodAccessorImpl.invoke(DelegatingMethodAccessorImpl.java:43)
	at java.lang.reflect.Method.invoke(Method.java:498)
	at org.apache.maven.surefire.junit.JUnitTestSet.execute(JUnitTestSet.java:95)
	at org.apache.maven.surefire.junit.JUnit3Provider.executeTestSet(JUnit3Provider.java:131)
	at org.apache.maven.surefire.junit.JUnit3Provider.invoke(JUnit3Provider.java:108)
	at org.apache.maven.surefire.booter.ForkedBooter.invokeProviderInSameClassLoader(ForkedBooter.java:200)
	at org.apache.maven.surefire.booter.ForkedBooter.runSuitesInProcess(ForkedBooter.java:153)
	at org.apache.maven.surefire.booter.ForkedBooter.main(ForkedBooter.java:103)
</failure>
  </testcase>
  <testcase name="testPlusMinutes1449" classname="org.joda.time.TestLocalTime_Basics" time="0.001"/>
  <testcase name="warning" classname="junit.framework.TestSuite$1" time="0">
    <failure message="No tests found in org.joda.time.TestLocalTime_Properties" type="junit.framework.AssertionFailedError">junit.framework.AssertionFailedError: No tests found in org.joda.time.TestLocalTime_Properties
	at junit.framework.Assert.fail(Assert.java:47)
	at junit.framework.TestSuite$1.runTest(TestSuite.java:90)
	at junit.framework.TestCase.runBare(TestCase.java:130)
	at junit.framework.TestResult$1.protect(TestResult.java:106)
	at junit.framework.TestResult.runProtected(TestResult.java:124)
	at junit.framework.TestResult.run(TestResult.java:109)
	at junit.framework.TestCase.run(TestCase.java:120)
	at junit.framework.TestSuite.runTest(TestSuite.java:230)
	at junit.framework.TestSuite.run(TestSuite.java:225)
	at junit.framework.TestSuite.runTest(TestSuite.java:230)
	at junit.framework.TestSuite.run(TestSuite.java:225)
	at junit.framework.TestSuite.runTest(TestSuite.java:230)
	at junit.framework.TestSuite.run(TestSuite.java:225)
	at sun.reflect.NativeMethodAccessorImpl.invoke0(Native Method)
	at sun.reflect.NativeMethodAccessorImpl.invoke(NativeMethodAccessorImpl.java:62)
	at sun.reflect.DelegatingMethodAccessorImpl.invoke(DelegatingMethodAccessorImpl.java:43)
	at java.lang.reflect.Method.invoke(Method.java:498)
	at org.apache.maven.surefire.junit.JUnitTestSet.execute(JUnitTestSet.java:95)
	at org.apache.maven.surefire.junit.JUnit3Provider.executeTestSet(JUnit3Provider.java:131)
	at org.apache.maven.surefire.junit.JUnit3Provider.invoke(JUnit3Provider.java:108)
	at org.apache.maven.surefire.booter.ForkedBooter.invokeProviderInSameClassLoader(ForkedBooter.java:200)
	at org.apache.maven.surefire.booter.ForkedBooter.runSuitesInProcess(ForkedBooter.java:153)
	at org.apache.maven.surefire.booter.ForkedBooter.main(ForkedBooter.java:103)
</failure>
  </testcase>
  <testcase name="warning" classname="junit.framework.TestSuite$1" time="0.001">
    <failure message="No tests found in org.joda.time.TestMutableInterval_Constructors" type="junit.framework.AssertionFailedError">junit.framework.AssertionFailedError: No tests found in org.joda.time.TestMutableInterval_Constructors
	at junit.framework.Assert.fail(Assert.java:47)
	at junit.framework.TestSuite$1.runTest(TestSuite.java:90)
	at junit.framework.TestCase.runBare(TestCase.java:130)
	at junit.framework.TestResult$1.protect(TestResult.java:106)
	at junit.framework.TestResult.runProtected(TestResult.java:124)
	at junit.framework.TestResult.run(TestResult.java:109)
	at junit.framework.TestCase.run(TestCase.java:120)
	at junit.framework.TestSuite.runTest(TestSuite.java:230)
	at junit.framework.TestSuite.run(TestSuite.java:225)
	at junit.framework.TestSuite.runTest(TestSuite.java:230)
	at junit.framework.TestSuite.run(TestSuite.java:225)
	at junit.framework.TestSuite.runTest(TestSuite.java:230)
	at junit.framework.TestSuite.run(TestSuite.java:225)
	at sun.reflect.NativeMethodAccessorImpl.invoke0(Native Method)
	at sun.reflect.NativeMethodAccessorImpl.invoke(NativeMethodAccessorImpl.java:62)
	at sun.reflect.DelegatingMethodAccessorImpl.invoke(DelegatingMethodAccessorImpl.java:43)
	at java.lang.reflect.Method.invoke(Method.java:498)
	at org.apache.maven.surefire.junit.JUnitTestSet.execute(JUnitTestSet.java:95)
	at org.apache.maven.surefire.junit.JUnit3Provider.executeTestSet(JUnit3Provider.java:131)
	at org.apache.maven.surefire.junit.JUnit3Provider.invoke(JUnit3Provider.java:108)
	at org.apache.maven.surefire.booter.ForkedBooter.invokeProviderInSameClassLoader(ForkedBooter.java:200)
	at org.apache.maven.surefire.booter.ForkedBooter.runSuitesInProcess(ForkedBooter.java:153)
	at org.apache.maven.surefire.booter.ForkedBooter.main(ForkedBooter.java:103)
</failure>
  </testcase>
  <testcase name="warning" classname="junit.framework.TestSuite$1" time="0.002">
    <failure message="No tests found in org.joda.time.TestMutableInterval_Basics" type="junit.framework.AssertionFailedError">junit.framework.AssertionFailedError: No tests found in org.joda.time.TestMutableInterval_Basics
	at junit.framework.Assert.fail(Assert.java:47)
	at junit.framework.TestSuite$1.runTest(TestSuite.java:90)
	at junit.framework.TestCase.runBare(TestCase.java:130)
	at junit.framework.TestResult$1.protect(TestResult.java:106)
	at junit.framework.TestResult.runProtected(TestResult.java:124)
	at junit.framework.TestResult.run(TestResult.java:109)
	at junit.framework.TestCase.run(TestCase.java:120)
	at junit.framework.TestSuite.runTest(TestSuite.java:230)
	at junit.framework.TestSuite.run(TestSuite.java:225)
	at junit.framework.TestSuite.runTest(TestSuite.java:230)
	at junit.framework.TestSuite.run(TestSuite.java:225)
	at junit.framework.TestSuite.runTest(TestSuite.java:230)
	at junit.framework.TestSuite.run(TestSuite.java:225)
	at sun.reflect.NativeMethodAccessorImpl.invoke0(Native Method)
	at sun.reflect.NativeMethodAccessorImpl.invoke(NativeMethodAccessorImpl.java:62)
	at sun.reflect.DelegatingMethodAccessorImpl.invoke(DelegatingMethodAccessorImpl.java:43)
	at java.lang.reflect.Method.invoke(Method.java:498)
	at org.apache.maven.surefire.junit.JUnitTestSet.execute(JUnitTestSet.java:95)
	at org.apache.maven.surefire.junit.JUnit3Provider.executeTestSet(JUnit3Provider.java:131)
	at org.apache.maven.surefire.junit.JUnit3Provider.invoke(JUnit3Provider.java:108)
	at org.apache.maven.surefire.booter.ForkedBooter.invokeProviderInSameClassLoader(ForkedBooter.java:200)
	at org.apache.maven.surefire.booter.ForkedBooter.runSuitesInProcess(ForkedBooter.java:153)
	at org.apache.maven.surefire.booter.ForkedBooter.main(ForkedBooter.java:103)
</failure>
  </testcase>
  <testcase name="warning" classname="junit.framework.TestSuite$1" time="0">
    <failure message="No tests found in org.joda.time.TestMutableInterval_Updates" type="junit.framework.AssertionFailedError">junit.framework.AssertionFailedError: No tests found in org.joda.time.TestMutableInterval_Updates
	at junit.framework.Assert.fail(Assert.java:47)
	at junit.framework.TestSuite$1.runTest(TestSuite.java:90)
	at junit.framework.TestCase.runBare(TestCase.java:130)
	at junit.framework.TestResult$1.protect(TestResult.java:106)
	at junit.framework.TestResult.runProtected(TestResult.java:124)
	at junit.framework.TestResult.run(TestResult.java:109)
	at junit.framework.TestCase.run(TestCase.java:120)
	at junit.framework.TestSuite.runTest(TestSuite.java:230)
	at junit.framework.TestSuite.run(TestSuite.java:225)
	at junit.framework.TestSuite.runTest(TestSuite.java:230)
	at junit.framework.TestSuite.run(TestSuite.java:225)
	at junit.framework.TestSuite.runTest(TestSuite.java:230)
	at junit.framework.TestSuite.run(TestSuite.java:225)
	at sun.reflect.NativeMethodAccessorImpl.invoke0(Native Method)
	at sun.reflect.NativeMethodAccessorImpl.invoke(NativeMethodAccessorImpl.java:62)
	at sun.reflect.DelegatingMethodAccessorImpl.invoke(DelegatingMethodAccessorImpl.java:43)
	at java.lang.reflect.Method.invoke(Method.java:498)
	at org.apache.maven.surefire.junit.JUnitTestSet.execute(JUnitTestSet.java:95)
	at org.apache.maven.surefire.junit.JUnit3Provider.executeTestSet(JUnit3Provider.java:131)
	at org.apache.maven.surefire.junit.JUnit3Provider.invoke(JUnit3Provider.java:108)
	at org.apache.maven.surefire.booter.ForkedBooter.invokeProviderInSameClassLoader(ForkedBooter.java:200)
	at org.apache.maven.surefire.booter.ForkedBooter.runSuitesInProcess(ForkedBooter.java:153)
	at org.apache.maven.surefire.booter.ForkedBooter.main(ForkedBooter.java:103)
</failure>
  </testcase>
  <testcase name="warning" classname="junit.framework.TestSuite$1" time="0">
    <failure message="No tests found in org.joda.time.TestPeriod_Constructors" type="junit.framework.AssertionFailedError">junit.framework.AssertionFailedError: No tests found in org.joda.time.TestPeriod_Constructors
	at junit.framework.Assert.fail(Assert.java:47)
	at junit.framework.TestSuite$1.runTest(TestSuite.java:90)
	at junit.framework.TestCase.runBare(TestCase.java:130)
	at junit.framework.TestResult$1.protect(TestResult.java:106)
	at junit.framework.TestResult.runProtected(TestResult.java:124)
	at junit.framework.TestResult.run(TestResult.java:109)
	at junit.framework.TestCase.run(TestCase.java:120)
	at junit.framework.TestSuite.runTest(TestSuite.java:230)
	at junit.framework.TestSuite.run(TestSuite.java:225)
	at junit.framework.TestSuite.runTest(TestSuite.java:230)
	at junit.framework.TestSuite.run(TestSuite.java:225)
	at junit.framework.TestSuite.runTest(TestSuite.java:230)
	at junit.framework.TestSuite.run(TestSuite.java:225)
	at sun.reflect.NativeMethodAccessorImpl.invoke0(Native Method)
	at sun.reflect.NativeMethodAccessorImpl.invoke(NativeMethodAccessorImpl.java:62)
	at sun.reflect.DelegatingMethodAccessorImpl.invoke(DelegatingMethodAccessorImpl.java:43)
	at java.lang.reflect.Method.invoke(Method.java:498)
	at org.apache.maven.surefire.junit.JUnitTestSet.execute(JUnitTestSet.java:95)
	at org.apache.maven.surefire.junit.JUnit3Provider.executeTestSet(JUnit3Provider.java:131)
	at org.apache.maven.surefire.junit.JUnit3Provider.invoke(JUnit3Provider.java:108)
	at org.apache.maven.surefire.booter.ForkedBooter.invokeProviderInSameClassLoader(ForkedBooter.java:200)
	at org.apache.maven.surefire.booter.ForkedBooter.runSuitesInProcess(ForkedBooter.java:153)
	at org.apache.maven.surefire.booter.ForkedBooter.main(ForkedBooter.java:103)
</failure>
  </testcase>
  <testcase name="testMonths743" classname="org.joda.time.TestPeriod_Basics" time="0.012">
    <failure message="expected:&lt;[1]&gt; but was:&lt;[P1M]&gt;" type="junit.framework.ComparisonFailure"><![CDATA[junit.framework.ComparisonFailure: expected:<[1]> but was:<[P1M]>
	at junit.framework.Assert.assertEquals(Assert.java:81)
	at junit.framework.Assert.assertEquals(Assert.java:87)
	at org.joda.time.TestPeriod_Basics.__CLR4_4_1dd82eghzi(TestPeriod_Basics.java:111)
	at org.joda.time.TestPeriod_Basics.testMonths743(TestPeriod_Basics.java:111)
]]></failure>
  </testcase>
  <testcase name="testWeeks750" classname="org.joda.time.TestPeriod_Basics" time="0.002">
    <failure message="expected:&lt;[1m]&gt; but was:&lt;[P1W]&gt;" type="junit.framework.ComparisonFailure"><![CDATA[junit.framework.ComparisonFailure: expected:<[1m]> but was:<[P1W]>
	at junit.framework.Assert.assertEquals(Assert.java:81)
	at junit.framework.Assert.assertEquals(Assert.java:87)
	at org.joda.time.TestPeriod_Basics.__CLR4_4_13vkwz8hzx(TestPeriod_Basics.java:114)
	at org.joda.time.TestPeriod_Basics.testWeeks750(TestPeriod_Basics.java:114)
]]></failure>
  </testcase>
  <testcase name="testYears757" classname="org.joda.time.TestPeriod_Basics" time="0.002">
    <failure message="expected:&lt;[1]&gt; but was:&lt;[P1Y]&gt;" type="junit.framework.ComparisonFailure"><![CDATA[junit.framework.ComparisonFailure: expected:<[1]> but was:<[P1Y]>
	at junit.framework.Assert.assertEquals(Assert.java:81)
	at junit.framework.Assert.assertEquals(Assert.java:87)
	at org.joda.time.TestPeriod_Basics.__CLR4_4_19p23voi0c(TestPeriod_Basics.java:115)
	at org.joda.time.TestPeriod_Basics.testYears757(TestPeriod_Basics.java:115)
]]></failure>
  </testcase>
  <testcase name="testDifferenceAsLong1363" classname="org.joda.time.TestMutablePeriod_Constructors" time="0"/>
  <testcase name="warning" classname="junit.framework.TestSuite$1" time="0.001">
    <failure message="No tests found in org.joda.time.TestMutablePeriod_Basics" type="junit.framework.AssertionFailedError">junit.framework.AssertionFailedError: No tests found in org.joda.time.TestMutablePeriod_Basics
	at junit.framework.Assert.fail(Assert.java:47)
	at junit.framework.TestSuite$1.runTest(TestSuite.java:90)
	at junit.framework.TestCase.runBare(TestCase.java:130)
	at junit.framework.TestResult$1.protect(TestResult.java:106)
	at junit.framework.TestResult.runProtected(TestResult.java:124)
	at junit.framework.TestResult.run(TestResult.java:109)
	at junit.framework.TestCase.run(TestCase.java:120)
	at junit.framework.TestSuite.runTest(TestSuite.java:230)
	at junit.framework.TestSuite.run(TestSuite.java:225)
	at junit.framework.TestSuite.runTest(TestSuite.java:230)
	at junit.framework.TestSuite.run(TestSuite.java:225)
	at junit.framework.TestSuite.runTest(TestSuite.java:230)
	at junit.framework.TestSuite.run(TestSuite.java:225)
	at sun.reflect.NativeMethodAccessorImpl.invoke0(Native Method)
	at sun.reflect.NativeMethodAccessorImpl.invoke(NativeMethodAccessorImpl.java:62)
	at sun.reflect.DelegatingMethodAccessorImpl.invoke(DelegatingMethodAccessorImpl.java:43)
	at java.lang.reflect.Method.invoke(Method.java:498)
	at org.apache.maven.surefire.junit.JUnitTestSet.execute(JUnitTestSet.java:95)
	at org.apache.maven.surefire.junit.JUnit3Provider.executeTestSet(JUnit3Provider.java:131)
	at org.apache.maven.surefire.junit.JUnit3Provider.invoke(JUnit3Provider.java:108)
	at org.apache.maven.surefire.booter.ForkedBooter.invokeProviderInSameClassLoader(ForkedBooter.java:200)
	at org.apache.maven.surefire.booter.ForkedBooter.runSuitesInProcess(ForkedBooter.java:153)
	at org.apache.maven.surefire.booter.ForkedBooter.main(ForkedBooter.java:103)
</failure>
  </testcase>
  <testcase name="warning" classname="junit.framework.TestSuite$1" time="0">
    <failure message="No tests found in org.joda.time.TestMutablePeriod_Updates" type="junit.framework.AssertionFailedError">junit.framework.AssertionFailedError: No tests found in org.joda.time.TestMutablePeriod_Updates
	at junit.framework.Assert.fail(Assert.java:47)
	at junit.framework.TestSuite$1.runTest(TestSuite.java:90)
	at junit.framework.TestCase.runBare(TestCase.java:130)
	at junit.framework.TestResult$1.protect(TestResult.java:106)
	at junit.framework.TestResult.runProtected(TestResult.java:124)
	at junit.framework.TestResult.run(TestResult.java:109)
	at junit.framework.TestCase.run(TestCase.java:120)
	at junit.framework.TestSuite.runTest(TestSuite.java:230)
	at junit.framework.TestSuite.run(TestSuite.java:225)
	at junit.framework.TestSuite.runTest(TestSuite.java:230)
	at junit.framework.TestSuite.run(TestSuite.java:225)
	at junit.framework.TestSuite.runTest(TestSuite.java:230)
	at junit.framework.TestSuite.run(TestSuite.java:225)
	at sun.reflect.NativeMethodAccessorImpl.invoke0(Native Method)
	at sun.reflect.NativeMethodAccessorImpl.invoke(NativeMethodAccessorImpl.java:62)
	at sun.reflect.DelegatingMethodAccessorImpl.invoke(DelegatingMethodAccessorImpl.java:43)
	at java.lang.reflect.Method.invoke(Method.java:498)
	at org.apache.maven.surefire.junit.JUnitTestSet.execute(JUnitTestSet.java:95)
	at org.apache.maven.surefire.junit.JUnit3Provider.executeTestSet(JUnit3Provider.java:131)
	at org.apache.maven.surefire.junit.JUnit3Provider.invoke(JUnit3Provider.java:108)
	at org.apache.maven.surefire.booter.ForkedBooter.invokeProviderInSameClassLoader(ForkedBooter.java:200)
	at org.apache.maven.surefire.booter.ForkedBooter.runSuitesInProcess(ForkedBooter.java:153)
	at org.apache.maven.surefire.booter.ForkedBooter.main(ForkedBooter.java:103)
</failure>
  </testcase>
  <testcase name="warning" classname="junit.framework.TestSuite$1" time="0">
    <failure message="No tests found in org.joda.time.TestBaseSingleFieldPeriod" type="junit.framework.AssertionFailedError">junit.framework.AssertionFailedError: No tests found in org.joda.time.TestBaseSingleFieldPeriod
	at junit.framework.Assert.fail(Assert.java:47)
	at junit.framework.TestSuite$1.runTest(TestSuite.java:90)
	at junit.framework.TestCase.runBare(TestCase.java:130)
	at junit.framework.TestResult$1.protect(TestResult.java:106)
	at junit.framework.TestResult.runProtected(TestResult.java:124)
	at junit.framework.TestResult.run(TestResult.java:109)
	at junit.framework.TestCase.run(TestCase.java:120)
	at junit.framework.TestSuite.runTest(TestSuite.java:230)
	at junit.framework.TestSuite.run(TestSuite.java:225)
	at junit.framework.TestSuite.runTest(TestSuite.java:230)
	at junit.framework.TestSuite.run(TestSuite.java:225)
	at junit.framework.TestSuite.runTest(TestSuite.java:230)
	at junit.framework.TestSuite.run(TestSuite.java:225)
	at sun.reflect.NativeMethodAccessorImpl.invoke0(Native Method)
	at sun.reflect.NativeMethodAccessorImpl.invoke(NativeMethodAccessorImpl.java:62)
	at sun.reflect.DelegatingMethodAccessorImpl.invoke(DelegatingMethodAccessorImpl.java:43)
	at java.lang.reflect.Method.invoke(Method.java:498)
	at org.apache.maven.surefire.junit.JUnitTestSet.execute(JUnitTestSet.java:95)
	at org.apache.maven.surefire.junit.JUnit3Provider.executeTestSet(JUnit3Provider.java:131)
	at org.apache.maven.surefire.junit.JUnit3Provider.invoke(JUnit3Provider.java:108)
	at org.apache.maven.surefire.booter.ForkedBooter.invokeProviderInSameClassLoader(ForkedBooter.java:200)
	at org.apache.maven.surefire.booter.ForkedBooter.runSuitesInProcess(ForkedBooter.java:153)
	at org.apache.maven.surefire.booter.ForkedBooter.main(ForkedBooter.java:103)
</failure>
  </testcase>
  <testcase name="warning" classname="junit.framework.TestSuite$1" time="0.001">
    <failure message="No tests found in org.joda.time.TestYears" type="junit.framework.AssertionFailedError">junit.framework.AssertionFailedError: No tests found in org.joda.time.TestYears
	at junit.framework.Assert.fail(Assert.java:47)
	at junit.framework.TestSuite$1.runTest(TestSuite.java:90)
	at junit.framework.TestCase.runBare(TestCase.java:130)
	at junit.framework.TestResult$1.protect(TestResult.java:106)
	at junit.framework.TestResult.runProtected(TestResult.java:124)
	at junit.framework.TestResult.run(TestResult.java:109)
	at junit.framework.TestCase.run(TestCase.java:120)
	at junit.framework.TestSuite.runTest(TestSuite.java:230)
	at junit.framework.TestSuite.run(TestSuite.java:225)
	at junit.framework.TestSuite.runTest(TestSuite.java:230)
	at junit.framework.TestSuite.run(TestSuite.java:225)
	at junit.framework.TestSuite.runTest(TestSuite.java:230)
	at junit.framework.TestSuite.run(TestSuite.java:225)
	at sun.reflect.NativeMethodAccessorImpl.invoke0(Native Method)
	at sun.reflect.NativeMethodAccessorImpl.invoke(NativeMethodAccessorImpl.java:62)
	at sun.reflect.DelegatingMethodAccessorImpl.invoke(DelegatingMethodAccessorImpl.java:43)
	at java.lang.reflect.Method.invoke(Method.java:498)
	at org.apache.maven.surefire.junit.JUnitTestSet.execute(JUnitTestSet.java:95)
	at org.apache.maven.surefire.junit.JUnit3Provider.executeTestSet(JUnit3Provider.java:131)
	at org.apache.maven.surefire.junit.JUnit3Provider.invoke(JUnit3Provider.java:108)
	at org.apache.maven.surefire.booter.ForkedBooter.invokeProviderInSameClassLoader(ForkedBooter.java:200)
	at org.apache.maven.surefire.booter.ForkedBooter.runSuitesInProcess(ForkedBooter.java:153)
	at org.apache.maven.surefire.booter.ForkedBooter.main(ForkedBooter.java:103)
</failure>
  </testcase>
  <testcase name="warning" classname="junit.framework.TestSuite$1" time="0">
    <failure message="No tests found in org.joda.time.TestMonths" type="junit.framework.AssertionFailedError">junit.framework.AssertionFailedError: No tests found in org.joda.time.TestMonths
	at junit.framework.Assert.fail(Assert.java:47)
	at junit.framework.TestSuite$1.runTest(TestSuite.java:90)
	at junit.framework.TestCase.runBare(TestCase.java:130)
	at junit.framework.TestResult$1.protect(TestResult.java:106)
	at junit.framework.TestResult.runProtected(TestResult.java:124)
	at junit.framework.TestResult.run(TestResult.java:109)
	at junit.framework.TestCase.run(TestCase.java:120)
	at junit.framework.TestSuite.runTest(TestSuite.java:230)
	at junit.framework.TestSuite.run(TestSuite.java:225)
	at junit.framework.TestSuite.runTest(TestSuite.java:230)
	at junit.framework.TestSuite.run(TestSuite.java:225)
	at junit.framework.TestSuite.runTest(TestSuite.java:230)
	at junit.framework.TestSuite.run(TestSuite.java:225)
	at sun.reflect.NativeMethodAccessorImpl.invoke0(Native Method)
	at sun.reflect.NativeMethodAccessorImpl.invoke(NativeMethodAccessorImpl.java:62)
	at sun.reflect.DelegatingMethodAccessorImpl.invoke(DelegatingMethodAccessorImpl.java:43)
	at java.lang.reflect.Method.invoke(Method.java:498)
	at org.apache.maven.surefire.junit.JUnitTestSet.execute(JUnitTestSet.java:95)
	at org.apache.maven.surefire.junit.JUnit3Provider.executeTestSet(JUnit3Provider.java:131)
	at org.apache.maven.surefire.junit.JUnit3Provider.invoke(JUnit3Provider.java:108)
	at org.apache.maven.surefire.booter.ForkedBooter.invokeProviderInSameClassLoader(ForkedBooter.java:200)
	at org.apache.maven.surefire.booter.ForkedBooter.runSuitesInProcess(ForkedBooter.java:153)
	at org.apache.maven.surefire.booter.ForkedBooter.main(ForkedBooter.java:103)
</failure>
  </testcase>
  <testcase name="testGetPeriodType1357" classname="org.joda.time.TestWeeks" time="0.001"/>
  <testcase name="warning" classname="junit.framework.TestSuite$1" time="0">
    <failure message="No tests found in org.joda.time.TestDays" type="junit.framework.AssertionFailedError">junit.framework.AssertionFailedError: No tests found in org.joda.time.TestDays
	at junit.framework.Assert.fail(Assert.java:47)
	at junit.framework.TestSuite$1.runTest(TestSuite.java:90)
	at junit.framework.TestCase.runBare(TestCase.java:130)
	at junit.framework.TestResult$1.protect(TestResult.java:106)
	at junit.framework.TestResult.runProtected(TestResult.java:124)
	at junit.framework.TestResult.run(TestResult.java:109)
	at junit.framework.TestCase.run(TestCase.java:120)
	at junit.framework.TestSuite.runTest(TestSuite.java:230)
	at junit.framework.TestSuite.run(TestSuite.java:225)
	at junit.framework.TestSuite.runTest(TestSuite.java:230)
	at junit.framework.TestSuite.run(TestSuite.java:225)
	at junit.framework.TestSuite.runTest(TestSuite.java:230)
	at junit.framework.TestSuite.run(TestSuite.java:225)
	at sun.reflect.NativeMethodAccessorImpl.invoke0(Native Method)
	at sun.reflect.NativeMethodAccessorImpl.invoke(NativeMethodAccessorImpl.java:62)
	at sun.reflect.DelegatingMethodAccessorImpl.invoke(DelegatingMethodAccessorImpl.java:43)
	at java.lang.reflect.Method.invoke(Method.java:498)
	at org.apache.maven.surefire.junit.JUnitTestSet.execute(JUnitTestSet.java:95)
	at org.apache.maven.surefire.junit.JUnit3Provider.executeTestSet(JUnit3Provider.java:131)
	at org.apache.maven.surefire.junit.JUnit3Provider.invoke(JUnit3Provider.java:108)
	at org.apache.maven.surefire.booter.ForkedBooter.invokeProviderInSameClassLoader(ForkedBooter.java:200)
	at org.apache.maven.surefire.booter.ForkedBooter.runSuitesInProcess(ForkedBooter.java:153)
	at org.apache.maven.surefire.booter.ForkedBooter.main(ForkedBooter.java:103)
</failure>
  </testcase>
  <testcase name="warning" classname="junit.framework.TestSuite$1" time="0.001">
    <failure message="No tests found in org.joda.time.TestHours" type="junit.framework.AssertionFailedError">junit.framework.AssertionFailedError: No tests found in org.joda.time.TestHours
	at junit.framework.Assert.fail(Assert.java:47)
	at junit.framework.TestSuite$1.runTest(TestSuite.java:90)
	at junit.framework.TestCase.runBare(TestCase.java:130)
	at junit.framework.TestResult$1.protect(TestResult.java:106)
	at junit.framework.TestResult.runProtected(TestResult.java:124)
	at junit.framework.TestResult.run(TestResult.java:109)
	at junit.framework.TestCase.run(TestCase.java:120)
	at junit.framework.TestSuite.runTest(TestSuite.java:230)
	at junit.framework.TestSuite.run(TestSuite.java:225)
	at junit.framework.TestSuite.runTest(TestSuite.java:230)
	at junit.framework.TestSuite.run(TestSuite.java:225)
	at junit.framework.TestSuite.runTest(TestSuite.java:230)
	at junit.framework.TestSuite.run(TestSuite.java:225)
	at sun.reflect.NativeMethodAccessorImpl.invoke0(Native Method)
	at sun.reflect.NativeMethodAccessorImpl.invoke(NativeMethodAccessorImpl.java:62)
	at sun.reflect.DelegatingMethodAccessorImpl.invoke(DelegatingMethodAccessorImpl.java:43)
	at java.lang.reflect.Method.invoke(Method.java:498)
	at org.apache.maven.surefire.junit.JUnitTestSet.execute(JUnitTestSet.java:95)
	at org.apache.maven.surefire.junit.JUnit3Provider.executeTestSet(JUnit3Provider.java:131)
	at org.apache.maven.surefire.junit.JUnit3Provider.invoke(JUnit3Provider.java:108)
	at org.apache.maven.surefire.booter.ForkedBooter.invokeProviderInSameClassLoader(ForkedBooter.java:200)
	at org.apache.maven.surefire.booter.ForkedBooter.runSuitesInProcess(ForkedBooter.java:153)
	at org.apache.maven.surefire.booter.ForkedBooter.main(ForkedBooter.java:103)
</failure>
  </testcase>
  <testcase name="warning" classname="junit.framework.TestSuite$1" time="0">
    <failure message="No tests found in org.joda.time.TestMinutes" type="junit.framework.AssertionFailedError">junit.framework.AssertionFailedError: No tests found in org.joda.time.TestMinutes
	at junit.framework.Assert.fail(Assert.java:47)
	at junit.framework.TestSuite$1.runTest(TestSuite.java:90)
	at junit.framework.TestCase.runBare(TestCase.java:130)
	at junit.framework.TestResult$1.protect(TestResult.java:106)
	at junit.framework.TestResult.runProtected(TestResult.java:124)
	at junit.framework.TestResult.run(TestResult.java:109)
	at junit.framework.TestCase.run(TestCase.java:120)
	at junit.framework.TestSuite.runTest(TestSuite.java:230)
	at junit.framework.TestSuite.run(TestSuite.java:225)
	at junit.framework.TestSuite.runTest(TestSuite.java:230)
	at junit.framework.TestSuite.run(TestSuite.java:225)
	at junit.framework.TestSuite.runTest(TestSuite.java:230)
	at junit.framework.TestSuite.run(TestSuite.java:225)
	at sun.reflect.NativeMethodAccessorImpl.invoke0(Native Method)
	at sun.reflect.NativeMethodAccessorImpl.invoke(NativeMethodAccessorImpl.java:62)
	at sun.reflect.DelegatingMethodAccessorImpl.invoke(DelegatingMethodAccessorImpl.java:43)
	at java.lang.reflect.Method.invoke(Method.java:498)
	at org.apache.maven.surefire.junit.JUnitTestSet.execute(JUnitTestSet.java:95)
	at org.apache.maven.surefire.junit.JUnit3Provider.executeTestSet(JUnit3Provider.java:131)
	at org.apache.maven.surefire.junit.JUnit3Provider.invoke(JUnit3Provider.java:108)
	at org.apache.maven.surefire.booter.ForkedBooter.invokeProviderInSameClassLoader(ForkedBooter.java:200)
	at org.apache.maven.surefire.booter.ForkedBooter.runSuitesInProcess(ForkedBooter.java:153)
	at org.apache.maven.surefire.booter.ForkedBooter.main(ForkedBooter.java:103)
</failure>
  </testcase>
  <testcase name="warning" classname="junit.framework.TestSuite$1" time="0.001">
    <failure message="No tests found in org.joda.time.TestSeconds" type="junit.framework.AssertionFailedError">junit.framework.AssertionFailedError: No tests found in org.joda.time.TestSeconds
	at junit.framework.Assert.fail(Assert.java:47)
	at junit.framework.TestSuite$1.runTest(TestSuite.java:90)
	at junit.framework.TestCase.runBare(TestCase.java:130)
	at junit.framework.TestResult$1.protect(TestResult.java:106)
	at junit.framework.TestResult.runProtected(TestResult.java:124)
	at junit.framework.TestResult.run(TestResult.java:109)
	at junit.framework.TestCase.run(TestCase.java:120)
	at junit.framework.TestSuite.runTest(TestSuite.java:230)
	at junit.framework.TestSuite.run(TestSuite.java:225)
	at junit.framework.TestSuite.runTest(TestSuite.java:230)
	at junit.framework.TestSuite.run(TestSuite.java:225)
	at junit.framework.TestSuite.runTest(TestSuite.java:230)
	at junit.framework.TestSuite.run(TestSuite.java:225)
	at sun.reflect.NativeMethodAccessorImpl.invoke0(Native Method)
	at sun.reflect.NativeMethodAccessorImpl.invoke(NativeMethodAccessorImpl.java:62)
	at sun.reflect.DelegatingMethodAccessorImpl.invoke(DelegatingMethodAccessorImpl.java:43)
	at java.lang.reflect.Method.invoke(Method.java:498)
	at org.apache.maven.surefire.junit.JUnitTestSet.execute(JUnitTestSet.java:95)
	at org.apache.maven.surefire.junit.JUnit3Provider.executeTestSet(JUnit3Provider.java:131)
	at org.apache.maven.surefire.junit.JUnit3Provider.invoke(JUnit3Provider.java:108)
	at org.apache.maven.surefire.booter.ForkedBooter.invokeProviderInSameClassLoader(ForkedBooter.java:200)
	at org.apache.maven.surefire.booter.ForkedBooter.runSuitesInProcess(ForkedBooter.java:153)
	at org.apache.maven.surefire.booter.ForkedBooter.main(ForkedBooter.java:103)
</failure>
  </testcase>
  <testcase name="testLinkedDurationField974" classname="org.joda.time.TestTimeOfDay_Basics" time="0"/>
  <testcase name="warning" classname="junit.framework.TestSuite$1" time="0.001">
    <failure message="No tests found in org.joda.time.TestTimeOfDay_Constructors" type="junit.framework.AssertionFailedError">junit.framework.AssertionFailedError: No tests found in org.joda.time.TestTimeOfDay_Constructors
	at junit.framework.Assert.fail(Assert.java:47)
	at junit.framework.TestSuite$1.runTest(TestSuite.java:90)
	at junit.framework.TestCase.runBare(TestCase.java:130)
	at junit.framework.TestResult$1.protect(TestResult.java:106)
	at junit.framework.TestResult.runProtected(TestResult.java:124)
	at junit.framework.TestResult.run(TestResult.java:109)
	at junit.framework.TestCase.run(TestCase.java:120)
	at junit.framework.TestSuite.runTest(TestSuite.java:230)
	at junit.framework.TestSuite.run(TestSuite.java:225)
	at junit.framework.TestSuite.runTest(TestSuite.java:230)
	at junit.framework.TestSuite.run(TestSuite.java:225)
	at junit.framework.TestSuite.runTest(TestSuite.java:230)
	at junit.framework.TestSuite.run(TestSuite.java:225)
	at sun.reflect.NativeMethodAccessorImpl.invoke0(Native Method)
	at sun.reflect.NativeMethodAccessorImpl.invoke(NativeMethodAccessorImpl.java:62)
	at sun.reflect.DelegatingMethodAccessorImpl.invoke(DelegatingMethodAccessorImpl.java:43)
	at java.lang.reflect.Method.invoke(Method.java:498)
	at org.apache.maven.surefire.junit.JUnitTestSet.execute(JUnitTestSet.java:95)
	at org.apache.maven.surefire.junit.JUnit3Provider.executeTestSet(JUnit3Provider.java:131)
	at org.apache.maven.surefire.junit.JUnit3Provider.invoke(JUnit3Provider.java:108)
	at org.apache.maven.surefire.booter.ForkedBooter.invokeProviderInSameClassLoader(ForkedBooter.java:200)
	at org.apache.maven.surefire.booter.ForkedBooter.runSuitesInProcess(ForkedBooter.java:153)
	at org.apache.maven.surefire.booter.ForkedBooter.main(ForkedBooter.java:103)
</failure>
  </testcase>
  <testcase name="warning" classname="junit.framework.TestSuite$1" time="0">
    <failure message="No tests found in org.joda.time.TestTimeOfDay_Properties" type="junit.framework.AssertionFailedError">junit.framework.AssertionFailedError: No tests found in org.joda.time.TestTimeOfDay_Properties
	at junit.framework.Assert.fail(Assert.java:47)
	at junit.framework.TestSuite$1.runTest(TestSuite.java:90)
	at junit.framework.TestCase.runBare(TestCase.java:130)
	at junit.framework.TestResult$1.protect(TestResult.java:106)
	at junit.framework.TestResult.runProtected(TestResult.java:124)
	at junit.framework.TestResult.run(TestResult.java:109)
	at junit.framework.TestCase.run(TestCase.java:120)
	at junit.framework.TestSuite.runTest(TestSuite.java:230)
	at junit.framework.TestSuite.run(TestSuite.java:225)
	at junit.framework.TestSuite.runTest(TestSuite.java:230)
	at junit.framework.TestSuite.run(TestSuite.java:225)
	at junit.framework.TestSuite.runTest(TestSuite.java:230)
	at junit.framework.TestSuite.run(TestSuite.java:225)
	at sun.reflect.NativeMethodAccessorImpl.invoke0(Native Method)
	at sun.reflect.NativeMethodAccessorImpl.invoke(NativeMethodAccessorImpl.java:62)
	at sun.reflect.DelegatingMethodAccessorImpl.invoke(DelegatingMethodAccessorImpl.java:43)
	at java.lang.reflect.Method.invoke(Method.java:498)
	at org.apache.maven.surefire.junit.JUnitTestSet.execute(JUnitTestSet.java:95)
	at org.apache.maven.surefire.junit.JUnit3Provider.executeTestSet(JUnit3Provider.java:131)
	at org.apache.maven.surefire.junit.JUnit3Provider.invoke(JUnit3Provider.java:108)
	at org.apache.maven.surefire.booter.ForkedBooter.invokeProviderInSameClassLoader(ForkedBooter.java:200)
	at org.apache.maven.surefire.booter.ForkedBooter.runSuitesInProcess(ForkedBooter.java:153)
	at org.apache.maven.surefire.booter.ForkedBooter.main(ForkedBooter.java:103)
</failure>
  </testcase>
  <testcase name="testMinus155" classname="org.joda.time.TestYearMonthDay_Basics" time="0.004"/>
  <testcase name="warning" classname="junit.framework.TestSuite$1" time="0">
    <failure message="No tests found in org.joda.time.TestYearMonthDay_Constructors" type="junit.framework.AssertionFailedError">junit.framework.AssertionFailedError: No tests found in org.joda.time.TestYearMonthDay_Constructors
	at junit.framework.Assert.fail(Assert.java:47)
	at junit.framework.TestSuite$1.runTest(TestSuite.java:90)
	at junit.framework.TestCase.runBare(TestCase.java:130)
	at junit.framework.TestResult$1.protect(TestResult.java:106)
	at junit.framework.TestResult.runProtected(TestResult.java:124)
	at junit.framework.TestResult.run(TestResult.java:109)
	at junit.framework.TestCase.run(TestCase.java:120)
	at junit.framework.TestSuite.runTest(TestSuite.java:230)
	at junit.framework.TestSuite.run(TestSuite.java:225)
	at junit.framework.TestSuite.runTest(TestSuite.java:230)
	at junit.framework.TestSuite.run(TestSuite.java:225)
	at junit.framework.TestSuite.runTest(TestSuite.java:230)
	at junit.framework.TestSuite.run(TestSuite.java:225)
	at sun.reflect.NativeMethodAccessorImpl.invoke0(Native Method)
	at sun.reflect.NativeMethodAccessorImpl.invoke(NativeMethodAccessorImpl.java:62)
	at sun.reflect.DelegatingMethodAccessorImpl.invoke(DelegatingMethodAccessorImpl.java:43)
	at java.lang.reflect.Method.invoke(Method.java:498)
	at org.apache.maven.surefire.junit.JUnitTestSet.execute(JUnitTestSet.java:95)
	at org.apache.maven.surefire.junit.JUnit3Provider.executeTestSet(JUnit3Provider.java:131)
	at org.apache.maven.surefire.junit.JUnit3Provider.invoke(JUnit3Provider.java:108)
	at org.apache.maven.surefire.booter.ForkedBooter.invokeProviderInSameClassLoader(ForkedBooter.java:200)
	at org.apache.maven.surefire.booter.ForkedBooter.runSuitesInProcess(ForkedBooter.java:153)
	at org.apache.maven.surefire.booter.ForkedBooter.main(ForkedBooter.java:103)
</failure>
  </testcase>
  <testcase name="warning" classname="junit.framework.TestSuite$1" time="0.001">
    <failure message="No tests found in org.joda.time.TestYearMonthDay_Properties" type="junit.framework.AssertionFailedError">junit.framework.AssertionFailedError: No tests found in org.joda.time.TestYearMonthDay_Properties
	at junit.framework.Assert.fail(Assert.java:47)
	at junit.framework.TestSuite$1.runTest(TestSuite.java:90)
	at junit.framework.TestCase.runBare(TestCase.java:130)
	at junit.framework.TestResult$1.protect(TestResult.java:106)
	at junit.framework.TestResult.runProtected(TestResult.java:124)
	at junit.framework.TestResult.run(TestResult.java:109)
	at junit.framework.TestCase.run(TestCase.java:120)
	at junit.framework.TestSuite.runTest(TestSuite.java:230)
	at junit.framework.TestSuite.run(TestSuite.java:225)
	at junit.framework.TestSuite.runTest(TestSuite.java:230)
	at junit.framework.TestSuite.run(TestSuite.java:225)
	at junit.framework.TestSuite.runTest(TestSuite.java:230)
	at junit.framework.TestSuite.run(TestSuite.java:225)
	at sun.reflect.NativeMethodAccessorImpl.invoke0(Native Method)
	at sun.reflect.NativeMethodAccessorImpl.invoke(NativeMethodAccessorImpl.java:62)
	at sun.reflect.DelegatingMethodAccessorImpl.invoke(DelegatingMethodAccessorImpl.java:43)
	at java.lang.reflect.Method.invoke(Method.java:498)
	at org.apache.maven.surefire.junit.JUnitTestSet.execute(JUnitTestSet.java:95)
	at org.apache.maven.surefire.junit.JUnit3Provider.executeTestSet(JUnit3Provider.java:131)
	at org.apache.maven.surefire.junit.JUnit3Provider.invoke(JUnit3Provider.java:108)
	at org.apache.maven.surefire.booter.ForkedBooter.invokeProviderInSameClassLoader(ForkedBooter.java:200)
	at org.apache.maven.surefire.booter.ForkedBooter.runSuitesInProcess(ForkedBooter.java:153)
	at org.apache.maven.surefire.booter.ForkedBooter.main(ForkedBooter.java:103)
</failure>
  </testcase>
  <testcase name="warning" classname="junit.framework.TestSuite$1" time="0">
    <failure message="No tests found in org.joda.time.TestYearMonth_Basics" type="junit.framework.AssertionFailedError">junit.framework.AssertionFailedError: No tests found in org.joda.time.TestYearMonth_Basics
	at junit.framework.Assert.fail(Assert.java:47)
	at junit.framework.TestSuite$1.runTest(TestSuite.java:90)
	at junit.framework.TestCase.runBare(TestCase.java:130)
	at junit.framework.TestResult$1.protect(TestResult.java:106)
	at junit.framework.TestResult.runProtected(TestResult.java:124)
	at junit.framework.TestResult.run(TestResult.java:109)
	at junit.framework.TestCase.run(TestCase.java:120)
	at junit.framework.TestSuite.runTest(TestSuite.java:230)
	at junit.framework.TestSuite.run(TestSuite.java:225)
	at junit.framework.TestSuite.runTest(TestSuite.java:230)
	at junit.framework.TestSuite.run(TestSuite.java:225)
	at junit.framework.TestSuite.runTest(TestSuite.java:230)
	at junit.framework.TestSuite.run(TestSuite.java:225)
	at sun.reflect.NativeMethodAccessorImpl.invoke0(Native Method)
	at sun.reflect.NativeMethodAccessorImpl.invoke(NativeMethodAccessorImpl.java:62)
	at sun.reflect.DelegatingMethodAccessorImpl.invoke(DelegatingMethodAccessorImpl.java:43)
	at java.lang.reflect.Method.invoke(Method.java:498)
	at org.apache.maven.surefire.junit.JUnitTestSet.execute(JUnitTestSet.java:95)
	at org.apache.maven.surefire.junit.JUnit3Provider.executeTestSet(JUnit3Provider.java:131)
	at org.apache.maven.surefire.junit.JUnit3Provider.invoke(JUnit3Provider.java:108)
	at org.apache.maven.surefire.booter.ForkedBooter.invokeProviderInSameClassLoader(ForkedBooter.java:200)
	at org.apache.maven.surefire.booter.ForkedBooter.runSuitesInProcess(ForkedBooter.java:153)
	at org.apache.maven.surefire.booter.ForkedBooter.main(ForkedBooter.java:103)
</failure>
  </testcase>
  <testcase name="warning" classname="junit.framework.TestSuite$1" time="0.001">
    <failure message="No tests found in org.joda.time.TestYearMonth_Constructors" type="junit.framework.AssertionFailedError">junit.framework.AssertionFailedError: No tests found in org.joda.time.TestYearMonth_Constructors
	at junit.framework.Assert.fail(Assert.java:47)
	at junit.framework.TestSuite$1.runTest(TestSuite.java:90)
	at junit.framework.TestCase.runBare(TestCase.java:130)
	at junit.framework.TestResult$1.protect(TestResult.java:106)
	at junit.framework.TestResult.runProtected(TestResult.java:124)
	at junit.framework.TestResult.run(TestResult.java:109)
	at junit.framework.TestCase.run(TestCase.java:120)
	at junit.framework.TestSuite.runTest(TestSuite.java:230)
	at junit.framework.TestSuite.run(TestSuite.java:225)
	at junit.framework.TestSuite.runTest(TestSuite.java:230)
	at junit.framework.TestSuite.run(TestSuite.java:225)
	at junit.framework.TestSuite.runTest(TestSuite.java:230)
	at junit.framework.TestSuite.run(TestSuite.java:225)
	at sun.reflect.NativeMethodAccessorImpl.invoke0(Native Method)
	at sun.reflect.NativeMethodAccessorImpl.invoke(NativeMethodAccessorImpl.java:62)
	at sun.reflect.DelegatingMethodAccessorImpl.invoke(DelegatingMethodAccessorImpl.java:43)
	at java.lang.reflect.Method.invoke(Method.java:498)
	at org.apache.maven.surefire.junit.JUnitTestSet.execute(JUnitTestSet.java:95)
	at org.apache.maven.surefire.junit.JUnit3Provider.executeTestSet(JUnit3Provider.java:131)
	at org.apache.maven.surefire.junit.JUnit3Provider.invoke(JUnit3Provider.java:108)
	at org.apache.maven.surefire.booter.ForkedBooter.invokeProviderInSameClassLoader(ForkedBooter.java:200)
	at org.apache.maven.surefire.booter.ForkedBooter.runSuitesInProcess(ForkedBooter.java:153)
	at org.apache.maven.surefire.booter.ForkedBooter.main(ForkedBooter.java:103)
</failure>
  </testcase>
  <testcase name="warning" classname="junit.framework.TestSuite$1" time="0">
    <failure message="No tests found in org.joda.time.TestYearMonth_Properties" type="junit.framework.AssertionFailedError">junit.framework.AssertionFailedError: No tests found in org.joda.time.TestYearMonth_Properties
	at junit.framework.Assert.fail(Assert.java:47)
	at junit.framework.TestSuite$1.runTest(TestSuite.java:90)
	at junit.framework.TestCase.runBare(TestCase.java:130)
	at junit.framework.TestResult$1.protect(TestResult.java:106)
	at junit.framework.TestResult.runProtected(TestResult.java:124)
	at junit.framework.TestResult.run(TestResult.java:109)
	at junit.framework.TestCase.run(TestCase.java:120)
	at junit.framework.TestSuite.runTest(TestSuite.java:230)
	at junit.framework.TestSuite.run(TestSuite.java:225)
	at junit.framework.TestSuite.runTest(TestSuite.java:230)
	at junit.framework.TestSuite.run(TestSuite.java:225)
	at junit.framework.TestSuite.runTest(TestSuite.java:230)
	at junit.framework.TestSuite.run(TestSuite.java:225)
	at sun.reflect.NativeMethodAccessorImpl.invoke0(Native Method)
	at sun.reflect.NativeMethodAccessorImpl.invoke(NativeMethodAccessorImpl.java:62)
	at sun.reflect.DelegatingMethodAccessorImpl.invoke(DelegatingMethodAccessorImpl.java:43)
	at java.lang.reflect.Method.invoke(Method.java:498)
	at org.apache.maven.surefire.junit.JUnitTestSet.execute(JUnitTestSet.java:95)
	at org.apache.maven.surefire.junit.JUnit3Provider.executeTestSet(JUnit3Provider.java:131)
	at org.apache.maven.surefire.junit.JUnit3Provider.invoke(JUnit3Provider.java:108)
	at org.apache.maven.surefire.booter.ForkedBooter.invokeProviderInSameClassLoader(ForkedBooter.java:200)
	at org.apache.maven.surefire.booter.ForkedBooter.runSuitesInProcess(ForkedBooter.java:153)
	at org.apache.maven.surefire.booter.ForkedBooter.main(ForkedBooter.java:103)
</failure>
  </testcase>
  <testcase name="warning" classname="junit.framework.TestSuite$1" time="0.001">
    <failure message="No tests found in org.joda.time.TestMonthDay_Basics" type="junit.framework.AssertionFailedError">junit.framework.AssertionFailedError: No tests found in org.joda.time.TestMonthDay_Basics
	at junit.framework.Assert.fail(Assert.java:47)
	at junit.framework.TestSuite$1.runTest(TestSuite.java:90)
	at junit.framework.TestCase.runBare(TestCase.java:130)
	at junit.framework.TestResult$1.protect(TestResult.java:106)
	at junit.framework.TestResult.runProtected(TestResult.java:124)
	at junit.framework.TestResult.run(TestResult.java:109)
	at junit.framework.TestCase.run(TestCase.java:120)
	at junit.framework.TestSuite.runTest(TestSuite.java:230)
	at junit.framework.TestSuite.run(TestSuite.java:225)
	at junit.framework.TestSuite.runTest(TestSuite.java:230)
	at junit.framework.TestSuite.run(TestSuite.java:225)
	at junit.framework.TestSuite.runTest(TestSuite.java:230)
	at junit.framework.TestSuite.run(TestSuite.java:225)
	at sun.reflect.NativeMethodAccessorImpl.invoke0(Native Method)
	at sun.reflect.NativeMethodAccessorImpl.invoke(NativeMethodAccessorImpl.java:62)
	at sun.reflect.DelegatingMethodAccessorImpl.invoke(DelegatingMethodAccessorImpl.java:43)
	at java.lang.reflect.Method.invoke(Method.java:498)
	at org.apache.maven.surefire.junit.JUnitTestSet.execute(JUnitTestSet.java:95)
	at org.apache.maven.surefire.junit.JUnit3Provider.executeTestSet(JUnit3Provider.java:131)
	at org.apache.maven.surefire.junit.JUnit3Provider.invoke(JUnit3Provider.java:108)
	at org.apache.maven.surefire.booter.ForkedBooter.invokeProviderInSameClassLoader(ForkedBooter.java:200)
	at org.apache.maven.surefire.booter.ForkedBooter.runSuitesInProcess(ForkedBooter.java:153)
	at org.apache.maven.surefire.booter.ForkedBooter.main(ForkedBooter.java:103)
</failure>
  </testcase>
  <testcase name="warning" classname="junit.framework.TestSuite$1" time="0">
    <failure message="No tests found in org.joda.time.TestMonthDay_Constructors" type="junit.framework.AssertionFailedError">junit.framework.AssertionFailedError: No tests found in org.joda.time.TestMonthDay_Constructors
	at junit.framework.Assert.fail(Assert.java:47)
	at junit.framework.TestSuite$1.runTest(TestSuite.java:90)
	at junit.framework.TestCase.runBare(TestCase.java:130)
	at junit.framework.TestResult$1.protect(TestResult.java:106)
	at junit.framework.TestResult.runProtected(TestResult.java:124)
	at junit.framework.TestResult.run(TestResult.java:109)
	at junit.framework.TestCase.run(TestCase.java:120)
	at junit.framework.TestSuite.runTest(TestSuite.java:230)
	at junit.framework.TestSuite.run(TestSuite.java:225)
	at junit.framework.TestSuite.runTest(TestSuite.java:230)
	at junit.framework.TestSuite.run(TestSuite.java:225)
	at junit.framework.TestSuite.runTest(TestSuite.java:230)
	at junit.framework.TestSuite.run(TestSuite.java:225)
	at sun.reflect.NativeMethodAccessorImpl.invoke0(Native Method)
	at sun.reflect.NativeMethodAccessorImpl.invoke(NativeMethodAccessorImpl.java:62)
	at sun.reflect.DelegatingMethodAccessorImpl.invoke(DelegatingMethodAccessorImpl.java:43)
	at java.lang.reflect.Method.invoke(Method.java:498)
	at org.apache.maven.surefire.junit.JUnitTestSet.execute(JUnitTestSet.java:95)
	at org.apache.maven.surefire.junit.JUnit3Provider.executeTestSet(JUnit3Provider.java:131)
	at org.apache.maven.surefire.junit.JUnit3Provider.invoke(JUnit3Provider.java:108)
	at org.apache.maven.surefire.booter.ForkedBooter.invokeProviderInSameClassLoader(ForkedBooter.java:200)
	at org.apache.maven.surefire.booter.ForkedBooter.runSuitesInProcess(ForkedBooter.java:153)
	at org.apache.maven.surefire.booter.ForkedBooter.main(ForkedBooter.java:103)
</failure>
  </testcase>
  <testcase name="warning" classname="junit.framework.TestSuite$1" time="0.001">
    <failure message="No tests found in org.joda.time.TestMonthDay_Properties" type="junit.framework.AssertionFailedError">junit.framework.AssertionFailedError: No tests found in org.joda.time.TestMonthDay_Properties
	at junit.framework.Assert.fail(Assert.java:47)
	at junit.framework.TestSuite$1.runTest(TestSuite.java:90)
	at junit.framework.TestCase.runBare(TestCase.java:130)
	at junit.framework.TestResult$1.protect(TestResult.java:106)
	at junit.framework.TestResult.runProtected(TestResult.java:124)
	at junit.framework.TestResult.run(TestResult.java:109)
	at junit.framework.TestCase.run(TestCase.java:120)
	at junit.framework.TestSuite.runTest(TestSuite.java:230)
	at junit.framework.TestSuite.run(TestSuite.java:225)
	at junit.framework.TestSuite.runTest(TestSuite.java:230)
	at junit.framework.TestSuite.run(TestSuite.java:225)
	at junit.framework.TestSuite.runTest(TestSuite.java:230)
	at junit.framework.TestSuite.run(TestSuite.java:225)
	at sun.reflect.NativeMethodAccessorImpl.invoke0(Native Method)
	at sun.reflect.NativeMethodAccessorImpl.invoke(NativeMethodAccessorImpl.java:62)
	at sun.reflect.DelegatingMethodAccessorImpl.invoke(DelegatingMethodAccessorImpl.java:43)
	at java.lang.reflect.Method.invoke(Method.java:498)
	at org.apache.maven.surefire.junit.JUnitTestSet.execute(JUnitTestSet.java:95)
	at org.apache.maven.surefire.junit.JUnit3Provider.executeTestSet(JUnit3Provider.java:131)
	at org.apache.maven.surefire.junit.JUnit3Provider.invoke(JUnit3Provider.java:108)
	at org.apache.maven.surefire.booter.ForkedBooter.invokeProviderInSameClassLoader(ForkedBooter.java:200)
	at org.apache.maven.surefire.booter.ForkedBooter.runSuitesInProcess(ForkedBooter.java:153)
	at org.apache.maven.surefire.booter.ForkedBooter.main(ForkedBooter.java:103)
</failure>
  </testcase>
  <testcase name="warning" classname="junit.framework.TestSuite$1" time="0.001">
    <failure message="No tests found in org.joda.time.TestPartial_Basics" type="junit.framework.AssertionFailedError">junit.framework.AssertionFailedError: No tests found in org.joda.time.TestPartial_Basics
	at junit.framework.Assert.fail(Assert.java:47)
	at junit.framework.TestSuite$1.runTest(TestSuite.java:90)
	at junit.framework.TestCase.runBare(TestCase.java:130)
	at junit.framework.TestResult$1.protect(TestResult.java:106)
	at junit.framework.TestResult.runProtected(TestResult.java:124)
	at junit.framework.TestResult.run(TestResult.java:109)
	at junit.framework.TestCase.run(TestCase.java:120)
	at junit.framework.TestSuite.runTest(TestSuite.java:230)
	at junit.framework.TestSuite.run(TestSuite.java:225)
	at junit.framework.TestSuite.runTest(TestSuite.java:230)
	at junit.framework.TestSuite.run(TestSuite.java:225)
	at junit.framework.TestSuite.runTest(TestSuite.java:230)
	at junit.framework.TestSuite.run(TestSuite.java:225)
	at sun.reflect.NativeMethodAccessorImpl.invoke0(Native Method)
	at sun.reflect.NativeMethodAccessorImpl.invoke(NativeMethodAccessorImpl.java:62)
	at sun.reflect.DelegatingMethodAccessorImpl.invoke(DelegatingMethodAccessorImpl.java:43)
	at java.lang.reflect.Method.invoke(Method.java:498)
	at org.apache.maven.surefire.junit.JUnitTestSet.execute(JUnitTestSet.java:95)
	at org.apache.maven.surefire.junit.JUnit3Provider.executeTestSet(JUnit3Provider.java:131)
	at org.apache.maven.surefire.junit.JUnit3Provider.invoke(JUnit3Provider.java:108)
	at org.apache.maven.surefire.booter.ForkedBooter.invokeProviderInSameClassLoader(ForkedBooter.java:200)
	at org.apache.maven.surefire.booter.ForkedBooter.runSuitesInProcess(ForkedBooter.java:153)
	at org.apache.maven.surefire.booter.ForkedBooter.main(ForkedBooter.java:103)
</failure>
  </testcase>
  <testcase name="warning" classname="junit.framework.TestSuite$1" time="0">
    <failure message="No tests found in org.joda.time.TestPartial_Constructors" type="junit.framework.AssertionFailedError">junit.framework.AssertionFailedError: No tests found in org.joda.time.TestPartial_Constructors
	at junit.framework.Assert.fail(Assert.java:47)
	at junit.framework.TestSuite$1.runTest(TestSuite.java:90)
	at junit.framework.TestCase.runBare(TestCase.java:130)
	at junit.framework.TestResult$1.protect(TestResult.java:106)
	at junit.framework.TestResult.runProtected(TestResult.java:124)
	at junit.framework.TestResult.run(TestResult.java:109)
	at junit.framework.TestCase.run(TestCase.java:120)
	at junit.framework.TestSuite.runTest(TestSuite.java:230)
	at junit.framework.TestSuite.run(TestSuite.java:225)
	at junit.framework.TestSuite.runTest(TestSuite.java:230)
	at junit.framework.TestSuite.run(TestSuite.java:225)
	at junit.framework.TestSuite.runTest(TestSuite.java:230)
	at junit.framework.TestSuite.run(TestSuite.java:225)
	at sun.reflect.NativeMethodAccessorImpl.invoke0(Native Method)
	at sun.reflect.NativeMethodAccessorImpl.invoke(NativeMethodAccessorImpl.java:62)
	at sun.reflect.DelegatingMethodAccessorImpl.invoke(DelegatingMethodAccessorImpl.java:43)
	at java.lang.reflect.Method.invoke(Method.java:498)
	at org.apache.maven.surefire.junit.JUnitTestSet.execute(JUnitTestSet.java:95)
	at org.apache.maven.surefire.junit.JUnit3Provider.executeTestSet(JUnit3Provider.java:131)
	at org.apache.maven.surefire.junit.JUnit3Provider.invoke(JUnit3Provider.java:108)
	at org.apache.maven.surefire.booter.ForkedBooter.invokeProviderInSameClassLoader(ForkedBooter.java:200)
	at org.apache.maven.surefire.booter.ForkedBooter.runSuitesInProcess(ForkedBooter.java:153)
	at org.apache.maven.surefire.booter.ForkedBooter.main(ForkedBooter.java:103)
</failure>
  </testcase>
  <testcase name="warning" classname="junit.framework.TestSuite$1" time="0">
    <failure message="No tests found in org.joda.time.TestPartial_Properties" type="junit.framework.AssertionFailedError">junit.framework.AssertionFailedError: No tests found in org.joda.time.TestPartial_Properties
	at junit.framework.Assert.fail(Assert.java:47)
	at junit.framework.TestSuite$1.runTest(TestSuite.java:90)
	at junit.framework.TestCase.runBare(TestCase.java:130)
	at junit.framework.TestResult$1.protect(TestResult.java:106)
	at junit.framework.TestResult.runProtected(TestResult.java:124)
	at junit.framework.TestResult.run(TestResult.java:109)
	at junit.framework.TestCase.run(TestCase.java:120)
	at junit.framework.TestSuite.runTest(TestSuite.java:230)
	at junit.framework.TestSuite.run(TestSuite.java:225)
	at junit.framework.TestSuite.runTest(TestSuite.java:230)
	at junit.framework.TestSuite.run(TestSuite.java:225)
	at junit.framework.TestSuite.runTest(TestSuite.java:230)
	at junit.framework.TestSuite.run(TestSuite.java:225)
	at sun.reflect.NativeMethodAccessorImpl.invoke0(Native Method)
	at sun.reflect.NativeMethodAccessorImpl.invoke(NativeMethodAccessorImpl.java:62)
	at sun.reflect.DelegatingMethodAccessorImpl.invoke(DelegatingMethodAccessorImpl.java:43)
	at java.lang.reflect.Method.invoke(Method.java:498)
	at org.apache.maven.surefire.junit.JUnitTestSet.execute(JUnitTestSet.java:95)
	at org.apache.maven.surefire.junit.JUnit3Provider.executeTestSet(JUnit3Provider.java:131)
	at org.apache.maven.surefire.junit.JUnit3Provider.invoke(JUnit3Provider.java:108)
	at org.apache.maven.surefire.booter.ForkedBooter.invokeProviderInSameClassLoader(ForkedBooter.java:200)
	at org.apache.maven.surefire.booter.ForkedBooter.runSuitesInProcess(ForkedBooter.java:153)
	at org.apache.maven.surefire.booter.ForkedBooter.main(ForkedBooter.java:103)
</failure>
  </testcase>
  <testcase name="warning" classname="junit.framework.TestSuite$1" time="0">
    <failure message="No tests found in org.joda.time.TestPartial_Match" type="junit.framework.AssertionFailedError">junit.framework.AssertionFailedError: No tests found in org.joda.time.TestPartial_Match
	at junit.framework.Assert.fail(Assert.java:47)
	at junit.framework.TestSuite$1.runTest(TestSuite.java:90)
	at junit.framework.TestCase.runBare(TestCase.java:130)
	at junit.framework.TestResult$1.protect(TestResult.java:106)
	at junit.framework.TestResult.runProtected(TestResult.java:124)
	at junit.framework.TestResult.run(TestResult.java:109)
	at junit.framework.TestCase.run(TestCase.java:120)
	at junit.framework.TestSuite.runTest(TestSuite.java:230)
	at junit.framework.TestSuite.run(TestSuite.java:225)
	at junit.framework.TestSuite.runTest(TestSuite.java:230)
	at junit.framework.TestSuite.run(TestSuite.java:225)
	at junit.framework.TestSuite.runTest(TestSuite.java:230)
	at junit.framework.TestSuite.run(TestSuite.java:225)
	at sun.reflect.NativeMethodAccessorImpl.invoke0(Native Method)
	at sun.reflect.NativeMethodAccessorImpl.invoke(NativeMethodAccessorImpl.java:62)
	at sun.reflect.DelegatingMethodAccessorImpl.invoke(DelegatingMethodAccessorImpl.java:43)
	at java.lang.reflect.Method.invoke(Method.java:498)
	at org.apache.maven.surefire.junit.JUnitTestSet.execute(JUnitTestSet.java:95)
	at org.apache.maven.surefire.junit.JUnit3Provider.executeTestSet(JUnit3Provider.java:131)
	at org.apache.maven.surefire.junit.JUnit3Provider.invoke(JUnit3Provider.java:108)
	at org.apache.maven.surefire.booter.ForkedBooter.invokeProviderInSameClassLoader(ForkedBooter.java:200)
	at org.apache.maven.surefire.booter.ForkedBooter.runSuitesInProcess(ForkedBooter.java:153)
	at org.apache.maven.surefire.booter.ForkedBooter.main(ForkedBooter.java:103)
</failure>
  </testcase>
  <testcase name="warning" classname="junit.framework.TestSuite$1" time="0.001">
    <failure message="No tests found in org.joda.time.TestAbstractPartial" type="junit.framework.AssertionFailedError">junit.framework.AssertionFailedError: No tests found in org.joda.time.TestAbstractPartial
	at junit.framework.Assert.fail(Assert.java:47)
	at junit.framework.TestSuite$1.runTest(TestSuite.java:90)
	at junit.framework.TestCase.runBare(TestCase.java:130)
	at junit.framework.TestResult$1.protect(TestResult.java:106)
	at junit.framework.TestResult.runProtected(TestResult.java:124)
	at junit.framework.TestResult.run(TestResult.java:109)
	at junit.framework.TestCase.run(TestCase.java:120)
	at junit.framework.TestSuite.runTest(TestSuite.java:230)
	at junit.framework.TestSuite.run(TestSuite.java:225)
	at junit.framework.TestSuite.runTest(TestSuite.java:230)
	at junit.framework.TestSuite.run(TestSuite.java:225)
	at junit.framework.TestSuite.runTest(TestSuite.java:230)
	at junit.framework.TestSuite.run(TestSuite.java:225)
	at sun.reflect.NativeMethodAccessorImpl.invoke0(Native Method)
	at sun.reflect.NativeMethodAccessorImpl.invoke(NativeMethodAccessorImpl.java:62)
	at sun.reflect.DelegatingMethodAccessorImpl.invoke(DelegatingMethodAccessorImpl.java:43)
	at java.lang.reflect.Method.invoke(Method.java:498)
	at org.apache.maven.surefire.junit.JUnitTestSet.execute(JUnitTestSet.java:95)
	at org.apache.maven.surefire.junit.JUnit3Provider.executeTestSet(JUnit3Provider.java:131)
	at org.apache.maven.surefire.junit.JUnit3Provider.invoke(JUnit3Provider.java:108)
	at org.apache.maven.surefire.booter.ForkedBooter.invokeProviderInSameClassLoader(ForkedBooter.java:200)
	at org.apache.maven.surefire.booter.ForkedBooter.runSuitesInProcess(ForkedBooter.java:153)
	at org.apache.maven.surefire.booter.ForkedBooter.main(ForkedBooter.java:103)
</failure>
  </testcase>
  <testcase name="warning" classname="junit.framework.TestSuite$1" time="0.002">
    <failure message="No tests found in org.joda.time.TestBasePartial" type="junit.framework.AssertionFailedError">junit.framework.AssertionFailedError: No tests found in org.joda.time.TestBasePartial
	at junit.framework.Assert.fail(Assert.java:47)
	at junit.framework.TestSuite$1.runTest(TestSuite.java:90)
	at junit.framework.TestCase.runBare(TestCase.java:130)
	at junit.framework.TestResult$1.protect(TestResult.java:106)
	at junit.framework.TestResult.runProtected(TestResult.java:124)
	at junit.framework.TestResult.run(TestResult.java:109)
	at junit.framework.TestCase.run(TestCase.java:120)
	at junit.framework.TestSuite.runTest(TestSuite.java:230)
	at junit.framework.TestSuite.run(TestSuite.java:225)
	at junit.framework.TestSuite.runTest(TestSuite.java:230)
	at junit.framework.TestSuite.run(TestSuite.java:225)
	at junit.framework.TestSuite.runTest(TestSuite.java:230)
	at junit.framework.TestSuite.run(TestSuite.java:225)
	at sun.reflect.NativeMethodAccessorImpl.invoke0(Native Method)
	at sun.reflect.NativeMethodAccessorImpl.invoke(NativeMethodAccessorImpl.java:62)
	at sun.reflect.DelegatingMethodAccessorImpl.invoke(DelegatingMethodAccessorImpl.java:43)
	at java.lang.reflect.Method.invoke(Method.java:498)
	at org.apache.maven.surefire.junit.JUnitTestSet.execute(JUnitTestSet.java:95)
	at org.apache.maven.surefire.junit.JUnit3Provider.executeTestSet(JUnit3Provider.java:131)
	at org.apache.maven.surefire.junit.JUnit3Provider.invoke(JUnit3Provider.java:108)
	at org.apache.maven.surefire.booter.ForkedBooter.invokeProviderInSameClassLoader(ForkedBooter.java:200)
	at org.apache.maven.surefire.booter.ForkedBooter.runSuitesInProcess(ForkedBooter.java:153)
	at org.apache.maven.surefire.booter.ForkedBooter.main(ForkedBooter.java:103)
</failure>
  </testcase>
  <testcase name="warning" classname="junit.framework.TestSuite$1" time="0">
    <failure message="No tests found in org.joda.time.TestDateTimeComparator" type="junit.framework.AssertionFailedError">junit.framework.AssertionFailedError: No tests found in org.joda.time.TestDateTimeComparator
	at junit.framework.Assert.fail(Assert.java:47)
	at junit.framework.TestSuite$1.runTest(TestSuite.java:90)
	at junit.framework.TestCase.runBare(TestCase.java:130)
	at junit.framework.TestResult$1.protect(TestResult.java:106)
	at junit.framework.TestResult.runProtected(TestResult.java:124)
	at junit.framework.TestResult.run(TestResult.java:109)
	at junit.framework.TestCase.run(TestCase.java:120)
	at junit.framework.TestSuite.runTest(TestSuite.java:230)
	at junit.framework.TestSuite.run(TestSuite.java:225)
	at junit.framework.TestSuite.runTest(TestSuite.java:230)
	at junit.framework.TestSuite.run(TestSuite.java:225)
	at junit.framework.TestSuite.runTest(TestSuite.java:230)
	at junit.framework.TestSuite.run(TestSuite.java:225)
	at sun.reflect.NativeMethodAccessorImpl.invoke0(Native Method)
	at sun.reflect.NativeMethodAccessorImpl.invoke(NativeMethodAccessorImpl.java:62)
	at sun.reflect.DelegatingMethodAccessorImpl.invoke(DelegatingMethodAccessorImpl.java:43)
	at java.lang.reflect.Method.invoke(Method.java:498)
	at org.apache.maven.surefire.junit.JUnitTestSet.execute(JUnitTestSet.java:95)
	at org.apache.maven.surefire.junit.JUnit3Provider.executeTestSet(JUnit3Provider.java:131)
	at org.apache.maven.surefire.junit.JUnit3Provider.invoke(JUnit3Provider.java:108)
	at org.apache.maven.surefire.booter.ForkedBooter.invokeProviderInSameClassLoader(ForkedBooter.java:200)
	at org.apache.maven.surefire.booter.ForkedBooter.runSuitesInProcess(ForkedBooter.java:153)
	at org.apache.maven.surefire.booter.ForkedBooter.main(ForkedBooter.java:103)
</failure>
  </testcase>
  <testcase name="warning" classname="junit.framework.TestSuite$1" time="0">
    <failure message="No tests found in org.joda.time.TestDateTimeConstants" type="junit.framework.AssertionFailedError">junit.framework.AssertionFailedError: No tests found in org.joda.time.TestDateTimeConstants
	at junit.framework.Assert.fail(Assert.java:47)
	at junit.framework.TestSuite$1.runTest(TestSuite.java:90)
	at junit.framework.TestCase.runBare(TestCase.java:130)
	at junit.framework.TestResult$1.protect(TestResult.java:106)
	at junit.framework.TestResult.runProtected(TestResult.java:124)
	at junit.framework.TestResult.run(TestResult.java:109)
	at junit.framework.TestCase.run(TestCase.java:120)
	at junit.framework.TestSuite.runTest(TestSuite.java:230)
	at junit.framework.TestSuite.run(TestSuite.java:225)
	at junit.framework.TestSuite.runTest(TestSuite.java:230)
	at junit.framework.TestSuite.run(TestSuite.java:225)
	at junit.framework.TestSuite.runTest(TestSuite.java:230)
	at junit.framework.TestSuite.run(TestSuite.java:225)
	at sun.reflect.NativeMethodAccessorImpl.invoke0(Native Method)
	at sun.reflect.NativeMethodAccessorImpl.invoke(NativeMethodAccessorImpl.java:62)
	at sun.reflect.DelegatingMethodAccessorImpl.invoke(DelegatingMethodAccessorImpl.java:43)
	at java.lang.reflect.Method.invoke(Method.java:498)
	at org.apache.maven.surefire.junit.JUnitTestSet.execute(JUnitTestSet.java:95)
	at org.apache.maven.surefire.junit.JUnit3Provider.executeTestSet(JUnit3Provider.java:131)
	at org.apache.maven.surefire.junit.JUnit3Provider.invoke(JUnit3Provider.java:108)
	at org.apache.maven.surefire.booter.ForkedBooter.invokeProviderInSameClassLoader(ForkedBooter.java:200)
	at org.apache.maven.surefire.booter.ForkedBooter.runSuitesInProcess(ForkedBooter.java:153)
	at org.apache.maven.surefire.booter.ForkedBooter.main(ForkedBooter.java:103)
</failure>
  </testcase>
  <testcase name="warning" classname="junit.framework.TestSuite$1" time="0">
    <failure message="No tests found in org.joda.time.TestDateTimeUtils" type="junit.framework.AssertionFailedError">junit.framework.AssertionFailedError: No tests found in org.joda.time.TestDateTimeUtils
	at junit.framework.Assert.fail(Assert.java:47)
	at junit.framework.TestSuite$1.runTest(TestSuite.java:90)
	at junit.framework.TestCase.runBare(TestCase.java:130)
	at junit.framework.TestResult$1.protect(TestResult.java:106)
	at junit.framework.TestResult.runProtected(TestResult.java:124)
	at junit.framework.TestResult.run(TestResult.java:109)
	at junit.framework.TestCase.run(TestCase.java:120)
	at junit.framework.TestSuite.runTest(TestSuite.java:230)
	at junit.framework.TestSuite.run(TestSuite.java:225)
	at junit.framework.TestSuite.runTest(TestSuite.java:230)
	at junit.framework.TestSuite.run(TestSuite.java:225)
	at junit.framework.TestSuite.runTest(TestSuite.java:230)
	at junit.framework.TestSuite.run(TestSuite.java:225)
	at sun.reflect.NativeMethodAccessorImpl.invoke0(Native Method)
	at sun.reflect.NativeMethodAccessorImpl.invoke(NativeMethodAccessorImpl.java:62)
	at sun.reflect.DelegatingMethodAccessorImpl.invoke(DelegatingMethodAccessorImpl.java:43)
	at java.lang.reflect.Method.invoke(Method.java:498)
	at org.apache.maven.surefire.junit.JUnitTestSet.execute(JUnitTestSet.java:95)
	at org.apache.maven.surefire.junit.JUnit3Provider.executeTestSet(JUnit3Provider.java:131)
	at org.apache.maven.surefire.junit.JUnit3Provider.invoke(JUnit3Provider.java:108)
	at org.apache.maven.surefire.booter.ForkedBooter.invokeProviderInSameClassLoader(ForkedBooter.java:200)
	at org.apache.maven.surefire.booter.ForkedBooter.runSuitesInProcess(ForkedBooter.java:153)
	at org.apache.maven.surefire.booter.ForkedBooter.main(ForkedBooter.java:103)
</failure>
  </testcase>
  <testcase name="warning" classname="junit.framework.TestSuite$1" time="0">
    <failure message="No tests found in org.joda.time.TestDateTimeZone" type="junit.framework.AssertionFailedError">junit.framework.AssertionFailedError: No tests found in org.joda.time.TestDateTimeZone
	at junit.framework.Assert.fail(Assert.java:47)
	at junit.framework.TestSuite$1.runTest(TestSuite.java:90)
	at junit.framework.TestCase.runBare(TestCase.java:130)
	at junit.framework.TestResult$1.protect(TestResult.java:106)
	at junit.framework.TestResult.runProtected(TestResult.java:124)
	at junit.framework.TestResult.run(TestResult.java:109)
	at junit.framework.TestCase.run(TestCase.java:120)
	at junit.framework.TestSuite.runTest(TestSuite.java:230)
	at junit.framework.TestSuite.run(TestSuite.java:225)
	at junit.framework.TestSuite.runTest(TestSuite.java:230)
	at junit.framework.TestSuite.run(TestSuite.java:225)
	at junit.framework.TestSuite.runTest(TestSuite.java:230)
	at junit.framework.TestSuite.run(TestSuite.java:225)
	at sun.reflect.NativeMethodAccessorImpl.invoke0(Native Method)
	at sun.reflect.NativeMethodAccessorImpl.invoke(NativeMethodAccessorImpl.java:62)
	at sun.reflect.DelegatingMethodAccessorImpl.invoke(DelegatingMethodAccessorImpl.java:43)
	at java.lang.reflect.Method.invoke(Method.java:498)
	at org.apache.maven.surefire.junit.JUnitTestSet.execute(JUnitTestSet.java:95)
	at org.apache.maven.surefire.junit.JUnit3Provider.executeTestSet(JUnit3Provider.java:131)
	at org.apache.maven.surefire.junit.JUnit3Provider.invoke(JUnit3Provider.java:108)
	at org.apache.maven.surefire.booter.ForkedBooter.invokeProviderInSameClassLoader(ForkedBooter.java:200)
	at org.apache.maven.surefire.booter.ForkedBooter.runSuitesInProcess(ForkedBooter.java:153)
	at org.apache.maven.surefire.booter.ForkedBooter.main(ForkedBooter.java:103)
</failure>
  </testcase>
  <testcase name="testGetOffsetFromLocal1446" classname="org.joda.time.TestDateTimeZoneCutover" time="0.001"/>
  <testcase name="warning" classname="junit.framework.TestSuite$1" time="0.001">
    <failure message="No tests found in org.joda.time.TestPeriodType" type="junit.framework.AssertionFailedError">junit.framework.AssertionFailedError: No tests found in org.joda.time.TestPeriodType
	at junit.framework.Assert.fail(Assert.java:47)
	at junit.framework.TestSuite$1.runTest(TestSuite.java:90)
	at junit.framework.TestCase.runBare(TestCase.java:130)
	at junit.framework.TestResult$1.protect(TestResult.java:106)
	at junit.framework.TestResult.runProtected(TestResult.java:124)
	at junit.framework.TestResult.run(TestResult.java:109)
	at junit.framework.TestCase.run(TestCase.java:120)
	at junit.framework.TestSuite.runTest(TestSuite.java:230)
	at junit.framework.TestSuite.run(TestSuite.java:225)
	at junit.framework.TestSuite.runTest(TestSuite.java:230)
	at junit.framework.TestSuite.run(TestSuite.java:225)
	at junit.framework.TestSuite.runTest(TestSuite.java:230)
	at junit.framework.TestSuite.run(TestSuite.java:225)
	at sun.reflect.NativeMethodAccessorImpl.invoke0(Native Method)
	at sun.reflect.NativeMethodAccessorImpl.invoke(NativeMethodAccessorImpl.java:62)
	at sun.reflect.DelegatingMethodAccessorImpl.invoke(DelegatingMethodAccessorImpl.java:43)
	at java.lang.reflect.Method.invoke(Method.java:498)
	at org.apache.maven.surefire.junit.JUnitTestSet.execute(JUnitTestSet.java:95)
	at org.apache.maven.surefire.junit.JUnit3Provider.executeTestSet(JUnit3Provider.java:131)
	at org.apache.maven.surefire.junit.JUnit3Provider.invoke(JUnit3Provider.java:108)
	at org.apache.maven.surefire.booter.ForkedBooter.invokeProviderInSameClassLoader(ForkedBooter.java:200)
	at org.apache.maven.surefire.booter.ForkedBooter.runSuitesInProcess(ForkedBooter.java:153)
	at org.apache.maven.surefire.booter.ForkedBooter.main(ForkedBooter.java:103)
</failure>
  </testcase>
  <testcase name="warning" classname="junit.framework.TestSuite$1" time="0">
    <failure message="No tests found in org.joda.time.TestDurationField" type="junit.framework.AssertionFailedError">junit.framework.AssertionFailedError: No tests found in org.joda.time.TestDurationField
	at junit.framework.Assert.fail(Assert.java:47)
	at junit.framework.TestSuite$1.runTest(TestSuite.java:90)
	at junit.framework.TestCase.runBare(TestCase.java:130)
	at junit.framework.TestResult$1.protect(TestResult.java:106)
	at junit.framework.TestResult.runProtected(TestResult.java:124)
	at junit.framework.TestResult.run(TestResult.java:109)
	at junit.framework.TestCase.run(TestCase.java:120)
	at junit.framework.TestSuite.runTest(TestSuite.java:230)
	at junit.framework.TestSuite.run(TestSuite.java:225)
	at junit.framework.TestSuite.runTest(TestSuite.java:230)
	at junit.framework.TestSuite.run(TestSuite.java:225)
	at junit.framework.TestSuite.runTest(TestSuite.java:230)
	at junit.framework.TestSuite.run(TestSuite.java:225)
	at sun.reflect.NativeMethodAccessorImpl.invoke0(Native Method)
	at sun.reflect.NativeMethodAccessorImpl.invoke(NativeMethodAccessorImpl.java:62)
	at sun.reflect.DelegatingMethodAccessorImpl.invoke(DelegatingMethodAccessorImpl.java:43)
	at java.lang.reflect.Method.invoke(Method.java:498)
	at org.apache.maven.surefire.junit.JUnitTestSet.execute(JUnitTestSet.java:95)
	at org.apache.maven.surefire.junit.JUnit3Provider.executeTestSet(JUnit3Provider.java:131)
	at org.apache.maven.surefire.junit.JUnit3Provider.invoke(JUnit3Provider.java:108)
	at org.apache.maven.surefire.booter.ForkedBooter.invokeProviderInSameClassLoader(ForkedBooter.java:200)
	at org.apache.maven.surefire.booter.ForkedBooter.runSuitesInProcess(ForkedBooter.java:153)
	at org.apache.maven.surefire.booter.ForkedBooter.main(ForkedBooter.java:103)
</failure>
  </testcase>
  <testcase name="warning" classname="junit.framework.TestSuite$1" time="0">
    <failure message="No tests found in org.joda.time.TestStringConvert" type="junit.framework.AssertionFailedError">junit.framework.AssertionFailedError: No tests found in org.joda.time.TestStringConvert
	at junit.framework.Assert.fail(Assert.java:47)
	at junit.framework.TestSuite$1.runTest(TestSuite.java:90)
	at junit.framework.TestCase.runBare(TestCase.java:130)
	at junit.framework.TestResult$1.protect(TestResult.java:106)
	at junit.framework.TestResult.runProtected(TestResult.java:124)
	at junit.framework.TestResult.run(TestResult.java:109)
	at junit.framework.TestCase.run(TestCase.java:120)
	at junit.framework.TestSuite.runTest(TestSuite.java:230)
	at junit.framework.TestSuite.run(TestSuite.java:225)
	at junit.framework.TestSuite.runTest(TestSuite.java:230)
	at junit.framework.TestSuite.run(TestSuite.java:225)
	at junit.framework.TestSuite.runTest(TestSuite.java:230)
	at junit.framework.TestSuite.run(TestSuite.java:225)
	at sun.reflect.NativeMethodAccessorImpl.invoke0(Native Method)
	at sun.reflect.NativeMethodAccessorImpl.invoke(NativeMethodAccessorImpl.java:62)
	at sun.reflect.DelegatingMethodAccessorImpl.invoke(DelegatingMethodAccessorImpl.java:43)
	at java.lang.reflect.Method.invoke(Method.java:498)
	at org.apache.maven.surefire.junit.JUnitTestSet.execute(JUnitTestSet.java:95)
	at org.apache.maven.surefire.junit.JUnit3Provider.executeTestSet(JUnit3Provider.java:131)
	at org.apache.maven.surefire.junit.JUnit3Provider.invoke(JUnit3Provider.java:108)
	at org.apache.maven.surefire.booter.ForkedBooter.invokeProviderInSameClassLoader(ForkedBooter.java:200)
	at org.apache.maven.surefire.booter.ForkedBooter.runSuitesInProcess(ForkedBooter.java:153)
	at org.apache.maven.surefire.booter.ForkedBooter.main(ForkedBooter.java:103)
</failure>
  </testcase>
  <testcase name="warning" classname="junit.framework.TestSuite$1" time="0">
    <failure message="No tests found in org.joda.time.TestSerialization" type="junit.framework.AssertionFailedError">junit.framework.AssertionFailedError: No tests found in org.joda.time.TestSerialization
	at junit.framework.Assert.fail(Assert.java:47)
	at junit.framework.TestSuite$1.runTest(TestSuite.java:90)
	at junit.framework.TestCase.runBare(TestCase.java:130)
	at junit.framework.TestResult$1.protect(TestResult.java:106)
	at junit.framework.TestResult.runProtected(TestResult.java:124)
	at junit.framework.TestResult.run(TestResult.java:109)
	at junit.framework.TestCase.run(TestCase.java:120)
	at junit.framework.TestSuite.runTest(TestSuite.java:230)
	at junit.framework.TestSuite.run(TestSuite.java:225)
	at junit.framework.TestSuite.runTest(TestSuite.java:230)
	at junit.framework.TestSuite.run(TestSuite.java:225)
	at junit.framework.TestSuite.runTest(TestSuite.java:230)
	at junit.framework.TestSuite.run(TestSuite.java:225)
	at sun.reflect.NativeMethodAccessorImpl.invoke0(Native Method)
	at sun.reflect.NativeMethodAccessorImpl.invoke(NativeMethodAccessorImpl.java:62)
	at sun.reflect.DelegatingMethodAccessorImpl.invoke(DelegatingMethodAccessorImpl.java:43)
	at java.lang.reflect.Method.invoke(Method.java:498)
	at org.apache.maven.surefire.junit.JUnitTestSet.execute(JUnitTestSet.java:95)
	at org.apache.maven.surefire.junit.JUnit3Provider.executeTestSet(JUnit3Provider.java:131)
	at org.apache.maven.surefire.junit.JUnit3Provider.invoke(JUnit3Provider.java:108)
	at org.apache.maven.surefire.booter.ForkedBooter.invokeProviderInSameClassLoader(ForkedBooter.java:200)
	at org.apache.maven.surefire.booter.ForkedBooter.runSuitesInProcess(ForkedBooter.java:153)
	at org.apache.maven.surefire.booter.ForkedBooter.main(ForkedBooter.java:103)
</failure>
  </testcase>
  <testcase name="warning" classname="junit.framework.TestSuite$1" time="0">
    <failure message="No tests found in org.joda.time.TestIllegalFieldValueException" type="junit.framework.AssertionFailedError">junit.framework.AssertionFailedError: No tests found in org.joda.time.TestIllegalFieldValueException
	at junit.framework.Assert.fail(Assert.java:47)
	at junit.framework.TestSuite$1.runTest(TestSuite.java:90)
	at junit.framework.TestCase.runBare(TestCase.java:130)
	at junit.framework.TestResult$1.protect(TestResult.java:106)
	at junit.framework.TestResult.runProtected(TestResult.java:124)
	at junit.framework.TestResult.run(TestResult.java:109)
	at junit.framework.TestCase.run(TestCase.java:120)
	at junit.framework.TestSuite.runTest(TestSuite.java:230)
	at junit.framework.TestSuite.run(TestSuite.java:225)
	at junit.framework.TestSuite.runTest(TestSuite.java:230)
	at junit.framework.TestSuite.run(TestSuite.java:225)
	at junit.framework.TestSuite.runTest(TestSuite.java:230)
	at junit.framework.TestSuite.run(TestSuite.java:225)
	at sun.reflect.NativeMethodAccessorImpl.invoke0(Native Method)
	at sun.reflect.NativeMethodAccessorImpl.invoke(NativeMethodAccessorImpl.java:62)
	at sun.reflect.DelegatingMethodAccessorImpl.invoke(DelegatingMethodAccessorImpl.java:43)
	at java.lang.reflect.Method.invoke(Method.java:498)
	at org.apache.maven.surefire.junit.JUnitTestSet.execute(JUnitTestSet.java:95)
	at org.apache.maven.surefire.junit.JUnit3Provider.executeTestSet(JUnit3Provider.java:131)
	at org.apache.maven.surefire.junit.JUnit3Provider.invoke(JUnit3Provider.java:108)
	at org.apache.maven.surefire.booter.ForkedBooter.invokeProviderInSameClassLoader(ForkedBooter.java:200)
	at org.apache.maven.surefire.booter.ForkedBooter.runSuitesInProcess(ForkedBooter.java:153)
	at org.apache.maven.surefire.booter.ForkedBooter.main(ForkedBooter.java:103)
</failure>
  </testcase>
  <testcase name="testGetInstance1692" classname="org.joda.time.chrono.TestBuddhistChronology" time="0.001"/>
  <testcase name="testBuddhistChronology1691" classname="org.joda.time.chrono.TestBuddhistChronology" time="0.002">
    <failure type="junit.framework.AssertionFailedError">junit.framework.AssertionFailedError
	at junit.framework.Assert.fail(Assert.java:47)
	at junit.framework.Assert.assertTrue(Assert.java:20)
	at junit.framework.Assert.assertTrue(Assert.java:27)
	at org.joda.time.chrono.TestBuddhistChronology.__CLR4_4_14h0wkjia3(TestBuddhistChronology.java:95)
	at org.joda.time.chrono.TestBuddhistChronology.testBuddhistChronology1691(TestBuddhistChronology.java:95)
</failure>
  </testcase>
  <testcase name="warning" classname="junit.framework.TestSuite$1" time="0.001">
    <failure message="No tests found in org.joda.time.chrono.TestCopticChronology" type="junit.framework.AssertionFailedError">junit.framework.AssertionFailedError: No tests found in org.joda.time.chrono.TestCopticChronology
	at junit.framework.Assert.fail(Assert.java:47)
	at junit.framework.TestSuite$1.runTest(TestSuite.java:90)
	at junit.framework.TestCase.runBare(TestCase.java:130)
	at junit.framework.TestResult$1.protect(TestResult.java:106)
	at junit.framework.TestResult.runProtected(TestResult.java:124)
	at junit.framework.TestResult.run(TestResult.java:109)
	at junit.framework.TestCase.run(TestCase.java:120)
	at junit.framework.TestSuite.runTest(TestSuite.java:230)
	at junit.framework.TestSuite.run(TestSuite.java:225)
	at junit.framework.TestSuite.runTest(TestSuite.java:230)
	at junit.framework.TestSuite.run(TestSuite.java:225)
	at junit.framework.TestSuite.runTest(TestSuite.java:230)
	at junit.framework.TestSuite.run(TestSuite.java:225)
	at sun.reflect.NativeMethodAccessorImpl.invoke0(Native Method)
	at sun.reflect.NativeMethodAccessorImpl.invoke(NativeMethodAccessorImpl.java:62)
	at sun.reflect.DelegatingMethodAccessorImpl.invoke(DelegatingMethodAccessorImpl.java:43)
	at java.lang.reflect.Method.invoke(Method.java:498)
	at org.apache.maven.surefire.junit.JUnitTestSet.execute(JUnitTestSet.java:95)
	at org.apache.maven.surefire.junit.JUnit3Provider.executeTestSet(JUnit3Provider.java:131)
	at org.apache.maven.surefire.junit.JUnit3Provider.invoke(JUnit3Provider.java:108)
	at org.apache.maven.surefire.booter.ForkedBooter.invokeProviderInSameClassLoader(ForkedBooter.java:200)
	at org.apache.maven.surefire.booter.ForkedBooter.runSuitesInProcess(ForkedBooter.java:153)
	at org.apache.maven.surefire.booter.ForkedBooter.main(ForkedBooter.java:103)
</failure>
  </testcase>
  <testcase name="warning" classname="junit.framework.TestSuite$1" time="0">
    <failure message="No tests found in org.joda.time.chrono.TestEthiopicChronology" type="junit.framework.AssertionFailedError">junit.framework.AssertionFailedError: No tests found in org.joda.time.chrono.TestEthiopicChronology
	at junit.framework.Assert.fail(Assert.java:47)
	at junit.framework.TestSuite$1.runTest(TestSuite.java:90)
	at junit.framework.TestCase.runBare(TestCase.java:130)
	at junit.framework.TestResult$1.protect(TestResult.java:106)
	at junit.framework.TestResult.runProtected(TestResult.java:124)
	at junit.framework.TestResult.run(TestResult.java:109)
	at junit.framework.TestCase.run(TestCase.java:120)
	at junit.framework.TestSuite.runTest(TestSuite.java:230)
	at junit.framework.TestSuite.run(TestSuite.java:225)
	at junit.framework.TestSuite.runTest(TestSuite.java:230)
	at junit.framework.TestSuite.run(TestSuite.java:225)
	at junit.framework.TestSuite.runTest(TestSuite.java:230)
	at junit.framework.TestSuite.run(TestSuite.java:225)
	at sun.reflect.NativeMethodAccessorImpl.invoke0(Native Method)
	at sun.reflect.NativeMethodAccessorImpl.invoke(NativeMethodAccessorImpl.java:62)
	at sun.reflect.DelegatingMethodAccessorImpl.invoke(DelegatingMethodAccessorImpl.java:43)
	at java.lang.reflect.Method.invoke(Method.java:498)
	at org.apache.maven.surefire.junit.JUnitTestSet.execute(JUnitTestSet.java:95)
	at org.apache.maven.surefire.junit.JUnit3Provider.executeTestSet(JUnit3Provider.java:131)
	at org.apache.maven.surefire.junit.JUnit3Provider.invoke(JUnit3Provider.java:108)
	at org.apache.maven.surefire.booter.ForkedBooter.invokeProviderInSameClassLoader(ForkedBooter.java:200)
	at org.apache.maven.surefire.booter.ForkedBooter.runSuitesInProcess(ForkedBooter.java:153)
	at org.apache.maven.surefire.booter.ForkedBooter.main(ForkedBooter.java:103)
</failure>
  </testcase>
  <testcase name="warning" classname="junit.framework.TestSuite$1" time="0.001">
    <failure message="No tests found in org.joda.time.chrono.TestGJChronology" type="junit.framework.AssertionFailedError">junit.framework.AssertionFailedError: No tests found in org.joda.time.chrono.TestGJChronology
	at junit.framework.Assert.fail(Assert.java:47)
	at junit.framework.TestSuite$1.runTest(TestSuite.java:90)
	at junit.framework.TestCase.runBare(TestCase.java:130)
	at junit.framework.TestResult$1.protect(TestResult.java:106)
	at junit.framework.TestResult.runProtected(TestResult.java:124)
	at junit.framework.TestResult.run(TestResult.java:109)
	at junit.framework.TestCase.run(TestCase.java:120)
	at junit.framework.TestSuite.runTest(TestSuite.java:230)
	at junit.framework.TestSuite.run(TestSuite.java:225)
	at junit.framework.TestSuite.runTest(TestSuite.java:230)
	at junit.framework.TestSuite.run(TestSuite.java:225)
	at junit.framework.TestSuite.runTest(TestSuite.java:230)
	at junit.framework.TestSuite.run(TestSuite.java:225)
	at sun.reflect.NativeMethodAccessorImpl.invoke0(Native Method)
	at sun.reflect.NativeMethodAccessorImpl.invoke(NativeMethodAccessorImpl.java:62)
	at sun.reflect.DelegatingMethodAccessorImpl.invoke(DelegatingMethodAccessorImpl.java:43)
	at java.lang.reflect.Method.invoke(Method.java:498)
	at org.apache.maven.surefire.junit.JUnitTestSet.execute(JUnitTestSet.java:95)
	at org.apache.maven.surefire.junit.JUnit3Provider.executeTestSet(JUnit3Provider.java:131)
	at org.apache.maven.surefire.junit.JUnit3Provider.invoke(JUnit3Provider.java:108)
	at org.apache.maven.surefire.booter.ForkedBooter.invokeProviderInSameClassLoader(ForkedBooter.java:200)
	at org.apache.maven.surefire.booter.ForkedBooter.runSuitesInProcess(ForkedBooter.java:153)
	at org.apache.maven.surefire.booter.ForkedBooter.main(ForkedBooter.java:103)
</failure>
  </testcase>
  <testcase name="testGetDaysInMonthMax298" classname="org.joda.time.chrono.TestGregorianChronology" time="0"/>
  <testcase name="testGetMaximumValue332" classname="org.joda.time.chrono.TestGregorianChronology" time="0.001"/>
  <testcase name="warning" classname="junit.framework.TestSuite$1" time="0.001">
    <failure message="No tests found in org.joda.time.chrono.TestIslamicChronology" type="junit.framework.AssertionFailedError">junit.framework.AssertionFailedError: No tests found in org.joda.time.chrono.TestIslamicChronology
	at junit.framework.Assert.fail(Assert.java:47)
	at junit.framework.TestSuite$1.runTest(TestSuite.java:90)
	at junit.framework.TestCase.runBare(TestCase.java:130)
	at junit.framework.TestResult$1.protect(TestResult.java:106)
	at junit.framework.TestResult.runProtected(TestResult.java:124)
	at junit.framework.TestResult.run(TestResult.java:109)
	at junit.framework.TestCase.run(TestCase.java:120)
	at junit.framework.TestSuite.runTest(TestSuite.java:230)
	at junit.framework.TestSuite.run(TestSuite.java:225)
	at junit.framework.TestSuite.runTest(TestSuite.java:230)
	at junit.framework.TestSuite.run(TestSuite.java:225)
	at junit.framework.TestSuite.runTest(TestSuite.java:230)
	at junit.framework.TestSuite.run(TestSuite.java:225)
	at sun.reflect.NativeMethodAccessorImpl.invoke0(Native Method)
	at sun.reflect.NativeMethodAccessorImpl.invoke(NativeMethodAccessorImpl.java:62)
	at sun.reflect.DelegatingMethodAccessorImpl.invoke(DelegatingMethodAccessorImpl.java:43)
	at java.lang.reflect.Method.invoke(Method.java:498)
	at org.apache.maven.surefire.junit.JUnitTestSet.execute(JUnitTestSet.java:95)
	at org.apache.maven.surefire.junit.JUnit3Provider.executeTestSet(JUnit3Provider.java:131)
	at org.apache.maven.surefire.junit.JUnit3Provider.invoke(JUnit3Provider.java:108)
	at org.apache.maven.surefire.booter.ForkedBooter.invokeProviderInSameClassLoader(ForkedBooter.java:200)
	at org.apache.maven.surefire.booter.ForkedBooter.runSuitesInProcess(ForkedBooter.java:153)
	at org.apache.maven.surefire.booter.ForkedBooter.main(ForkedBooter.java:103)
</failure>
  </testcase>
  <testcase name="warning" classname="junit.framework.TestSuite$1" time="0">
    <failure message="No tests found in org.joda.time.chrono.TestJulianChronology" type="junit.framework.AssertionFailedError">junit.framework.AssertionFailedError: No tests found in org.joda.time.chrono.TestJulianChronology
	at junit.framework.Assert.fail(Assert.java:47)
	at junit.framework.TestSuite$1.runTest(TestSuite.java:90)
	at junit.framework.TestCase.runBare(TestCase.java:130)
	at junit.framework.TestResult$1.protect(TestResult.java:106)
	at junit.framework.TestResult.runProtected(TestResult.java:124)
	at junit.framework.TestResult.run(TestResult.java:109)
	at junit.framework.TestCase.run(TestCase.java:120)
	at junit.framework.TestSuite.runTest(TestSuite.java:230)
	at junit.framework.TestSuite.run(TestSuite.java:225)
	at junit.framework.TestSuite.runTest(TestSuite.java:230)
	at junit.framework.TestSuite.run(TestSuite.java:225)
	at junit.framework.TestSuite.runTest(TestSuite.java:230)
	at junit.framework.TestSuite.run(TestSuite.java:225)
	at sun.reflect.NativeMethodAccessorImpl.invoke0(Native Method)
	at sun.reflect.NativeMethodAccessorImpl.invoke(NativeMethodAccessorImpl.java:62)
	at sun.reflect.DelegatingMethodAccessorImpl.invoke(DelegatingMethodAccessorImpl.java:43)
	at java.lang.reflect.Method.invoke(Method.java:498)
	at org.apache.maven.surefire.junit.JUnitTestSet.execute(JUnitTestSet.java:95)
	at org.apache.maven.surefire.junit.JUnit3Provider.executeTestSet(JUnit3Provider.java:131)
	at org.apache.maven.surefire.junit.JUnit3Provider.invoke(JUnit3Provider.java:108)
	at org.apache.maven.surefire.booter.ForkedBooter.invokeProviderInSameClassLoader(ForkedBooter.java:200)
	at org.apache.maven.surefire.booter.ForkedBooter.runSuitesInProcess(ForkedBooter.java:153)
	at org.apache.maven.surefire.booter.ForkedBooter.main(ForkedBooter.java:103)
</failure>
  </testcase>
  <testcase name="warning" classname="junit.framework.TestSuite$1" time="0">
    <failure message="No tests found in org.joda.time.chrono.TestISOChronology" type="junit.framework.AssertionFailedError">junit.framework.AssertionFailedError: No tests found in org.joda.time.chrono.TestISOChronology
	at junit.framework.Assert.fail(Assert.java:47)
	at junit.framework.TestSuite$1.runTest(TestSuite.java:90)
	at junit.framework.TestCase.runBare(TestCase.java:130)
	at junit.framework.TestResult$1.protect(TestResult.java:106)
	at junit.framework.TestResult.runProtected(TestResult.java:124)
	at junit.framework.TestResult.run(TestResult.java:109)
	at junit.framework.TestCase.run(TestCase.java:120)
	at junit.framework.TestSuite.runTest(TestSuite.java:230)
	at junit.framework.TestSuite.run(TestSuite.java:225)
	at junit.framework.TestSuite.runTest(TestSuite.java:230)
	at junit.framework.TestSuite.run(TestSuite.java:225)
	at junit.framework.TestSuite.runTest(TestSuite.java:230)
	at junit.framework.TestSuite.run(TestSuite.java:225)
	at sun.reflect.NativeMethodAccessorImpl.invoke0(Native Method)
	at sun.reflect.NativeMethodAccessorImpl.invoke(NativeMethodAccessorImpl.java:62)
	at sun.reflect.DelegatingMethodAccessorImpl.invoke(DelegatingMethodAccessorImpl.java:43)
	at java.lang.reflect.Method.invoke(Method.java:498)
	at org.apache.maven.surefire.junit.JUnitTestSet.execute(JUnitTestSet.java:95)
	at org.apache.maven.surefire.junit.JUnit3Provider.executeTestSet(JUnit3Provider.java:131)
	at org.apache.maven.surefire.junit.JUnit3Provider.invoke(JUnit3Provider.java:108)
	at org.apache.maven.surefire.booter.ForkedBooter.invokeProviderInSameClassLoader(ForkedBooter.java:200)
	at org.apache.maven.surefire.booter.ForkedBooter.runSuitesInProcess(ForkedBooter.java:153)
	at org.apache.maven.surefire.booter.ForkedBooter.main(ForkedBooter.java:103)
</failure>
  </testcase>
  <testcase name="testPrintTo1063" classname="org.joda.time.chrono.TestLenientChronology" time="0.001"/>
  <testcase name="testGetType1014" classname="org.joda.time.chrono.TestLenientChronology" time="0"/>
  <testcase name="testIsLenient1022" classname="org.joda.time.chrono.TestLenientChronology" time="0"/>
  <testcase name="warning" classname="junit.framework.TestSuite$1" time="0.001">
    <failure message="No tests found in org.joda.time.chrono.TestGJDate" type="junit.framework.AssertionFailedError">junit.framework.AssertionFailedError: No tests found in org.joda.time.chrono.TestGJDate
	at junit.framework.Assert.fail(Assert.java:47)
	at junit.framework.TestSuite$1.runTest(TestSuite.java:90)
	at junit.framework.TestCase.runBare(TestCase.java:130)
	at junit.framework.TestResult$1.protect(TestResult.java:106)
	at junit.framework.TestResult.runProtected(TestResult.java:124)
	at junit.framework.TestResult.run(TestResult.java:109)
	at junit.framework.TestCase.run(TestCase.java:120)
	at junit.framework.TestSuite.runTest(TestSuite.java:230)
	at junit.framework.TestSuite.run(TestSuite.java:225)
	at junit.framework.TestSuite.runTest(TestSuite.java:230)
	at junit.framework.TestSuite.run(TestSuite.java:225)
	at junit.framework.TestSuite.runTest(TestSuite.java:230)
	at junit.framework.TestSuite.run(TestSuite.java:225)
	at sun.reflect.NativeMethodAccessorImpl.invoke0(Native Method)
	at sun.reflect.NativeMethodAccessorImpl.invoke(NativeMethodAccessorImpl.java:62)
	at sun.reflect.DelegatingMethodAccessorImpl.invoke(DelegatingMethodAccessorImpl.java:43)
	at java.lang.reflect.Method.invoke(Method.java:498)
	at org.apache.maven.surefire.junit.JUnitTestSet.execute(JUnitTestSet.java:95)
	at org.apache.maven.surefire.junit.JUnit3Provider.executeTestSet(JUnit3Provider.java:131)
	at org.apache.maven.surefire.junit.JUnit3Provider.invoke(JUnit3Provider.java:108)
	at org.apache.maven.surefire.booter.ForkedBooter.invokeProviderInSameClassLoader(ForkedBooter.java:200)
	at org.apache.maven.surefire.booter.ForkedBooter.runSuitesInProcess(ForkedBooter.java:153)
	at org.apache.maven.surefire.booter.ForkedBooter.main(ForkedBooter.java:103)
</failure>
  </testcase>
  <testcase name="testChronology" classname="org.joda.time.chrono.gj.MainTest" time="0.519"/>
  <testcase name="testChronology" classname="org.joda.time.chrono.gj.MainTest" time="0.666"/>
  <testcase name="warning" classname="junit.framework.TestSuite$1" time="0.001">
    <failure message="No tests found in org.joda.time.convert.TestConverterManager" type="junit.framework.AssertionFailedError">junit.framework.AssertionFailedError: No tests found in org.joda.time.convert.TestConverterManager
	at junit.framework.Assert.fail(Assert.java:47)
	at junit.framework.TestSuite$1.runTest(TestSuite.java:90)
	at junit.framework.TestCase.runBare(TestCase.java:130)
	at junit.framework.TestResult$1.protect(TestResult.java:106)
	at junit.framework.TestResult.runProtected(TestResult.java:124)
	at junit.framework.TestResult.run(TestResult.java:109)
	at junit.framework.TestCase.run(TestCase.java:120)
	at junit.framework.TestSuite.runTest(TestSuite.java:230)
	at junit.framework.TestSuite.run(TestSuite.java:225)
	at junit.framework.TestSuite.runTest(TestSuite.java:230)
	at junit.framework.TestSuite.run(TestSuite.java:225)
	at junit.framework.TestSuite.runTest(TestSuite.java:230)
	at junit.framework.TestSuite.run(TestSuite.java:225)
	at sun.reflect.NativeMethodAccessorImpl.invoke0(Native Method)
	at sun.reflect.NativeMethodAccessorImpl.invoke(NativeMethodAccessorImpl.java:62)
	at sun.reflect.DelegatingMethodAccessorImpl.invoke(DelegatingMethodAccessorImpl.java:43)
	at java.lang.reflect.Method.invoke(Method.java:498)
	at org.apache.maven.surefire.junit.JUnitTestSet.execute(JUnitTestSet.java:95)
	at org.apache.maven.surefire.junit.JUnit3Provider.executeTestSet(JUnit3Provider.java:131)
	at org.apache.maven.surefire.junit.JUnit3Provider.invoke(JUnit3Provider.java:108)
	at org.apache.maven.surefire.booter.ForkedBooter.invokeProviderInSameClassLoader(ForkedBooter.java:200)
	at org.apache.maven.surefire.booter.ForkedBooter.runSuitesInProcess(ForkedBooter.java:153)
	at org.apache.maven.surefire.booter.ForkedBooter.main(ForkedBooter.java:103)
</failure>
  </testcase>
  <testcase name="warning" classname="junit.framework.TestSuite$1" time="0">
    <failure message="No tests found in org.joda.time.convert.TestConverterSet" type="junit.framework.AssertionFailedError">junit.framework.AssertionFailedError: No tests found in org.joda.time.convert.TestConverterSet
	at junit.framework.Assert.fail(Assert.java:47)
	at junit.framework.TestSuite$1.runTest(TestSuite.java:90)
	at junit.framework.TestCase.runBare(TestCase.java:130)
	at junit.framework.TestResult$1.protect(TestResult.java:106)
	at junit.framework.TestResult.runProtected(TestResult.java:124)
	at junit.framework.TestResult.run(TestResult.java:109)
	at junit.framework.TestCase.run(TestCase.java:120)
	at junit.framework.TestSuite.runTest(TestSuite.java:230)
	at junit.framework.TestSuite.run(TestSuite.java:225)
	at junit.framework.TestSuite.runTest(TestSuite.java:230)
	at junit.framework.TestSuite.run(TestSuite.java:225)
	at junit.framework.TestSuite.runTest(TestSuite.java:230)
	at junit.framework.TestSuite.run(TestSuite.java:225)
	at sun.reflect.NativeMethodAccessorImpl.invoke0(Native Method)
	at sun.reflect.NativeMethodAccessorImpl.invoke(NativeMethodAccessorImpl.java:62)
	at sun.reflect.DelegatingMethodAccessorImpl.invoke(DelegatingMethodAccessorImpl.java:43)
	at java.lang.reflect.Method.invoke(Method.java:498)
	at org.apache.maven.surefire.junit.JUnitTestSet.execute(JUnitTestSet.java:95)
	at org.apache.maven.surefire.junit.JUnit3Provider.executeTestSet(JUnit3Provider.java:131)
	at org.apache.maven.surefire.junit.JUnit3Provider.invoke(JUnit3Provider.java:108)
	at org.apache.maven.surefire.booter.ForkedBooter.invokeProviderInSameClassLoader(ForkedBooter.java:200)
	at org.apache.maven.surefire.booter.ForkedBooter.runSuitesInProcess(ForkedBooter.java:153)
	at org.apache.maven.surefire.booter.ForkedBooter.main(ForkedBooter.java:103)
</failure>
  </testcase>
  <testcase name="warning" classname="junit.framework.TestSuite$1" time="0">
    <failure message="No tests found in org.joda.time.convert.TestCalendarConverter" type="junit.framework.AssertionFailedError">junit.framework.AssertionFailedError: No tests found in org.joda.time.convert.TestCalendarConverter
	at junit.framework.Assert.fail(Assert.java:47)
	at junit.framework.TestSuite$1.runTest(TestSuite.java:90)
	at junit.framework.TestCase.runBare(TestCase.java:130)
	at junit.framework.TestResult$1.protect(TestResult.java:106)
	at junit.framework.TestResult.runProtected(TestResult.java:124)
	at junit.framework.TestResult.run(TestResult.java:109)
	at junit.framework.TestCase.run(TestCase.java:120)
	at junit.framework.TestSuite.runTest(TestSuite.java:230)
	at junit.framework.TestSuite.run(TestSuite.java:225)
	at junit.framework.TestSuite.runTest(TestSuite.java:230)
	at junit.framework.TestSuite.run(TestSuite.java:225)
	at junit.framework.TestSuite.runTest(TestSuite.java:230)
	at junit.framework.TestSuite.run(TestSuite.java:225)
	at sun.reflect.NativeMethodAccessorImpl.invoke0(Native Method)
	at sun.reflect.NativeMethodAccessorImpl.invoke(NativeMethodAccessorImpl.java:62)
	at sun.reflect.DelegatingMethodAccessorImpl.invoke(DelegatingMethodAccessorImpl.java:43)
	at java.lang.reflect.Method.invoke(Method.java:498)
	at org.apache.maven.surefire.junit.JUnitTestSet.execute(JUnitTestSet.java:95)
	at org.apache.maven.surefire.junit.JUnit3Provider.executeTestSet(JUnit3Provider.java:131)
	at org.apache.maven.surefire.junit.JUnit3Provider.invoke(JUnit3Provider.java:108)
	at org.apache.maven.surefire.booter.ForkedBooter.invokeProviderInSameClassLoader(ForkedBooter.java:200)
	at org.apache.maven.surefire.booter.ForkedBooter.runSuitesInProcess(ForkedBooter.java:153)
	at org.apache.maven.surefire.booter.ForkedBooter.main(ForkedBooter.java:103)
</failure>
  </testcase>
  <testcase name="warning" classname="junit.framework.TestSuite$1" time="0">
    <failure message="No tests found in org.joda.time.convert.TestDateConverter" type="junit.framework.AssertionFailedError">junit.framework.AssertionFailedError: No tests found in org.joda.time.convert.TestDateConverter
	at junit.framework.Assert.fail(Assert.java:47)
	at junit.framework.TestSuite$1.runTest(TestSuite.java:90)
	at junit.framework.TestCase.runBare(TestCase.java:130)
	at junit.framework.TestResult$1.protect(TestResult.java:106)
	at junit.framework.TestResult.runProtected(TestResult.java:124)
	at junit.framework.TestResult.run(TestResult.java:109)
	at junit.framework.TestCase.run(TestCase.java:120)
	at junit.framework.TestSuite.runTest(TestSuite.java:230)
	at junit.framework.TestSuite.run(TestSuite.java:225)
	at junit.framework.TestSuite.runTest(TestSuite.java:230)
	at junit.framework.TestSuite.run(TestSuite.java:225)
	at junit.framework.TestSuite.runTest(TestSuite.java:230)
	at junit.framework.TestSuite.run(TestSuite.java:225)
	at sun.reflect.NativeMethodAccessorImpl.invoke0(Native Method)
	at sun.reflect.NativeMethodAccessorImpl.invoke(NativeMethodAccessorImpl.java:62)
	at sun.reflect.DelegatingMethodAccessorImpl.invoke(DelegatingMethodAccessorImpl.java:43)
	at java.lang.reflect.Method.invoke(Method.java:498)
	at org.apache.maven.surefire.junit.JUnitTestSet.execute(JUnitTestSet.java:95)
	at org.apache.maven.surefire.junit.JUnit3Provider.executeTestSet(JUnit3Provider.java:131)
	at org.apache.maven.surefire.junit.JUnit3Provider.invoke(JUnit3Provider.java:108)
	at org.apache.maven.surefire.booter.ForkedBooter.invokeProviderInSameClassLoader(ForkedBooter.java:200)
	at org.apache.maven.surefire.booter.ForkedBooter.runSuitesInProcess(ForkedBooter.java:153)
	at org.apache.maven.surefire.booter.ForkedBooter.main(ForkedBooter.java:103)
</failure>
  </testcase>
  <testcase name="warning" classname="junit.framework.TestSuite$1" time="0">
    <failure message="No tests found in org.joda.time.convert.TestLongConverter" type="junit.framework.AssertionFailedError">junit.framework.AssertionFailedError: No tests found in org.joda.time.convert.TestLongConverter
	at junit.framework.Assert.fail(Assert.java:47)
	at junit.framework.TestSuite$1.runTest(TestSuite.java:90)
	at junit.framework.TestCase.runBare(TestCase.java:130)
	at junit.framework.TestResult$1.protect(TestResult.java:106)
	at junit.framework.TestResult.runProtected(TestResult.java:124)
	at junit.framework.TestResult.run(TestResult.java:109)
	at junit.framework.TestCase.run(TestCase.java:120)
	at junit.framework.TestSuite.runTest(TestSuite.java:230)
	at junit.framework.TestSuite.run(TestSuite.java:225)
	at junit.framework.TestSuite.runTest(TestSuite.java:230)
	at junit.framework.TestSuite.run(TestSuite.java:225)
	at junit.framework.TestSuite.runTest(TestSuite.java:230)
	at junit.framework.TestSuite.run(TestSuite.java:225)
	at sun.reflect.NativeMethodAccessorImpl.invoke0(Native Method)
	at sun.reflect.NativeMethodAccessorImpl.invoke(NativeMethodAccessorImpl.java:62)
	at sun.reflect.DelegatingMethodAccessorImpl.invoke(DelegatingMethodAccessorImpl.java:43)
	at java.lang.reflect.Method.invoke(Method.java:498)
	at org.apache.maven.surefire.junit.JUnitTestSet.execute(JUnitTestSet.java:95)
	at org.apache.maven.surefire.junit.JUnit3Provider.executeTestSet(JUnit3Provider.java:131)
	at org.apache.maven.surefire.junit.JUnit3Provider.invoke(JUnit3Provider.java:108)
	at org.apache.maven.surefire.booter.ForkedBooter.invokeProviderInSameClassLoader(ForkedBooter.java:200)
	at org.apache.maven.surefire.booter.ForkedBooter.runSuitesInProcess(ForkedBooter.java:153)
	at org.apache.maven.surefire.booter.ForkedBooter.main(ForkedBooter.java:103)
</failure>
  </testcase>
  <testcase name="warning" classname="junit.framework.TestSuite$1" time="0">
    <failure message="No tests found in org.joda.time.convert.TestNullConverter" type="junit.framework.AssertionFailedError">junit.framework.AssertionFailedError: No tests found in org.joda.time.convert.TestNullConverter
	at junit.framework.Assert.fail(Assert.java:47)
	at junit.framework.TestSuite$1.runTest(TestSuite.java:90)
	at junit.framework.TestCase.runBare(TestCase.java:130)
	at junit.framework.TestResult$1.protect(TestResult.java:106)
	at junit.framework.TestResult.runProtected(TestResult.java:124)
	at junit.framework.TestResult.run(TestResult.java:109)
	at junit.framework.TestCase.run(TestCase.java:120)
	at junit.framework.TestSuite.runTest(TestSuite.java:230)
	at junit.framework.TestSuite.run(TestSuite.java:225)
	at junit.framework.TestSuite.runTest(TestSuite.java:230)
	at junit.framework.TestSuite.run(TestSuite.java:225)
	at junit.framework.TestSuite.runTest(TestSuite.java:230)
	at junit.framework.TestSuite.run(TestSuite.java:225)
	at sun.reflect.NativeMethodAccessorImpl.invoke0(Native Method)
	at sun.reflect.NativeMethodAccessorImpl.invoke(NativeMethodAccessorImpl.java:62)
	at sun.reflect.DelegatingMethodAccessorImpl.invoke(DelegatingMethodAccessorImpl.java:43)
	at java.lang.reflect.Method.invoke(Method.java:498)
	at org.apache.maven.surefire.junit.JUnitTestSet.execute(JUnitTestSet.java:95)
	at org.apache.maven.surefire.junit.JUnit3Provider.executeTestSet(JUnit3Provider.java:131)
	at org.apache.maven.surefire.junit.JUnit3Provider.invoke(JUnit3Provider.java:108)
	at org.apache.maven.surefire.booter.ForkedBooter.invokeProviderInSameClassLoader(ForkedBooter.java:200)
	at org.apache.maven.surefire.booter.ForkedBooter.runSuitesInProcess(ForkedBooter.java:153)
	at org.apache.maven.surefire.booter.ForkedBooter.main(ForkedBooter.java:103)
</failure>
  </testcase>
  <testcase name="warning" classname="junit.framework.TestSuite$1" time="0.001">
    <failure message="No tests found in org.joda.time.convert.TestReadableDurationConverter" type="junit.framework.AssertionFailedError">junit.framework.AssertionFailedError: No tests found in org.joda.time.convert.TestReadableDurationConverter
	at junit.framework.Assert.fail(Assert.java:47)
	at junit.framework.TestSuite$1.runTest(TestSuite.java:90)
	at junit.framework.TestCase.runBare(TestCase.java:130)
	at junit.framework.TestResult$1.protect(TestResult.java:106)
	at junit.framework.TestResult.runProtected(TestResult.java:124)
	at junit.framework.TestResult.run(TestResult.java:109)
	at junit.framework.TestCase.run(TestCase.java:120)
	at junit.framework.TestSuite.runTest(TestSuite.java:230)
	at junit.framework.TestSuite.run(TestSuite.java:225)
	at junit.framework.TestSuite.runTest(TestSuite.java:230)
	at junit.framework.TestSuite.run(TestSuite.java:225)
	at junit.framework.TestSuite.runTest(TestSuite.java:230)
	at junit.framework.TestSuite.run(TestSuite.java:225)
	at sun.reflect.NativeMethodAccessorImpl.invoke0(Native Method)
	at sun.reflect.NativeMethodAccessorImpl.invoke(NativeMethodAccessorImpl.java:62)
	at sun.reflect.DelegatingMethodAccessorImpl.invoke(DelegatingMethodAccessorImpl.java:43)
	at java.lang.reflect.Method.invoke(Method.java:498)
	at org.apache.maven.surefire.junit.JUnitTestSet.execute(JUnitTestSet.java:95)
	at org.apache.maven.surefire.junit.JUnit3Provider.executeTestSet(JUnit3Provider.java:131)
	at org.apache.maven.surefire.junit.JUnit3Provider.invoke(JUnit3Provider.java:108)
	at org.apache.maven.surefire.booter.ForkedBooter.invokeProviderInSameClassLoader(ForkedBooter.java:200)
	at org.apache.maven.surefire.booter.ForkedBooter.runSuitesInProcess(ForkedBooter.java:153)
	at org.apache.maven.surefire.booter.ForkedBooter.main(ForkedBooter.java:103)
</failure>
  </testcase>
  <testcase name="warning" classname="junit.framework.TestSuite$1" time="0">
    <failure message="No tests found in org.joda.time.convert.TestReadableIntervalConverter" type="junit.framework.AssertionFailedError">junit.framework.AssertionFailedError: No tests found in org.joda.time.convert.TestReadableIntervalConverter
	at junit.framework.Assert.fail(Assert.java:47)
	at junit.framework.TestSuite$1.runTest(TestSuite.java:90)
	at junit.framework.TestCase.runBare(TestCase.java:130)
	at junit.framework.TestResult$1.protect(TestResult.java:106)
	at junit.framework.TestResult.runProtected(TestResult.java:124)
	at junit.framework.TestResult.run(TestResult.java:109)
	at junit.framework.TestCase.run(TestCase.java:120)
	at junit.framework.TestSuite.runTest(TestSuite.java:230)
	at junit.framework.TestSuite.run(TestSuite.java:225)
	at junit.framework.TestSuite.runTest(TestSuite.java:230)
	at junit.framework.TestSuite.run(TestSuite.java:225)
	at junit.framework.TestSuite.runTest(TestSuite.java:230)
	at junit.framework.TestSuite.run(TestSuite.java:225)
	at sun.reflect.NativeMethodAccessorImpl.invoke0(Native Method)
	at sun.reflect.NativeMethodAccessorImpl.invoke(NativeMethodAccessorImpl.java:62)
	at sun.reflect.DelegatingMethodAccessorImpl.invoke(DelegatingMethodAccessorImpl.java:43)
	at java.lang.reflect.Method.invoke(Method.java:498)
	at org.apache.maven.surefire.junit.JUnitTestSet.execute(JUnitTestSet.java:95)
	at org.apache.maven.surefire.junit.JUnit3Provider.executeTestSet(JUnit3Provider.java:131)
	at org.apache.maven.surefire.junit.JUnit3Provider.invoke(JUnit3Provider.java:108)
	at org.apache.maven.surefire.booter.ForkedBooter.invokeProviderInSameClassLoader(ForkedBooter.java:200)
	at org.apache.maven.surefire.booter.ForkedBooter.runSuitesInProcess(ForkedBooter.java:153)
	at org.apache.maven.surefire.booter.ForkedBooter.main(ForkedBooter.java:103)
</failure>
  </testcase>
  <testcase name="warning" classname="junit.framework.TestSuite$1" time="0">
    <failure message="No tests found in org.joda.time.convert.TestReadableInstantConverter" type="junit.framework.AssertionFailedError">junit.framework.AssertionFailedError: No tests found in org.joda.time.convert.TestReadableInstantConverter
	at junit.framework.Assert.fail(Assert.java:47)
	at junit.framework.TestSuite$1.runTest(TestSuite.java:90)
	at junit.framework.TestCase.runBare(TestCase.java:130)
	at junit.framework.TestResult$1.protect(TestResult.java:106)
	at junit.framework.TestResult.runProtected(TestResult.java:124)
	at junit.framework.TestResult.run(TestResult.java:109)
	at junit.framework.TestCase.run(TestCase.java:120)
	at junit.framework.TestSuite.runTest(TestSuite.java:230)
	at junit.framework.TestSuite.run(TestSuite.java:225)
	at junit.framework.TestSuite.runTest(TestSuite.java:230)
	at junit.framework.TestSuite.run(TestSuite.java:225)
	at junit.framework.TestSuite.runTest(TestSuite.java:230)
	at junit.framework.TestSuite.run(TestSuite.java:225)
	at sun.reflect.NativeMethodAccessorImpl.invoke0(Native Method)
	at sun.reflect.NativeMethodAccessorImpl.invoke(NativeMethodAccessorImpl.java:62)
	at sun.reflect.DelegatingMethodAccessorImpl.invoke(DelegatingMethodAccessorImpl.java:43)
	at java.lang.reflect.Method.invoke(Method.java:498)
	at org.apache.maven.surefire.junit.JUnitTestSet.execute(JUnitTestSet.java:95)
	at org.apache.maven.surefire.junit.JUnit3Provider.executeTestSet(JUnit3Provider.java:131)
	at org.apache.maven.surefire.junit.JUnit3Provider.invoke(JUnit3Provider.java:108)
	at org.apache.maven.surefire.booter.ForkedBooter.invokeProviderInSameClassLoader(ForkedBooter.java:200)
	at org.apache.maven.surefire.booter.ForkedBooter.runSuitesInProcess(ForkedBooter.java:153)
	at org.apache.maven.surefire.booter.ForkedBooter.main(ForkedBooter.java:103)
</failure>
  </testcase>
  <testcase name="warning" classname="junit.framework.TestSuite$1" time="0">
    <failure message="No tests found in org.joda.time.convert.TestReadablePartialConverter" type="junit.framework.AssertionFailedError">junit.framework.AssertionFailedError: No tests found in org.joda.time.convert.TestReadablePartialConverter
	at junit.framework.Assert.fail(Assert.java:47)
	at junit.framework.TestSuite$1.runTest(TestSuite.java:90)
	at junit.framework.TestCase.runBare(TestCase.java:130)
	at junit.framework.TestResult$1.protect(TestResult.java:106)
	at junit.framework.TestResult.runProtected(TestResult.java:124)
	at junit.framework.TestResult.run(TestResult.java:109)
	at junit.framework.TestCase.run(TestCase.java:120)
	at junit.framework.TestSuite.runTest(TestSuite.java:230)
	at junit.framework.TestSuite.run(TestSuite.java:225)
	at junit.framework.TestSuite.runTest(TestSuite.java:230)
	at junit.framework.TestSuite.run(TestSuite.java:225)
	at junit.framework.TestSuite.runTest(TestSuite.java:230)
	at junit.framework.TestSuite.run(TestSuite.java:225)
	at sun.reflect.NativeMethodAccessorImpl.invoke0(Native Method)
	at sun.reflect.NativeMethodAccessorImpl.invoke(NativeMethodAccessorImpl.java:62)
	at sun.reflect.DelegatingMethodAccessorImpl.invoke(DelegatingMethodAccessorImpl.java:43)
	at java.lang.reflect.Method.invoke(Method.java:498)
	at org.apache.maven.surefire.junit.JUnitTestSet.execute(JUnitTestSet.java:95)
	at org.apache.maven.surefire.junit.JUnit3Provider.executeTestSet(JUnit3Provider.java:131)
	at org.apache.maven.surefire.junit.JUnit3Provider.invoke(JUnit3Provider.java:108)
	at org.apache.maven.surefire.booter.ForkedBooter.invokeProviderInSameClassLoader(ForkedBooter.java:200)
	at org.apache.maven.surefire.booter.ForkedBooter.runSuitesInProcess(ForkedBooter.java:153)
	at org.apache.maven.surefire.booter.ForkedBooter.main(ForkedBooter.java:103)
</failure>
  </testcase>
  <testcase name="warning" classname="junit.framework.TestSuite$1" time="0">
    <failure message="No tests found in org.joda.time.convert.TestReadablePeriodConverter" type="junit.framework.AssertionFailedError">junit.framework.AssertionFailedError: No tests found in org.joda.time.convert.TestReadablePeriodConverter
	at junit.framework.Assert.fail(Assert.java:47)
	at junit.framework.TestSuite$1.runTest(TestSuite.java:90)
	at junit.framework.TestCase.runBare(TestCase.java:130)
	at junit.framework.TestResult$1.protect(TestResult.java:106)
	at junit.framework.TestResult.runProtected(TestResult.java:124)
	at junit.framework.TestResult.run(TestResult.java:109)
	at junit.framework.TestCase.run(TestCase.java:120)
	at junit.framework.TestSuite.runTest(TestSuite.java:230)
	at junit.framework.TestSuite.run(TestSuite.java:225)
	at junit.framework.TestSuite.runTest(TestSuite.java:230)
	at junit.framework.TestSuite.run(TestSuite.java:225)
	at junit.framework.TestSuite.runTest(TestSuite.java:230)
	at junit.framework.TestSuite.run(TestSuite.java:225)
	at sun.reflect.NativeMethodAccessorImpl.invoke0(Native Method)
	at sun.reflect.NativeMethodAccessorImpl.invoke(NativeMethodAccessorImpl.java:62)
	at sun.reflect.DelegatingMethodAccessorImpl.invoke(DelegatingMethodAccessorImpl.java:43)
	at java.lang.reflect.Method.invoke(Method.java:498)
	at org.apache.maven.surefire.junit.JUnitTestSet.execute(JUnitTestSet.java:95)
	at org.apache.maven.surefire.junit.JUnit3Provider.executeTestSet(JUnit3Provider.java:131)
	at org.apache.maven.surefire.junit.JUnit3Provider.invoke(JUnit3Provider.java:108)
	at org.apache.maven.surefire.booter.ForkedBooter.invokeProviderInSameClassLoader(ForkedBooter.java:200)
	at org.apache.maven.surefire.booter.ForkedBooter.runSuitesInProcess(ForkedBooter.java:153)
	at org.apache.maven.surefire.booter.ForkedBooter.main(ForkedBooter.java:103)
</failure>
  </testcase>
  <testcase name="warning" classname="junit.framework.TestSuite$1" time="0">
    <failure message="No tests found in org.joda.time.convert.TestStringConverter" type="junit.framework.AssertionFailedError">junit.framework.AssertionFailedError: No tests found in org.joda.time.convert.TestStringConverter
	at junit.framework.Assert.fail(Assert.java:47)
	at junit.framework.TestSuite$1.runTest(TestSuite.java:90)
	at junit.framework.TestCase.runBare(TestCase.java:130)
	at junit.framework.TestResult$1.protect(TestResult.java:106)
	at junit.framework.TestResult.runProtected(TestResult.java:124)
	at junit.framework.TestResult.run(TestResult.java:109)
	at junit.framework.TestCase.run(TestCase.java:120)
	at junit.framework.TestSuite.runTest(TestSuite.java:230)
	at junit.framework.TestSuite.run(TestSuite.java:225)
	at junit.framework.TestSuite.runTest(TestSuite.java:230)
	at junit.framework.TestSuite.run(TestSuite.java:225)
	at junit.framework.TestSuite.runTest(TestSuite.java:230)
	at junit.framework.TestSuite.run(TestSuite.java:225)
	at sun.reflect.NativeMethodAccessorImpl.invoke0(Native Method)
	at sun.reflect.NativeMethodAccessorImpl.invoke(NativeMethodAccessorImpl.java:62)
	at sun.reflect.DelegatingMethodAccessorImpl.invoke(DelegatingMethodAccessorImpl.java:43)
	at java.lang.reflect.Method.invoke(Method.java:498)
	at org.apache.maven.surefire.junit.JUnitTestSet.execute(JUnitTestSet.java:95)
	at org.apache.maven.surefire.junit.JUnit3Provider.executeTestSet(JUnit3Provider.java:131)
	at org.apache.maven.surefire.junit.JUnit3Provider.invoke(JUnit3Provider.java:108)
	at org.apache.maven.surefire.booter.ForkedBooter.invokeProviderInSameClassLoader(ForkedBooter.java:200)
	at org.apache.maven.surefire.booter.ForkedBooter.runSuitesInProcess(ForkedBooter.java:153)
	at org.apache.maven.surefire.booter.ForkedBooter.main(ForkedBooter.java:103)
</failure>
  </testcase>
  <testcase name="warning" classname="junit.framework.TestSuite$1" time="0">
    <failure message="No tests found in org.joda.time.field.TestFieldUtils" type="junit.framework.AssertionFailedError">junit.framework.AssertionFailedError: No tests found in org.joda.time.field.TestFieldUtils
	at junit.framework.Assert.fail(Assert.java:47)
	at junit.framework.TestSuite$1.runTest(TestSuite.java:90)
	at junit.framework.TestCase.runBare(TestCase.java:130)
	at junit.framework.TestResult$1.protect(TestResult.java:106)
	at junit.framework.TestResult.runProtected(TestResult.java:124)
	at junit.framework.TestResult.run(TestResult.java:109)
	at junit.framework.TestCase.run(TestCase.java:120)
	at junit.framework.TestSuite.runTest(TestSuite.java:230)
	at junit.framework.TestSuite.run(TestSuite.java:225)
	at junit.framework.TestSuite.runTest(TestSuite.java:230)
	at junit.framework.TestSuite.run(TestSuite.java:225)
	at junit.framework.TestSuite.runTest(TestSuite.java:230)
	at junit.framework.TestSuite.run(TestSuite.java:225)
	at sun.reflect.NativeMethodAccessorImpl.invoke0(Native Method)
	at sun.reflect.NativeMethodAccessorImpl.invoke(NativeMethodAccessorImpl.java:62)
	at sun.reflect.DelegatingMethodAccessorImpl.invoke(DelegatingMethodAccessorImpl.java:43)
	at java.lang.reflect.Method.invoke(Method.java:498)
	at org.apache.maven.surefire.junit.JUnitTestSet.execute(JUnitTestSet.java:95)
	at org.apache.maven.surefire.junit.JUnit3Provider.executeTestSet(JUnit3Provider.java:131)
	at org.apache.maven.surefire.junit.JUnit3Provider.invoke(JUnit3Provider.java:108)
	at org.apache.maven.surefire.booter.ForkedBooter.invokeProviderInSameClassLoader(ForkedBooter.java:200)
	at org.apache.maven.surefire.booter.ForkedBooter.runSuitesInProcess(ForkedBooter.java:153)
	at org.apache.maven.surefire.booter.ForkedBooter.main(ForkedBooter.java:103)
</failure>
  </testcase>
  <testcase name="warning" classname="junit.framework.TestSuite$1" time="0.001">
    <failure message="No tests found in org.joda.time.field.TestBaseDateTimeField" type="junit.framework.AssertionFailedError">junit.framework.AssertionFailedError: No tests found in org.joda.time.field.TestBaseDateTimeField
	at junit.framework.Assert.fail(Assert.java:47)
	at junit.framework.TestSuite$1.runTest(TestSuite.java:90)
	at junit.framework.TestCase.runBare(TestCase.java:130)
	at junit.framework.TestResult$1.protect(TestResult.java:106)
	at junit.framework.TestResult.runProtected(TestResult.java:124)
	at junit.framework.TestResult.run(TestResult.java:109)
	at junit.framework.TestCase.run(TestCase.java:120)
	at junit.framework.TestSuite.runTest(TestSuite.java:230)
	at junit.framework.TestSuite.run(TestSuite.java:225)
	at junit.framework.TestSuite.runTest(TestSuite.java:230)
	at junit.framework.TestSuite.run(TestSuite.java:225)
	at junit.framework.TestSuite.runTest(TestSuite.java:230)
	at junit.framework.TestSuite.run(TestSuite.java:225)
	at sun.reflect.NativeMethodAccessorImpl.invoke0(Native Method)
	at sun.reflect.NativeMethodAccessorImpl.invoke(NativeMethodAccessorImpl.java:62)
	at sun.reflect.DelegatingMethodAccessorImpl.invoke(DelegatingMethodAccessorImpl.java:43)
	at java.lang.reflect.Method.invoke(Method.java:498)
	at org.apache.maven.surefire.junit.JUnitTestSet.execute(JUnitTestSet.java:95)
	at org.apache.maven.surefire.junit.JUnit3Provider.executeTestSet(JUnit3Provider.java:131)
	at org.apache.maven.surefire.junit.JUnit3Provider.invoke(JUnit3Provider.java:108)
	at org.apache.maven.surefire.booter.ForkedBooter.invokeProviderInSameClassLoader(ForkedBooter.java:200)
	at org.apache.maven.surefire.booter.ForkedBooter.runSuitesInProcess(ForkedBooter.java:153)
	at org.apache.maven.surefire.booter.ForkedBooter.main(ForkedBooter.java:103)
</failure>
  </testcase>
  <testcase name="warning" classname="junit.framework.TestSuite$1" time="0">
    <failure message="No tests found in org.joda.time.field.TestOffsetDateTimeField" type="junit.framework.AssertionFailedError">junit.framework.AssertionFailedError: No tests found in org.joda.time.field.TestOffsetDateTimeField
	at junit.framework.Assert.fail(Assert.java:47)
	at junit.framework.TestSuite$1.runTest(TestSuite.java:90)
	at junit.framework.TestCase.runBare(TestCase.java:130)
	at junit.framework.TestResult$1.protect(TestResult.java:106)
	at junit.framework.TestResult.runProtected(TestResult.java:124)
	at junit.framework.TestResult.run(TestResult.java:109)
	at junit.framework.TestCase.run(TestCase.java:120)
	at junit.framework.TestSuite.runTest(TestSuite.java:230)
	at junit.framework.TestSuite.run(TestSuite.java:225)
	at junit.framework.TestSuite.runTest(TestSuite.java:230)
	at junit.framework.TestSuite.run(TestSuite.java:225)
	at junit.framework.TestSuite.runTest(TestSuite.java:230)
	at junit.framework.TestSuite.run(TestSuite.java:225)
	at sun.reflect.NativeMethodAccessorImpl.invoke0(Native Method)
	at sun.reflect.NativeMethodAccessorImpl.invoke(NativeMethodAccessorImpl.java:62)
	at sun.reflect.DelegatingMethodAccessorImpl.invoke(DelegatingMethodAccessorImpl.java:43)
	at java.lang.reflect.Method.invoke(Method.java:498)
	at org.apache.maven.surefire.junit.JUnitTestSet.execute(JUnitTestSet.java:95)
	at org.apache.maven.surefire.junit.JUnit3Provider.executeTestSet(JUnit3Provider.java:131)
	at org.apache.maven.surefire.junit.JUnit3Provider.invoke(JUnit3Provider.java:108)
	at org.apache.maven.surefire.booter.ForkedBooter.invokeProviderInSameClassLoader(ForkedBooter.java:200)
	at org.apache.maven.surefire.booter.ForkedBooter.runSuitesInProcess(ForkedBooter.java:153)
	at org.apache.maven.surefire.booter.ForkedBooter.main(ForkedBooter.java:103)
</failure>
  </testcase>
  <testcase name="warning" classname="junit.framework.TestSuite$1" time="0">
    <failure message="No tests found in org.joda.time.field.TestPreciseDurationDateTimeField" type="junit.framework.AssertionFailedError">junit.framework.AssertionFailedError: No tests found in org.joda.time.field.TestPreciseDurationDateTimeField
	at junit.framework.Assert.fail(Assert.java:47)
	at junit.framework.TestSuite$1.runTest(TestSuite.java:90)
	at junit.framework.TestCase.runBare(TestCase.java:130)
	at junit.framework.TestResult$1.protect(TestResult.java:106)
	at junit.framework.TestResult.runProtected(TestResult.java:124)
	at junit.framework.TestResult.run(TestResult.java:109)
	at junit.framework.TestCase.run(TestCase.java:120)
	at junit.framework.TestSuite.runTest(TestSuite.java:230)
	at junit.framework.TestSuite.run(TestSuite.java:225)
	at junit.framework.TestSuite.runTest(TestSuite.java:230)
	at junit.framework.TestSuite.run(TestSuite.java:225)
	at junit.framework.TestSuite.runTest(TestSuite.java:230)
	at junit.framework.TestSuite.run(TestSuite.java:225)
	at sun.reflect.NativeMethodAccessorImpl.invoke0(Native Method)
	at sun.reflect.NativeMethodAccessorImpl.invoke(NativeMethodAccessorImpl.java:62)
	at sun.reflect.DelegatingMethodAccessorImpl.invoke(DelegatingMethodAccessorImpl.java:43)
	at java.lang.reflect.Method.invoke(Method.java:498)
	at org.apache.maven.surefire.junit.JUnitTestSet.execute(JUnitTestSet.java:95)
	at org.apache.maven.surefire.junit.JUnit3Provider.executeTestSet(JUnit3Provider.java:131)
	at org.apache.maven.surefire.junit.JUnit3Provider.invoke(JUnit3Provider.java:108)
	at org.apache.maven.surefire.booter.ForkedBooter.invokeProviderInSameClassLoader(ForkedBooter.java:200)
	at org.apache.maven.surefire.booter.ForkedBooter.runSuitesInProcess(ForkedBooter.java:153)
	at org.apache.maven.surefire.booter.ForkedBooter.main(ForkedBooter.java:103)
</failure>
  </testcase>
  <testcase name="warning" classname="junit.framework.TestSuite$1" time="0.001">
    <failure message="No tests found in org.joda.time.field.TestPreciseDateTimeField" type="junit.framework.AssertionFailedError">junit.framework.AssertionFailedError: No tests found in org.joda.time.field.TestPreciseDateTimeField
	at junit.framework.Assert.fail(Assert.java:47)
	at junit.framework.TestSuite$1.runTest(TestSuite.java:90)
	at junit.framework.TestCase.runBare(TestCase.java:130)
	at junit.framework.TestResult$1.protect(TestResult.java:106)
	at junit.framework.TestResult.runProtected(TestResult.java:124)
	at junit.framework.TestResult.run(TestResult.java:109)
	at junit.framework.TestCase.run(TestCase.java:120)
	at junit.framework.TestSuite.runTest(TestSuite.java:230)
	at junit.framework.TestSuite.run(TestSuite.java:225)
	at junit.framework.TestSuite.runTest(TestSuite.java:230)
	at junit.framework.TestSuite.run(TestSuite.java:225)
	at junit.framework.TestSuite.runTest(TestSuite.java:230)
	at junit.framework.TestSuite.run(TestSuite.java:225)
	at sun.reflect.NativeMethodAccessorImpl.invoke0(Native Method)
	at sun.reflect.NativeMethodAccessorImpl.invoke(NativeMethodAccessorImpl.java:62)
	at sun.reflect.DelegatingMethodAccessorImpl.invoke(DelegatingMethodAccessorImpl.java:43)
	at java.lang.reflect.Method.invoke(Method.java:498)
	at org.apache.maven.surefire.junit.JUnitTestSet.execute(JUnitTestSet.java:95)
	at org.apache.maven.surefire.junit.JUnit3Provider.executeTestSet(JUnit3Provider.java:131)
	at org.apache.maven.surefire.junit.JUnit3Provider.invoke(JUnit3Provider.java:108)
	at org.apache.maven.surefire.booter.ForkedBooter.invokeProviderInSameClassLoader(ForkedBooter.java:200)
	at org.apache.maven.surefire.booter.ForkedBooter.runSuitesInProcess(ForkedBooter.java:153)
	at org.apache.maven.surefire.booter.ForkedBooter.main(ForkedBooter.java:103)
</failure>
  </testcase>
  <testcase name="warning" classname="junit.framework.TestSuite$1" time="0">
    <failure message="No tests found in org.joda.time.field.TestMillisDurationField" type="junit.framework.AssertionFailedError">junit.framework.AssertionFailedError: No tests found in org.joda.time.field.TestMillisDurationField
	at junit.framework.Assert.fail(Assert.java:47)
	at junit.framework.TestSuite$1.runTest(TestSuite.java:90)
	at junit.framework.TestCase.runBare(TestCase.java:130)
	at junit.framework.TestResult$1.protect(TestResult.java:106)
	at junit.framework.TestResult.runProtected(TestResult.java:124)
	at junit.framework.TestResult.run(TestResult.java:109)
	at junit.framework.TestCase.run(TestCase.java:120)
	at junit.framework.TestSuite.runTest(TestSuite.java:230)
	at junit.framework.TestSuite.run(TestSuite.java:225)
	at junit.framework.TestSuite.runTest(TestSuite.java:230)
	at junit.framework.TestSuite.run(TestSuite.java:225)
	at junit.framework.TestSuite.runTest(TestSuite.java:230)
	at junit.framework.TestSuite.run(TestSuite.java:225)
	at sun.reflect.NativeMethodAccessorImpl.invoke0(Native Method)
	at sun.reflect.NativeMethodAccessorImpl.invoke(NativeMethodAccessorImpl.java:62)
	at sun.reflect.DelegatingMethodAccessorImpl.invoke(DelegatingMethodAccessorImpl.java:43)
	at java.lang.reflect.Method.invoke(Method.java:498)
	at org.apache.maven.surefire.junit.JUnitTestSet.execute(JUnitTestSet.java:95)
	at org.apache.maven.surefire.junit.JUnit3Provider.executeTestSet(JUnit3Provider.java:131)
	at org.apache.maven.surefire.junit.JUnit3Provider.invoke(JUnit3Provider.java:108)
	at org.apache.maven.surefire.booter.ForkedBooter.invokeProviderInSameClassLoader(ForkedBooter.java:200)
	at org.apache.maven.surefire.booter.ForkedBooter.runSuitesInProcess(ForkedBooter.java:153)
	at org.apache.maven.surefire.booter.ForkedBooter.main(ForkedBooter.java:103)
</failure>
  </testcase>
  <testcase name="warning" classname="junit.framework.TestSuite$1" time="0">
    <failure message="No tests found in org.joda.time.field.TestPreciseDurationField" type="junit.framework.AssertionFailedError">junit.framework.AssertionFailedError: No tests found in org.joda.time.field.TestPreciseDurationField
	at junit.framework.Assert.fail(Assert.java:47)
	at junit.framework.TestSuite$1.runTest(TestSuite.java:90)
	at junit.framework.TestCase.runBare(TestCase.java:130)
	at junit.framework.TestResult$1.protect(TestResult.java:106)
	at junit.framework.TestResult.runProtected(TestResult.java:124)
	at junit.framework.TestResult.run(TestResult.java:109)
	at junit.framework.TestCase.run(TestCase.java:120)
	at junit.framework.TestSuite.runTest(TestSuite.java:230)
	at junit.framework.TestSuite.run(TestSuite.java:225)
	at junit.framework.TestSuite.runTest(TestSuite.java:230)
	at junit.framework.TestSuite.run(TestSuite.java:225)
	at junit.framework.TestSuite.runTest(TestSuite.java:230)
	at junit.framework.TestSuite.run(TestSuite.java:225)
	at sun.reflect.NativeMethodAccessorImpl.invoke0(Native Method)
	at sun.reflect.NativeMethodAccessorImpl.invoke(NativeMethodAccessorImpl.java:62)
	at sun.reflect.DelegatingMethodAccessorImpl.invoke(DelegatingMethodAccessorImpl.java:43)
	at java.lang.reflect.Method.invoke(Method.java:498)
	at org.apache.maven.surefire.junit.JUnitTestSet.execute(JUnitTestSet.java:95)
	at org.apache.maven.surefire.junit.JUnit3Provider.executeTestSet(JUnit3Provider.java:131)
	at org.apache.maven.surefire.junit.JUnit3Provider.invoke(JUnit3Provider.java:108)
	at org.apache.maven.surefire.booter.ForkedBooter.invokeProviderInSameClassLoader(ForkedBooter.java:200)
	at org.apache.maven.surefire.booter.ForkedBooter.runSuitesInProcess(ForkedBooter.java:153)
	at org.apache.maven.surefire.booter.ForkedBooter.main(ForkedBooter.java:103)
</failure>
  </testcase>
  <testcase name="warning" classname="junit.framework.TestSuite$1" time="0">
    <failure message="No tests found in org.joda.time.field.TestScaledDurationField" type="junit.framework.AssertionFailedError">junit.framework.AssertionFailedError: No tests found in org.joda.time.field.TestScaledDurationField
	at junit.framework.Assert.fail(Assert.java:47)
	at junit.framework.TestSuite$1.runTest(TestSuite.java:90)
	at junit.framework.TestCase.runBare(TestCase.java:130)
	at junit.framework.TestResult$1.protect(TestResult.java:106)
	at junit.framework.TestResult.runProtected(TestResult.java:124)
	at junit.framework.TestResult.run(TestResult.java:109)
	at junit.framework.TestCase.run(TestCase.java:120)
	at junit.framework.TestSuite.runTest(TestSuite.java:230)
	at junit.framework.TestSuite.run(TestSuite.java:225)
	at junit.framework.TestSuite.runTest(TestSuite.java:230)
	at junit.framework.TestSuite.run(TestSuite.java:225)
	at junit.framework.TestSuite.runTest(TestSuite.java:230)
	at junit.framework.TestSuite.run(TestSuite.java:225)
	at sun.reflect.NativeMethodAccessorImpl.invoke0(Native Method)
	at sun.reflect.NativeMethodAccessorImpl.invoke(NativeMethodAccessorImpl.java:62)
	at sun.reflect.DelegatingMethodAccessorImpl.invoke(DelegatingMethodAccessorImpl.java:43)
	at java.lang.reflect.Method.invoke(Method.java:498)
	at org.apache.maven.surefire.junit.JUnitTestSet.execute(JUnitTestSet.java:95)
	at org.apache.maven.surefire.junit.JUnit3Provider.executeTestSet(JUnit3Provider.java:131)
	at org.apache.maven.surefire.junit.JUnit3Provider.invoke(JUnit3Provider.java:108)
	at org.apache.maven.surefire.booter.ForkedBooter.invokeProviderInSameClassLoader(ForkedBooter.java:200)
	at org.apache.maven.surefire.booter.ForkedBooter.runSuitesInProcess(ForkedBooter.java:153)
	at org.apache.maven.surefire.booter.ForkedBooter.main(ForkedBooter.java:103)
</failure>
  </testcase>
  <testcase name="testSet166" classname="org.joda.time.field.TestUnsupportedDateTimeField" time="0.003"/>
  <testcase name="testGetAsShortText7" classname="org.joda.time.field.TestUnsupportedDateTimeField" time="0"/>
  <testcase name="testGetAsText175" classname="org.joda.time.field.TestUnsupportedDateTimeField" time="0.001"/>
  <testcase name="warning" classname="junit.framework.TestSuite$1" time="0.006">
    <failure message="No tests found in org.joda.time.format.TestDateTimeFormatter" type="junit.framework.AssertionFailedError">junit.framework.AssertionFailedError: No tests found in org.joda.time.format.TestDateTimeFormatter
	at junit.framework.Assert.fail(Assert.java:47)
	at junit.framework.TestSuite$1.runTest(TestSuite.java:90)
	at junit.framework.TestCase.runBare(TestCase.java:130)
	at junit.framework.TestResult$1.protect(TestResult.java:106)
	at junit.framework.TestResult.runProtected(TestResult.java:124)
	at junit.framework.TestResult.run(TestResult.java:109)
	at junit.framework.TestCase.run(TestCase.java:120)
	at junit.framework.TestSuite.runTest(TestSuite.java:230)
	at junit.framework.TestSuite.run(TestSuite.java:225)
	at junit.framework.TestSuite.runTest(TestSuite.java:230)
	at junit.framework.TestSuite.run(TestSuite.java:225)
	at junit.framework.TestSuite.runTest(TestSuite.java:230)
	at junit.framework.TestSuite.run(TestSuite.java:225)
	at sun.reflect.NativeMethodAccessorImpl.invoke0(Native Method)
	at sun.reflect.NativeMethodAccessorImpl.invoke(NativeMethodAccessorImpl.java:62)
	at sun.reflect.DelegatingMethodAccessorImpl.invoke(DelegatingMethodAccessorImpl.java:43)
	at java.lang.reflect.Method.invoke(Method.java:498)
	at org.apache.maven.surefire.junit.JUnitTestSet.execute(JUnitTestSet.java:95)
	at org.apache.maven.surefire.junit.JUnit3Provider.executeTestSet(JUnit3Provider.java:131)
	at org.apache.maven.surefire.junit.JUnit3Provider.invoke(JUnit3Provider.java:108)
	at org.apache.maven.surefire.booter.ForkedBooter.invokeProviderInSameClassLoader(ForkedBooter.java:200)
	at org.apache.maven.surefire.booter.ForkedBooter.runSuitesInProcess(ForkedBooter.java:153)
	at org.apache.maven.surefire.booter.ForkedBooter.main(ForkedBooter.java:103)
</failure>
  </testcase>
  <testcase name="testGetYear1419" classname="org.joda.time.format.TestDateTimeFormat" time="0"/>
  <testcase name="warning" classname="junit.framework.TestSuite$1" time="0">
    <failure message="No tests found in org.joda.time.format.TestDateTimeFormatStyle" type="junit.framework.AssertionFailedError">junit.framework.AssertionFailedError: No tests found in org.joda.time.format.TestDateTimeFormatStyle
	at junit.framework.Assert.fail(Assert.java:47)
	at junit.framework.TestSuite$1.runTest(TestSuite.java:90)
	at junit.framework.TestCase.runBare(TestCase.java:130)
	at junit.framework.TestResult$1.protect(TestResult.java:106)
	at junit.framework.TestResult.runProtected(TestResult.java:124)
	at junit.framework.TestResult.run(TestResult.java:109)
	at junit.framework.TestCase.run(TestCase.java:120)
	at junit.framework.TestSuite.runTest(TestSuite.java:230)
	at junit.framework.TestSuite.run(TestSuite.java:225)
	at junit.framework.TestSuite.runTest(TestSuite.java:230)
	at junit.framework.TestSuite.run(TestSuite.java:225)
	at junit.framework.TestSuite.runTest(TestSuite.java:230)
	at junit.framework.TestSuite.run(TestSuite.java:225)
	at sun.reflect.NativeMethodAccessorImpl.invoke0(Native Method)
	at sun.reflect.NativeMethodAccessorImpl.invoke(NativeMethodAccessorImpl.java:62)
	at sun.reflect.DelegatingMethodAccessorImpl.invoke(DelegatingMethodAccessorImpl.java:43)
	at java.lang.reflect.Method.invoke(Method.java:498)
	at org.apache.maven.surefire.junit.JUnitTestSet.execute(JUnitTestSet.java:95)
	at org.apache.maven.surefire.junit.JUnit3Provider.executeTestSet(JUnit3Provider.java:131)
	at org.apache.maven.surefire.junit.JUnit3Provider.invoke(JUnit3Provider.java:108)
	at org.apache.maven.surefire.booter.ForkedBooter.invokeProviderInSameClassLoader(ForkedBooter.java:200)
	at org.apache.maven.surefire.booter.ForkedBooter.runSuitesInProcess(ForkedBooter.java:153)
	at org.apache.maven.surefire.booter.ForkedBooter.main(ForkedBooter.java:103)
</failure>
  </testcase>
  <testcase name="warning" classname="junit.framework.TestSuite$1" time="0">
    <failure message="No tests found in org.joda.time.format.TestISODateTimeFormat" type="junit.framework.AssertionFailedError">junit.framework.AssertionFailedError: No tests found in org.joda.time.format.TestISODateTimeFormat
	at junit.framework.Assert.fail(Assert.java:47)
	at junit.framework.TestSuite$1.runTest(TestSuite.java:90)
	at junit.framework.TestCase.runBare(TestCase.java:130)
	at junit.framework.TestResult$1.protect(TestResult.java:106)
	at junit.framework.TestResult.runProtected(TestResult.java:124)
	at junit.framework.TestResult.run(TestResult.java:109)
	at junit.framework.TestCase.run(TestCase.java:120)
	at junit.framework.TestSuite.runTest(TestSuite.java:230)
	at junit.framework.TestSuite.run(TestSuite.java:225)
	at junit.framework.TestSuite.runTest(TestSuite.java:230)
	at junit.framework.TestSuite.run(TestSuite.java:225)
	at junit.framework.TestSuite.runTest(TestSuite.java:230)
	at junit.framework.TestSuite.run(TestSuite.java:225)
	at sun.reflect.NativeMethodAccessorImpl.invoke0(Native Method)
	at sun.reflect.NativeMethodAccessorImpl.invoke(NativeMethodAccessorImpl.java:62)
	at sun.reflect.DelegatingMethodAccessorImpl.invoke(DelegatingMethodAccessorImpl.java:43)
	at java.lang.reflect.Method.invoke(Method.java:498)
	at org.apache.maven.surefire.junit.JUnitTestSet.execute(JUnitTestSet.java:95)
	at org.apache.maven.surefire.junit.JUnit3Provider.executeTestSet(JUnit3Provider.java:131)
	at org.apache.maven.surefire.junit.JUnit3Provider.invoke(JUnit3Provider.java:108)
	at org.apache.maven.surefire.booter.ForkedBooter.invokeProviderInSameClassLoader(ForkedBooter.java:200)
	at org.apache.maven.surefire.booter.ForkedBooter.runSuitesInProcess(ForkedBooter.java:153)
	at org.apache.maven.surefire.booter.ForkedBooter.main(ForkedBooter.java:103)
</failure>
  </testcase>
  <testcase name="warning" classname="junit.framework.TestSuite$1" time="0">
    <failure message="No tests found in org.joda.time.format.TestISODateTimeFormat_Fields" type="junit.framework.AssertionFailedError">junit.framework.AssertionFailedError: No tests found in org.joda.time.format.TestISODateTimeFormat_Fields
	at junit.framework.Assert.fail(Assert.java:47)
	at junit.framework.TestSuite$1.runTest(TestSuite.java:90)
	at junit.framework.TestCase.runBare(TestCase.java:130)
	at junit.framework.TestResult$1.protect(TestResult.java:106)
	at junit.framework.TestResult.runProtected(TestResult.java:124)
	at junit.framework.TestResult.run(TestResult.java:109)
	at junit.framework.TestCase.run(TestCase.java:120)
	at junit.framework.TestSuite.runTest(TestSuite.java:230)
	at junit.framework.TestSuite.run(TestSuite.java:225)
	at junit.framework.TestSuite.runTest(TestSuite.java:230)
	at junit.framework.TestSuite.run(TestSuite.java:225)
	at junit.framework.TestSuite.runTest(TestSuite.java:230)
	at junit.framework.TestSuite.run(TestSuite.java:225)
	at sun.reflect.NativeMethodAccessorImpl.invoke0(Native Method)
	at sun.reflect.NativeMethodAccessorImpl.invoke(NativeMethodAccessorImpl.java:62)
	at sun.reflect.DelegatingMethodAccessorImpl.invoke(DelegatingMethodAccessorImpl.java:43)
	at java.lang.reflect.Method.invoke(Method.java:498)
	at org.apache.maven.surefire.junit.JUnitTestSet.execute(JUnitTestSet.java:95)
	at org.apache.maven.surefire.junit.JUnit3Provider.executeTestSet(JUnit3Provider.java:131)
	at org.apache.maven.surefire.junit.JUnit3Provider.invoke(JUnit3Provider.java:108)
	at org.apache.maven.surefire.booter.ForkedBooter.invokeProviderInSameClassLoader(ForkedBooter.java:200)
	at org.apache.maven.surefire.booter.ForkedBooter.runSuitesInProcess(ForkedBooter.java:153)
	at org.apache.maven.surefire.booter.ForkedBooter.main(ForkedBooter.java:103)
</failure>
  </testcase>
  <testcase name="warning" classname="junit.framework.TestSuite$1" time="0">
    <failure message="No tests found in org.joda.time.format.TestISODateTimeFormatParsing" type="junit.framework.AssertionFailedError">junit.framework.AssertionFailedError: No tests found in org.joda.time.format.TestISODateTimeFormatParsing
	at junit.framework.Assert.fail(Assert.java:47)
	at junit.framework.TestSuite$1.runTest(TestSuite.java:90)
	at junit.framework.TestCase.runBare(TestCase.java:130)
	at junit.framework.TestResult$1.protect(TestResult.java:106)
	at junit.framework.TestResult.runProtected(TestResult.java:124)
	at junit.framework.TestResult.run(TestResult.java:109)
	at junit.framework.TestCase.run(TestCase.java:120)
	at junit.framework.TestSuite.runTest(TestSuite.java:230)
	at junit.framework.TestSuite.run(TestSuite.java:225)
	at junit.framework.TestSuite.runTest(TestSuite.java:230)
	at junit.framework.TestSuite.run(TestSuite.java:225)
	at junit.framework.TestSuite.runTest(TestSuite.java:230)
	at junit.framework.TestSuite.run(TestSuite.java:225)
	at sun.reflect.NativeMethodAccessorImpl.invoke0(Native Method)
	at sun.reflect.NativeMethodAccessorImpl.invoke(NativeMethodAccessorImpl.java:62)
	at sun.reflect.DelegatingMethodAccessorImpl.invoke(DelegatingMethodAccessorImpl.java:43)
	at java.lang.reflect.Method.invoke(Method.java:498)
	at org.apache.maven.surefire.junit.JUnitTestSet.execute(JUnitTestSet.java:95)
	at org.apache.maven.surefire.junit.JUnit3Provider.executeTestSet(JUnit3Provider.java:131)
	at org.apache.maven.surefire.junit.JUnit3Provider.invoke(JUnit3Provider.java:108)
	at org.apache.maven.surefire.booter.ForkedBooter.invokeProviderInSameClassLoader(ForkedBooter.java:200)
	at org.apache.maven.surefire.booter.ForkedBooter.runSuitesInProcess(ForkedBooter.java:153)
	at org.apache.maven.surefire.booter.ForkedBooter.main(ForkedBooter.java:103)
</failure>
  </testcase>
  <testcase name="warning" classname="junit.framework.TestSuite$1" time="0">
    <failure message="No tests found in org.joda.time.format.TestDateTimeFormatterBuilder" type="junit.framework.AssertionFailedError">junit.framework.AssertionFailedError: No tests found in org.joda.time.format.TestDateTimeFormatterBuilder
	at junit.framework.Assert.fail(Assert.java:47)
	at junit.framework.TestSuite$1.runTest(TestSuite.java:90)
	at junit.framework.TestCase.runBare(TestCase.java:130)
	at junit.framework.TestResult$1.protect(TestResult.java:106)
	at junit.framework.TestResult.runProtected(TestResult.java:124)
	at junit.framework.TestResult.run(TestResult.java:109)
	at junit.framework.TestCase.run(TestCase.java:120)
	at junit.framework.TestSuite.runTest(TestSuite.java:230)
	at junit.framework.TestSuite.run(TestSuite.java:225)
	at junit.framework.TestSuite.runTest(TestSuite.java:230)
	at junit.framework.TestSuite.run(TestSuite.java:225)
	at junit.framework.TestSuite.runTest(TestSuite.java:230)
	at junit.framework.TestSuite.run(TestSuite.java:225)
	at sun.reflect.NativeMethodAccessorImpl.invoke0(Native Method)
	at sun.reflect.NativeMethodAccessorImpl.invoke(NativeMethodAccessorImpl.java:62)
	at sun.reflect.DelegatingMethodAccessorImpl.invoke(DelegatingMethodAccessorImpl.java:43)
	at java.lang.reflect.Method.invoke(Method.java:498)
	at org.apache.maven.surefire.junit.JUnitTestSet.execute(JUnitTestSet.java:95)
	at org.apache.maven.surefire.junit.JUnit3Provider.executeTestSet(JUnit3Provider.java:131)
	at org.apache.maven.surefire.junit.JUnit3Provider.invoke(JUnit3Provider.java:108)
	at org.apache.maven.surefire.booter.ForkedBooter.invokeProviderInSameClassLoader(ForkedBooter.java:200)
	at org.apache.maven.surefire.booter.ForkedBooter.runSuitesInProcess(ForkedBooter.java:153)
	at org.apache.maven.surefire.booter.ForkedBooter.main(ForkedBooter.java:103)
</failure>
  </testcase>
  <testcase name="testGetLocale1348" classname="org.joda.time.format.TestPeriodFormatter" time="0"/>
  <testcase name="warning" classname="junit.framework.TestSuite$1" time="0">
    <failure message="No tests found in org.joda.time.format.TestPeriodFormat" type="junit.framework.AssertionFailedError">junit.framework.AssertionFailedError: No tests found in org.joda.time.format.TestPeriodFormat
	at junit.framework.Assert.fail(Assert.java:47)
	at junit.framework.TestSuite$1.runTest(TestSuite.java:90)
	at junit.framework.TestCase.runBare(TestCase.java:130)
	at junit.framework.TestResult$1.protect(TestResult.java:106)
	at junit.framework.TestResult.runProtected(TestResult.java:124)
	at junit.framework.TestResult.run(TestResult.java:109)
	at junit.framework.TestCase.run(TestCase.java:120)
	at junit.framework.TestSuite.runTest(TestSuite.java:230)
	at junit.framework.TestSuite.run(TestSuite.java:225)
	at junit.framework.TestSuite.runTest(TestSuite.java:230)
	at junit.framework.TestSuite.run(TestSuite.java:225)
	at junit.framework.TestSuite.runTest(TestSuite.java:230)
	at junit.framework.TestSuite.run(TestSuite.java:225)
	at sun.reflect.NativeMethodAccessorImpl.invoke0(Native Method)
	at sun.reflect.NativeMethodAccessorImpl.invoke(NativeMethodAccessorImpl.java:62)
	at sun.reflect.DelegatingMethodAccessorImpl.invoke(DelegatingMethodAccessorImpl.java:43)
	at java.lang.reflect.Method.invoke(Method.java:498)
	at org.apache.maven.surefire.junit.JUnitTestSet.execute(JUnitTestSet.java:95)
	at org.apache.maven.surefire.junit.JUnit3Provider.executeTestSet(JUnit3Provider.java:131)
	at org.apache.maven.surefire.junit.JUnit3Provider.invoke(JUnit3Provider.java:108)
	at org.apache.maven.surefire.booter.ForkedBooter.invokeProviderInSameClassLoader(ForkedBooter.java:200)
	at org.apache.maven.surefire.booter.ForkedBooter.runSuitesInProcess(ForkedBooter.java:153)
	at org.apache.maven.surefire.booter.ForkedBooter.main(ForkedBooter.java:103)
</failure>
  </testcase>
  <testcase name="warning" classname="junit.framework.TestSuite$1" time="0">
    <failure message="No tests found in org.joda.time.format.TestISOPeriodFormat" type="junit.framework.AssertionFailedError">junit.framework.AssertionFailedError: No tests found in org.joda.time.format.TestISOPeriodFormat
	at junit.framework.Assert.fail(Assert.java:47)
	at junit.framework.TestSuite$1.runTest(TestSuite.java:90)
	at junit.framework.TestCase.runBare(TestCase.java:130)
	at junit.framework.TestResult$1.protect(TestResult.java:106)
	at junit.framework.TestResult.runProtected(TestResult.java:124)
	at junit.framework.TestResult.run(TestResult.java:109)
	at junit.framework.TestCase.run(TestCase.java:120)
	at junit.framework.TestSuite.runTest(TestSuite.java:230)
	at junit.framework.TestSuite.run(TestSuite.java:225)
	at junit.framework.TestSuite.runTest(TestSuite.java:230)
	at junit.framework.TestSuite.run(TestSuite.java:225)
	at junit.framework.TestSuite.runTest(TestSuite.java:230)
	at junit.framework.TestSuite.run(TestSuite.java:225)
	at sun.reflect.NativeMethodAccessorImpl.invoke0(Native Method)
	at sun.reflect.NativeMethodAccessorImpl.invoke(NativeMethodAccessorImpl.java:62)
	at sun.reflect.DelegatingMethodAccessorImpl.invoke(DelegatingMethodAccessorImpl.java:43)
	at java.lang.reflect.Method.invoke(Method.java:498)
	at org.apache.maven.surefire.junit.JUnitTestSet.execute(JUnitTestSet.java:95)
	at org.apache.maven.surefire.junit.JUnit3Provider.executeTestSet(JUnit3Provider.java:131)
	at org.apache.maven.surefire.junit.JUnit3Provider.invoke(JUnit3Provider.java:108)
	at org.apache.maven.surefire.booter.ForkedBooter.invokeProviderInSameClassLoader(ForkedBooter.java:200)
	at org.apache.maven.surefire.booter.ForkedBooter.runSuitesInProcess(ForkedBooter.java:153)
	at org.apache.maven.surefire.booter.ForkedBooter.main(ForkedBooter.java:103)
</failure>
  </testcase>
  <testcase name="warning" classname="junit.framework.TestSuite$1" time="0">
    <failure message="No tests found in org.joda.time.format.TestISOPeriodFormatParsing" type="junit.framework.AssertionFailedError">junit.framework.AssertionFailedError: No tests found in org.joda.time.format.TestISOPeriodFormatParsing
	at junit.framework.Assert.fail(Assert.java:47)
	at junit.framework.TestSuite$1.runTest(TestSuite.java:90)
	at junit.framework.TestCase.runBare(TestCase.java:130)
	at junit.framework.TestResult$1.protect(TestResult.java:106)
	at junit.framework.TestResult.runProtected(TestResult.java:124)
	at junit.framework.TestResult.run(TestResult.java:109)
	at junit.framework.TestCase.run(TestCase.java:120)
	at junit.framework.TestSuite.runTest(TestSuite.java:230)
	at junit.framework.TestSuite.run(TestSuite.java:225)
	at junit.framework.TestSuite.runTest(TestSuite.java:230)
	at junit.framework.TestSuite.run(TestSuite.java:225)
	at junit.framework.TestSuite.runTest(TestSuite.java:230)
	at junit.framework.TestSuite.run(TestSuite.java:225)
	at sun.reflect.NativeMethodAccessorImpl.invoke0(Native Method)
	at sun.reflect.NativeMethodAccessorImpl.invoke(NativeMethodAccessorImpl.java:62)
	at sun.reflect.DelegatingMethodAccessorImpl.invoke(DelegatingMethodAccessorImpl.java:43)
	at java.lang.reflect.Method.invoke(Method.java:498)
	at org.apache.maven.surefire.junit.JUnitTestSet.execute(JUnitTestSet.java:95)
	at org.apache.maven.surefire.junit.JUnit3Provider.executeTestSet(JUnit3Provider.java:131)
	at org.apache.maven.surefire.junit.JUnit3Provider.invoke(JUnit3Provider.java:108)
	at org.apache.maven.surefire.booter.ForkedBooter.invokeProviderInSameClassLoader(ForkedBooter.java:200)
	at org.apache.maven.surefire.booter.ForkedBooter.runSuitesInProcess(ForkedBooter.java:153)
	at org.apache.maven.surefire.booter.ForkedBooter.main(ForkedBooter.java:103)
</failure>
  </testcase>
  <testcase name="testToPeriod1322" classname="org.joda.time.format.TestPeriodFormatParsing" time="0.014"/>
  <testcase name="testAppendMinutes116" classname="org.joda.time.format.TestPeriodFormatterBuilder" time="0.002">
    <failure message="expected:&lt;[1 minute]&gt; but was:&lt;[org.joda.time.format.PeriodFormatterBuilder@3dd3bcd]&gt;" type="junit.framework.ComparisonFailure"><![CDATA[junit.framework.ComparisonFailure: expected:<[1 minute]> but was:<[org.joda.time.format.PeriodFormatterBuilder@3dd3bcd]>
	at junit.framework.Assert.assertEquals(Assert.java:81)
	at junit.framework.Assert.assertEquals(Assert.java:87)
	at org.joda.time.format.TestPeriodFormatterBuilder.__CLR4_4_15lm4eujs1(TestPeriodFormatterBuilder.java:98)
	at org.joda.time.format.TestPeriodFormatterBuilder.testAppendMinutes116(TestPeriodFormatterBuilder.java:98)
]]></failure>
  </testcase>
  <testcase name="testAppendMinutes135" classname="org.joda.time.format.TestPeriodFormatterBuilder" time="0.001">
    <failure message="expected:&lt;[00:00:00]&gt; but was:&lt;[org.joda.time.format.PeriodFormatterBuilder@26f67b76]&gt;" type="junit.framework.ComparisonFailure"><![CDATA[junit.framework.ComparisonFailure: expected:<[00:00:00]> but was:<[org.joda.time.format.PeriodFormatterBuilder@26f67b76]>
	at junit.framework.Assert.assertEquals(Assert.java:81)
	at junit.framework.Assert.assertEquals(Assert.java:87)
	at org.joda.time.format.TestPeriodFormatterBuilder.__CLR4_4_1kg0c3djs4(TestPeriodFormatterBuilder.java:99)
	at org.joda.time.format.TestPeriodFormatterBuilder.testAppendMinutes135(TestPeriodFormatterBuilder.java:99)
]]></failure>
  </testcase>
  <testcase name="testPeriodFormatter631" classname="org.joda.time.format.TestPeriodFormatterBuilder" time="0.001">
    <error message="Parsing not supported" type="java.lang.UnsupportedOperationException">java.lang.UnsupportedOperationException: Parsing not supported
	at org.joda.time.format.PeriodFormatter.checkParser(PeriodFormatter.java:336)
	at org.joda.time.format.PeriodFormatter.parsePeriod(PeriodFormatter.java:302)
	at org.joda.time.format.TestPeriodFormatterBuilder.__CLR4_4_1bsv0w4jsa(TestPeriodFormatterBuilder.java:101)
	at org.joda.time.format.TestPeriodFormatterBuilder.testPeriodFormatter631(TestPeriodFormatterBuilder.java:101)
</error>
  </testcase>
  <testcase name="testAppendHours624" classname="org.joda.time.format.TestPeriodFormatterBuilder" time="0.002">
    <failure message="expected:&lt;[1 hour]&gt; but was:&lt;[org.joda.time.format.PeriodFormatterBuilder@69d9c55]&gt;" type="junit.framework.ComparisonFailure"><![CDATA[junit.framework.ComparisonFailure: expected:<[1 hour]> but was:<[org.joda.time.format.PeriodFormatterBuilder@69d9c55]>
	at junit.framework.Assert.assertEquals(Assert.java:81)
	at junit.framework.Assert.assertEquals(Assert.java:87)
	at org.joda.time.format.TestPeriodFormatterBuilder.__CLR4_4_1v6us10js7(TestPeriodFormatterBuilder.java:100)
	at org.joda.time.format.TestPeriodFormatterBuilder.testAppendHours624(TestPeriodFormatterBuilder.java:100)
]]></failure>
  </testcase>
  <testcase name="testAppendYears10" classname="org.joda.time.format.TestPeriodFormatterBuilder" time="0.002">
    <failure message="expected:&lt;[Years]&gt; but was:&lt;[org.joda.time.format.PeriodFormatterBuilder@7ca48474]&gt;" type="junit.framework.ComparisonFailure"><![CDATA[junit.framework.ComparisonFailure: expected:<[Years]> but was:<[org.joda.time.format.PeriodFormatterBuilder@7ca48474]>
	at junit.framework.Assert.assertEquals(Assert.java:81)
	at junit.framework.Assert.assertEquals(Assert.java:87)
	at org.joda.time.format.TestPeriodFormatterBuilder.__CLR4_4_1c8vc5sjry(TestPeriodFormatterBuilder.java:97)
	at org.joda.time.format.TestPeriodFormatterBuilder.testAppendYears10(TestPeriodFormatterBuilder.java:97)
]]></failure>
  </testcase>
  <testcase name="warning" classname="junit.framework.TestSuite$1" time="0">
    <failure message="No tests found in org.joda.time.format.TestTextFields" type="junit.framework.AssertionFailedError">junit.framework.AssertionFailedError: No tests found in org.joda.time.format.TestTextFields
	at junit.framework.Assert.fail(Assert.java:47)
	at junit.framework.TestSuite$1.runTest(TestSuite.java:90)
	at junit.framework.TestCase.runBare(TestCase.java:130)
	at junit.framework.TestResult$1.protect(TestResult.java:106)
	at junit.framework.TestResult.runProtected(TestResult.java:124)
	at junit.framework.TestResult.run(TestResult.java:109)
	at junit.framework.TestCase.run(TestCase.java:120)
	at junit.framework.TestSuite.runTest(TestSuite.java:230)
	at junit.framework.TestSuite.run(TestSuite.java:225)
	at junit.framework.TestSuite.runTest(TestSuite.java:230)
	at junit.framework.TestSuite.run(TestSuite.java:225)
	at junit.framework.TestSuite.runTest(TestSuite.java:230)
	at junit.framework.TestSuite.run(TestSuite.java:225)
	at sun.reflect.NativeMethodAccessorImpl.invoke0(Native Method)
	at sun.reflect.NativeMethodAccessorImpl.invoke(NativeMethodAccessorImpl.java:62)
	at sun.reflect.DelegatingMethodAccessorImpl.invoke(DelegatingMethodAccessorImpl.java:43)
	at java.lang.reflect.Method.invoke(Method.java:498)
	at org.apache.maven.surefire.junit.JUnitTestSet.execute(JUnitTestSet.java:95)
	at org.apache.maven.surefire.junit.JUnit3Provider.executeTestSet(JUnit3Provider.java:131)
	at org.apache.maven.surefire.junit.JUnit3Provider.invoke(JUnit3Provider.java:108)
	at org.apache.maven.surefire.booter.ForkedBooter.invokeProviderInSameClassLoader(ForkedBooter.java:200)
	at org.apache.maven.surefire.booter.ForkedBooter.runSuitesInProcess(ForkedBooter.java:153)
	at org.apache.maven.surefire.booter.ForkedBooter.main(ForkedBooter.java:103)
</failure>
  </testcase>
  <testcase name="warning" classname="junit.framework.TestSuite$1" time="0.001">
    <failure message="No tests found in org.joda.time.tz.TestUTCProvider" type="junit.framework.AssertionFailedError">junit.framework.AssertionFailedError: No tests found in org.joda.time.tz.TestUTCProvider
	at junit.framework.Assert.fail(Assert.java:47)
	at junit.framework.TestSuite$1.runTest(TestSuite.java:90)
	at junit.framework.TestCase.runBare(TestCase.java:130)
	at junit.framework.TestResult$1.protect(TestResult.java:106)
	at junit.framework.TestResult.runProtected(TestResult.java:124)
	at junit.framework.TestResult.run(TestResult.java:109)
	at junit.framework.TestCase.run(TestCase.java:120)
	at junit.framework.TestSuite.runTest(TestSuite.java:230)
	at junit.framework.TestSuite.run(TestSuite.java:225)
	at junit.framework.TestSuite.runTest(TestSuite.java:230)
	at junit.framework.TestSuite.run(TestSuite.java:225)
	at junit.framework.TestSuite.runTest(TestSuite.java:230)
	at junit.framework.TestSuite.run(TestSuite.java:225)
	at sun.reflect.NativeMethodAccessorImpl.invoke0(Native Method)
	at sun.reflect.NativeMethodAccessorImpl.invoke(NativeMethodAccessorImpl.java:62)
	at sun.reflect.DelegatingMethodAccessorImpl.invoke(DelegatingMethodAccessorImpl.java:43)
	at java.lang.reflect.Method.invoke(Method.java:498)
	at org.apache.maven.surefire.junit.JUnitTestSet.execute(JUnitTestSet.java:95)
	at org.apache.maven.surefire.junit.JUnit3Provider.executeTestSet(JUnit3Provider.java:131)
	at org.apache.maven.surefire.junit.JUnit3Provider.invoke(JUnit3Provider.java:108)
	at org.apache.maven.surefire.booter.ForkedBooter.invokeProviderInSameClassLoader(ForkedBooter.java:200)
	at org.apache.maven.surefire.booter.ForkedBooter.runSuitesInProcess(ForkedBooter.java:153)
	at org.apache.maven.surefire.booter.ForkedBooter.main(ForkedBooter.java:103)
</failure>
  </testcase>
  <testcase name="warning" classname="junit.framework.TestSuite$1" time="0">
    <failure message="No tests found in org.joda.time.tz.TestBuilder" type="junit.framework.AssertionFailedError">junit.framework.AssertionFailedError: No tests found in org.joda.time.tz.TestBuilder
	at junit.framework.Assert.fail(Assert.java:47)
	at junit.framework.TestSuite$1.runTest(TestSuite.java:90)
	at junit.framework.TestCase.runBare(TestCase.java:130)
	at junit.framework.TestResult$1.protect(TestResult.java:106)
	at junit.framework.TestResult.runProtected(TestResult.java:124)
	at junit.framework.TestResult.run(TestResult.java:109)
	at junit.framework.TestCase.run(TestCase.java:120)
	at junit.framework.TestSuite.runTest(TestSuite.java:230)
	at junit.framework.TestSuite.run(TestSuite.java:225)
	at junit.framework.TestSuite.runTest(TestSuite.java:230)
	at junit.framework.TestSuite.run(TestSuite.java:225)
	at junit.framework.TestSuite.runTest(TestSuite.java:230)
	at junit.framework.TestSuite.run(TestSuite.java:225)
	at sun.reflect.NativeMethodAccessorImpl.invoke0(Native Method)
	at sun.reflect.NativeMethodAccessorImpl.invoke(NativeMethodAccessorImpl.java:62)
	at sun.reflect.DelegatingMethodAccessorImpl.invoke(DelegatingMethodAccessorImpl.java:43)
	at java.lang.reflect.Method.invoke(Method.java:498)
	at org.apache.maven.surefire.junit.JUnitTestSet.execute(JUnitTestSet.java:95)
	at org.apache.maven.surefire.junit.JUnit3Provider.executeTestSet(JUnit3Provider.java:131)
	at org.apache.maven.surefire.junit.JUnit3Provider.invoke(JUnit3Provider.java:108)
	at org.apache.maven.surefire.booter.ForkedBooter.invokeProviderInSameClassLoader(ForkedBooter.java:200)
	at org.apache.maven.surefire.booter.ForkedBooter.runSuitesInProcess(ForkedBooter.java:153)
	at org.apache.maven.surefire.booter.ForkedBooter.main(ForkedBooter.java:103)
</failure>
  </testcase>
  <testcase name="testAddRecurringSavings1522" classname="org.joda.time.tz.TestCompiler" time="0.001"/>
  <testcase name="testParseTime354" classname="org.joda.time.tz.TestCompiler" time="0.014"/>
  <testcase name="testGetUncachedZone422" classname="org.joda.time.tz.TestCompiler" time="0.003">
    <failure message="expected:&lt;America/Los_Angeles&gt; but was:&lt;America/Los_Angeles&gt;" type="junit.framework.AssertionFailedError"><![CDATA[junit.framework.AssertionFailedError: expected:<America/Los_Angeles> but was:<America/Los_Angeles>
	at junit.framework.Assert.fail(Assert.java:47)
	at junit.framework.Assert.failNotEquals(Assert.java:280)
	at junit.framework.Assert.assertEquals(Assert.java:64)
	at junit.framework.Assert.assertEquals(Assert.java:71)
	at org.joda.time.tz.TestCompiler.__CLR4_4_14l31u8jwd(TestCompiler.java:92)
	at org.joda.time.tz.TestCompiler.testGetUncachedZone422(TestCompiler.java:92)
]]></failure>
  </testcase>
  <testcase name="testAddTransition453" classname="org.joda.time.tz.TestCompiler" time="0"/>
  <testcase name="warning" classname="junit.framework.TestSuite$1" time="0">
    <failure message="No tests found in org.joda.time.tz.TestCachedDateTimeZone" type="junit.framework.AssertionFailedError">junit.framework.AssertionFailedError: No tests found in org.joda.time.tz.TestCachedDateTimeZone
	at junit.framework.Assert.fail(Assert.java:47)
	at junit.framework.TestSuite$1.runTest(TestSuite.java:90)
	at junit.framework.TestCase.runBare(TestCase.java:130)
	at junit.framework.TestResult$1.protect(TestResult.java:106)
	at junit.framework.TestResult.runProtected(TestResult.java:124)
	at junit.framework.TestResult.run(TestResult.java:109)
	at junit.framework.TestCase.run(TestCase.java:120)
	at junit.framework.TestSuite.runTest(TestSuite.java:230)
	at junit.framework.TestSuite.run(TestSuite.java:225)
	at junit.framework.TestSuite.runTest(TestSuite.java:230)
	at junit.framework.TestSuite.run(TestSuite.java:225)
	at junit.framework.TestSuite.runTest(TestSuite.java:230)
	at junit.framework.TestSuite.run(TestSuite.java:225)
	at sun.reflect.NativeMethodAccessorImpl.invoke0(Native Method)
	at sun.reflect.NativeMethodAccessorImpl.invoke(NativeMethodAccessorImpl.java:62)
	at sun.reflect.DelegatingMethodAccessorImpl.invoke(DelegatingMethodAccessorImpl.java:43)
	at java.lang.reflect.Method.invoke(Method.java:498)
	at org.apache.maven.surefire.junit.JUnitTestSet.execute(JUnitTestSet.java:95)
	at org.apache.maven.surefire.junit.JUnit3Provider.executeTestSet(JUnit3Provider.java:131)
	at org.apache.maven.surefire.junit.JUnit3Provider.invoke(JUnit3Provider.java:108)
	at org.apache.maven.surefire.booter.ForkedBooter.invokeProviderInSameClassLoader(ForkedBooter.java:200)
	at org.apache.maven.surefire.booter.ForkedBooter.runSuitesInProcess(ForkedBooter.java:153)
	at org.apache.maven.surefire.booter.ForkedBooter.main(ForkedBooter.java:103)
</failure>
  </testcase>
  <testcase name="warning" classname="junit.framework.TestSuite$1" time="0">
    <failure message="No tests found in org.joda.time.tz.TestFixedDateTimeZone" type="junit.framework.AssertionFailedError">junit.framework.AssertionFailedError: No tests found in org.joda.time.tz.TestFixedDateTimeZone
	at junit.framework.Assert.fail(Assert.java:47)
	at junit.framework.TestSuite$1.runTest(TestSuite.java:90)
	at junit.framework.TestCase.runBare(TestCase.java:130)
	at junit.framework.TestResult$1.protect(TestResult.java:106)
	at junit.framework.TestResult.runProtected(TestResult.java:124)
	at junit.framework.TestResult.run(TestResult.java:109)
	at junit.framework.TestCase.run(TestCase.java:120)
	at junit.framework.TestSuite.runTest(TestSuite.java:230)
	at junit.framework.TestSuite.run(TestSuite.java:225)
	at junit.framework.TestSuite.runTest(TestSuite.java:230)
	at junit.framework.TestSuite.run(TestSuite.java:225)
	at junit.framework.TestSuite.runTest(TestSuite.java:230)
	at junit.framework.TestSuite.run(TestSuite.java:225)
	at sun.reflect.NativeMethodAccessorImpl.invoke0(Native Method)
	at sun.reflect.NativeMethodAccessorImpl.invoke(NativeMethodAccessorImpl.java:62)
	at sun.reflect.DelegatingMethodAccessorImpl.invoke(DelegatingMethodAccessorImpl.java:43)
	at java.lang.reflect.Method.invoke(Method.java:498)
	at org.apache.maven.surefire.junit.JUnitTestSet.execute(JUnitTestSet.java:95)
	at org.apache.maven.surefire.junit.JUnit3Provider.executeTestSet(JUnit3Provider.java:131)
	at org.apache.maven.surefire.junit.JUnit3Provider.invoke(JUnit3Provider.java:108)
	at org.apache.maven.surefire.booter.ForkedBooter.invokeProviderInSameClassLoader(ForkedBooter.java:200)
	at org.apache.maven.surefire.booter.ForkedBooter.runSuitesInProcess(ForkedBooter.java:153)
	at org.apache.maven.surefire.booter.ForkedBooter.main(ForkedBooter.java:103)
</failure>
  </testcase>
</testsuite>