<?xml version="1.0" encoding="UTF-8" ?>
<testsuite tests="21" failures="3" name="com.google.gson.functional.DefaultTypeAdaptersTest" time="0.056" errors="0" skipped="0">
  <properties>
[...]
</properties>
  <testcase classname="com.google.gson.functional.DefaultTypeAdaptersTest" name="testUrlDeserialization74" time="0.014"/>
  <testcase classname="com.google.gson.functional.DefaultTypeAdaptersTest" name="testSetSerialization81" time="0.013"/>
  <testcase classname="com.google.gson.functional.DefaultTypeAdaptersTest" name="testDateSerializationWithPattern82" time="0"/>
  <testcase classname="com.google.gson.functional.DefaultTypeAdaptersTest" name="testDefaultJavaSqlTimestampDeserialization84" time="0.002">
    <failure message="expected:&lt;13&gt; but was:&lt;12&gt;" type="junit.framework.AssertionFailedError">junit.framework.AssertionFailedError: expected:&lt;13&gt; but was:&lt;12&gt;
	at junit.framework.Assert.fail(Assert.java:47)
	at junit.framework.Assert.failNotEquals(Assert.java:280)
	at junit.framework.Assert.assertEquals(Assert.java:64)
	at junit.framework.Assert.assertEquals(Assert.java:198)
	at junit.framework.Assert.assertEquals(Assert.java:204)
	at com.google.gson.functional.DefaultTypeAdaptersTest.assertEqualsTime(DefaultTypeAdaptersTest.java:305)
	at com.google.gson.functional.DefaultTypeAdaptersTest.__CLR4_4_15ydd4p3z1(DefaultTypeAdaptersTest.java:109)
	at com.google.gson.functional.DefaultTypeAdaptersTest.testDefaultJavaSqlTimestampDeserialization84(DefaultTypeAdaptersTest.java:105)
</failure>
  </testcase>
  <testcase classname="com.google.gson.functional.DefaultTypeAdaptersTest" name="testDefaultJavaSqlDateSerialization85" time="0.001"/>
  <testcase classname="com.google.gson.functional.DefaultTypeAdaptersTest" name="testDefaultJavaSqlDateDeserialization86" time="0.005">
    <failure message="expected:&lt;3&gt; but was:&lt;2&gt;" type="junit.framework.AssertionFailedError">junit.framework.AssertionFailedError: expected:&lt;3&gt; but was:&lt;2&gt;
	at junit.framework.Assert.fail(Assert.java:47)
	at junit.framework.Assert.failNotEquals(Assert.java:280)
	at junit.framework.Assert.assertEquals(Assert.java:64)
	at junit.framework.Assert.assertEquals(Assert.java:198)
	at junit.framework.Assert.assertEquals(Assert.java:204)
	at com.google.gson.functional.DefaultTypeAdaptersTest.assertEqualsDate(DefaultTypeAdaptersTest.java:300)
	at com.google.gson.functional.DefaultTypeAdaptersTest.__CLR4_4_14ue0y13za(DefaultTypeAdaptersTest.java:123)
	at com.google.gson.functional.DefaultTypeAdaptersTest.testDefaultJavaSqlDateDeserialization86(DefaultTypeAdaptersTest.java:120)
</failure>
  </testcase>
  <testcase classname="com.google.gson.functional.DefaultTypeAdaptersTest" name="testDefaultJavaSqlTimeSerialization87" time="0.012">
    <failure message="expected:&lt;&quot;0[1]:18:02 PM&quot;&gt; but was:&lt;&quot;0[2]:18:02 PM&quot;&gt;" type="junit.framework.ComparisonFailure">junit.framework.ComparisonFailure: expected:&lt;&quot;0[1]:18:02 PM&quot;&gt; but was:&lt;&quot;0[2]:18:02 PM&quot;&gt;
	at junit.framework.Assert.assertEquals(Assert.java:81)
	at junit.framework.Assert.assertEquals(Assert.java:87)
	at com.google.gson.functional.DefaultTypeAdaptersTest.__CLR4_4_1fcddjg3ze(DefaultTypeAdaptersTest.java:130)
	at com.google.gson.functional.DefaultTypeAdaptersTest.testDefaultJavaSqlTimeSerialization87(DefaultTypeAdaptersTest.java:127)
</failure>
  </testcase>
  <testcase classname="com.google.gson.functional.DefaultTypeAdaptersTest" name="testDefaultCalendarSerialization88" time="0.002"/>
  <testcase classname="com.google.gson.functional.DefaultTypeAdaptersTest" name="testUrlSerialization89" time="0.001"/>
  <testcase classname="com.google.gson.functional.DefaultTypeAdaptersTest" name="testUuidSerialization90" time="0.001"/>
  <testcase classname="com.google.gson.functional.DefaultTypeAdaptersTest" name="testUuidDeserialization91" time="0.002"/>
  <testcase classname="com.google.gson.functional.DefaultTypeAdaptersTest" name="testLocaleDeserializationWithLanguage92" time="0"/>
  <testcase classname="com.google.gson.functional.DefaultTypeAdaptersTest" name="testLocaleDeserializationWithLanguageCountry93" time="0"/>
  <testcase classname="com.google.gson.functional.DefaultTypeAdaptersTest" name="testLocaleDeserializationWithLanguageCountryVariant94" time="0"/>
  <testcase classname="com.google.gson.functional.DefaultTypeAdaptersTest" name="testTreeSetDeserialization96" time="0.001"/>
  <testcase classname="com.google.gson.functional.DefaultTypeAdaptersTest" name="testPropertiesDeserialization99" time="0"/>
  <testcase classname="com.google.gson.functional.DefaultTypeAdaptersTest" name="testBigDecimalFieldSerialization102" time="0"/>
  <testcase classname="com.google.gson.functional.DefaultTypeAdaptersTest" name="testBigDecimalFieldDeserialization103" time="0"/>
  <testcase classname="com.google.gson.functional.DefaultTypeAdaptersTest" name="testBadValueForBigDecimalDeserialization104" time="0"/>
  <testcase classname="com.google.gson.functional.DefaultTypeAdaptersTest" name="testBigIntegerFieldSerialization105" time="0.001"/>
  <testcase classname="com.google.gson.functional.DefaultTypeAdaptersTest" name="testBigIntegerFieldDeserialization106" time="0.001"/>
</testsuite>