<?xml version="1.0" encoding="UTF-8"?>
<testsuite name="org.joda.time.TestAllPackages" time="1.974" tests="433" errors="17" skipped="0" failures="141">
  <properties>
[...]
</properties>
  <testcase name="test_setHourOfDay224" classname="org.joda.time.TestChronology" time="0.022"/>
  <testcase name="warning" classname="junit.framework.TestSuite$1" time="0.001">
    <failure message="No tests found in org.joda.time.TestDateTimeFieldType" type="junit.framework.AssertionFailedError">junit.framework.AssertionFailedError: No tests found in org.joda.time.TestDateTimeFieldType
	at junit.framework.Assert.fail(Assert.java:47)
	at junit.framework.TestSuite$1.runTest(TestSuite.java:90)
	at junit.framework.TestCase.runBare(TestCase.java:130)
	at junit.framework.TestResult$1.protect(TestResult.java:106)
	at junit.framework.TestResult.runProtected(TestResult.java:124)
	at junit.framework.TestResult.run(TestResult.java:109)
	at junit.framework.TestCase.run(TestCase.java:120)
	at junit.framework.TestSuite.runTest(TestSuite.java:230)
	at junit.framework.TestSuite.run(TestSuite.java:225)
	at junit.framework.TestSuite.runTest(TestSuite.java:230)
	at junit.framework.TestSuite.run(TestSuite.java:225)
	at junit.framework.TestSuite.runTest(TestSuite.java:230)
	at junit.framework.TestSuite.run(TestSuite.java:225)
	at sun.reflect.NativeMethodAccessorImpl.invoke0(Native Method)
	at sun.reflect.NativeMethodAccessorImpl.invoke(NativeMethodAccessorImpl.java:62)
	at sun.reflect.DelegatingMethodAccessorImpl.invoke(DelegatingMethodAccessorImpl.java:43)
	at java.lang.reflect.Method.invoke(Method.java:498)
	at org.apache.maven.surefire.junit.JUnitTestSet.execute(JUnitTestSet.java:95)
	at org.apache.maven.surefire.junit.JUnit3Provider.executeTestSet(JUnit3Provider.java:131)
	at org.apache.maven.surefire.junit.JUnit3Provider.invoke(JUnit3Provider.java:108)
	at org.apache.maven.surefire.booter.ForkedBooter.invokeProviderInSameClassLoader(ForkedBooter.java:200)
	at org.apache.maven.surefire.booter.ForkedBooter.runSuitesInProcess(ForkedBooter.java:153)
	at org.apache.maven.surefire.booter.ForkedBooter.main(ForkedBooter.java:103)
</failure>
  </testcase>
  <testcase name="testIsSupported_DurationFieldType417" classname="org.joda.time.TestDurationFieldType" time="0.001"/>
  <testcase name="testWithFieldAdded_DurationFieldType_int_8418" classname="org.joda.time.TestDurationFieldType" time="0.002"/>
  <testcase name="test_weeks420" classname="org.joda.time.TestDurationFieldType" time="0.065"/>
  <testcase name="test_seconds421" classname="org.joda.time.TestDurationFieldType" time="0.001"/>
  <testcase name="test_centuries419" classname="org.joda.time.TestDurationFieldType" time="0.001"/>
  <testcase name="testConstructor_nullObject293" classname="org.joda.time.TestInstant_Constructors" time="0.011"/>
  <testcase name="testToInstant295" classname="org.joda.time.TestInstant_Basics" time="0.001"/>
  <testcase name="testToDateTime_DateTimeZone292" classname="org.joda.time.TestInstant_Basics" time="0.001"/>
  <testcase name="test_now_nullDateTimeZone249" classname="org.joda.time.TestDateTime_Constructors" time="0.002"/>
  <testcase name="testWithDate_int_int251" classname="org.joda.time.TestDateTime_Basics" time="0.004">
    <error message="Value 24 for monthOfYear must be in the range [1,12]" type="org.joda.time.IllegalFieldValueException">org.joda.time.IllegalFieldValueException: Value 24 for monthOfYear must be in the range [1,12]
	at org.joda.time.field.FieldUtils.verifyValueBounds(FieldUtils.java:236)
	at org.joda.time.chrono.BasicMonthOfYearDateTimeField.set(BasicMonthOfYearDateTimeField.java:299)
	at org.joda.time.chrono.GJChronology$CutoverField.set(GJChronology.java:752)
	at org.joda.time.chrono.LimitChronology$LimitDateTimeField.set(LimitChronology.java:511)
	at org.joda.time.DateTime.withDate(DateTime.java:712)
	at org.joda.time.TestDateTime_Basics.__CLR4_4_1gxhkxbh99(TestDateTime_Basics.java:132)
	at org.joda.time.TestDateTime_Basics.testWithDate_int_int251(TestDateTime_Basics.java:130)
</error>
  </testcase>
  <testcase name="testWithFields_RPartial252" classname="org.joda.time.TestDateTime_Basics" time="0.003"/>
  <testcase name="testWithField1254" classname="org.joda.time.TestDateTime_Basics" time="0.003"/>
  <testcase name="testPlus_RP257" classname="org.joda.time.TestDateTime_Basics" time="0.004">
    <failure message="expected:&lt;2003-07-28T01:02:03.004-00:01:15&gt; but was:&lt;2003-07-28T06:08:10.012-00:01:15&gt;" type="junit.framework.AssertionFailedError"><![CDATA[junit.framework.AssertionFailedError: expected:<2003-07-28T01:02:03.004-00:01:15> but was:<2003-07-28T06:08:10.012-00:01:15>
	at junit.framework.Assert.fail(Assert.java:47)
	at junit.framework.Assert.failNotEquals(Assert.java:280)
	at junit.framework.Assert.assertEquals(Assert.java:64)
	at junit.framework.Assert.assertEquals(Assert.java:71)
	at org.joda.time.TestDateTime_Basics.__CLR4_4_1vn8olmhaa(TestDateTime_Basics.java:177)
	at org.joda.time.TestDateTime_Basics.testPlus_RP257(TestDateTime_Basics.java:173)
]]></failure>
  </testcase>
  <testcase name="testWithDurationAdded_RD_int255" classname="org.joda.time.TestDateTime_Basics" time="0.004"/>
  <testcase name="testMinus_long260" classname="org.joda.time.TestDateTime_Basics" time="0"/>
  <testcase name="testPropertyAddLongDayOfWeek263" classname="org.joda.time.TestDateTime_Properties" time="0.006">
    <failure message="expected:&lt;2004-[12-09T00:00:00.000Z]&gt; but was:&lt;2004-[06-18T00:00:00.000+01:00]&gt;" type="junit.framework.ComparisonFailure"><![CDATA[junit.framework.ComparisonFailure: expected:<2004-[12-09T00:00:00.000Z]> but was:<2004-[06-18T00:00:00.000+01:00]>
	at junit.framework.Assert.assertEquals(Assert.java:81)
	at junit.framework.Assert.assertEquals(Assert.java:87)
	at org.joda.time.TestDateTime_Properties.__CLR4_4_1b009izhd5(TestDateTime_Properties.java:136)
	at org.joda.time.TestDateTime_Properties.testPropertyAddLongDayOfWeek263(TestDateTime_Properties.java:132)
]]></failure>
  </testcase>
  <testcase name="testPropertySetDayOfWeek262" classname="org.joda.time.TestDateTime_Properties" time="0.001">
    <failure message="expected:&lt;2004-0[1-19T00:00:00.000Z]&gt; but was:&lt;2004-0[6-10T00:00:00.000+01:00]&gt;" type="junit.framework.ComparisonFailure"><![CDATA[junit.framework.ComparisonFailure: expected:<2004-0[1-19T00:00:00.000Z]> but was:<2004-0[6-10T00:00:00.000+01:00]>
	at junit.framework.Assert.assertEquals(Assert.java:81)
	at junit.framework.Assert.assertEquals(Assert.java:87)
	at org.joda.time.TestDateTime_Properties.__CLR4_4_1ffswevhcu(TestDateTime_Properties.java:120)
	at org.joda.time.TestDateTime_Properties.testPropertySetDayOfWeek262(TestDateTime_Properties.java:116)
]]></failure>
  </testcase>
  <testcase name="testPropertyGetCenturyOfEra261" classname="org.joda.time.TestDateTime_Properties" time="0.002"/>
  <testcase name="testPropertyWithMaximumValueDayOfMonth264" classname="org.joda.time.TestDateTime_Properties" time="0.001"/>
  <testcase name="testPropertyWithMaximumValueMillisOfDayDSTGap265" classname="org.joda.time.TestDateTime_Properties" time="0.008">
    <failure message="expected:&lt;2001-04-20T[01:00:00.000]+03:00&gt; but was:&lt;2001-04-20T[23:59:59.999]+03:00&gt;" type="junit.framework.ComparisonFailure"><![CDATA[junit.framework.ComparisonFailure: expected:<2001-04-20T[01:00:00.000]+03:00> but was:<2001-04-20T[23:59:59.999]+03:00>
	at junit.framework.Assert.assertEquals(Assert.java:81)
	at junit.framework.Assert.assertEquals(Assert.java:87)
	at org.joda.time.TestDateTime_Properties.__CLR4_4_1w1eweyhdl(TestDateTime_Properties.java:154)
	at org.joda.time.TestDateTime_Properties.testPropertyWithMaximumValueMillisOfDayDSTGap265(TestDateTime_Properties.java:150)
]]></failure>
  </testcase>
  <testcase name="test_now_nullDateTimeZone423" classname="org.joda.time.TestMutableDateTime_Constructors" time="0.002"/>
  <testcase name="testConstructor_badconverterObject_DateTimeZone424" classname="org.joda.time.TestMutableDateTime_Constructors" time="0.002"/>
  <testcase name="test_now422" classname="org.joda.time.TestMutableDateTime_Constructors" time="0"/>
  <testcase name="testCopy444" classname="org.joda.time.TestMutableDateTime_Basics" time="0.001"/>
  <testcase name="testSetMillisOfDay_int1431" classname="org.joda.time.TestMutableDateTime_Sets" time="0.003">
    <failure message="expected:&lt;2002-06-09T00:00:[13.008]+01:00&gt; but was:&lt;2002-06-09T00:00:[00.013]+01:00&gt;" type="junit.framework.ComparisonFailure"><![CDATA[junit.framework.ComparisonFailure: expected:<2002-06-09T00:00:[13.008]+01:00> but was:<2002-06-09T00:00:[00.013]+01:00>
	at junit.framework.Assert.assertEquals(Assert.java:81)
	at junit.framework.Assert.assertEquals(Assert.java:87)
	at org.joda.time.TestMutableDateTime_Sets.__CLR4_4_1oekv9jisf(TestMutableDateTime_Sets.java:145)
	at org.joda.time.TestMutableDateTime_Sets.testSetMillisOfDay_int1431(TestMutableDateTime_Sets.java:142)
]]></failure>
  </testcase>
  <testcase name="testSetWeekyear_int2427" classname="org.joda.time.TestMutableDateTime_Sets" time="0.002">
    <failure type="junit.framework.AssertionFailedError">junit.framework.AssertionFailedError
	at junit.framework.Assert.fail(Assert.java:47)
	at junit.framework.Assert.fail(Assert.java:53)
	at org.joda.time.TestMutableDateTime_Sets.__CLR4_4_16euhflirs(TestMutableDateTime_Sets.java:115)
	at org.joda.time.TestMutableDateTime_Sets.testSetWeekyear_int2427(TestMutableDateTime_Sets.java:111)
</failure>
  </testcase>
  <testcase name="testSetMillisOfSecond_int1432" classname="org.joda.time.TestMutableDateTime_Sets" time="0.002">
    <failure message="expected:&lt;2002-06-09T05:06:[13.008]+01:00&gt; but was:&lt;2002-06-09T05:06:[07.013]+01:00&gt;" type="junit.framework.ComparisonFailure"><![CDATA[junit.framework.ComparisonFailure: expected:<2002-06-09T05:06:[13.008]+01:00> but was:<2002-06-09T05:06:[07.013]+01:00>
	at junit.framework.Assert.assertEquals(Assert.java:81)
	at junit.framework.Assert.assertEquals(Assert.java:87)
	at org.joda.time.TestMutableDateTime_Sets.__CLR4_4_1r94flyisj(TestMutableDateTime_Sets.java:150)
	at org.joda.time.TestMutableDateTime_Sets.testSetMillisOfSecond_int1432(TestMutableDateTime_Sets.java:147)
]]></failure>
  </testcase>
  <testcase name="testSetDate_int_int_int_dstOverlapWinter_addZero435" classname="org.joda.time.TestMutableDateTime_Sets" time="0.005">
    <failure message="expected:&lt;...10-30T02:30:00.000+0[1]:00&gt; but was:&lt;...10-30T02:30:00.000+0[2]:00&gt;" type="junit.framework.ComparisonFailure"><![CDATA[junit.framework.ComparisonFailure: expected:<...10-30T02:30:00.000+0[1]:00> but was:<...10-30T02:30:00.000+0[2]:00>
	at junit.framework.Assert.assertEquals(Assert.java:81)
	at junit.framework.Assert.assertEquals(Assert.java:87)
	at org.joda.time.TestMutableDateTime_Sets.__CLR4_4_18w7oqtist(TestMutableDateTime_Sets.java:164)
	at org.joda.time.TestMutableDateTime_Sets.testSetDate_int_int_int_dstOverlapWinter_addZero435(TestMutableDateTime_Sets.java:159)
]]></failure>
  </testcase>
  <testcase name="testSetTime_int_int_int_int1436" classname="org.joda.time.TestMutableDateTime_Sets" time="0.001"/>
  <testcase name="testSetDate_int_int_dstOverlapWinter_addZero433" classname="org.joda.time.TestMutableDateTime_Sets" time="0.002">
    <failure message="expected:&lt;...10-30T02:30:00.000+0[1]:00&gt; but was:&lt;...10-30T02:30:00.000+0[2]:00&gt;" type="junit.framework.ComparisonFailure"><![CDATA[junit.framework.ComparisonFailure: expected:<...10-30T02:30:00.000+0[1]:00> but was:<...10-30T02:30:00.000+0[2]:00>
	at junit.framework.Assert.assertEquals(Assert.java:81)
	at junit.framework.Assert.assertEquals(Assert.java:87)
	at org.joda.time.TestMutableDateTime_Sets.__CLR4_4_15gnuo9isn(TestMutableDateTime_Sets.java:157)
	at org.joda.time.TestMutableDateTime_Sets.testSetDate_int_int_dstOverlapWinter_addZero433(TestMutableDateTime_Sets.java:152)
]]></failure>
  </testcase>
  <testcase name="testSet_DateTimeFieldType_int2425" classname="org.joda.time.TestMutableDateTime_Sets" time="0.001"/>
  <testcase name="testSetDayOfMonth_int_dstOverlapWinter_addZero429" classname="org.joda.time.TestMutableDateTime_Sets" time="0.002">
    <error message="Value 303 for dayOfMonth must be in the range [1,31]" type="org.joda.time.IllegalFieldValueException">org.joda.time.IllegalFieldValueException: Value 303 for dayOfMonth must be in the range [1,31]
	at org.joda.time.field.FieldUtils.verifyValueBounds(FieldUtils.java:236)
	at org.joda.time.field.PreciseDurationDateTimeField.set(PreciseDurationDateTimeField.java:79)
	at org.joda.time.chrono.ZonedChronology$ZonedDateTimeField.set(ZonedChronology.java:481)
	at org.joda.time.MutableDateTime.setDayOfMonth(MutableDateTime.java:754)
	at org.joda.time.TestMutableDateTime_Sets.__CLR4_4_1tz3wg1is3(TestMutableDateTime_Sets.java:130)
	at org.joda.time.TestMutableDateTime_Sets.testSetDayOfMonth_int_dstOverlapWinter_addZero429(TestMutableDateTime_Sets.java:126)
</error>
  </testcase>
  <testcase name="testSetMinuteOfDay_int2430" classname="org.joda.time.TestMutableDateTime_Sets" time="0.002">
    <failure type="junit.framework.AssertionFailedError">junit.framework.AssertionFailedError
	at junit.framework.Assert.fail(Assert.java:47)
	at junit.framework.Assert.fail(Assert.java:53)
	at org.joda.time.TestMutableDateTime_Sets.__CLR4_4_14pzn8pis9(TestMutableDateTime_Sets.java:137)
	at org.joda.time.TestMutableDateTime_Sets.testSetMinuteOfDay_int2430(TestMutableDateTime_Sets.java:133)
</failure>
  </testcase>
  <testcase name="testSetDayOfMonth_int_dstOverlapSummer_addZero428" classname="org.joda.time.TestMutableDateTime_Sets" time="0.003">
    <error message="Value 303 for dayOfMonth must be in the range [1,31]" type="org.joda.time.IllegalFieldValueException">org.joda.time.IllegalFieldValueException: Value 303 for dayOfMonth must be in the range [1,31]
	at org.joda.time.field.FieldUtils.verifyValueBounds(FieldUtils.java:236)
	at org.joda.time.field.PreciseDurationDateTimeField.set(PreciseDurationDateTimeField.java:79)
	at org.joda.time.chrono.ZonedChronology$ZonedDateTimeField.set(ZonedChronology.java:481)
	at org.joda.time.MutableDateTime.setDayOfMonth(MutableDateTime.java:754)
	at org.joda.time.TestMutableDateTime_Sets.__CLR4_4_1que14kiry(TestMutableDateTime_Sets.java:123)
	at org.joda.time.TestMutableDateTime_Sets.testSetDayOfMonth_int_dstOverlapSummer_addZero428(TestMutableDateTime_Sets.java:120)
</error>
  </testcase>
  <testcase name="testAdd_DurationFieldType_int1426" classname="org.joda.time.TestMutableDateTime_Adds" time="0.001"/>
  <testcase name="testPropertySetWeekOfWeekyear516" classname="org.joda.time.TestMutableDateTime_Properties" time="0.002"/>
  <testcase name="testPropertyGetYearOfCentury437" classname="org.joda.time.TestMutableDateTime_Properties" time="0.005">
    <failure message="expected:&lt;2004&gt; but was:&lt;4&gt;" type="junit.framework.AssertionFailedError"><![CDATA[junit.framework.AssertionFailedError: expected:<2004> but was:<4>
	at junit.framework.Assert.fail(Assert.java:47)
	at junit.framework.Assert.failNotEquals(Assert.java:280)
	at junit.framework.Assert.assertEquals(Assert.java:64)
	at junit.framework.Assert.assertEquals(Assert.java:198)
	at junit.framework.Assert.assertEquals(Assert.java:204)
	at org.joda.time.TestMutableDateTime_Properties.__CLR4_4_14xkjseind(TestMutableDateTime_Properties.java:97)
	at org.joda.time.TestMutableDateTime_Properties.testPropertyGetYearOfCentury437(TestMutableDateTime_Properties.java:92)
]]></failure>
  </testcase>
  <testcase name="testPropertyGetMinuteOfDay440" classname="org.joda.time.TestMutableDateTime_Properties" time="0.002">
    <failure message="expected:&lt;53&gt; but was:&lt;803&gt;" type="junit.framework.AssertionFailedError"><![CDATA[junit.framework.AssertionFailedError: expected:<53> but was:<803>
	at junit.framework.Assert.fail(Assert.java:47)
	at junit.framework.Assert.failNotEquals(Assert.java:280)
	at junit.framework.Assert.assertEquals(Assert.java:64)
	at junit.framework.Assert.assertEquals(Assert.java:198)
	at junit.framework.Assert.assertEquals(Assert.java:204)
	at org.joda.time.TestMutableDateTime_Properties.__CLR4_4_1q724adio8(TestMutableDateTime_Properties.java:135)
	at org.joda.time.TestMutableDateTime_Properties.testPropertyGetMinuteOfDay440(TestMutableDateTime_Properties.java:129)
]]></failure>
  </testcase>
  <testcase name="testPropertyGetMinuteOfHour441" classname="org.joda.time.TestMutableDateTime_Properties" time="0.002">
    <failure message="expected:&lt;53&gt; but was:&lt;23&gt;" type="junit.framework.AssertionFailedError"><![CDATA[junit.framework.AssertionFailedError: expected:<53> but was:<23>
	at junit.framework.Assert.fail(Assert.java:47)
	at junit.framework.Assert.failNotEquals(Assert.java:280)
	at junit.framework.Assert.assertEquals(Assert.java:64)
	at junit.framework.Assert.assertEquals(Assert.java:198)
	at junit.framework.Assert.assertEquals(Assert.java:204)
	at org.joda.time.TestMutableDateTime_Properties.__CLR4_4_1s9j1iioo(TestMutableDateTime_Properties.java:152)
	at org.joda.time.TestMutableDateTime_Properties.testPropertyGetMinuteOfHour441(TestMutableDateTime_Properties.java:146)
]]></failure>
  </testcase>
  <testcase name="testPropertyGetSecondOfDay442" classname="org.joda.time.TestMutableDateTime_Properties" time="0.002">
    <failure message="expected:&lt;53&gt; but was:&lt;48223&gt;" type="junit.framework.AssertionFailedError"><![CDATA[junit.framework.AssertionFailedError: expected:<53> but was:<48223>
	at junit.framework.Assert.fail(Assert.java:47)
	at junit.framework.Assert.failNotEquals(Assert.java:280)
	at junit.framework.Assert.assertEquals(Assert.java:64)
	at junit.framework.Assert.assertEquals(Assert.java:198)
	at junit.framework.Assert.assertEquals(Assert.java:204)
	at org.joda.time.TestMutableDateTime_Properties.__CLR4_4_1r3uatzip4(TestMutableDateTime_Properties.java:169)
	at org.joda.time.TestMutableDateTime_Properties.testPropertyGetSecondOfDay442(TestMutableDateTime_Properties.java:163)
]]></failure>
  </testcase>
  <testcase name="testPropertyAddWrapFieldYear447" classname="org.joda.time.TestMutableDateTime_Properties" time="0.002">
    <failure message="expected:&lt;200[4]-06-09T00:00:00.000+...&gt; but was:&lt;200[5]-06-09T00:00:00.000+...&gt;" type="junit.framework.ComparisonFailure"><![CDATA[junit.framework.ComparisonFailure: expected:<200[4]-06-09T00:00:00.000+...> but was:<200[5]-06-09T00:00:00.000+...>
	at junit.framework.Assert.assertEquals(Assert.java:81)
	at junit.framework.Assert.assertEquals(Assert.java:87)
	at org.joda.time.TestMutableDateTime_Properties.__CLR4_4_18wba51ipk(TestMutableDateTime_Properties.java:183)
	at org.joda.time.TestMutableDateTime_Properties.testPropertyAddWrapFieldYear447(TestMutableDateTime_Properties.java:180)
]]></failure>
  </testcase>
  <testcase name="testPropertyAddWrapFieldYear448" classname="org.joda.time.TestMutableDateTime_Properties" time="0.002">
    <failure message="expected:&lt;200[4]-06-09T00:00:00.000+...&gt; but was:&lt;200[8]-06-09T00:00:00.000+...&gt;" type="junit.framework.ComparisonFailure"><![CDATA[junit.framework.ComparisonFailure: expected:<200[4]-06-09T00:00:00.000+...> but was:<200[8]-06-09T00:00:00.000+...>
	at junit.framework.Assert.assertEquals(Assert.java:81)
	at junit.framework.Assert.assertEquals(Assert.java:87)
	at org.joda.time.TestMutableDateTime_Properties.__CLR4_4_15nbbckipx(TestMutableDateTime_Properties.java:197)
	at org.joda.time.TestMutableDateTime_Properties.testPropertyAddWrapFieldYear448(TestMutableDateTime_Properties.java:194)
]]></failure>
  </testcase>
  <testcase name="testPropertyCompareToDayOfYear439" classname="org.joda.time.TestMutableDateTime_Properties" time="0.001"/>
  <testcase name="testPropertyRoundCeilingHourOfDay449" classname="org.joda.time.TestMutableDateTime_Properties" time="0.002">
    <failure message="expected:&lt;2004-06-09T1[3]:00:00.000+01:00&gt; but was:&lt;2004-06-09T1[4]:00:00.000+01:00&gt;" type="junit.framework.ComparisonFailure"><![CDATA[junit.framework.ComparisonFailure: expected:<2004-06-09T1[3]:00:00.000+01:00> but was:<2004-06-09T1[4]:00:00.000+01:00>
	at junit.framework.Assert.assertEquals(Assert.java:81)
	at junit.framework.Assert.assertEquals(Assert.java:87)
	at org.joda.time.TestMutableDateTime_Properties.__CLR4_4_19oc617iq1(TestMutableDateTime_Properties.java:202)
	at org.joda.time.TestMutableDateTime_Properties.testPropertyRoundCeilingHourOfDay449(TestMutableDateTime_Properties.java:199)
]]></failure>
  </testcase>
  <testcase name="testPropertyRoundHalfFloorHourOfDay451" classname="org.joda.time.TestMutableDateTime_Properties" time="0.001"/>
  <testcase name="testPropertyRoundCeilingHourOfDay450" classname="org.joda.time.TestMutableDateTime_Properties" time="0.002">
    <failure message="expected:&lt;2004-06-09T1[3]:00:00.000+01:00&gt; but was:&lt;2004-06-09T1[4]:00:00.000+01:00&gt;" type="junit.framework.ComparisonFailure"><![CDATA[junit.framework.ComparisonFailure: expected:<2004-06-09T1[3]:00:00.000+01:00> but was:<2004-06-09T1[4]:00:00.000+01:00>
	at junit.framework.Assert.assertEquals(Assert.java:81)
	at junit.framework.Assert.assertEquals(Assert.java:87)
	at org.joda.time.TestMutableDateTime_Properties.__CLR4_4_197gylxiq5(TestMutableDateTime_Properties.java:207)
	at org.joda.time.TestMutableDateTime_Properties.testPropertyRoundCeilingHourOfDay450(TestMutableDateTime_Properties.java:204)
]]></failure>
  </testcase>
  <testcase name="warning" classname="junit.framework.TestSuite$1" time="0">
    <failure message="No tests found in org.joda.time.TestDateMidnight_Constructors" type="junit.framework.AssertionFailedError">junit.framework.AssertionFailedError: No tests found in org.joda.time.TestDateMidnight_Constructors
	at junit.framework.Assert.fail(Assert.java:47)
	at junit.framework.TestSuite$1.runTest(TestSuite.java:90)
	at junit.framework.TestCase.runBare(TestCase.java:130)
	at junit.framework.TestResult$1.protect(TestResult.java:106)
	at junit.framework.TestResult.runProtected(TestResult.java:124)
	at junit.framework.TestResult.run(TestResult.java:109)
	at junit.framework.TestCase.run(TestCase.java:120)
	at junit.framework.TestSuite.runTest(TestSuite.java:230)
	at junit.framework.TestSuite.run(TestSuite.java:225)
	at junit.framework.TestSuite.runTest(TestSuite.java:230)
	at junit.framework.TestSuite.run(TestSuite.java:225)
	at junit.framework.TestSuite.runTest(TestSuite.java:230)
	at junit.framework.TestSuite.run(TestSuite.java:225)
	at sun.reflect.NativeMethodAccessorImpl.invoke0(Native Method)
	at sun.reflect.NativeMethodAccessorImpl.invoke(NativeMethodAccessorImpl.java:62)
	at sun.reflect.DelegatingMethodAccessorImpl.invoke(DelegatingMethodAccessorImpl.java:43)
	at java.lang.reflect.Method.invoke(Method.java:498)
	at org.apache.maven.surefire.junit.JUnitTestSet.execute(JUnitTestSet.java:95)
	at org.apache.maven.surefire.junit.JUnit3Provider.executeTestSet(JUnit3Provider.java:131)
	at org.apache.maven.surefire.junit.JUnit3Provider.invoke(JUnit3Provider.java:108)
	at org.apache.maven.surefire.booter.ForkedBooter.invokeProviderInSameClassLoader(ForkedBooter.java:200)
	at org.apache.maven.surefire.booter.ForkedBooter.runSuitesInProcess(ForkedBooter.java:153)
	at org.apache.maven.surefire.booter.ForkedBooter.main(ForkedBooter.java:103)
</failure>
  </testcase>
  <testcase name="testMinus_RP621" classname="org.joda.time.TestDateMidnight_Basics" time="0.005">
    <failure message="expected:&lt;2001-03-26T00:00:00.000-00:01:15&gt; but was:&lt;2001-03-25T00:00:00.000-00:01:15&gt;" type="junit.framework.AssertionFailedError"><![CDATA[junit.framework.AssertionFailedError: expected:<2001-03-26T00:00:00.000-00:01:15> but was:<2001-03-25T00:00:00.000-00:01:15>
	at junit.framework.Assert.fail(Assert.java:47)
	at junit.framework.Assert.failNotEquals(Assert.java:280)
	at junit.framework.Assert.assertEquals(Assert.java:64)
	at junit.framework.Assert.assertEquals(Assert.java:71)
	at org.joda.time.TestDateMidnight_Basics.__CLR4_4_1f7tlvhgxq(TestDateMidnight_Basics.java:195)
	at org.joda.time.TestDateMidnight_Basics.testMinus_RP621(TestDateMidnight_Basics.java:191)
]]></failure>
  </testcase>
  <testcase name="testMinus_RD620" classname="org.joda.time.TestDateMidnight_Basics" time="0.001"/>
  <testcase name="testEqualsHashCode_ISO132" classname="org.joda.time.TestDateMidnight_Basics" time="0.001"/>
  <testcase name="testWithFieldAdded4618" classname="org.joda.time.TestDateMidnight_Basics" time="0"/>
  <testcase name="testPlusWeeks_int619" classname="org.joda.time.TestDateMidnight_Basics" time="0.002">
    <failure message="expected:&lt;2002-05-04T00:00:00.000-00:01:15&gt; but was:&lt;2002-05-10T00:00:00.000-00:01:15&gt;" type="junit.framework.AssertionFailedError"><![CDATA[junit.framework.AssertionFailedError: expected:<2002-05-04T00:00:00.000-00:01:15> but was:<2002-05-10T00:00:00.000-00:01:15>
	at junit.framework.Assert.fail(Assert.java:47)
	at junit.framework.Assert.failNotEquals(Assert.java:280)
	at junit.framework.Assert.assertEquals(Assert.java:64)
	at junit.framework.Assert.assertEquals(Assert.java:71)
	at org.joda.time.TestDateMidnight_Basics.__CLR4_4_1zb8yqmgxc(TestDateMidnight_Basics.java:179)
	at org.joda.time.TestDateMidnight_Basics.testPlusWeeks_int619(TestDateMidnight_Basics.java:175)
]]></failure>
  </testcase>
  <testcase name="testConstructor616" classname="org.joda.time.TestDateMidnight_Basics" time="0.002"/>
  <testcase name="testWithField1617" classname="org.joda.time.TestDateMidnight_Basics" time="0"/>
  <testcase name="warning" classname="junit.framework.TestSuite$1" time="0.002">
    <failure message="No tests found in org.joda.time.TestDateMidnight_Properties" type="junit.framework.AssertionFailedError">junit.framework.AssertionFailedError: No tests found in org.joda.time.TestDateMidnight_Properties
	at junit.framework.Assert.fail(Assert.java:47)
	at junit.framework.TestSuite$1.runTest(TestSuite.java:90)
	at junit.framework.TestCase.runBare(TestCase.java:130)
	at junit.framework.TestResult$1.protect(TestResult.java:106)
	at junit.framework.TestResult.runProtected(TestResult.java:124)
	at junit.framework.TestResult.run(TestResult.java:109)
	at junit.framework.TestCase.run(TestCase.java:120)
	at junit.framework.TestSuite.runTest(TestSuite.java:230)
	at junit.framework.TestSuite.run(TestSuite.java:225)
	at junit.framework.TestSuite.runTest(TestSuite.java:230)
	at junit.framework.TestSuite.run(TestSuite.java:225)
	at junit.framework.TestSuite.runTest(TestSuite.java:230)
	at junit.framework.TestSuite.run(TestSuite.java:225)
	at sun.reflect.NativeMethodAccessorImpl.invoke0(Native Method)
	at sun.reflect.NativeMethodAccessorImpl.invoke(NativeMethodAccessorImpl.java:62)
	at sun.reflect.DelegatingMethodAccessorImpl.invoke(DelegatingMethodAccessorImpl.java:43)
	at java.lang.reflect.Method.invoke(Method.java:498)
	at org.apache.maven.surefire.junit.JUnitTestSet.execute(JUnitTestSet.java:95)
	at org.apache.maven.surefire.junit.JUnit3Provider.executeTestSet(JUnit3Provider.java:131)
	at org.apache.maven.surefire.junit.JUnit3Provider.invoke(JUnit3Provider.java:108)
	at org.apache.maven.surefire.booter.ForkedBooter.invokeProviderInSameClassLoader(ForkedBooter.java:200)
	at org.apache.maven.surefire.booter.ForkedBooter.runSuitesInProcess(ForkedBooter.java:153)
	at org.apache.maven.surefire.booter.ForkedBooter.main(ForkedBooter.java:103)
</failure>
  </testcase>
  <testcase name="testFactory_standardSeconds_long115" classname="org.joda.time.TestDuration_Constructors" time="0.004">
    <failure message="expected:&lt;3600000&gt; but was:&lt;1000&gt;" type="junit.framework.AssertionFailedError"><![CDATA[junit.framework.AssertionFailedError: expected:<3600000> but was:<1000>
	at junit.framework.Assert.fail(Assert.java:47)
	at junit.framework.Assert.failNotEquals(Assert.java:280)
	at junit.framework.Assert.assertEquals(Assert.java:64)
	at junit.framework.Assert.assertEquals(Assert.java:133)
	at junit.framework.Assert.assertEquals(Assert.java:139)
	at org.joda.time.TestDuration_Constructors.__CLR4_4_17bkq78hlh(TestDuration_Constructors.java:103)
	at org.joda.time.TestDuration_Constructors.testFactory_standardSeconds_long115(TestDuration_Constructors.java:101)
]]></failure>
  </testcase>
  <testcase name="testConstructor_RI_RI1276" classname="org.joda.time.TestDuration_Constructors" time="0"/>
  <testcase name="testToString602" classname="org.joda.time.TestDuration_Basics" time="0">
    <failure message="expected:&lt;PT[12.6]S&gt; but was:&lt;PT[0.123]S&gt;" type="junit.framework.ComparisonFailure"><![CDATA[junit.framework.ComparisonFailure: expected:<PT[12.6]S> but was:<PT[0.123]S>
	at junit.framework.Assert.assertEquals(Assert.java:81)
	at junit.framework.Assert.assertEquals(Assert.java:87)
	at org.joda.time.TestDuration_Basics.__CLR4_4_1vn9tenhj1(TestDuration_Basics.java:191)
	at org.joda.time.TestDuration_Basics.testToString602(TestDuration_Basics.java:189)
]]></failure>
  </testcase>
  <testcase name="testToString604" classname="org.joda.time.TestDuration_Basics" time="0.002">
    <failure message="expected:&lt;PT[12.6]S&gt; but was:&lt;PT[0.123]S&gt;" type="junit.framework.ComparisonFailure"><![CDATA[junit.framework.ComparisonFailure: expected:<PT[12.6]S> but was:<PT[0.123]S>
	at junit.framework.Assert.assertEquals(Assert.java:81)
	at junit.framework.Assert.assertEquals(Assert.java:87)
	at org.joda.time.TestDuration_Basics.__CLR4_4_1p59vtphk3(TestDuration_Basics.java:231)
	at org.joda.time.TestDuration_Basics.testToString604(TestDuration_Basics.java:229)
]]></failure>
  </testcase>
  <testcase name="testToString603" classname="org.joda.time.TestDuration_Basics" time="0.002">
    <failure message="expected:&lt;PT[123L]&gt; but was:&lt;PT[0.123S]&gt;" type="junit.framework.ComparisonFailure"><![CDATA[junit.framework.ComparisonFailure: expected:<PT[123L]> but was:<PT[0.123S]>
	at junit.framework.Assert.assertEquals(Assert.java:81)
	at junit.framework.Assert.assertEquals(Assert.java:87)
	at org.joda.time.TestDuration_Basics.__CLR4_4_1se9um6hji(TestDuration_Basics.java:209)
	at org.joda.time.TestDuration_Basics.testToString603(TestDuration_Basics.java:207)
]]></failure>
  </testcase>
  <testcase name="testPlus_RD3119" classname="org.joda.time.TestDuration_Basics" time="0"/>
  <testcase name="testMinus_long1118" classname="org.joda.time.TestDuration_Basics" time="0"/>
  <testcase name="testMultipliedBy_long2120" classname="org.joda.time.TestDuration_Basics" time="0.002"/>
  <testcase name="testToPeriod_Chronology277" classname="org.joda.time.TestDuration_Basics" time="0.003"/>
  <testcase name="testToPeriod_PeriodType278" classname="org.joda.time.TestDuration_Basics" time="0.012">
    <failure message="expected:&lt;P64W2DT5H6M7S&gt; but was:&lt;PT10805H6M7S&gt;" type="junit.framework.AssertionFailedError"><![CDATA[junit.framework.AssertionFailedError: expected:<P64W2DT5H6M7S> but was:<PT10805H6M7S>
	at junit.framework.Assert.fail(Assert.java:47)
	at junit.framework.Assert.failNotEquals(Assert.java:280)
	at junit.framework.Assert.assertEquals(Assert.java:64)
	at junit.framework.Assert.assertEquals(Assert.java:71)
	at org.joda.time.TestDuration_Basics.__CLR4_4_128fjihi1(TestDuration_Basics.java:149)
	at org.joda.time.TestDuration_Basics.testToPeriod_PeriodType278(TestDuration_Basics.java:145)
]]></failure>
  </testcase>
  <testcase name="testToPeriodFrom280" classname="org.joda.time.TestDuration_Basics" time="0.001"/>
  <testcase name="testToDuration600" classname="org.joda.time.TestDuration_Basics" time="0"/>
  <testcase name="testToDuration601" classname="org.joda.time.TestDuration_Basics" time="0.001"/>
  <testcase name="testConstructor_RI_RD245" classname="org.joda.time.TestDuration_Basics" time="0.001"/>
  <testcase name="testToDuration117" classname="org.joda.time.TestDuration_Basics" time="0.001"/>
  <testcase name="testConstructor_Object3146" classname="org.joda.time.TestInterval_Constructors" time="0.009"/>
  <testcase name="testAdd_RInterval1489" classname="org.joda.time.TestInterval_Basics" time="0"/>
  <testcase name="testGap_RInterval_zone147" classname="org.joda.time.TestInterval_Basics" time="0"/>
  <testcase name="testConstructor_long_long_Chronology143" classname="org.joda.time.TestInterval_Basics" time="0"/>
  <testcase name="testConstructor_trickyDifferences_RI_RI_toFeb_exactMonths44" classname="org.joda.time.TestInterval_Basics" time="0.009"/>
  <testcase name="testWithDurationAfterStart4149" classname="org.joda.time.TestInterval_Basics" time="0"/>
  <testcase name="testWithDurationBeforeEnd4150" classname="org.joda.time.TestInterval_Basics" time="0"/>
  <testcase name="testWithPeriodAfterStart1151" classname="org.joda.time.TestInterval_Basics" time="0"/>
  <testcase name="testIsBefore_RInterval_null484" classname="org.joda.time.TestInterval_Basics" time="0"/>
  <testcase name="testAbuts_RInterval_null148" classname="org.joda.time.TestInterval_Basics" time="0"/>
  <testcase name="testFactory_fromDateFields_before1970536" classname="org.joda.time.TestLocalDateTime_Constructors" time="0.014"/>
  <testcase name="testConstructor_Object_nullDateTimeZone537" classname="org.joda.time.TestLocalDateTime_Constructors" time="0.001"/>
  <testcase name="testConstructor_nullObject538" classname="org.joda.time.TestLocalDateTime_Constructors" time="0.001"/>
  <testcase name="testPlus_RP544" classname="org.joda.time.TestLocalDateTime_Basics" time="0.002">
    <failure message="expected:&lt;2003-07-28T10:20:30.040&gt; but was:&lt;2003-07-29T15:26:37.048&gt;" type="junit.framework.AssertionFailedError"><![CDATA[junit.framework.AssertionFailedError: expected:<2003-07-28T10:20:30.040> but was:<2003-07-29T15:26:37.048>
	at junit.framework.Assert.fail(Assert.java:47)
	at junit.framework.Assert.failNotEquals(Assert.java:280)
	at junit.framework.Assert.assertEquals(Assert.java:64)
	at junit.framework.Assert.assertEquals(Assert.java:71)
	at org.joda.time.TestLocalDateTime_Basics.__CLR4_4_1e866wlhuz(TestLocalDateTime_Basics.java:149)
	at org.joda.time.TestLocalDateTime_Basics.testPlus_RP544(TestLocalDateTime_Basics.java:145)
]]></failure>
  </testcase>
  <testcase name="testToString_String_Locale553" classname="org.joda.time.TestLocalDateTime_Basics" time="0.006">
    <failure message="expected:&lt;[]10:20:30.040&gt; but was:&lt;[2002-06-09T]10:20:30.040&gt;" type="junit.framework.ComparisonFailure"><![CDATA[junit.framework.ComparisonFailure: expected:<[]10:20:30.040> but was:<[2002-06-09T]10:20:30.040>
	at junit.framework.Assert.assertEquals(Assert.java:81)
	at junit.framework.Assert.assertEquals(Assert.java:87)
	at org.joda.time.TestLocalDateTime_Basics.__CLR4_4_1y9bap9hwc(TestLocalDateTime_Basics.java:203)
	at org.joda.time.TestLocalDateTime_Basics.testToString_String_Locale553(TestLocalDateTime_Basics.java:200)
]]></failure>
  </testcase>
  <testcase name="testIsSupported_DateTimeFieldType595" classname="org.joda.time.TestLocalDateTime_Basics" time="0.003"/>
  <testcase name="testGetters549" classname="org.joda.time.TestLocalDateTime_Basics" time="0.003">
    <failure message="expected:&lt;1970&gt; but was:&lt;70&gt;" type="junit.framework.AssertionFailedError"><![CDATA[junit.framework.AssertionFailedError: expected:<1970> but was:<70>
	at junit.framework.Assert.fail(Assert.java:47)
	at junit.framework.Assert.failNotEquals(Assert.java:280)
	at junit.framework.Assert.assertEquals(Assert.java:64)
	at junit.framework.Assert.assertEquals(Assert.java:198)
	at junit.framework.Assert.assertEquals(Assert.java:204)
	at org.joda.time.TestLocalDateTime_Basics.__CLR4_4_18hhpd7hvy(TestLocalDateTime_Basics.java:195)
	at org.joda.time.TestLocalDateTime_Basics.testGetters549(TestLocalDateTime_Basics.java:185)
]]></failure>
  </testcase>
  <testcase name="testGetValue_int539" classname="org.joda.time.TestLocalDateTime_Basics" time="0.001"/>
  <testcase name="testToString_DTFormatter541" classname="org.joda.time.TestLocalDateTime_Basics" time="0.002"/>
  <testcase name="testIsSupported_DurationFieldType542" classname="org.joda.time.TestLocalDateTime_Basics" time="0.002">
    <failure message="expected:&lt;false&gt; but was:&lt;true&gt;" type="junit.framework.AssertionFailedError"><![CDATA[junit.framework.AssertionFailedError: expected:<false> but was:<true>
	at junit.framework.Assert.fail(Assert.java:47)
	at junit.framework.Assert.failNotEquals(Assert.java:280)
	at junit.framework.Assert.assertEquals(Assert.java:64)
	at junit.framework.Assert.assertEquals(Assert.java:146)
	at junit.framework.Assert.assertEquals(Assert.java:152)
	at org.joda.time.TestLocalDateTime_Basics.__CLR4_4_164boyvhuo(TestLocalDateTime_Basics.java:142)
	at org.joda.time.TestLocalDateTime_Basics.testIsSupported_DurationFieldType542(TestLocalDateTime_Basics.java:133)
]]></failure>
  </testcase>
  <testcase name="testPlusDays_int545" classname="org.joda.time.TestLocalDateTime_Basics" time="0.005">
    <failure message="expected:&lt;2002-05-03T10:20:30.040&gt; but was:&lt;2002-05-04T10:20:30.040&gt;" type="junit.framework.AssertionFailedError"><![CDATA[junit.framework.AssertionFailedError: expected:<2002-05-03T10:20:30.040> but was:<2002-05-04T10:20:30.040>
	at junit.framework.Assert.fail(Assert.java:47)
	at junit.framework.Assert.failNotEquals(Assert.java:280)
	at junit.framework.Assert.assertEquals(Assert.java:64)
	at junit.framework.Assert.assertEquals(Assert.java:71)
	at org.joda.time.TestLocalDateTime_Basics.__CLR4_4_1bxaneehv6(TestLocalDateTime_Basics.java:157)
	at org.joda.time.TestLocalDateTime_Basics.testPlusDays_int545(TestLocalDateTime_Basics.java:153)
]]></failure>
  </testcase>
  <testcase name="testPlusDays_int546" classname="org.joda.time.TestLocalDateTime_Basics" time="0.002"/>
  <testcase name="testMinusYears_int547" classname="org.joda.time.TestLocalDateTime_Basics" time="0.004"/>
  <testcase name="testMinusMinutes_int548" classname="org.joda.time.TestLocalDateTime_Basics" time="0.009">
    <failure message="expected:&lt;2002-05-03T10:20:30.040&gt; but was:&lt;2002-05-03T10:19:30.040&gt;" type="junit.framework.AssertionFailedError"><![CDATA[junit.framework.AssertionFailedError: expected:<2002-05-03T10:20:30.040> but was:<2002-05-03T10:19:30.040>
	at junit.framework.Assert.fail(Assert.java:47)
	at junit.framework.Assert.failNotEquals(Assert.java:280)
	at junit.framework.Assert.assertEquals(Assert.java:64)
	at junit.framework.Assert.assertEquals(Assert.java:71)
	at org.joda.time.TestLocalDateTime_Basics.__CLR4_4_19r2xrjhvr(TestLocalDateTime_Basics.java:181)
	at org.joda.time.TestLocalDateTime_Basics.testMinusMinutes_int548(TestLocalDateTime_Basics.java:177)
]]></failure>
  </testcase>
  <testcase name="testIsSupported_DateTimeFieldType596" classname="org.joda.time.TestLocalDateTime_Basics" time="0.002"/>
  <testcase name="testPropertyAddToCopyMonth552" classname="org.joda.time.TestLocalDateTime_Properties" time="0.008"/>
  <testcase name="testPropertyWithMinimumValueDayOfMonth556" classname="org.joda.time.TestLocalDateTime_Properties" time="0.002"/>
  <testcase name="testPropertyWithMaximumValueDayOfMonth555" classname="org.joda.time.TestLocalDateTime_Properties" time="0.001"/>
  <testcase name="testConstructor296" classname="org.joda.time.TestLocalDate_Constructors" time="0.001"/>
  <testcase name="testParse_noFormatter297" classname="org.joda.time.TestLocalDate_Constructors" time="0.002"/>
  <testcase name="testParse_noFormatter298" classname="org.joda.time.TestLocalDate_Constructors" time="0.001"/>
  <testcase name="testWithField_DateTimeFieldType_int_1309" classname="org.joda.time.TestLocalDate_Basics" time="0.001"/>
  <testcase name="testWithField_DateTimeFieldType_int_2310" classname="org.joda.time.TestLocalDate_Basics" time="0.001"/>
  <testcase name="testWithFieldAdded_DurationFieldType_int_2311" classname="org.joda.time.TestLocalDate_Basics" time="0.002"/>
  <testcase name="testToDateTime_LocalTime_nullZone306" classname="org.joda.time.TestLocalDate_Basics" time="0.004"/>
  <testcase name="testToInterval_DateTimeZone307" classname="org.joda.time.TestLocalDate_Basics" time="0.002"/>
  <testcase name="testPlusWeeks_int312" classname="org.joda.time.TestLocalDate_Basics" time="0.002"/>
  <testcase name="testPlusDays_int313" classname="org.joda.time.TestLocalDate_Basics" time="0.001"/>
  <testcase name="testMinusMonths_int314" classname="org.joda.time.TestLocalDate_Basics" time="0.023"/>
  <testcase name="testPropertyGetWeekyear100" classname="org.joda.time.TestLocalDate_Basics" time="0.002">
    <failure message="expected:&lt;4&gt; but was:&lt;2004&gt;" type="junit.framework.AssertionFailedError"><![CDATA[junit.framework.AssertionFailedError: expected:<4> but was:<2004>
	at junit.framework.Assert.fail(Assert.java:47)
	at junit.framework.Assert.failNotEquals(Assert.java:280)
	at junit.framework.Assert.assertEquals(Assert.java:64)
	at junit.framework.Assert.assertEquals(Assert.java:198)
	at junit.framework.Assert.assertEquals(Assert.java:204)
	at org.joda.time.TestLocalDate_Basics.__CLR4_4_19mxi7si1e(TestLocalDate_Basics.java:125)
	at org.joda.time.TestLocalDate_Basics.testPropertyGetWeekyear100(TestLocalDate_Basics.java:119)
]]></failure>
  </testcase>
  <testcase name="testGet_DateTimeFieldType301" classname="org.joda.time.TestLocalDate_Basics" time="0.002">
    <failure message="expected:&lt;1970&gt; but was:&lt;2002&gt;" type="junit.framework.AssertionFailedError"><![CDATA[junit.framework.AssertionFailedError: expected:<1970> but was:<2002>
	at junit.framework.Assert.fail(Assert.java:47)
	at junit.framework.Assert.failNotEquals(Assert.java:280)
	at junit.framework.Assert.assertEquals(Assert.java:64)
	at junit.framework.Assert.assertEquals(Assert.java:198)
	at junit.framework.Assert.assertEquals(Assert.java:204)
	at org.joda.time.TestLocalDate_Basics.__CLR4_4_1egool9i2l(TestLocalDate_Basics.java:167)
	at org.joda.time.TestLocalDate_Basics.testGet_DateTimeFieldType301(TestLocalDate_Basics.java:165)
]]></failure>
  </testcase>
  <testcase name="testFactory_fromDateFields_before1970299" classname="org.joda.time.TestLocalDate_Basics" time="0.002"/>
  <testcase name="testToLocalDateTime_LocalTime305" classname="org.joda.time.TestLocalDate_Basics" time="0.001"/>
  <testcase name="testToDate_autumnDST302" classname="org.joda.time.TestLocalDate_Basics" time="0.009"/>
  <testcase name="testToDateTimeAtMidnight303" classname="org.joda.time.TestLocalDate_Basics" time="0.001"/>
  <testcase name="testToInterval_DateTimeAtStartOfDay308" classname="org.joda.time.TestLocalDate_Basics" time="0.001"/>
  <testcase name="testPropertyGetEra206" classname="org.joda.time.TestLocalDate_Basics" time="0.009"/>
  <testcase name="testToDateTimeAtMidnight_nullZone304" classname="org.joda.time.TestLocalDate_Basics" time="0.002"/>
  <testcase name="warning" classname="junit.framework.TestSuite$1" time="0">
    <failure message="No tests found in org.joda.time.TestLocalDate_Properties" type="junit.framework.AssertionFailedError">junit.framework.AssertionFailedError: No tests found in org.joda.time.TestLocalDate_Properties
	at junit.framework.Assert.fail(Assert.java:47)
	at junit.framework.TestSuite$1.runTest(TestSuite.java:90)
	at junit.framework.TestCase.runBare(TestCase.java:130)
	at junit.framework.TestResult$1.protect(TestResult.java:106)
	at junit.framework.TestResult.runProtected(TestResult.java:124)
	at junit.framework.TestResult.run(TestResult.java:109)
	at junit.framework.TestCase.run(TestCase.java:120)
	at junit.framework.TestSuite.runTest(TestSuite.java:230)
	at junit.framework.TestSuite.run(TestSuite.java:225)
	at junit.framework.TestSuite.runTest(TestSuite.java:230)
	at junit.framework.TestSuite.run(TestSuite.java:225)
	at junit.framework.TestSuite.runTest(TestSuite.java:230)
	at junit.framework.TestSuite.run(TestSuite.java:225)
	at sun.reflect.NativeMethodAccessorImpl.invoke0(Native Method)
	at sun.reflect.NativeMethodAccessorImpl.invoke(NativeMethodAccessorImpl.java:62)
	at sun.reflect.DelegatingMethodAccessorImpl.invoke(DelegatingMethodAccessorImpl.java:43)
	at java.lang.reflect.Method.invoke(Method.java:498)
	at org.apache.maven.surefire.junit.JUnitTestSet.execute(JUnitTestSet.java:95)
	at org.apache.maven.surefire.junit.JUnit3Provider.executeTestSet(JUnit3Provider.java:131)
	at org.apache.maven.surefire.junit.JUnit3Provider.invoke(JUnit3Provider.java:108)
	at org.apache.maven.surefire.booter.ForkedBooter.invokeProviderInSameClassLoader(ForkedBooter.java:200)
	at org.apache.maven.surefire.booter.ForkedBooter.runSuitesInProcess(ForkedBooter.java:153)
	at org.apache.maven.surefire.booter.ForkedBooter.main(ForkedBooter.java:103)
</failure>
  </testcase>
  <testcase name="testConstructor_Object_nullChronology402" classname="org.joda.time.TestLocalTime_Constructors" time="0.001"/>
  <testcase name="testFactory_FromDateFields_after1970401" classname="org.joda.time.TestLocalTime_Constructors" time="0.001"/>
  <testcase name="testConstructor_Object_nullChronology406" classname="org.joda.time.TestLocalTime_Constructors" time="0.002"/>
  <testcase name="testConstructor_Object_nullChronology403" classname="org.joda.time.TestLocalTime_Constructors" time="0.001"/>
  <testcase name="testProperty408" classname="org.joda.time.TestLocalTime_Basics" time="0.002"/>
  <testcase name="testPlusSeconds_int414" classname="org.joda.time.TestLocalTime_Basics" time="0.002">
    <failure message="expected:&lt;02:02:04.004&gt; but was:&lt;01:02:04.004&gt;" type="junit.framework.AssertionFailedError"><![CDATA[junit.framework.AssertionFailedError: expected:<02:02:04.004> but was:<01:02:04.004>
	at junit.framework.Assert.fail(Assert.java:47)
	at junit.framework.Assert.failNotEquals(Assert.java:280)
	at junit.framework.Assert.assertEquals(Assert.java:64)
	at junit.framework.Assert.assertEquals(Assert.java:71)
	at org.joda.time.TestLocalTime_Basics.__CLR4_4_1idzmd7i8w(TestLocalTime_Basics.java:160)
	at org.joda.time.TestLocalTime_Basics.testPlusSeconds_int414(TestLocalTime_Basics.java:156)
]]></failure>
  </testcase>
  <testcase name="testMinusMinutes_int415" classname="org.joda.time.TestLocalTime_Basics" time="0.002"/>
  <testcase name="testMinusSeconds_int416" classname="org.joda.time.TestLocalTime_Basics" time="0.001"/>
  <testcase name="testPlusSeconds_int413" classname="org.joda.time.TestLocalTime_Basics" time="0.005">
    <failure message="expected:&lt;02:02:04.004&gt; but was:&lt;01:02:04.004&gt;" type="junit.framework.AssertionFailedError"><![CDATA[junit.framework.AssertionFailedError: expected:<02:02:04.004> but was:<01:02:04.004>
	at junit.framework.Assert.fail(Assert.java:47)
	at junit.framework.Assert.failNotEquals(Assert.java:280)
	at junit.framework.Assert.assertEquals(Assert.java:64)
	at junit.framework.Assert.assertEquals(Assert.java:71)
	at org.joda.time.TestLocalTime_Basics.__CLR4_4_1f4znkqi8p(TestLocalTime_Basics.java:152)
	at org.joda.time.TestLocalTime_Basics.testPlusSeconds_int413(TestLocalTime_Basics.java:149)
]]></failure>
  </testcase>
  <testcase name="testWithFieldAdded_DurationFieldType_int_1409" classname="org.joda.time.TestLocalTime_Basics" time="0.003">
    <failure message="expected:&lt;12:20:30.040&gt; but was:&lt;16:20:30.040&gt;" type="junit.framework.AssertionFailedError"><![CDATA[junit.framework.AssertionFailedError: expected:<12:20:30.040> but was:<16:20:30.040>
	at junit.framework.Assert.fail(Assert.java:47)
	at junit.framework.Assert.failNotEquals(Assert.java:280)
	at junit.framework.Assert.assertEquals(Assert.java:64)
	at junit.framework.Assert.assertEquals(Assert.java:71)
	at org.joda.time.TestLocalTime_Basics.__CLR4_4_11vkut9i83(TestLocalTime_Basics.java:125)
	at org.joda.time.TestLocalTime_Basics.testWithFieldAdded_DurationFieldType_int_1409(TestLocalTime_Basics.java:121)
]]></failure>
  </testcase>
  <testcase name="testPlusMinutes_int412" classname="org.joda.time.TestLocalTime_Basics" time="0.002">
    <failure message="expected:&lt;01:02:03.004&gt; but was:&lt;01:03:03.004&gt;" type="junit.framework.AssertionFailedError"><![CDATA[junit.framework.AssertionFailedError: expected:<01:02:03.004> but was:<01:03:03.004>
	at junit.framework.Assert.fail(Assert.java:47)
	at junit.framework.Assert.failNotEquals(Assert.java:280)
	at junit.framework.Assert.assertEquals(Assert.java:64)
	at junit.framework.Assert.assertEquals(Assert.java:71)
	at org.joda.time.TestLocalTime_Basics.__CLR4_4_1hh7ftli8i(TestLocalTime_Basics.java:145)
	at org.joda.time.TestLocalTime_Basics.testPlusMinutes_int412(TestLocalTime_Basics.java:141)
]]></failure>
  </testcase>
  <testcase name="testWithFieldAdded_DurationFieldType_int_2411" classname="org.joda.time.TestLocalTime_Basics" time="0.001"/>
  <testcase name="testWithFieldAdded_DurationFieldType_int_1410" classname="org.joda.time.TestLocalTime_Basics" time="0.002">
    <failure message="expected:&lt;15:20:30.040&gt; but was:&lt;16:20:30.040&gt;" type="junit.framework.AssertionFailedError"><![CDATA[junit.framework.AssertionFailedError: expected:<15:20:30.040> but was:<16:20:30.040>
	at junit.framework.Assert.fail(Assert.java:47)
	at junit.framework.Assert.failNotEquals(Assert.java:280)
	at junit.framework.Assert.assertEquals(Assert.java:64)
	at junit.framework.Assert.assertEquals(Assert.java:71)
	at org.joda.time.TestLocalTime_Basics.__CLR4_4_11epndzi88(TestLocalTime_Basics.java:131)
	at org.joda.time.TestLocalTime_Basics.testWithFieldAdded_DurationFieldType_int_1410(TestLocalTime_Basics.java:127)
]]></failure>
  </testcase>
  <testcase name="warning" classname="junit.framework.TestSuite$1" time="0.001">
    <failure message="No tests found in org.joda.time.TestLocalTime_Properties" type="junit.framework.AssertionFailedError">junit.framework.AssertionFailedError: No tests found in org.joda.time.TestLocalTime_Properties
	at junit.framework.Assert.fail(Assert.java:47)
	at junit.framework.TestSuite$1.runTest(TestSuite.java:90)
	at junit.framework.TestCase.runBare(TestCase.java:130)
	at junit.framework.TestResult$1.protect(TestResult.java:106)
	at junit.framework.TestResult.runProtected(TestResult.java:124)
	at junit.framework.TestResult.run(TestResult.java:109)
	at junit.framework.TestCase.run(TestCase.java:120)
	at junit.framework.TestSuite.runTest(TestSuite.java:230)
	at junit.framework.TestSuite.run(TestSuite.java:225)
	at junit.framework.TestSuite.runTest(TestSuite.java:230)
	at junit.framework.TestSuite.run(TestSuite.java:225)
	at junit.framework.TestSuite.runTest(TestSuite.java:230)
	at junit.framework.TestSuite.run(TestSuite.java:225)
	at sun.reflect.NativeMethodAccessorImpl.invoke0(Native Method)
	at sun.reflect.NativeMethodAccessorImpl.invoke(NativeMethodAccessorImpl.java:62)
	at sun.reflect.DelegatingMethodAccessorImpl.invoke(DelegatingMethodAccessorImpl.java:43)
	at java.lang.reflect.Method.invoke(Method.java:498)
	at org.apache.maven.surefire.junit.JUnitTestSet.execute(JUnitTestSet.java:95)
	at org.apache.maven.surefire.junit.JUnit3Provider.executeTestSet(JUnit3Provider.java:131)
	at org.apache.maven.surefire.junit.JUnit3Provider.invoke(JUnit3Provider.java:108)
	at org.apache.maven.surefire.booter.ForkedBooter.invokeProviderInSameClassLoader(ForkedBooter.java:200)
	at org.apache.maven.surefire.booter.ForkedBooter.runSuitesInProcess(ForkedBooter.java:153)
	at org.apache.maven.surefire.booter.ForkedBooter.main(ForkedBooter.java:103)
</failure>
  </testcase>
  <testcase name="testConstructor_Object6483" classname="org.joda.time.TestMutableInterval_Constructors" time="0.003"/>
  <testcase name="testPropertyToIntervalYearOfCentury357" classname="org.joda.time.TestMutableInterval_Constructors" time="0.002"/>
  <testcase name="testConstructor_RP_RI8356" classname="org.joda.time.TestMutableInterval_Constructors" time="0.001"/>
  <testcase name="warning" classname="junit.framework.TestSuite$1" time="0">
    <failure message="No tests found in org.joda.time.TestMutableInterval_Basics" type="junit.framework.AssertionFailedError">junit.framework.AssertionFailedError: No tests found in org.joda.time.TestMutableInterval_Basics
	at junit.framework.Assert.fail(Assert.java:47)
	at junit.framework.TestSuite$1.runTest(TestSuite.java:90)
	at junit.framework.TestCase.runBare(TestCase.java:130)
	at junit.framework.TestResult$1.protect(TestResult.java:106)
	at junit.framework.TestResult.runProtected(TestResult.java:124)
	at junit.framework.TestResult.run(TestResult.java:109)
	at junit.framework.TestCase.run(TestCase.java:120)
	at junit.framework.TestSuite.runTest(TestSuite.java:230)
	at junit.framework.TestSuite.run(TestSuite.java:225)
	at junit.framework.TestSuite.runTest(TestSuite.java:230)
	at junit.framework.TestSuite.run(TestSuite.java:225)
	at junit.framework.TestSuite.runTest(TestSuite.java:230)
	at junit.framework.TestSuite.run(TestSuite.java:225)
	at sun.reflect.NativeMethodAccessorImpl.invoke0(Native Method)
	at sun.reflect.NativeMethodAccessorImpl.invoke(NativeMethodAccessorImpl.java:62)
	at sun.reflect.DelegatingMethodAccessorImpl.invoke(DelegatingMethodAccessorImpl.java:43)
	at java.lang.reflect.Method.invoke(Method.java:498)
	at org.apache.maven.surefire.junit.JUnitTestSet.execute(JUnitTestSet.java:95)
	at org.apache.maven.surefire.junit.JUnit3Provider.executeTestSet(JUnit3Provider.java:131)
	at org.apache.maven.surefire.junit.JUnit3Provider.invoke(JUnit3Provider.java:108)
	at org.apache.maven.surefire.booter.ForkedBooter.invokeProviderInSameClassLoader(ForkedBooter.java:200)
	at org.apache.maven.surefire.booter.ForkedBooter.runSuitesInProcess(ForkedBooter.java:153)
	at org.apache.maven.surefire.booter.ForkedBooter.main(ForkedBooter.java:103)
</failure>
  </testcase>
  <testcase name="testSetDurationBeforeEnd_RI3613" classname="org.joda.time.TestMutableInterval_Updates" time="0.001"/>
  <testcase name="testSetDurationAfterStart_RI3615" classname="org.joda.time.TestMutableInterval_Updates" time="0.001"/>
  <testcase name="testSetInterval_RInterval1610" classname="org.joda.time.TestMutableInterval_Updates" time="0.002">
    <failure message="expected:&lt;1018009440001&gt; but was:&lt;1052231280000&gt;" type="junit.framework.AssertionFailedError"><![CDATA[junit.framework.AssertionFailedError: expected:<1018009440001> but was:<1052231280000>
	at junit.framework.Assert.fail(Assert.java:47)
	at junit.framework.Assert.failNotEquals(Assert.java:280)
	at junit.framework.Assert.assertEquals(Assert.java:64)
	at junit.framework.Assert.assertEquals(Assert.java:133)
	at junit.framework.Assert.assertEquals(Assert.java:139)
	at org.joda.time.TestMutableInterval_Updates.__CLR4_4_1jvut88ix7(TestMutableInterval_Updates.java:105)
	at org.joda.time.TestMutableInterval_Updates.testSetInterval_RInterval1610(TestMutableInterval_Updates.java:101)
]]></failure>
  </testcase>
  <testcase name="testSetInterval_RInterval3611" classname="org.joda.time.TestMutableInterval_Updates" time="0.001">
    <error message="Interval must not be null" type="java.lang.IllegalArgumentException">java.lang.IllegalArgumentException: Interval must not be null
	at org.joda.time.MutableInterval.setInterval(MutableInterval.java:228)
	at org.joda.time.TestMutableInterval_Updates.__CLR4_4_1wu82frixc(TestMutableInterval_Updates.java:109)
	at org.joda.time.TestMutableInterval_Updates.testSetInterval_RInterval3611(TestMutableInterval_Updates.java:107)
</error>
  </testcase>
  <testcase name="testSetInterval_RInterval3612" classname="org.joda.time.TestMutableInterval_Updates" time="0.002">
    <error message="Interval must not be null" type="java.lang.IllegalArgumentException">java.lang.IllegalArgumentException: Interval must not be null
	at org.joda.time.MutableInterval.setInterval(MutableInterval.java:228)
	at org.joda.time.TestMutableInterval_Updates.__CLR4_4_1yxw0qwixh(TestMutableInterval_Updates.java:115)
	at org.joda.time.TestMutableInterval_Updates.testSetInterval_RInterval3612(TestMutableInterval_Updates.java:113)
</error>
  </testcase>
  <testcase name="testFactoryFieldDifference540" classname="org.joda.time.TestPeriod_Constructors" time="0.004">
    <error message="Values array must be the same length as the types array" type="java.lang.IllegalArgumentException"><![CDATA[java.lang.IllegalArgumentException: Values array must be the same length as the types array
	at org.joda.time.Partial.<init>(Partial.java:200)
	at org.joda.time.Partial.<init>(Partial.java:175)
	at org.joda.time.TestPeriod_Constructors.__CLR4_4_1jyh5kpjl3(TestPeriod_Constructors.java:152)
	at org.joda.time.TestPeriod_Constructors.testFactoryFieldDifference540(TestPeriod_Constructors.java:150)
]]></error>
  </testcase>
  <testcase name="testConstructor_RD_RI246" classname="org.joda.time.TestPeriod_Constructors" time="0.001"/>
  <testcase name="testNormalizedStandard_yearMonth147" classname="org.joda.time.TestPeriod_Constructors" time="0.001"/>
  <testcase name="testFactoryFieldDifference136" classname="org.joda.time.TestPeriod_Constructors" time="0.001"/>
  <testcase name="testFactoryFieldDifference537" classname="org.joda.time.TestPeriod_Constructors" time="0.001">
    <error message="Values array must be the same length as the types array" type="java.lang.IllegalArgumentException"><![CDATA[java.lang.IllegalArgumentException: Values array must be the same length as the types array
	at org.joda.time.Partial.<init>(Partial.java:200)
	at org.joda.time.Partial.<init>(Partial.java:175)
	at org.joda.time.TestPeriod_Constructors.__CLR4_4_1czm0khjk5(TestPeriod_Constructors.java:106)
	at org.joda.time.TestPeriod_Constructors.testFactoryFieldDifference537(TestPeriod_Constructors.java:104)
]]></error>
  </testcase>
  <testcase name="testFactoryFieldDifference139" classname="org.joda.time.TestPeriod_Constructors" time="0.001"/>
  <testcase name="testConstructor_Object_PeriodType1322" classname="org.joda.time.TestPeriod_Constructors" time="0.003"/>
  <testcase name="testConstructor_RP_RP_PeriodType8362" classname="org.joda.time.TestPeriod_Constructors" time="0.001"/>
  <testcase name="testToStandardMinutes_months52" classname="org.joda.time.TestPeriod_Basics" time="0.006"/>
  <testcase name="testToStandardSeconds_months53" classname="org.joda.time.TestPeriod_Basics" time="0.002"/>
  <testcase name="testToStandardSeconds321" classname="org.joda.time.TestPeriod_Basics" time="0.001"/>
  <testcase name="testToPeriod323" classname="org.joda.time.TestPeriod_Basics" time="0.001"/>
  <testcase name="testWithFields249" classname="org.joda.time.TestPeriod_Basics" time="0"/>
  <testcase name="testWithFieldAdded350" classname="org.joda.time.TestPeriod_Basics" time="0.003">
    <error message="Period does not support field &apos;years&apos;" type="java.lang.IllegalArgumentException"><![CDATA[java.lang.IllegalArgumentException: Period does not support field 'years'
	at org.joda.time.base.BasePeriod.checkAndUpdate(BasePeriod.java:394)
	at org.joda.time.base.BasePeriod.setPeriodInternal(BasePeriod.java:454)
	at org.joda.time.base.BasePeriod.<init>(BasePeriod.java:93)
	at org.joda.time.Period.<init>(Period.java:352)
	at org.joda.time.TestPeriod_Basics.__CLR4_4_1gj0b13jg3(TestPeriod_Basics.java:141)
	at org.joda.time.TestPeriod_Basics.testWithFieldAdded350(TestPeriod_Basics.java:140)
]]></error>
  </testcase>
  <testcase name="testToStandardWeeks_months51" classname="org.joda.time.TestPeriod_Basics" time="0.002"/>
  <testcase name="testToStandardHours330" classname="org.joda.time.TestPeriod_Basics" time="0.002"/>
  <testcase name="testConstructor_Object3498" classname="org.joda.time.TestPeriod_Basics" time="0.003">
    <failure message="expected:&lt;64&gt; but was:&lt;0&gt;" type="junit.framework.AssertionFailedError"><![CDATA[junit.framework.AssertionFailedError: expected:<64> but was:<0>
	at junit.framework.Assert.fail(Assert.java:47)
	at junit.framework.Assert.failNotEquals(Assert.java:280)
	at junit.framework.Assert.assertEquals(Assert.java:64)
	at junit.framework.Assert.assertEquals(Assert.java:198)
	at junit.framework.Assert.assertEquals(Assert.java:204)
	at org.joda.time.TestPeriod_Basics.__CLR4_4_1y7ts8tjir(TestPeriod_Basics.java:265)
	at org.joda.time.TestPeriod_Basics.testConstructor_Object3498(TestPeriod_Basics.java:259)
]]></failure>
  </testcase>
  <testcase name="testPlusFields42" classname="org.joda.time.TestPeriod_Basics" time="0"/>
  <testcase name="testConstructor_long_long_Chronology1495" classname="org.joda.time.TestMutablePeriod_Constructors" time="0.003">
    <failure message="expected:&lt;1&gt; but was:&lt;0&gt;" type="junit.framework.AssertionFailedError"><![CDATA[junit.framework.AssertionFailedError: expected:<1> but was:<0>
	at junit.framework.Assert.fail(Assert.java:47)
	at junit.framework.Assert.failNotEquals(Assert.java:280)
	at junit.framework.Assert.assertEquals(Assert.java:64)
	at junit.framework.Assert.assertEquals(Assert.java:198)
	at junit.framework.Assert.assertEquals(Assert.java:204)
	at org.joda.time.TestMutablePeriod_Constructors.__CLR4_4_161il2tj0v(TestMutablePeriod_Constructors.java:173)
	at org.joda.time.TestMutablePeriod_Constructors.testConstructor_long_long_Chronology1495(TestMutablePeriod_Constructors.java:161)
]]></failure>
  </testcase>
  <testcase name="testConstructor_RI_RI2496" classname="org.joda.time.TestMutablePeriod_Constructors" time="0.002">
    <failure message="expected:&lt;0&gt; but was:&lt;1&gt;" type="junit.framework.AssertionFailedError"><![CDATA[junit.framework.AssertionFailedError: expected:<0> but was:<1>
	at junit.framework.Assert.fail(Assert.java:47)
	at junit.framework.Assert.failNotEquals(Assert.java:280)
	at junit.framework.Assert.assertEquals(Assert.java:64)
	at junit.framework.Assert.assertEquals(Assert.java:198)
	at junit.framework.Assert.assertEquals(Assert.java:204)
	at org.joda.time.TestMutablePeriod_Constructors.__CLR4_4_1j7czn6j18(TestMutablePeriod_Constructors.java:181)
	at org.joda.time.TestMutablePeriod_Constructors.testConstructor_RI_RI2496(TestMutablePeriod_Constructors.java:175)
]]></failure>
  </testcase>
  <testcase name="testConstructor_RI_RD2497" classname="org.joda.time.TestMutablePeriod_Constructors" time="0.002"/>
  <testcase name="testConstructor_RI_RD2363" classname="org.joda.time.TestMutablePeriod_Constructors" time="0"/>
  <testcase name="testPropertyToIntervalMillisOfSecond397" classname="org.joda.time.TestMutablePeriod_Constructors" time="0.001"/>
  <testcase name="testSetDays503" classname="org.joda.time.TestMutablePeriod_Constructors" time="0"/>
  <testcase name="testSetYears502" classname="org.joda.time.TestMutablePeriod_Constructors" time="0.002"/>
  <testcase name="testConstructor_long_Chronology2494" classname="org.joda.time.TestMutablePeriod_Constructors" time="0.001">
    <failure message="expected:&lt;64&gt; but was:&lt;0&gt;" type="junit.framework.AssertionFailedError"><![CDATA[junit.framework.AssertionFailedError: expected:<64> but was:<0>
	at junit.framework.Assert.fail(Assert.java:47)
	at junit.framework.Assert.failNotEquals(Assert.java:280)
	at junit.framework.Assert.assertEquals(Assert.java:64)
	at junit.framework.Assert.assertEquals(Assert.java:198)
	at junit.framework.Assert.assertEquals(Assert.java:204)
	at org.joda.time.TestMutablePeriod_Constructors.__CLR4_4_12lo9zsj0j(TestMutablePeriod_Constructors.java:154)
	at org.joda.time.TestMutablePeriod_Constructors.testConstructor_long_Chronology2494(TestMutablePeriod_Constructors.java:148)
]]></failure>
  </testcase>
  <testcase name="testConstructor_long_PeriodType_Chronology1493" classname="org.joda.time.TestMutablePeriod_Constructors" time="0.004">
    <failure message="expected:&lt;64&gt; but was:&lt;0&gt;" type="junit.framework.AssertionFailedError"><![CDATA[junit.framework.AssertionFailedError: expected:<64> but was:<0>
	at junit.framework.Assert.fail(Assert.java:47)
	at junit.framework.Assert.failNotEquals(Assert.java:280)
	at junit.framework.Assert.assertEquals(Assert.java:64)
	at junit.framework.Assert.assertEquals(Assert.java:198)
	at junit.framework.Assert.assertEquals(Assert.java:204)
	at org.joda.time.TestMutablePeriod_Constructors.__CLR4_4_13z7avgj07(TestMutablePeriod_Constructors.java:141)
	at org.joda.time.TestMutablePeriod_Constructors.testConstructor_long_PeriodType_Chronology1493(TestMutablePeriod_Constructors.java:135)
]]></failure>
  </testcase>
  <testcase name="testConstructor_RI_RD4364" classname="org.joda.time.TestMutablePeriod_Constructors" time="0"/>
  <testcase name="testConstructor_long_long1514" classname="org.joda.time.TestMutablePeriod_Constructors" time="0.003"/>
  <testcase name="testConstructor_RI_RP3570" classname="org.joda.time.TestMutablePeriod_Constructors" time="0.001"/>
  <testcase name="warning" classname="junit.framework.TestSuite$1" time="0">
    <failure message="No tests found in org.joda.time.TestMutablePeriod_Basics" type="junit.framework.AssertionFailedError">junit.framework.AssertionFailedError: No tests found in org.joda.time.TestMutablePeriod_Basics
	at junit.framework.Assert.fail(Assert.java:47)
	at junit.framework.TestSuite$1.runTest(TestSuite.java:90)
	at junit.framework.TestCase.runBare(TestCase.java:130)
	at junit.framework.TestResult$1.protect(TestResult.java:106)
	at junit.framework.TestResult.runProtected(TestResult.java:124)
	at junit.framework.TestResult.run(TestResult.java:109)
	at junit.framework.TestCase.run(TestCase.java:120)
	at junit.framework.TestSuite.runTest(TestSuite.java:230)
	at junit.framework.TestSuite.run(TestSuite.java:225)
	at junit.framework.TestSuite.runTest(TestSuite.java:230)
	at junit.framework.TestSuite.run(TestSuite.java:225)
	at junit.framework.TestSuite.runTest(TestSuite.java:230)
	at junit.framework.TestSuite.run(TestSuite.java:225)
	at sun.reflect.NativeMethodAccessorImpl.invoke0(Native Method)
	at sun.reflect.NativeMethodAccessorImpl.invoke(NativeMethodAccessorImpl.java:62)
	at sun.reflect.DelegatingMethodAccessorImpl.invoke(DelegatingMethodAccessorImpl.java:43)
	at java.lang.reflect.Method.invoke(Method.java:498)
	at org.apache.maven.surefire.junit.JUnitTestSet.execute(JUnitTestSet.java:95)
	at org.apache.maven.surefire.junit.JUnit3Provider.executeTestSet(JUnit3Provider.java:131)
	at org.apache.maven.surefire.junit.JUnit3Provider.invoke(JUnit3Provider.java:108)
	at org.apache.maven.surefire.booter.ForkedBooter.invokeProviderInSameClassLoader(ForkedBooter.java:200)
	at org.apache.maven.surefire.booter.ForkedBooter.runSuitesInProcess(ForkedBooter.java:153)
	at org.apache.maven.surefire.booter.ForkedBooter.main(ForkedBooter.java:103)
</failure>
  </testcase>
  <testcase name="testAddMinutes506" classname="org.joda.time.TestMutablePeriod_Updates" time="0.003">
    <failure message="expected:&lt;15&gt; but was:&lt;16&gt;" type="junit.framework.AssertionFailedError"><![CDATA[junit.framework.AssertionFailedError: expected:<15> but was:<16>
	at junit.framework.Assert.fail(Assert.java:47)
	at junit.framework.Assert.failNotEquals(Assert.java:280)
	at junit.framework.Assert.assertEquals(Assert.java:64)
	at junit.framework.Assert.assertEquals(Assert.java:198)
	at junit.framework.Assert.assertEquals(Assert.java:204)
	at org.joda.time.TestMutablePeriod_Updates.__CLR4_4_1uqlv0uj5o(TestMutablePeriod_Updates.java:167)
	at org.joda.time.TestMutablePeriod_Updates.testAddMinutes506(TestMutablePeriod_Updates.java:164)
]]></failure>
  </testcase>
  <testcase name="testSetWeeks365" classname="org.joda.time.TestMutablePeriod_Updates" time="0.001"/>
  <testcase name="testConstructor_long_PeriodType2492" classname="org.joda.time.TestMutablePeriod_Updates" time="0.002">
    <failure message="expected:&lt;64&gt; but was:&lt;0&gt;" type="junit.framework.AssertionFailedError"><![CDATA[junit.framework.AssertionFailedError: expected:<64> but was:<0>
	at junit.framework.Assert.fail(Assert.java:47)
	at junit.framework.Assert.failNotEquals(Assert.java:280)
	at junit.framework.Assert.assertEquals(Assert.java:64)
	at junit.framework.Assert.assertEquals(Assert.java:198)
	at junit.framework.Assert.assertEquals(Assert.java:204)
	at org.joda.time.TestMutablePeriod_Updates.__CLR4_4_1p5yevj4e(TestMutablePeriod_Updates.java:120)
	at org.joda.time.TestMutablePeriod_Updates.testConstructor_long_PeriodType2492(TestMutablePeriod_Updates.java:114)
]]></failure>
  </testcase>
  <testcase name="testAddDays504" classname="org.joda.time.TestMutablePeriod_Updates" time="0.003">
    <failure message="expected:&lt;15&gt; but was:&lt;14&gt;" type="junit.framework.AssertionFailedError"><![CDATA[junit.framework.AssertionFailedError: expected:<15> but was:<14>
	at junit.framework.Assert.fail(Assert.java:47)
	at junit.framework.Assert.failNotEquals(Assert.java:280)
	at junit.framework.Assert.assertEquals(Assert.java:64)
	at junit.framework.Assert.assertEquals(Assert.java:198)
	at junit.framework.Assert.assertEquals(Assert.java:204)
	at org.joda.time.TestMutablePeriod_Updates.__CLR4_4_1q7sbjuj5e(TestMutablePeriod_Updates.java:156)
	at org.joda.time.TestMutablePeriod_Updates.testAddDays504(TestMutablePeriod_Updates.java:153)
]]></failure>
  </testcase>
  <testcase name="testSetPeriod_RI_RI2501" classname="org.joda.time.TestMutablePeriod_Updates" time="0.002"/>
  <testcase name="testSetPeriod_8ints1500" classname="org.joda.time.TestMutablePeriod_Updates" time="0.002">
    <failure message="expected:&lt;15&gt; but was:&lt;17&gt;" type="junit.framework.AssertionFailedError"><![CDATA[junit.framework.AssertionFailedError: expected:<15> but was:<17>
	at junit.framework.Assert.fail(Assert.java:47)
	at junit.framework.Assert.failNotEquals(Assert.java:280)
	at junit.framework.Assert.assertEquals(Assert.java:64)
	at junit.framework.Assert.assertEquals(Assert.java:198)
	at junit.framework.Assert.assertEquals(Assert.java:204)
	at org.joda.time.TestMutablePeriod_Updates.__CLR4_4_1m2vty1j4q(TestMutablePeriod_Updates.java:136)
	at org.joda.time.TestMutablePeriod_Updates.testSetPeriod_8ints1500(TestMutablePeriod_Updates.java:127)
]]></failure>
  </testcase>
  <testcase name="warning" classname="junit.framework.TestSuite$1" time="0">
    <failure message="No tests found in org.joda.time.TestBaseSingleFieldPeriod" type="junit.framework.AssertionFailedError">junit.framework.AssertionFailedError: No tests found in org.joda.time.TestBaseSingleFieldPeriod
	at junit.framework.Assert.fail(Assert.java:47)
	at junit.framework.TestSuite$1.runTest(TestSuite.java:90)
	at junit.framework.TestCase.runBare(TestCase.java:130)
	at junit.framework.TestResult$1.protect(TestResult.java:106)
	at junit.framework.TestResult.runProtected(TestResult.java:124)
	at junit.framework.TestResult.run(TestResult.java:109)
	at junit.framework.TestCase.run(TestCase.java:120)
	at junit.framework.TestSuite.runTest(TestSuite.java:230)
	at junit.framework.TestSuite.run(TestSuite.java:225)
	at junit.framework.TestSuite.runTest(TestSuite.java:230)
	at junit.framework.TestSuite.run(TestSuite.java:225)
	at junit.framework.TestSuite.runTest(TestSuite.java:230)
	at junit.framework.TestSuite.run(TestSuite.java:225)
	at sun.reflect.NativeMethodAccessorImpl.invoke0(Native Method)
	at sun.reflect.NativeMethodAccessorImpl.invoke(NativeMethodAccessorImpl.java:62)
	at sun.reflect.DelegatingMethodAccessorImpl.invoke(DelegatingMethodAccessorImpl.java:43)
	at java.lang.reflect.Method.invoke(Method.java:498)
	at org.apache.maven.surefire.junit.JUnitTestSet.execute(JUnitTestSet.java:95)
	at org.apache.maven.surefire.junit.JUnit3Provider.executeTestSet(JUnit3Provider.java:131)
	at org.apache.maven.surefire.junit.JUnit3Provider.invoke(JUnit3Provider.java:108)
	at org.apache.maven.surefire.booter.ForkedBooter.invokeProviderInSameClassLoader(ForkedBooter.java:200)
	at org.apache.maven.surefire.booter.ForkedBooter.runSuitesInProcess(ForkedBooter.java:153)
	at org.apache.maven.surefire.booter.ForkedBooter.main(ForkedBooter.java:103)
</failure>
  </testcase>
  <testcase name="testFactory_parseYears_String281" classname="org.joda.time.TestYears" time="0.004"/>
  <testcase name="testMinus_int282" classname="org.joda.time.TestYears" time="0"/>
  <testcase name="testIsGreaterThan289" classname="org.joda.time.TestYears" time="0.001"/>
  <testcase name="testIsLessThan290" classname="org.joda.time.TestYears" time="0"/>
  <testcase name="testGetPeriodType283" classname="org.joda.time.TestYears" time="0.001"/>
  <testcase name="testNegated288" classname="org.joda.time.TestYears" time="0"/>
  <testcase name="testFactory_yearsBetween_RInstant284" classname="org.joda.time.TestYears" time="0.001"/>
  <testcase name="testToString291" classname="org.joda.time.TestYears" time="0"/>
  <testcase name="testIsLessThan145" classname="org.joda.time.TestMonths" time="0.002"/>
  <testcase name="testSerialization143" classname="org.joda.time.TestMonths" time="0.003"/>
  <testcase name="testDividedBy_int144" classname="org.joda.time.TestMonths" time="0.001"/>
  <testcase name="testFactory_weeksBetween_RPartial247" classname="org.joda.time.TestWeeks" time="0"/>
  <testcase name="testFactory_weeks_int240" classname="org.joda.time.TestWeeks" time="0"/>
  <testcase name="testFactory_parseWeeks_String244" classname="org.joda.time.TestWeeks" time="0.002">
    <error message="Invalid format: &quot;P2W0M&quot; is malformed at &quot;0M&quot;" type="java.lang.IllegalArgumentException">java.lang.IllegalArgumentException: Invalid format: "P2W0M" is malformed at "0M"
	at org.joda.time.format.PeriodFormatter.parseMutablePeriod(PeriodFormatter.java:326)
	at org.joda.time.format.PeriodFormatter.parsePeriod(PeriodFormatter.java:304)
	at org.joda.time.Weeks.parseWeeks(Weeks.java:185)
	at org.joda.time.TestWeeks.__CLR4_4_132yijgjwk(TestWeeks.java:93)
	at org.joda.time.TestWeeks.testFactory_parseWeeks_String244(TestWeeks.java:87)
</error>
  </testcase>
  <testcase name="testGetPeriodType455" classname="org.joda.time.TestWeeks" time="0"/>
  <testcase name="testFactory_weeksBetween_RInstant242" classname="org.joda.time.TestWeeks" time="0.001"/>
  <testcase name="testSerialization246" classname="org.joda.time.TestWeeks" time="0.001"/>
  <testcase name="testToStandardHours248" classname="org.joda.time.TestWeeks" time="0.002">
    <failure message="expected:&lt;PT1209600H&gt; but was:&lt;PT336H&gt;" type="junit.framework.AssertionFailedError"><![CDATA[junit.framework.AssertionFailedError: expected:<PT1209600H> but was:<PT336H>
	at junit.framework.Assert.fail(Assert.java:47)
	at junit.framework.Assert.failNotEquals(Assert.java:280)
	at junit.framework.Assert.assertEquals(Assert.java:64)
	at junit.framework.Assert.assertEquals(Assert.java:71)
	at org.joda.time.TestWeeks.__CLR4_4_1nd7skojxj(TestWeeks.java:132)
	at org.joda.time.TestWeeks.testToStandardHours248(TestWeeks.java:129)
]]></failure>
  </testcase>
  <testcase name="testFactory_hours_int452" classname="org.joda.time.TestWeeks" time="0"/>
  <testcase name="testGetMethods453" classname="org.joda.time.TestWeeks" time="0.001"/>
  <testcase name="testMinus_int241" classname="org.joda.time.TestWeeks" time="0.001"/>
  <testcase name="testPlus_Days519" classname="org.joda.time.TestDays" time="0.001"/>
  <testcase name="testToStandardHours517" classname="org.joda.time.TestDays" time="0.001">
    <failure message="expected:&lt;PT172800H&gt; but was:&lt;PT48H&gt;" type="junit.framework.AssertionFailedError"><![CDATA[junit.framework.AssertionFailedError: expected:<PT172800H> but was:<PT48H>
	at junit.framework.Assert.fail(Assert.java:47)
	at junit.framework.Assert.failNotEquals(Assert.java:280)
	at junit.framework.Assert.assertEquals(Assert.java:64)
	at junit.framework.Assert.assertEquals(Assert.java:71)
	at org.joda.time.TestDays.__CLR4_4_1jvvkd9hdy(TestDays.java:58)
	at org.joda.time.TestDays.testToStandardHours517(TestDays.java:55)
]]></failure>
  </testcase>
  <testcase name="testIsGreaterThan458" classname="org.joda.time.TestHours" time="0.002"/>
  <testcase name="testToStandardDays456" classname="org.joda.time.TestHours" time="0">
    <failure message="expected:&lt;P2D&gt; but was:&lt;P3600000D&gt;" type="junit.framework.AssertionFailedError"><![CDATA[junit.framework.AssertionFailedError: expected:<P2D> but was:<P3600000D>
	at junit.framework.Assert.fail(Assert.java:47)
	at junit.framework.Assert.failNotEquals(Assert.java:280)
	at junit.framework.Assert.assertEquals(Assert.java:64)
	at junit.framework.Assert.assertEquals(Assert.java:71)
	at org.joda.time.TestHours.__CLR4_4_1utpr0lhma(TestHours.java:69)
	at org.joda.time.TestHours.testToStandardDays456(TestHours.java:66)
]]></failure>
  </testcase>
  <testcase name="testFactory_hoursBetween_RPartial454" classname="org.joda.time.TestHours" time="0.003">
    <failure message="expected:&lt;3&gt; but was:&lt;0&gt;" type="junit.framework.AssertionFailedError"><![CDATA[junit.framework.AssertionFailedError: expected:<3> but was:<0>
	at junit.framework.Assert.fail(Assert.java:47)
	at junit.framework.Assert.failNotEquals(Assert.java:280)
	at junit.framework.Assert.assertEquals(Assert.java:64)
	at junit.framework.Assert.assertEquals(Assert.java:198)
	at junit.framework.Assert.assertEquals(Assert.java:204)
	at org.joda.time.TestHours.__CLR4_4_1853ux8hm1(TestHours.java:60)
	at org.joda.time.TestHours.testFactory_hoursBetween_RPartial454(TestHours.java:55)
]]></failure>
  </testcase>
  <testcase name="testToStandardDuration457" classname="org.joda.time.TestHours" time="0"/>
  <testcase name="testToStandardWeeks389" classname="org.joda.time.TestMinutes" time="0.001">
    <failure message="expected:&lt;P2W&gt; but was:&lt;P0W&gt;" type="junit.framework.AssertionFailedError"><![CDATA[junit.framework.AssertionFailedError: expected:<P2W> but was:<P0W>
	at junit.framework.Assert.fail(Assert.java:47)
	at junit.framework.Assert.failNotEquals(Assert.java:280)
	at junit.framework.Assert.assertEquals(Assert.java:64)
	at junit.framework.Assert.assertEquals(Assert.java:71)
	at org.joda.time.TestMinutes.__CLR4_4_1gutzxiidq(TestMinutes.java:148)
	at org.joda.time.TestMinutes.testToStandardWeeks389(TestMinutes.java:145)
]]></failure>
  </testcase>
  <testcase name="testMinus_Minutes390" classname="org.joda.time.TestMinutes" time="0.001"/>
  <testcase name="testFactory_minutesBetween_RPartial384" classname="org.joda.time.TestMinutes" time="0.003">
    <failure message="expected:&lt;3&gt; but was:&lt;0&gt;" type="junit.framework.AssertionFailedError"><![CDATA[junit.framework.AssertionFailedError: expected:<3> but was:<0>
	at junit.framework.Assert.fail(Assert.java:47)
	at junit.framework.Assert.failNotEquals(Assert.java:280)
	at junit.framework.Assert.assertEquals(Assert.java:64)
	at junit.framework.Assert.assertEquals(Assert.java:198)
	at junit.framework.Assert.assertEquals(Assert.java:204)
	at org.joda.time.TestMinutes.__CLR4_4_1grf8woicf(TestMinutes.java:89)
	at org.joda.time.TestMinutes.testFactory_minutesBetween_RPartial384(TestMinutes.java:84)
]]></failure>
  </testcase>
  <testcase name="testIsLessThan381" classname="org.joda.time.TestMinutes" time="0"/>
  <testcase name="testMinus_int382" classname="org.joda.time.TestMinutes" time="0"/>
  <testcase name="testFactory_parseMinutes_String386" classname="org.joda.time.TestMinutes" time="0.001">
    <error message="Period does not support field &apos;months&apos;" type="java.lang.IllegalArgumentException">java.lang.IllegalArgumentException: Period does not support field 'months'
	at org.joda.time.base.BasePeriod.setFieldInto(BasePeriod.java:489)
	at org.joda.time.base.BasePeriod.setField(BasePeriod.java:474)
	at org.joda.time.MutablePeriod.setMonths(MutablePeriod.java:843)
	at org.joda.time.format.PeriodFormatterBuilder$FieldFormatter.setFieldValue(PeriodFormatterBuilder.java:1511)
	at org.joda.time.format.PeriodFormatterBuilder$FieldFormatter.parseInto(PeriodFormatterBuilder.java:1308)
	at org.joda.time.format.PeriodFormatterBuilder$Composite.parseInto(PeriodFormatterBuilder.java:1837)
	at org.joda.time.format.PeriodFormatterBuilder$Separator.parseInto(PeriodFormatterBuilder.java:1709)
	at org.joda.time.format.PeriodFormatter.parseMutablePeriod(PeriodFormatter.java:318)
	at org.joda.time.format.PeriodFormatter.parsePeriod(PeriodFormatter.java:304)
	at org.joda.time.Minutes.parseMinutes(Minutes.java:185)
	at org.joda.time.TestMinutes.__CLR4_4_1l2pobpid1(TestMinutes.java:118)
	at org.joda.time.TestMinutes.testFactory_parseMinutes_String386(TestMinutes.java:113)
</error>
  </testcase>
[...]
    <failure message="expected:&lt;false&gt; but was:&lt;true&gt;" type="junit.framework.AssertionFailedError"><![CDATA[junit.framework.AssertionFailedError: expected:<false> but was:<true>
	at junit.framework.Assert.fail(Assert.java:47)
	at junit.framework.Assert.failNotEquals(Assert.java:280)
	at junit.framework.Assert.assertEquals(Assert.java:64)
	at junit.framework.Assert.assertEquals(Assert.java:146)
	at junit.framework.Assert.assertEquals(Assert.java:152)
	at org.joda.time.format.TestDateTimeFormatterBuilder.__CLR4_4_1mimzmfm0o(TestDateTimeFormatterBuilder.java:102)
	at org.joda.time.format.TestDateTimeFormatterBuilder.test_append_Printer464(TestDateTimeFormatterBuilder.java:93)
]]></failure>
  </testcase>
  <testcase name="test_printParseZoneParis509" classname="org.joda.time.format.TestDateTimeFormatterBuilder" time="0.008"/>
  <testcase name="test_append_Parser511" classname="org.joda.time.format.TestDateTimeFormatterBuilder" time="0.001"/>
  <testcase name="testPrint_writerMethods269" classname="org.joda.time.format.TestPeriodFormatter" time="0.001"/>
  <testcase name="test_wordBased_default315" classname="org.joda.time.format.TestPeriodFormat" time="0.005">
    <failure message="expected:&lt;1 [Tag, 5 Stunden, 6 Minuten, 7 Sekunden und 8 Millisekunden]&gt; but was:&lt;1 [day, 5 hours, 6 minutes, 7 seconds and 8 milliseconds]&gt;" type="junit.framework.ComparisonFailure"><![CDATA[junit.framework.ComparisonFailure: expected:<1 [Tag, 5 Stunden, 6 Minuten, 7 Sekunden und 8 Millisekunden]> but was:<1 [day, 5 hours, 6 minutes, 7 seconds and 8 milliseconds]>
	at junit.framework.Assert.assertEquals(Assert.java:81)
	at junit.framework.Assert.assertEquals(Assert.java:87)
	at org.joda.time.format.TestPeriodFormat.__CLR4_4_1m2d7j4m8r(TestPeriodFormat.java:68)
	at org.joda.time.format.TestPeriodFormat.test_wordBased_default315(TestPeriodFormat.java:66)
]]></failure>
  </testcase>
  <testcase name="test_wordBased_default316" classname="org.joda.time.format.TestPeriodFormat" time="0.003"/>
  <testcase name="testFormatAlternateExtended121" classname="org.joda.time.format.TestISOPeriodFormat" time="0.001">
    <failure message="expected:&lt;P0001-0[6-09]T05:06:07.008&gt; but was:&lt;P0001-0[2-04]T05:06:07.008&gt;" type="junit.framework.ComparisonFailure"><![CDATA[junit.framework.ComparisonFailure: expected:<P0001-0[6-09]T05:06:07.008> but was:<P0001-0[2-04]T05:06:07.008>
	at junit.framework.Assert.assertEquals(Assert.java:81)
	at junit.framework.Assert.assertEquals(Assert.java:87)
	at org.joda.time.format.TestISOPeriodFormat.__CLR4_4_1ktux9m7g(TestISOPeriodFormat.java:95)
	at org.joda.time.format.TestISOPeriodFormat.testFormatAlternateExtended121(TestISOPeriodFormat.java:93)
]]></failure>
  </testcase>
  <testcase name="warning" classname="junit.framework.TestSuite$1" time="0">
    <failure message="No tests found in org.joda.time.format.TestISOPeriodFormatParsing" type="junit.framework.AssertionFailedError">junit.framework.AssertionFailedError: No tests found in org.joda.time.format.TestISOPeriodFormatParsing
	at junit.framework.Assert.fail(Assert.java:47)
	at junit.framework.TestSuite$1.runTest(TestSuite.java:90)
	at junit.framework.TestCase.runBare(TestCase.java:130)
	at junit.framework.TestResult$1.protect(TestResult.java:106)
	at junit.framework.TestResult.runProtected(TestResult.java:124)
	at junit.framework.TestResult.run(TestResult.java:109)
	at junit.framework.TestCase.run(TestCase.java:120)
	at junit.framework.TestSuite.runTest(TestSuite.java:230)
	at junit.framework.TestSuite.run(TestSuite.java:225)
	at junit.framework.TestSuite.runTest(TestSuite.java:230)
	at junit.framework.TestSuite.run(TestSuite.java:225)
	at junit.framework.TestSuite.runTest(TestSuite.java:230)
	at junit.framework.TestSuite.run(TestSuite.java:225)
	at sun.reflect.NativeMethodAccessorImpl.invoke0(Native Method)
	at sun.reflect.NativeMethodAccessorImpl.invoke(NativeMethodAccessorImpl.java:62)
	at sun.reflect.DelegatingMethodAccessorImpl.invoke(DelegatingMethodAccessorImpl.java:43)
	at java.lang.reflect.Method.invoke(Method.java:498)
	at org.apache.maven.surefire.junit.JUnitTestSet.execute(JUnitTestSet.java:95)
	at org.apache.maven.surefire.junit.JUnit3Provider.executeTestSet(JUnit3Provider.java:131)
	at org.apache.maven.surefire.junit.JUnit3Provider.invoke(JUnit3Provider.java:108)
	at org.apache.maven.surefire.booter.ForkedBooter.invokeProviderInSameClassLoader(ForkedBooter.java:200)
	at org.apache.maven.surefire.booter.ForkedBooter.runSuitesInProcess(ForkedBooter.java:153)
	at org.apache.maven.surefire.booter.ForkedBooter.main(ForkedBooter.java:103)
</failure>
  </testcase>
  <testcase name="warning" classname="junit.framework.TestSuite$1" time="0">
    <failure message="No tests found in org.joda.time.format.TestPeriodFormatParsing" type="junit.framework.AssertionFailedError">junit.framework.AssertionFailedError: No tests found in org.joda.time.format.TestPeriodFormatParsing
	at junit.framework.Assert.fail(Assert.java:47)
	at junit.framework.TestSuite$1.runTest(TestSuite.java:90)
	at junit.framework.TestCase.runBare(TestCase.java:130)
	at junit.framework.TestResult$1.protect(TestResult.java:106)
	at junit.framework.TestResult.runProtected(TestResult.java:124)
	at junit.framework.TestResult.run(TestResult.java:109)
	at junit.framework.TestCase.run(TestCase.java:120)
	at junit.framework.TestSuite.runTest(TestSuite.java:230)
	at junit.framework.TestSuite.run(TestSuite.java:225)
	at junit.framework.TestSuite.runTest(TestSuite.java:230)
	at junit.framework.TestSuite.run(TestSuite.java:225)
	at junit.framework.TestSuite.runTest(TestSuite.java:230)
	at junit.framework.TestSuite.run(TestSuite.java:225)
	at sun.reflect.NativeMethodAccessorImpl.invoke0(Native Method)
	at sun.reflect.NativeMethodAccessorImpl.invoke(NativeMethodAccessorImpl.java:62)
	at sun.reflect.DelegatingMethodAccessorImpl.invoke(DelegatingMethodAccessorImpl.java:43)
	at java.lang.reflect.Method.invoke(Method.java:498)
	at org.apache.maven.surefire.junit.JUnitTestSet.execute(JUnitTestSet.java:95)
	at org.apache.maven.surefire.junit.JUnit3Provider.executeTestSet(JUnit3Provider.java:131)
	at org.apache.maven.surefire.junit.JUnit3Provider.invoke(JUnit3Provider.java:108)
	at org.apache.maven.surefire.booter.ForkedBooter.invokeProviderInSameClassLoader(ForkedBooter.java:200)
	at org.apache.maven.surefire.booter.ForkedBooter.runSuitesInProcess(ForkedBooter.java:153)
	at org.apache.maven.surefire.booter.ForkedBooter.main(ForkedBooter.java:103)
</failure>
  </testcase>
  <testcase name="testAppend_PrinterParser_Printer_null_null_Parser86" classname="org.joda.time.format.TestPeriodFormatterBuilder" time="0.001"/>
  <testcase name="testFormatPrefixSimple293" classname="org.joda.time.format.TestPeriodFormatterBuilder" time="0.001"/>
  <testcase name="testFormatPrintZeroRarelyLast87" classname="org.joda.time.format.TestPeriodFormatterBuilder" time="0.001">
    <failure message="expected:&lt;[0---]&gt; but was:&lt;[---0]&gt;" type="junit.framework.ComparisonFailure"><![CDATA[junit.framework.ComparisonFailure: expected:<[0---]> but was:<[---0]>
	at junit.framework.Assert.assertEquals(Assert.java:81)
	at junit.framework.Assert.assertEquals(Assert.java:87)
	at org.joda.time.format.TestPeriodFormatterBuilder.__CLR4_4_17x8g89mbc(TestPeriodFormatterBuilder.java:114)
	at org.joda.time.format.TestPeriodFormatterBuilder.testFormatPrintZeroRarelyLast87(TestPeriodFormatterBuilder.java:109)
]]></failure>
  </testcase>
  <testcase name="testFormatSeparatorIfFieldsAfter90" classname="org.joda.time.format.TestPeriodFormatterBuilder" time="0.002">
    <failure message="expected:&lt;[]5&gt; but was:&lt;[T]5&gt;" type="junit.framework.ComparisonFailure"><![CDATA[junit.framework.ComparisonFailure: expected:<[]5> but was:<[T]5>
	at junit.framework.Assert.assertEquals(Assert.java:81)
	at junit.framework.Assert.assertEquals(Assert.java:87)
	at org.joda.time.format.TestPeriodFormatterBuilder.__CLR4_4_16qz6wmbz(TestPeriodFormatterBuilder.java:139)
	at org.joda.time.format.TestPeriodFormatterBuilder.testFormatSeparatorIfFieldsAfter90(TestPeriodFormatterBuilder.java:134)
]]></failure>
  </testcase>
  <testcase name="testFormatSeparatorSimple91" classname="org.joda.time.format.TestPeriodFormatterBuilder" time="0.001"/>
  <testcase name="testFormatAppend_PrinterParser_Printer_null_null_Parser99" classname="org.joda.time.format.TestPeriodFormatterBuilder" time="0.001"/>
  <testcase name="testBug249545595" classname="org.joda.time.format.TestPeriodFormatterBuilder" time="0.001"/>
  <testcase name="testFormatSuffixSimple289" classname="org.joda.time.format.TestPeriodFormatterBuilder" time="0"/>
  <testcase name="testFormatSeparatorIfFieldsBefore98" classname="org.joda.time.format.TestPeriodFormatterBuilder" time="0.001"/>
  <testcase name="warning" classname="junit.framework.TestSuite$1" time="0">
    <failure message="No tests found in org.joda.time.format.TestTextFields" type="junit.framework.AssertionFailedError">junit.framework.AssertionFailedError: No tests found in org.joda.time.format.TestTextFields
	at junit.framework.Assert.fail(Assert.java:47)
	at junit.framework.TestSuite$1.runTest(TestSuite.java:90)
	at junit.framework.TestCase.runBare(TestCase.java:130)
	at junit.framework.TestResult$1.protect(TestResult.java:106)
	at junit.framework.TestResult.runProtected(TestResult.java:124)
	at junit.framework.TestResult.run(TestResult.java:109)
	at junit.framework.TestCase.run(TestCase.java:120)
	at junit.framework.TestSuite.runTest(TestSuite.java:230)
	at junit.framework.TestSuite.run(TestSuite.java:225)
	at junit.framework.TestSuite.runTest(TestSuite.java:230)
	at junit.framework.TestSuite.run(TestSuite.java:225)
	at junit.framework.TestSuite.runTest(TestSuite.java:230)
	at junit.framework.TestSuite.run(TestSuite.java:225)
	at sun.reflect.NativeMethodAccessorImpl.invoke0(Native Method)
	at sun.reflect.NativeMethodAccessorImpl.invoke(NativeMethodAccessorImpl.java:62)
	at sun.reflect.DelegatingMethodAccessorImpl.invoke(DelegatingMethodAccessorImpl.java:43)
	at java.lang.reflect.Method.invoke(Method.java:498)
	at org.apache.maven.surefire.junit.JUnitTestSet.execute(JUnitTestSet.java:95)
	at org.apache.maven.surefire.junit.JUnit3Provider.executeTestSet(JUnit3Provider.java:131)
	at org.apache.maven.surefire.junit.JUnit3Provider.invoke(JUnit3Provider.java:108)
	at org.apache.maven.surefire.booter.ForkedBooter.invokeProviderInSameClassLoader(ForkedBooter.java:200)
	at org.apache.maven.surefire.booter.ForkedBooter.runSuitesInProcess(ForkedBooter.java:153)
	at org.apache.maven.surefire.booter.ForkedBooter.main(ForkedBooter.java:103)
</failure>
  </testcase>
  <testcase name="warning" classname="junit.framework.TestSuite$1" time="0">
    <failure message="No tests found in org.joda.time.tz.TestUTCProvider" type="junit.framework.AssertionFailedError">junit.framework.AssertionFailedError: No tests found in org.joda.time.tz.TestUTCProvider
	at junit.framework.Assert.fail(Assert.java:47)
	at junit.framework.TestSuite$1.runTest(TestSuite.java:90)
	at junit.framework.TestCase.runBare(TestCase.java:130)
	at junit.framework.TestResult$1.protect(TestResult.java:106)
	at junit.framework.TestResult.runProtected(TestResult.java:124)
	at junit.framework.TestResult.run(TestResult.java:109)
	at junit.framework.TestCase.run(TestCase.java:120)
	at junit.framework.TestSuite.runTest(TestSuite.java:230)
	at junit.framework.TestSuite.run(TestSuite.java:225)
	at junit.framework.TestSuite.runTest(TestSuite.java:230)
	at junit.framework.TestSuite.run(TestSuite.java:225)
	at junit.framework.TestSuite.runTest(TestSuite.java:230)
	at junit.framework.TestSuite.run(TestSuite.java:225)
	at sun.reflect.NativeMethodAccessorImpl.invoke0(Native Method)
	at sun.reflect.NativeMethodAccessorImpl.invoke(NativeMethodAccessorImpl.java:62)
	at sun.reflect.DelegatingMethodAccessorImpl.invoke(DelegatingMethodAccessorImpl.java:43)
	at java.lang.reflect.Method.invoke(Method.java:498)
	at org.apache.maven.surefire.junit.JUnitTestSet.execute(JUnitTestSet.java:95)
	at org.apache.maven.surefire.junit.JUnit3Provider.executeTestSet(JUnit3Provider.java:131)
	at org.apache.maven.surefire.junit.JUnit3Provider.invoke(JUnit3Provider.java:108)
	at org.apache.maven.surefire.booter.ForkedBooter.invokeProviderInSameClassLoader(ForkedBooter.java:200)
	at org.apache.maven.surefire.booter.ForkedBooter.runSuitesInProcess(ForkedBooter.java:153)
	at org.apache.maven.surefire.booter.ForkedBooter.main(ForkedBooter.java:103)
</failure>
  </testcase>
  <testcase name="warning" classname="junit.framework.TestSuite$1" time="0.001">
    <failure message="No tests found in org.joda.time.tz.TestBuilder" type="junit.framework.AssertionFailedError">junit.framework.AssertionFailedError: No tests found in org.joda.time.tz.TestBuilder
	at junit.framework.Assert.fail(Assert.java:47)
	at junit.framework.TestSuite$1.runTest(TestSuite.java:90)
	at junit.framework.TestCase.runBare(TestCase.java:130)
	at junit.framework.TestResult$1.protect(TestResult.java:106)
	at junit.framework.TestResult.runProtected(TestResult.java:124)
	at junit.framework.TestResult.run(TestResult.java:109)
	at junit.framework.TestCase.run(TestCase.java:120)
	at junit.framework.TestSuite.runTest(TestSuite.java:230)
	at junit.framework.TestSuite.run(TestSuite.java:225)
	at junit.framework.TestSuite.runTest(TestSuite.java:230)
	at junit.framework.TestSuite.run(TestSuite.java:225)
	at junit.framework.TestSuite.runTest(TestSuite.java:230)
	at junit.framework.TestSuite.run(TestSuite.java:225)
	at sun.reflect.NativeMethodAccessorImpl.invoke0(Native Method)
	at sun.reflect.NativeMethodAccessorImpl.invoke(NativeMethodAccessorImpl.java:62)
	at sun.reflect.DelegatingMethodAccessorImpl.invoke(DelegatingMethodAccessorImpl.java:43)
	at java.lang.reflect.Method.invoke(Method.java:498)
	at org.apache.maven.surefire.junit.JUnitTestSet.execute(JUnitTestSet.java:95)
	at org.apache.maven.surefire.junit.JUnit3Provider.executeTestSet(JUnit3Provider.java:131)
	at org.apache.maven.surefire.junit.JUnit3Provider.invoke(JUnit3Provider.java:108)
	at org.apache.maven.surefire.booter.ForkedBooter.invokeProviderInSameClassLoader(ForkedBooter.java:200)
	at org.apache.maven.surefire.booter.ForkedBooter.runSuitesInProcess(ForkedBooter.java:153)
	at org.apache.maven.surefire.booter.ForkedBooter.main(ForkedBooter.java:103)
</failure>
  </testcase>
  <testcase name="warning" classname="junit.framework.TestSuite$1" time="0">
    <failure message="No tests found in org.joda.time.tz.TestCompiler" type="junit.framework.AssertionFailedError">junit.framework.AssertionFailedError: No tests found in org.joda.time.tz.TestCompiler
	at junit.framework.Assert.fail(Assert.java:47)
	at junit.framework.TestSuite$1.runTest(TestSuite.java:90)
	at junit.framework.TestCase.runBare(TestCase.java:130)
	at junit.framework.TestResult$1.protect(TestResult.java:106)
	at junit.framework.TestResult.runProtected(TestResult.java:124)
	at junit.framework.TestResult.run(TestResult.java:109)
	at junit.framework.TestCase.run(TestCase.java:120)
	at junit.framework.TestSuite.runTest(TestSuite.java:230)
	at junit.framework.TestSuite.run(TestSuite.java:225)
	at junit.framework.TestSuite.runTest(TestSuite.java:230)
	at junit.framework.TestSuite.run(TestSuite.java:225)
	at junit.framework.TestSuite.runTest(TestSuite.java:230)
	at junit.framework.TestSuite.run(TestSuite.java:225)
	at sun.reflect.NativeMethodAccessorImpl.invoke0(Native Method)
	at sun.reflect.NativeMethodAccessorImpl.invoke(NativeMethodAccessorImpl.java:62)
	at sun.reflect.DelegatingMethodAccessorImpl.invoke(DelegatingMethodAccessorImpl.java:43)
	at java.lang.reflect.Method.invoke(Method.java:498)
	at org.apache.maven.surefire.junit.JUnitTestSet.execute(JUnitTestSet.java:95)
	at org.apache.maven.surefire.junit.JUnit3Provider.executeTestSet(JUnit3Provider.java:131)
	at org.apache.maven.surefire.junit.JUnit3Provider.invoke(JUnit3Provider.java:108)
	at org.apache.maven.surefire.booter.ForkedBooter.invokeProviderInSameClassLoader(ForkedBooter.java:200)
	at org.apache.maven.surefire.booter.ForkedBooter.runSuitesInProcess(ForkedBooter.java:153)
	at org.apache.maven.surefire.booter.ForkedBooter.main(ForkedBooter.java:103)
</failure>
  </testcase>
  <testcase name="warning" classname="junit.framework.TestSuite$1" time="0.001">
    <failure message="No tests found in org.joda.time.tz.TestCachedDateTimeZone" type="junit.framework.AssertionFailedError">junit.framework.AssertionFailedError: No tests found in org.joda.time.tz.TestCachedDateTimeZone
	at junit.framework.Assert.fail(Assert.java:47)
	at junit.framework.TestSuite$1.runTest(TestSuite.java:90)
	at junit.framework.TestCase.runBare(TestCase.java:130)
	at junit.framework.TestResult$1.protect(TestResult.java:106)
	at junit.framework.TestResult.runProtected(TestResult.java:124)
	at junit.framework.TestResult.run(TestResult.java:109)
	at junit.framework.TestCase.run(TestCase.java:120)
	at junit.framework.TestSuite.runTest(TestSuite.java:230)
	at junit.framework.TestSuite.run(TestSuite.java:225)
	at junit.framework.TestSuite.runTest(TestSuite.java:230)
	at junit.framework.TestSuite.run(TestSuite.java:225)
	at junit.framework.TestSuite.runTest(TestSuite.java:230)
	at junit.framework.TestSuite.run(TestSuite.java:225)
	at sun.reflect.NativeMethodAccessorImpl.invoke0(Native Method)
	at sun.reflect.NativeMethodAccessorImpl.invoke(NativeMethodAccessorImpl.java:62)
	at sun.reflect.DelegatingMethodAccessorImpl.invoke(DelegatingMethodAccessorImpl.java:43)
	at java.lang.reflect.Method.invoke(Method.java:498)
	at org.apache.maven.surefire.junit.JUnitTestSet.execute(JUnitTestSet.java:95)
	at org.apache.maven.surefire.junit.JUnit3Provider.executeTestSet(JUnit3Provider.java:131)
	at org.apache.maven.surefire.junit.JUnit3Provider.invoke(JUnit3Provider.java:108)
	at org.apache.maven.surefire.booter.ForkedBooter.invokeProviderInSameClassLoader(ForkedBooter.java:200)
	at org.apache.maven.surefire.booter.ForkedBooter.runSuitesInProcess(ForkedBooter.java:153)
	at org.apache.maven.surefire.booter.ForkedBooter.main(ForkedBooter.java:103)
</failure>
  </testcase>
  <testcase name="warning" classname="junit.framework.TestSuite$1" time="0">
    <failure message="No tests found in org.joda.time.tz.TestFixedDateTimeZone" type="junit.framework.AssertionFailedError">junit.framework.AssertionFailedError: No tests found in org.joda.time.tz.TestFixedDateTimeZone
	at junit.framework.Assert.fail(Assert.java:47)
	at junit.framework.TestSuite$1.runTest(TestSuite.java:90)
	at junit.framework.TestCase.runBare(TestCase.java:130)
	at junit.framework.TestResult$1.protect(TestResult.java:106)
	at junit.framework.TestResult.runProtected(TestResult.java:124)
	at junit.framework.TestResult.run(TestResult.java:109)
	at junit.framework.TestCase.run(TestCase.java:120)
	at junit.framework.TestSuite.runTest(TestSuite.java:230)
	at junit.framework.TestSuite.run(TestSuite.java:225)
	at junit.framework.TestSuite.runTest(TestSuite.java:230)
	at junit.framework.TestSuite.run(TestSuite.java:225)
	at junit.framework.TestSuite.runTest(TestSuite.java:230)
	at junit.framework.TestSuite.run(TestSuite.java:225)
	at sun.reflect.NativeMethodAccessorImpl.invoke0(Native Method)
	at sun.reflect.NativeMethodAccessorImpl.invoke(NativeMethodAccessorImpl.java:62)
	at sun.reflect.DelegatingMethodAccessorImpl.invoke(DelegatingMethodAccessorImpl.java:43)
	at java.lang.reflect.Method.invoke(Method.java:498)
	at org.apache.maven.surefire.junit.JUnitTestSet.execute(JUnitTestSet.java:95)
	at org.apache.maven.surefire.junit.JUnit3Provider.executeTestSet(JUnit3Provider.java:131)
	at org.apache.maven.surefire.junit.JUnit3Provider.invoke(JUnit3Provider.java:108)
	at org.apache.maven.surefire.booter.ForkedBooter.invokeProviderInSameClassLoader(ForkedBooter.java:200)
	at org.apache.maven.surefire.booter.ForkedBooter.runSuitesInProcess(ForkedBooter.java:153)
	at org.apache.maven.surefire.booter.ForkedBooter.main(ForkedBooter.java:103)
</failure>
  </testcase>
</testsuite>