Testsuite: org.apache.commons.lang3.ClassUtilsTest
Tests run: 24, Failures: 2, Errors: 0, Skipped: 0, Time elapsed: 0.063 sec

Testcase: test_getAllInterfaces_Class168 took 0.022 sec
Testcase: test_getSimpleName_Object163 took 0 sec
Testcase: testToClass_object180 took 0.005 sec
Testcase: test_getShortCanonicalName_Object181 took 0.007 sec
	FAILED
expected:<ClassUtilsTest.[6]> but was:<ClassUtilsTest.[5]>
junit.framework.AssertionFailedError: expected:<ClassUtilsTest.[6]> but was:<ClassUtilsTest.[5]>
	at org.apache.commons.lang3.ClassUtilsTest.test_getShortCanonicalName_Object181(ClassUtilsTest.java:407)

Testcase: test_isAssignable_Unboxing_Widening172 took 0 sec
Testcase: testWithInterleavingWhitespace179 took 0 sec
Testcase: testWrappersToPrimitivesNull174 took 0 sec
Testcase: test_getSimpleName_Class164 took 0 sec
Testcase: test_getShortClassName_Object160 took 0 sec
Testcase: testGetClassRawPrimitives176 took 0 sec
Testcase: testGetClassClassNotFound177 took 0.001 sec
Testcase: test_getPackageCanonicalName_Class183 took 0 sec
Testcase: test_getPackageName_Class166 took 0.001 sec
Testcase: test_getShortCanonicalName_String161 took 0 sec
Testcase: testPrimitivesToWrappers173 took 0.001 sec
Testcase: test_getShortClassName_String162 took 0 sec
Testcase: test_isAssignable171 took 0.002 sec
Testcase: test_getPackageName_Object165 took 0 sec
Testcase: test_isInnerClass_Class175 took 0.001 sec
Testcase: test_getShortCanonicalName_Class182 took 0 sec
	FAILED
expected:<ClassUtilsTest.[7]> but was:<ClassUtilsTest.[6]>
junit.framework.AssertionFailedError: expected:<ClassUtilsTest.[7]> but was:<ClassUtilsTest.[6]>
	at org.apache.commons.lang3.ClassUtilsTest.test_getShortCanonicalName_Class182(ClassUtilsTest.java:421)

Testcase: test_convertClassNamesToClasses_List169 took 0 sec
Testcase: testIsPrimitiveOrWrapper170 took 0 sec
Testcase: testGetPublicMethod178 took 0 sec
Testcase: test_getPackageName_String167 took 0 sec
