Testsuite: org.apache.commons.lang3.CharSetTest
Tests run: 3, Failures: 2, Errors: 0, Skipped: 0, Time elapsed: 0.073 sec

Testcase: testDelete_StringString324 took 0.043 sec
Testcase: testHashCode325 took 0.003 sec
	FAILED
null
junit.framework.AssertionFailedError
	at org.apache.commons.lang3.CharSetTest.testHashCode325(CharSetTest.java:60)

Testcase: testHashCode326 took 0 sec
	FAILED
null
junit.framework.AssertionFailedError
	at org.apache.commons.lang3.CharSetTest.testHashCode326(CharSetTest.java:81)

