Testsuite: org.apache.commons.lang3.SystemUtilsTest
Tests run: 3, Failures: 3, Errors: 0, Skipped: 0, Time elapsed: 0.042 sec

Testcase: testJavaVersionMatches303 took 0.024 sec
	FAILED
null
junit.framework.AssertionFailedError
	at org.apache.commons.lang3.SystemUtilsTest.testJavaVersionMatches303(SystemUtilsTest.java:56)

Testcase: testMatchesJavaVersion304 took 0 sec
	FAILED
null
junit.framework.AssertionFailedError
	at org.apache.commons.lang3.SystemUtilsTest.testMatchesJavaVersion304(SystemUtilsTest.java:75)

Testcase: testHeadless300 took 0 sec
	FAILED
null
junit.framework.AssertionFailedError
	at org.apache.commons.lang3.SystemUtilsTest.testHeadless300(SystemUtilsTest.java:46)

