Testsuite: org.apache.commons.lang3.ClassUtilsTest
Tests run: 5, Failures: 3, Errors: 0, Skipped: 0, Time elapsed: 0.054 sec

Testcase: test_getPackageName_Class55 took 0.031 sec
	FAILED
expected:<[String[]]> but was:<[java.lang]>
junit.framework.AssertionFailedError: expected:<[String[]]> but was:<[java.lang]>
	at org.apache.commons.lang3.ClassUtilsTest.test_getPackageName_Class55(ClassUtilsTest.java:61)

Testcase: test_getShortCanonicalName_Object64 took 0.001 sec
Testcase: test_getPackageName_String56 took 0 sec
Testcase: test_getAllInterfaces_Class57 took 0.001 sec
	FAILED
expected:<2> but was:<6>
junit.framework.AssertionFailedError: expected:<2> but was:<6>
	at org.apache.commons.lang3.ClassUtilsTest.test_getAllInterfaces_Class57(ClassUtilsTest.java:93)

Testcase: test_getAllInterfaces_Class61 took 0 sec
	FAILED
expected:<2> but was:<6>
junit.framework.AssertionFailedError: expected:<2> but was:<6>
	at org.apache.commons.lang3.ClassUtilsTest.test_getAllInterfaces_Class61(ClassUtilsTest.java:104)

