Testsuite: org.apache.commons.lang3.ObjectUtilsTest
Tests run: 5, Failures: 4, Errors: 0, Skipped: 0, Time elapsed: 0.049 sec

Testcase: testIdentityToString_String437 took 0.022 sec
	FAILED
expected:<[]> but was:<[java.lang.String@1ff8b8f]>
junit.framework.AssertionFailedError: expected:<[]> but was:<[java.lang.String@1ff8b8f]>
	at org.apache.commons.lang3.ObjectUtilsTest.testIdentityToString_String437(ObjectUtilsTest.java:72)

Testcase: testEqualsOnStrings434 took 0 sec
	FAILED
ObjectUtils.equals("foo", null) returned true
junit.framework.AssertionFailedError: ObjectUtils.equals("foo", null) returned true
	at org.apache.commons.lang3.ObjectUtilsTest.testEqualsOnStrings434(ObjectUtilsTest.java:56)

Testcase: testEquals435 took 0.001 sec
	FAILED
ObjectUtils.equals("foo", null) returned true
junit.framework.AssertionFailedError: ObjectUtils.equals("foo", null) returned true
	at org.apache.commons.lang3.ObjectUtilsTest.testEquals435(ObjectUtilsTest.java:64)

Testcase: testMax439 took 0.01 sec
	FAILED
expected same:<Wed Feb 16 21:12:01 MST 2022> was not:<Thu Feb 16 21:12:01 MST 2023>
junit.framework.AssertionFailedError: expected same:<Wed Feb 16 21:12:01 MST 2022> was not:<Thu Feb 16 21:12:01 MST 2023>
	at org.apache.commons.lang3.ObjectUtilsTest.testMax439(ObjectUtilsTest.java:97)

Testcase: testMax440 took 0 sec
