Testsuite: org.apache.commons.lang3.mutable.MutableObjectTest
Tests run: 3, Failures: 2, Errors: 0, Skipped: 0, Time elapsed: 0.035 sec

Testcase: testConstructors225 took 0.018 sec
Testcase: testHashCode226 took 0.001 sec
	FAILED
expected:<62372158> but was:<0>
junit.framework.AssertionFailedError: expected:<62372158> but was:<0>
	at org.apache.commons.lang3.mutable.MutableObjectTest.testHashCode226(MutableObjectTest.java:48)

Testcase: testHashCode227 took 0 sec
	FAILED
expected:<62372158> but was:<0>
junit.framework.AssertionFailedError: expected:<62372158> but was:<0>
	at org.apache.commons.lang3.mutable.MutableObjectTest.testHashCode227(MutableObjectTest.java:59)

