Testsuite: org.apache.commons.lang3.ClassUtilsTest
Tests run: 5, Failures: 2, Errors: 0, Skipped: 0, Time elapsed: 0.051 sec

Testcase: test_getPackageName_Class82 took 0.027 sec
Testcase: testPrimitivesToWrappersNull85 took 0.005 sec
Testcase: test_getShortClassName_Class81 took 0.001 sec
Testcase: test_isInnerClass_Class87 took 0.001 sec
	FAILED
ClassUtils.isInnerClass(Class<?>) failed
junit.framework.AssertionFailedError: ClassUtils.isInnerClass(Class<?>) failed
	at org.apache.commons.lang3.ClassUtilsTest.test_isInnerClass_Class87(ClassUtilsTest.java:122)

Testcase: test_getShortClassName_Object79 took 0.001 sec
	FAILED
expected:<[]Inner> but was:<[ClassUtilsTest.]Inner>
junit.framework.AssertionFailedError: expected:<[]Inner> but was:<[ClassUtilsTest.]Inner>
	at org.apache.commons.lang3.ClassUtilsTest.test_getShortClassName_Object79(ClassUtilsTest.java:59)

