Testsuite: org.apache.commons.lang3.concurrent.TimedSemaphoreTest
Tests run: 2, Failures: 0, Errors: 2, Skipped: 0, Time elapsed: 0.016 sec

Testcase: testAcquireNoLimit68 took 0.001 sec
	Caused an ERROR
org/easymock/EasyMock
java.lang.NoClassDefFoundError: org/easymock/EasyMock
	at org.apache.commons.lang3.concurrent.TimedSemaphoreTest.testAcquireNoLimit68(TimedSemaphoreTest.java:68)
Caused by: java.lang.ClassNotFoundException: org.easymock.EasyMock
	at java.net.URLClassLoader.findClass(URLClassLoader.java:387)
	at java.lang.ClassLoader.loadClass(ClassLoader.java:418)
	at sun.misc.Launcher$AppClassLoader.loadClass(Launcher.java:352)
	at java.lang.ClassLoader.loadClass(ClassLoader.java:351)

Testcase: testInit67 took 0 sec
	Caused an ERROR
Unexpected exception, expected<java.lang.IllegalArgumentException> but was<java.lang.NoClassDefFoundError>
java.lang.Exception: Unexpected exception, expected<java.lang.IllegalArgumentException> but was<java.lang.NoClassDefFoundError>
Caused by: java.lang.NoClassDefFoundError: org/easymock/EasyMock
	at org.apache.commons.lang3.concurrent.TimedSemaphoreTest.testInit67(TimedSemaphoreTest.java:54)

