Testsuite: org.apache.commons.lang3.StringEscapeUtilsTest
Tests run: 4, Failures: 2, Errors: 0, Skipped: 0, Time elapsed: 0.062 sec

Testcase: testUnescapeCsvString547 took 0.038 sec
	FAILED
expected:<["foo,bar"]> but was:<[foo,bar]>
junit.framework.AssertionFailedError: expected:<["foo,bar"]> but was:<[foo,bar]>
	at org.apache.commons.lang3.StringEscapeUtilsTest.testUnescapeCsvString547(StringEscapeUtilsTest.java:84)

Testcase: testEscapeEcmaScript545 took 0.001 sec
	FAILED
expected:<["foo"]> but was:<[foo]>
junit.framework.AssertionFailedError: expected:<["foo"]> but was:<[foo]>
	at org.apache.commons.lang3.StringEscapeUtilsTest.testEscapeEcmaScript545(StringEscapeUtilsTest.java:68)

Testcase: testUnescapeJavaWithSlash546 took 0.001 sec
Testcase: testUnescapeHtml477 took 0.006 sec
