Testsuite: org.apache.commons.lang3.builder.ToStringBuilderTest
Tests run: 21, Failures: 4, Errors: 0, Skipped: 0, Time elapsed: 0.068 sec

Testcase: testSelfInstanceTwoVarsReflectionObjectCycle423 took 0.039 sec
Testcase: testReflectionFloatArray204 took 0.002 sec
Testcase: testFloat514 took 0 sec
Testcase: testBoolean207 took 0.001 sec
	FAILED
expected:<...ng.Integer@1f89ab83[[]true]> but was:<...ng.Integer@1f89ab83[[a=]true]>
junit.framework.AssertionFailedError: expected:<...ng.Integer@1f89ab83[[]true]> but was:<...ng.Integer@1f89ab83[[a=]true]>
	at org.apache.commons.lang3.builder.ToStringBuilderTest.testBoolean207(ToStringBuilderTest.java:68)

Testcase: testBoolean219 took 0.001 sec
	FAILED
expected:<...ng.Integer@1f89ab83[[]true]> but was:<...ng.Integer@1f89ab83[[a=]true]>
junit.framework.AssertionFailedError: expected:<...ng.Integer@1f89ab83[[]true]> but was:<...ng.Integer@1f89ab83[[a=]true]>
	at org.apache.commons.lang3.builder.ToStringBuilderTest.testBoolean219(ToStringBuilderTest.java:151)

Testcase: testFloatArray212 took 0 sec
Testcase: testGetSetDefault221 took 0.001 sec
	FAILED
expected same:<java.lang.Integer@1f89ab83[]> was not:<java.lang.Integer@1f89ab83[]>
junit.framework.AssertionFailedError: expected same:<java.lang.Integer@1f89ab83[]> was not:<java.lang.Integer@1f89ab83[]>
	at org.apache.commons.lang3.builder.ToStringBuilderTest.testGetSetDefault221(ToStringBuilderTest.java:167)

Testcase: testIntArray214 took 0 sec
Testcase: testObject511 took 0 sec
	FAILED
expected:<[<null>]> but was:<[java.lang.Integer@1f89ab83[<null>]]>
junit.framework.AssertionFailedError: expected:<[<null>]> but was:<[java.lang.Integer@1f89ab83[<null>]]>
	at org.apache.commons.lang3.builder.ToStringBuilderTest.testObject511(ToStringBuilderTest.java:189)

Testcase: testConstructorEx3224 took 0 sec
Testcase: testArray218 took 0 sec
Testcase: testAppendToStringUsingMultiLineStyle206 took 0.001 sec
Testcase: testLong215 took 0 sec
Testcase: testReflectionByteArrayArray512 took 0.001 sec
Testcase: testDoubleArrayArray513 took 0 sec
Testcase: testDoubleArray210 took 0.001 sec
Testcase: testDoubleArray211 took 0 sec
Testcase: testObjectArray217 took 0 sec
Testcase: testInt213 took 0 sec
Testcase: testLongArray220 took 0 sec
Testcase: testByteArray209 took 0 sec
