Testsuite: org.apache.commons.lang3.EnumUtilsTest
Tests run: 5, Failures: 1, Errors: 1, Skipped: 0, Time elapsed: 0.042 sec

Testcase: test_generateBitVector_nullIterable197 took 0.019 sec
Testcase: test_generateBitVectors_nullIterable196 took 0.001 sec
	Caused an ERROR
Unexpected exception, expected<java.lang.IllegalArgumentException> but was<java.lang.NullPointerException>
java.lang.Exception: Unexpected exception, expected<java.lang.IllegalArgumentException> but was<java.lang.NullPointerException>
Caused by: java.lang.NullPointerException: The validated object is null
	at org.apache.commons.lang3.Validate.notNull(Validate.java:222)
	at org.apache.commons.lang3.Validate.notNull(Validate.java:203)
	at org.apache.commons.lang3.EnumUtils.generateBitVectors(EnumUtils.java:171)
	at org.apache.commons.lang3.EnumUtilsTest.test_generateBitVectors_nullIterable196(EnumUtilsTest.java:54)

Testcase: test_generateBitVectors_nullIterable198 took 0 sec
Testcase: test_generateBitVectorsFromArray195 took 0.006 sec
Testcase: test_generateBitVectorsFromArray199 took 0 sec
	FAILED
expected:<[J@591f989e> but was:<0>
junit.framework.AssertionFailedError: expected:<[J@591f989e> but was:<0>
	at org.apache.commons.lang3.EnumUtilsTest.test_generateBitVectorsFromArray199(EnumUtilsTest.java:66)

