Testsuite: org.apache.commons.lang3.math.NumberUtilsTest
Tests run: 13, Failures: 3, Errors: 0, Skipped: 0, Time elapsed: 0.038 sec

Testcase: testMinLong_emptyArray37 took 0.02 sec
Testcase: testToFloatString29 took 0.002 sec
	FAILED
toFloat(Double.MAX_VALUE) failed
junit.framework.AssertionFailedError: toFloat(Double.MAX_VALUE) failed
	at org.apache.commons.lang3.math.NumberUtilsTest.testToFloatString29(NumberUtilsTest.java:66)

Testcase: testToFloatString30 took 0.001 sec
	FAILED
toFloat(String) 1 failed
junit.framework.AssertionFailedError: toFloat(String) 1 failed
	at org.apache.commons.lang3.math.NumberUtilsTest.testToFloatString30(NumberUtilsTest.java:73)

Testcase: testToIntString26 took 0 sec
Testcase: testMaxFloat35 took 0.001 sec
	FAILED
max(float[]) failed for array length 2 expected:<9.8> but was:<9.7>
junit.framework.AssertionFailedError: max(float[]) failed for array length 2 expected:<9.8> but was:<9.7>
	at org.apache.commons.lang3.math.NumberUtilsTest.testMaxFloat35(NumberUtilsTest.java:114)

Testcase: testMinimumShort38 took 0 sec
Testcase: testStringToLongString28 took 0 sec
Testcase: testMaxInt_emptyArray33 took 0 sec
Testcase: testCreateDouble31 took 0.001 sec
Testcase: testMaximumDouble39 took 0 sec
Testcase: testToLongString27 took 0 sec
Testcase: testMinLong_nullArray36 took 0 sec
Testcase: testLang38134 took 0 sec
