<!DOCTYPE html>
<html xmlns="http://www.w3.org/1999/xhtml" xml:lang="en" lang="en">
<head>
    <meta http-equiv="Content-Type" content="text/html; charset=UTF-8"/>

    
    
    <link rel="SHORTCUT ICON" href="../../../img/clover.ico" />

    <link rel="stylesheet" href="../../../aui/css/aui.min.css" media="all"/>
    <link rel="stylesheet" href="../../../aui/css/aui-experimental.min.css" media="all"/>
    <!--[if IE 9]><link rel="stylesheet" href="../../../aui/css/aui-ie9.min.css" media="all"/><![endif]-->

    <style type="text/css" media="all">
        @import url('../../../style.css');
        @import url('../../../tree.css');
        
    </style>

    <script src="../../../jquery-1.8.3.min.js" type="text/javascript"></script>
    <script src="../../../aui/js/aui.min.js" type="text/javascript"></script>
    <script src="../../../aui/js/aui-experimental.min.js" type="text/javascript"></script>
    <script src="../../../aui/js/aui-soy.min.js" type="text/javascript"></script>

    <script src="../../../package-nodes-tree.js" type="text/javascript"></script>
    <script src="../../../clover-tree.js" type="text/javascript"></script>
    <script src="../../../clover.js" type="text/javascript"></script>
    <script src="../../../clover-descriptions.js" type="text/javascript"></script>
    <script src="../../../cloud.js" type="text/javascript"></script>

            <title>jsoup</title>
    </head>

<body>
    <div id="page">
        
        


<header id="header" role="banner">
    <nav class="aui-header aui-dropdown2-trigger-group" role="navigation">
        <div class="aui-header-inner">
            <div class="aui-header-primary">
                <h1 id="logo" class="aui-header-logo aui-header-logo-clover">
                    <a href="http://openclover.org" title="Visit OpenClover home page"><span class="aui-header-logo-device">OpenClover</span></a>
                </h1>
                                <ul class="aui-nav">
                    <li>
                        <a href="#dropdown2-jira3" aria-owns="dropdown2-jira3" aria-haspopup="true"
                           class="aui-dropdown2-trigger" aria-controls="dropdown2-header7">
                            Linked reports
                            <span class="aui-icon-dropdown"></span>
                        </a>

                        <div class="aui-dropdown2 aui-style-default aui-dropdown2-in-header" id="dropdown2-jira3"
                             style="display: none; top: 40px; min-width: 160px; left: 1213px; " aria-hidden="true">
                            <div class="aui-dropdown2-section">
                                <ul>
                                                                                                                <li><a href="../../../historical.html">jsoup-Historical</a></li>
                                                                    </ul>
                            </div>
                        </div>
                    </li>
                </ul>
                            </div>
            <div class="aui-header-secondary">
                <ul class="aui-nav">
                    <li id="system-help-menu">
                        <a class="aui-nav-link" title="Open online documentation" target="_blank"
                           href="http://openclover.org/documentation">
                            <span class="aui-icon aui-icon-small aui-iconfont-help">&#160;Help</span>
                        </a>
                    </li>
                </ul>
            </div>
        </div>
    </nav>
</header>
        
        <div class="aui-page-panel">
            <div class="aui-page-panel-inner">
                <div class="aui-page-panel-nav aui-page-panel-nav-clover">
                    

<div class="aui-page-header-inner" style="margin-bottom: 20px;">
    <div class="aui-page-header-image">
                <div class="aui-avatar aui-avatar-large aui-avatar-project">
            <div class="aui-avatar-inner">
                                    <img src="../../../img/clover_logo_large.png" alt="Clover icon"/>
                            </div>
        </div>
            </div>
    <div class="aui-page-header-main" >
        <h1>
                                        jsoup
                                </h1>
    </div>
</div>

<nav class="aui-navgroup aui-navgroup-vertical">
    <div class="aui-navgroup-inner">
                                            <ul class="aui-nav">
                <li class="">
                    <a href="../../../dashboard.html">Project overview</a>
                </li>
            </ul>
        
                <div class="aui-nav-heading packages-nav-heading">
            <strong>Packages</strong>
        </div>
        <div class="aui-nav project-packages">
            <form method="get" action="#" class="aui package-filter-container">
                <input type="text" autocomplete="off" class="package-filter text"
                       placeholder="Type to filter packages..." name="package-filter" id="package-filter"
                       title="Start typing package name (or part of the name) to search through the tree. Use arrow keys and the Enter key to navigate."/>
            </form>
            <p class="package-filter-no-results-message hidden">
                <small>No results found.</small>
            </p>
                                                <div class="packages-tree-wrapper" data-root-relative="../../../" data-package-name="org.jsoup.parser">
                <div class="packages-tree-container"></div>
                <div class="clover-packages-lozenges"></div>
            </div>
        </div>
        
            </div>
</nav>                </div>
                <section class="aui-page-panel-content">
                    <div class="aui-page-panel-content-clover">

                    
                    <div class="aui-page-header-main"><ol class="aui-nav aui-nav-breadcrumbs">
    
    <li><a href="../../../dashboard.html"> Project Clover database Thu Feb 9 2023 12:41:54 MST</a></li>
     <li><a href="test-pkg-summary.html">Package org.jsoup.parser</a></li>
</ol></div>
    
<h1 class="aui-h2-clover">
            
        Class ParserTest
    </h1>


 
<div class="aui-tabs horizontal-tabs" id="tabs-file">
    <ul class="tabs-menu">
        <li class="menu-item">
            <a href="ParserTest.html"><strong>Source file</strong></a>
        </li>
        <li class="menu-item active-tab">
            <a href="#tabs-file-test-results"><strong>Test results</strong></a>
        </li>
    </ul>
    <div class="tabs-pane aui-tabs-pane-100-pcnt active-pane" id="tabs-file-test-results">
        <div>&#160;</div>




<table id="testClassSummaryTable" class="aui">
<thead>
    <tr>
        <th width="40%"><label>Class</label></th>
        <th width="10%"><label title="Total number of tests (or test iterations) executed.">Tests</label></th>
        <th width="10%"><label title="Number of failed tests">Fail</label></th>
        <th width="10%"><label title="Number of test errors">Error</label></th>
        <th width="10%">
            <label title="The total time in seconds taken to run this set of tests.">Time (secs)</label>
        </th>
        <th width="20%"><label>% Tests Success</label></th>
    </tr>
</thead>
<tbody>
    <tr>
        <td>ParserTest</td>
        <td class="testPasses"><span class="sortValue">28</span>28</td>
<td class="testFailures"><span class="sortValue">21</span>21</td>
<td class=""><span class="sortValue">0</span>0</td>
        <td>0.046</td>
        <td class="align-middle">
            

<div style="display: table; width: 100%">
            <div class="barGraphValue"><span class="sortValue">0.25</span>25%</div>         <div style="display: table-cell">
            
            <div title="0% Errors" style="min-width: 40px;" class="testBarError">
                <div title="25% of tests passed&lt;br/&gt;75% of tests failed" class="testBarFail" style="width: 100%"><div class="testBarPass" style="width: 25%"></div></div>
            </div>
        </div>
    </div>        </td>
    </tr>
</tbody>
</table>

<div>&#160;</div>

<table id="testClassTestsTable" class="aui aui-table-sortable">
<thead>
    <tr>
        <th width="40%">
            <label title="Tests (or test iterations) which were executed.">Tests</label>
        </th>
        <th width="10%"><label>Started</label></th>
        <th width="10%"><label>Status</label></th>
        <th width="10%">
            <label title="The total time in seconds taken to run this set of tests.">Time (secs)</label>
        </th>
        <th width="30%"><label>Message</label></th>
    </tr>
</thead>
<tbody>


<tr>
    <td><span class="sortValue">ParserTest.addFirst</span><a href="ParserTest_addFirst_s.html">ParserTest.addFirst</a></td>
    <td style="whitespace:nowrap;"><span class="sortValue">1675971717857</span>9 Feb 12:41:57</td>
    <td>      <span class="sortValue">3</span><span class="aui-lozenge aui-lozenge-error">FAIL</span>
  </td>
    <td><span class="sortValue">0.008</span>0.008</td>
    <td style="width:50%">
    <span class="sortValue">expected:&lt;[One&#160;Two&#160;Three]&gt;&#160;but&#160;was:&lt;[[T,&#160;h,&#160;r,&#160;e,&#160;e,&#160;T,&#160;w,&#160;o,&#160;O,&#160;n,&#160;e,&#160;&#160;,&#160;T,&#160;w,&#160;o,&#160;&#160;,&#160;T,&#160;h,&#160;r,&#160;e,&#160;e]]&gt;</span>
        <span class="expand" id="togglebut1" onclick="toggleNodeExpansion('togglebut1', 'msgc1', 'msge1');return false;">&#160;</span>
        <div class="errorMessage" id="msgc1">expected:&lt;[One&#160;Two&#160;Three]&gt;&#160;but&#160;was:&lt;[[T,&#160;h,&#160;r,&#160;e,&#160;e,&#160;T,&#160;w,&#160;o,&#160;O,&#160;n,&#160;e,&#160;&#160;,&#160;T,&#160;w,&#160;o,&#160;&#160;,&#160;T,&#160;h,&#160;r,&#160;e,&#160;e]]&gt;</div>
        <div class="errorMessage" id="msge1" style="display:none;"> <div>org.junit.ComparisonFailure: expected:&lt;[One Two Three]&gt; but was:&lt;[[T, h, r, e, e, T, w, o, O, n, e,  , T, w, o,  , T, h, r, e, e]]&gt;</div><div> at org.junit.Assert.assertEquals(Assert.java:123)</div><div> at org.junit.Assert.assertEquals(Assert.java:145)</div><div>	at <a href="../../../org/jsoup/parser/ParserTest.html?line=23#src-23">org.jsoup.parser.ParserTest.addFirst(ParserTest.java:23)</a></div><div> at org.junit.runners.model.FrameworkMethod$1.runReflectiveCall(FrameworkMethod.java:44)</div><div> at org.junit.internal.runners.model.ReflectiveCallable.run(ReflectiveCallable.java:15)</div><div> at org.junit.runners.model.FrameworkMethod.invokeExplosively(FrameworkMethod.java:41)</div><div> at org.junit.internal.runners.statements.InvokeMethod.evaluate(InvokeMethod.java:20)</div><div> at org.junit.internal.runners.statements.RunBefores.evaluate(RunBefores.java:28)</div><div> at org.junit.internal.runners.statements.RunAfters.evaluate(RunAfters.java:31)</div><div> at org.junit.runners.BlockJUnit4ClassRunner.runChild(BlockJUnit4ClassRunner.java:73)</div><div> at org.junit.runners.BlockJUnit4ClassRunner.runChild(BlockJUnit4ClassRunner.java:46)</div><div> at org.junit.runners.ParentRunner.runChildren(ParentRunner.java:180)</div><div> at org.junit.runners.ParentRunner.access$000(ParentRunner.java:41)</div><div> at org.junit.runners.ParentRunner$1.evaluate(ParentRunner.java:173)</div><div> at org.junit.internal.runners.statements.RunBefores.evaluate(RunBefores.java:28)</div><div> at org.junit.internal.runners.statements.RunAfters.evaluate(RunAfters.java:31)</div><div> at org.junit.runners.ParentRunner.run(ParentRunner.java:220)</div><div> at junit.framework.JUnit4TestAdapter.run(JUnit4TestAdapter.java:39)</div></div>
        </td>
</tr>
<tr>
    <td><span class="sortValue">ParserTest.testParse130</span><a href="ParserTest_testParse130_2d.html">ParserTest.testParse130</a></td>
    <td style="whitespace:nowrap;"><span class="sortValue">1675971717902</span>9 Feb 12:41:57</td>
    <td>      <span class="sortValue">3</span><span class="aui-lozenge aui-lozenge-error">FAIL</span>
  </td>
    <td><span class="sortValue">0.001</span>0.001</td>
    <td style="width:50%">
    <span class="sortValue">expected:&lt;[html]&gt;&#160;but&#160;was:&lt;[]&gt;</span>
        <span class="expand" id="togglebut2" onclick="toggleNodeExpansion('togglebut2', 'msgc2', 'msge2');return false;">&#160;</span>
        <div class="errorMessage" id="msgc2">expected:&lt;[html]&gt;&#160;but&#160;was:&lt;[]&gt;</div>
        <div class="errorMessage" id="msge2" style="display:none;"> <div>org.junit.ComparisonFailure: expected:&lt;[html]&gt; but was:&lt;[]&gt;</div><div> at org.junit.Assert.assertEquals(Assert.java:123)</div><div> at org.junit.Assert.assertEquals(Assert.java:145)</div><div>	at <a href="../../../org/jsoup/parser/ParserTest.html?line=33#src-33">org.jsoup.parser.ParserTest.testParse130(ParserTest.java:33)</a></div><div> at org.junit.runners.model.FrameworkMethod$1.runReflectiveCall(FrameworkMethod.java:44)</div><div> at org.junit.internal.runners.model.ReflectiveCallable.run(ReflectiveCallable.java:15)</div><div> at org.junit.runners.model.FrameworkMethod.invokeExplosively(FrameworkMethod.java:41)</div><div> at org.junit.internal.runners.statements.InvokeMethod.evaluate(InvokeMethod.java:20)</div><div> at org.junit.internal.runners.statements.RunBefores.evaluate(RunBefores.java:28)</div><div> at org.junit.internal.runners.statements.RunAfters.evaluate(RunAfters.java:31)</div><div> at org.junit.runners.BlockJUnit4ClassRunner.runChild(BlockJUnit4ClassRunner.java:73)</div><div> at org.junit.runners.BlockJUnit4ClassRunner.runChild(BlockJUnit4ClassRunner.java:46)</div><div> at org.junit.runners.ParentRunner.runChildren(ParentRunner.java:180)</div><div> at org.junit.runners.ParentRunner.access$000(ParentRunner.java:41)</div><div> at org.junit.runners.ParentRunner$1.evaluate(ParentRunner.java:173)</div><div> at org.junit.internal.runners.statements.RunBefores.evaluate(RunBefores.java:28)</div><div> at org.junit.internal.runners.statements.RunAfters.evaluate(RunAfters.java:31)</div><div> at org.junit.runners.ParentRunner.run(ParentRunner.java:220)</div><div> at junit.framework.JUnit4TestAdapter.run(JUnit4TestAdapter.java:39)</div></div>
        </td>
</tr>
<tr>
    <td><span class="sortValue">ParserTest.testGetImplicitParent197</span><a href="ParserTest_testGetImplicitParent197_2f.html">ParserTest.testGetImplicitParent197</a></td>
    <td style="whitespace:nowrap;"><span class="sortValue">1675971717944</span>9 Feb 12:41:57</td>
    <td>      <span class="sortValue">3</span><span class="aui-lozenge aui-lozenge-error">FAIL</span>
  </td>
    <td><span class="sortValue">0.0</span>0</td>
    <td style="width:50%">
    <span class="sortValue"></span>
        <span class="expand" id="togglebut3" onclick="toggleNodeExpansion('togglebut3', 'msgc3', 'msge3');return false;">&#160;</span>
        <div class="errorMessage" id="msgc3"></div>
        <div class="errorMessage" id="msge3" style="display:none;"> <div>java.lang.AssertionError: </div><div> at org.junit.Assert.fail(Assert.java:91)</div><div> at org.junit.Assert.assertTrue(Assert.java:43)</div><div> at org.junit.Assert.assertNull(Assert.java:522)</div><div> at org.junit.Assert.assertNull(Assert.java:533)</div><div>	at <a href="../../../org/jsoup/parser/ParserTest.html?line=85#src-85">org.jsoup.parser.ParserTest.testGetImplicitParent197(ParserTest.java:85)</a></div><div> at org.junit.runners.model.FrameworkMethod$1.runReflectiveCall(FrameworkMethod.java:44)</div><div> at org.junit.internal.runners.model.ReflectiveCallable.run(ReflectiveCallable.java:15)</div><div> at org.junit.runners.model.FrameworkMethod.invokeExplosively(FrameworkMethod.java:41)</div><div> at org.junit.internal.runners.statements.InvokeMethod.evaluate(InvokeMethod.java:20)</div><div> at org.junit.internal.runners.statements.RunBefores.evaluate(RunBefores.java:28)</div><div> at org.junit.internal.runners.statements.RunAfters.evaluate(RunAfters.java:31)</div><div> at org.junit.runners.BlockJUnit4ClassRunner.runChild(BlockJUnit4ClassRunner.java:73)</div><div> at org.junit.runners.BlockJUnit4ClassRunner.runChild(BlockJUnit4ClassRunner.java:46)</div><div> at org.junit.runners.ParentRunner.runChildren(ParentRunner.java:180)</div><div> at org.junit.runners.ParentRunner.access$000(ParentRunner.java:41)</div><div> at org.junit.runners.ParentRunner$1.evaluate(ParentRunner.java:173)</div><div> at org.junit.internal.runners.statements.RunBefores.evaluate(RunBefores.java:28)</div><div> at org.junit.internal.runners.statements.RunAfters.evaluate(RunAfters.java:31)</div><div> at org.junit.runners.ParentRunner.run(ParentRunner.java:220)</div><div> at junit.framework.JUnit4TestAdapter.run(JUnit4TestAdapter.java:39)</div></div>
        </td>
</tr>
<tr>
    <td><span class="sortValue">ParserTest.isEmpty</span><a href="ParserTest_isEmpty_1b.html">ParserTest.isEmpty</a></td>
    <td style="whitespace:nowrap;"><span class="sortValue">1675971717957</span>9 Feb 12:41:57</td>
    <td>      <span class="sortValue">3</span><span class="aui-lozenge aui-lozenge-error">FAIL</span>
  </td>
    <td><span class="sortValue">0.0</span>0</td>
    <td style="width:50%">
    <span class="sortValue"></span>
        <span class="expand" id="togglebut4" onclick="toggleNodeExpansion('togglebut4', 'msgc4', 'msge4');return false;">&#160;</span>
        <div class="errorMessage" id="msgc4"></div>
        <div class="errorMessage" id="msge4" style="display:none;"> <div>java.lang.AssertionError: </div><div> at org.junit.Assert.fail(Assert.java:91)</div><div> at org.junit.Assert.assertTrue(Assert.java:43)</div><div> at org.junit.Assert.assertTrue(Assert.java:54)</div><div>	at <a href="../../../org/jsoup/parser/ParserTest.html?line=83#src-83">org.jsoup.parser.ParserTest.isEmpty(ParserTest.java:83)</a></div><div> at org.junit.runners.model.FrameworkMethod$1.runReflectiveCall(FrameworkMethod.java:44)</div><div> at org.junit.internal.runners.model.ReflectiveCallable.run(ReflectiveCallable.java:15)</div><div> at org.junit.runners.model.FrameworkMethod.invokeExplosively(FrameworkMethod.java:41)</div><div> at org.junit.internal.runners.statements.InvokeMethod.evaluate(InvokeMethod.java:20)</div><div> at org.junit.internal.runners.statements.RunBefores.evaluate(RunBefores.java:28)</div><div> at org.junit.internal.runners.statements.RunAfters.evaluate(RunAfters.java:31)</div><div> at org.junit.runners.BlockJUnit4ClassRunner.runChild(BlockJUnit4ClassRunner.java:73)</div><div> at org.junit.runners.BlockJUnit4ClassRunner.runChild(BlockJUnit4ClassRunner.java:46)</div><div> at org.junit.runners.ParentRunner.runChildren(ParentRunner.java:180)</div><div> at org.junit.runners.ParentRunner.access$000(ParentRunner.java:41)</div><div> at org.junit.runners.ParentRunner$1.evaluate(ParentRunner.java:173)</div><div> at org.junit.internal.runners.statements.RunBefores.evaluate(RunBefores.java:28)</div><div> at org.junit.internal.runners.statements.RunAfters.evaluate(RunAfters.java:31)</div><div> at org.junit.runners.ParentRunner.run(ParentRunner.java:220)</div><div> at junit.framework.JUnit4TestAdapter.run(JUnit4TestAdapter.java:39)</div></div>
        </td>
</tr>
<tr>
    <td><span class="sortValue">ParserTest.testParseEndTag137</span><a href="ParserTest_testParseEndTag137_8.html">ParserTest.testParseEndTag137</a></td>
    <td style="whitespace:nowrap;"><span class="sortValue">1675971717915</span>9 Feb 12:41:57</td>
    <td>      <span class="sortValue">3</span><span class="aui-lozenge aui-lozenge-error">FAIL</span>
  </td>
    <td><span class="sortValue">0.001</span>0.001</td>
    <td style="width:50%">
    <span class="sortValue">expected:&lt;1&gt;&#160;but&#160;was:&lt;0&gt;</span>
        <span class="expand" id="togglebut5" onclick="toggleNodeExpansion('togglebut5', 'msgc5', 'msge5');return false;">&#160;</span>
        <div class="errorMessage" id="msgc5">expected:&lt;1&gt;&#160;but&#160;was:&lt;0&gt;</div>
        <div class="errorMessage" id="msge5" style="display:none;"> <div>java.lang.AssertionError: expected:&lt;1&gt; but was:&lt;0&gt;</div><div> at org.junit.Assert.fail(Assert.java:91)</div><div> at org.junit.Assert.failNotEquals(Assert.java:618)</div><div> at org.junit.Assert.assertEquals(Assert.java:126)</div><div> at org.junit.Assert.assertEquals(Assert.java:443)</div><div> at org.junit.Assert.assertEquals(Assert.java:427)</div><div>	at <a href="../../../org/jsoup/parser/ParserTest.html?line=45#src-45">org.jsoup.parser.ParserTest.testParseEndTag137(ParserTest.java:45)</a></div><div> at org.junit.runners.model.FrameworkMethod$1.runReflectiveCall(FrameworkMethod.java:44)</div><div> at org.junit.internal.runners.model.ReflectiveCallable.run(ReflectiveCallable.java:15)</div><div> at org.junit.runners.model.FrameworkMethod.invokeExplosively(FrameworkMethod.java:41)</div><div> at org.junit.internal.runners.statements.InvokeMethod.evaluate(InvokeMethod.java:20)</div><div> at org.junit.internal.runners.statements.RunBefores.evaluate(RunBefores.java:28)</div><div> at org.junit.internal.runners.statements.RunAfters.evaluate(RunAfters.java:31)</div><div> at org.junit.runners.BlockJUnit4ClassRunner.runChild(BlockJUnit4ClassRunner.java:73)</div><div> at org.junit.runners.BlockJUnit4ClassRunner.runChild(BlockJUnit4ClassRunner.java:46)</div><div> at org.junit.runners.ParentRunner.runChildren(ParentRunner.java:180)</div><div> at org.junit.runners.ParentRunner.access$000(ParentRunner.java:41)</div><div> at org.junit.runners.ParentRunner$1.evaluate(ParentRunner.java:173)</div><div> at org.junit.internal.runners.statements.RunBefores.evaluate(RunBefores.java:28)</div><div> at org.junit.internal.runners.statements.RunAfters.evaluate(RunAfters.java:31)</div><div> at org.junit.runners.ParentRunner.run(ParentRunner.java:220)</div><div> at junit.framework.JUnit4TestAdapter.run(JUnit4TestAdapter.java:39)</div></div>
        </td>
</tr>
<tr>
    <td><span class="sortValue">ParserTest.testParseTextNode141</span><a href="ParserTest_testParseTextNode141_19.html">ParserTest.testParseTextNode141</a></td>
    <td style="whitespace:nowrap;"><span class="sortValue">1675971717918</span>9 Feb 12:41:57</td>
    <td>      <span class="sortValue">3</span><span class="aui-lozenge aui-lozenge-error">FAIL</span>
  </td>
    <td><span class="sortValue">0.001</span>0.001</td>
    <td style="width:50%">
    <span class="sortValue">expected:&lt;[There]&gt;&#160;but&#160;was:&lt;[]&gt;</span>
        <span class="expand" id="togglebut6" onclick="toggleNodeExpansion('togglebut6', 'msgc6', 'msge6');return false;">&#160;</span>
        <div class="errorMessage" id="msgc6">expected:&lt;[There]&gt;&#160;but&#160;was:&lt;[]&gt;</div>
        <div class="errorMessage" id="msge6" style="display:none;"> <div>org.junit.ComparisonFailure: expected:&lt;[There]&gt; but was:&lt;[]&gt;</div><div> at org.junit.Assert.assertEquals(Assert.java:123)</div><div> at org.junit.Assert.assertEquals(Assert.java:145)</div><div>	at <a href="../../../org/jsoup/parser/ParserTest.html?line=49#src-49">org.jsoup.parser.ParserTest.testParseTextNode141(ParserTest.java:49)</a></div><div> at org.junit.runners.model.FrameworkMethod$1.runReflectiveCall(FrameworkMethod.java:44)</div><div> at org.junit.internal.runners.model.ReflectiveCallable.run(ReflectiveCallable.java:15)</div><div> at org.junit.runners.model.FrameworkMethod.invokeExplosively(FrameworkMethod.java:41)</div><div> at org.junit.internal.runners.statements.InvokeMethod.evaluate(InvokeMethod.java:20)</div><div> at org.junit.internal.runners.statements.RunBefores.evaluate(RunBefores.java:28)</div><div> at org.junit.internal.runners.statements.RunAfters.evaluate(RunAfters.java:31)</div><div> at org.junit.runners.BlockJUnit4ClassRunner.runChild(BlockJUnit4ClassRunner.java:73)</div><div> at org.junit.runners.BlockJUnit4ClassRunner.runChild(BlockJUnit4ClassRunner.java:46)</div><div> at org.junit.runners.ParentRunner.runChildren(ParentRunner.java:180)</div><div> at org.junit.runners.ParentRunner.access$000(ParentRunner.java:41)</div><div> at org.junit.runners.ParentRunner$1.evaluate(ParentRunner.java:173)</div><div> at org.junit.internal.runners.statements.RunBefores.evaluate(RunBefores.java:28)</div><div> at org.junit.internal.runners.statements.RunAfters.evaluate(RunAfters.java:31)</div><div> at org.junit.runners.ParentRunner.run(ParentRunner.java:220)</div><div> at junit.framework.JUnit4TestAdapter.run(JUnit4TestAdapter.java:39)</div></div>
        </td>
</tr>
<tr>
    <td><span class="sortValue">ParserTest.testParse128</span><a href="ParserTest_testParse128_l.html">ParserTest.testParse128</a></td>
    <td style="whitespace:nowrap;"><span class="sortValue">1675971717875</span>9 Feb 12:41:57</td>
    <td>      <span class="sortValue">3</span><span class="aui-lozenge aui-lozenge-error">FAIL</span>
  </td>
    <td><span class="sortValue">0.025</span>0.025</td>
    <td style="width:50%">
    <span class="sortValue">expected:&lt;[html]&gt;&#160;but&#160;was:&lt;[&lt;title&gt;Title&lt;/title&gt;]&gt;</span>
        <span class="expand" id="togglebut7" onclick="toggleNodeExpansion('togglebut7', 'msgc7', 'msge7');return false;">&#160;</span>
        <div class="errorMessage" id="msgc7">expected:&lt;[html]&gt;&#160;but&#160;was:&lt;[&lt;title&gt;Title&lt;/title&gt;]&gt;</div>
        <div class="errorMessage" id="msge7" style="display:none;"> <div>org.junit.ComparisonFailure: expected:&lt;[html]&gt; but was:&lt;[&lt;title&gt;Title&lt;/title&gt;]&gt;</div><div> at org.junit.Assert.assertEquals(Assert.java:123)</div><div> at org.junit.Assert.assertEquals(Assert.java:145)</div><div>	at <a href="../../../org/jsoup/parser/ParserTest.html?line=31#src-31">org.jsoup.parser.ParserTest.testParse128(ParserTest.java:31)</a></div><div> at org.junit.runners.model.FrameworkMethod$1.runReflectiveCall(FrameworkMethod.java:44)</div><div> at org.junit.internal.runners.model.ReflectiveCallable.run(ReflectiveCallable.java:15)</div><div> at org.junit.runners.model.FrameworkMethod.invokeExplosively(FrameworkMethod.java:41)</div><div> at org.junit.internal.runners.statements.InvokeMethod.evaluate(InvokeMethod.java:20)</div><div> at org.junit.internal.runners.statements.RunBefores.evaluate(RunBefores.java:28)</div><div> at org.junit.internal.runners.statements.RunAfters.evaluate(RunAfters.java:31)</div><div> at org.junit.runners.BlockJUnit4ClassRunner.runChild(BlockJUnit4ClassRunner.java:73)</div><div> at org.junit.runners.BlockJUnit4ClassRunner.runChild(BlockJUnit4ClassRunner.java:46)</div><div> at org.junit.runners.ParentRunner.runChildren(ParentRunner.java:180)</div><div> at org.junit.runners.ParentRunner.access$000(ParentRunner.java:41)</div><div> at org.junit.runners.ParentRunner$1.evaluate(ParentRunner.java:173)</div><div> at org.junit.internal.runners.statements.RunBefores.evaluate(RunBefores.java:28)</div><div> at org.junit.internal.runners.statements.RunAfters.evaluate(RunAfters.java:31)</div><div> at org.junit.runners.ParentRunner.run(ParentRunner.java:220)</div><div> at junit.framework.JUnit4TestAdapter.run(JUnit4TestAdapter.java:39)</div></div>
        </td>
</tr>
<tr>
    <td><span class="sortValue">ParserTest.testPopStackToSuitableContainer155</span><a href="ParserTest_testPopStackToSuitableContainer155_29.html">ParserTest.testPopStackToSuitableContainer155</a></td>
    <td style="whitespace:nowrap;"><span class="sortValue">1675971717928</span>9 Feb 12:41:57</td>
    <td>      <span class="sortValue">3</span><span class="aui-lozenge aui-lozenge-error">FAIL</span>
  </td>
    <td><span class="sortValue">0.001</span>0.001</td>
    <td style="width:50%">
    <span class="sortValue"></span>
        <span class="expand" id="togglebut8" onclick="toggleNodeExpansion('togglebut8', 'msgc8', 'msge8');return false;">&#160;</span>
        <div class="errorMessage" id="msgc8"></div>
        <div class="errorMessage" id="msge8" style="display:none;"> <div>java.lang.NullPointerException</div><div>	at <a href="../../../org/jsoup/parser/ParserTest.html?line=61#src-61">org.jsoup.parser.ParserTest.testPopStackToSuitableContainer155(ParserTest.java:61)</a></div><div> at org.junit.runners.model.FrameworkMethod$1.runReflectiveCall(FrameworkMethod.java:44)</div><div> at org.junit.internal.runners.model.ReflectiveCallable.run(ReflectiveCallable.java:15)</div><div> at org.junit.runners.model.FrameworkMethod.invokeExplosively(FrameworkMethod.java:41)</div><div> at org.junit.internal.runners.statements.InvokeMethod.evaluate(InvokeMethod.java:20)</div><div> at org.junit.internal.runners.statements.RunBefores.evaluate(RunBefores.java:28)</div><div> at org.junit.internal.runners.statements.RunAfters.evaluate(RunAfters.java:31)</div><div> at org.junit.runners.BlockJUnit4ClassRunner.runChild(BlockJUnit4ClassRunner.java:73)</div><div> at org.junit.runners.BlockJUnit4ClassRunner.runChild(BlockJUnit4ClassRunner.java:46)</div><div> at org.junit.runners.ParentRunner.runChildren(ParentRunner.java:180)</div><div> at org.junit.runners.ParentRunner.access$000(ParentRunner.java:41)</div><div> at org.junit.runners.ParentRunner$1.evaluate(ParentRunner.java:173)</div><div> at org.junit.internal.runners.statements.RunBefores.evaluate(RunBefores.java:28)</div><div> at org.junit.internal.runners.statements.RunAfters.evaluate(RunAfters.java:31)</div><div> at org.junit.runners.ParentRunner.run(ParentRunner.java:220)</div><div> at junit.framework.JUnit4TestAdapter.run(JUnit4TestAdapter.java:39)</div></div>
        </td>
</tr>
<tr>
    <td><span class="sortValue">ParserTest.isData1</span><a href="ParserTest_isData1_1z.html">ParserTest.isData1</a></td>
    <td style="whitespace:nowrap;"><span class="sortValue">1675971717940</span>9 Feb 12:41:57</td>
    <td>      <span class="sortValue">3</span><span class="aui-lozenge aui-lozenge-error">FAIL</span>
  </td>
    <td><span class="sortValue">0.0</span>0</td>
    <td style="width:50%">
    <span class="sortValue"></span>
        <span class="expand" id="togglebut9" onclick="toggleNodeExpansion('togglebut9', 'msgc9', 'msge9');return false;">&#160;</span>
        <div class="errorMessage" id="msgc9"></div>
        <div class="errorMessage" id="msge9" style="display:none;"> <div>java.lang.AssertionError: </div><div> at org.junit.Assert.fail(Assert.java:91)</div><div> at org.junit.Assert.assertTrue(Assert.java:43)</div><div> at org.junit.Assert.assertTrue(Assert.java:54)</div><div>	at <a href="../../../org/jsoup/parser/ParserTest.html?line=79#src-79">org.jsoup.parser.ParserTest.isData1(ParserTest.java:79)</a></div><div> at org.junit.runners.model.FrameworkMethod$1.runReflectiveCall(FrameworkMethod.java:44)</div><div> at org.junit.internal.runners.model.ReflectiveCallable.run(ReflectiveCallable.java:15)</div><div> at org.junit.runners.model.FrameworkMethod.invokeExplosively(FrameworkMethod.java:41)</div><div> at org.junit.internal.runners.statements.InvokeMethod.evaluate(InvokeMethod.java:20)</div><div> at org.junit.internal.runners.statements.RunBefores.evaluate(RunBefores.java:28)</div><div> at org.junit.internal.runners.statements.RunAfters.evaluate(RunAfters.java:31)</div><div> at org.junit.runners.BlockJUnit4ClassRunner.runChild(BlockJUnit4ClassRunner.java:73)</div><div> at org.junit.runners.BlockJUnit4ClassRunner.runChild(BlockJUnit4ClassRunner.java:46)</div><div> at org.junit.runners.ParentRunner.runChildren(ParentRunner.java:180)</div><div> at org.junit.runners.ParentRunner.access$000(ParentRunner.java:41)</div><div> at org.junit.runners.ParentRunner$1.evaluate(ParentRunner.java:173)</div><div> at org.junit.internal.runners.statements.RunBefores.evaluate(RunBefores.java:28)</div><div> at org.junit.internal.runners.statements.RunAfters.evaluate(RunAfters.java:31)</div><div> at org.junit.runners.ParentRunner.run(ParentRunner.java:220)</div><div> at junit.framework.JUnit4TestAdapter.run(JUnit4TestAdapter.java:39)</div></div>
        </td>
</tr>
<tr>
    <td><span class="sortValue">ParserTest.isData</span><a href="ParserTest_isData_12.html">ParserTest.isData</a></td>
    <td style="whitespace:nowrap;"><span class="sortValue">1675971717942</span>9 Feb 12:41:57</td>
    <td>      <span class="sortValue">3</span><span class="aui-lozenge aui-lozenge-error">FAIL</span>
  </td>
    <td><span class="sortValue">0.0</span>0</td>
    <td style="width:50%">
    <span class="sortValue"></span>
        <span class="expand" id="togglebut10" onclick="toggleNodeExpansion('togglebut10', 'msgc10', 'msge10');return false;">&#160;</span>
        <div class="errorMessage" id="msgc10"></div>
        <div class="errorMessage" id="msge10" style="display:none;"> <div>java.lang.AssertionError: </div><div> at org.junit.Assert.fail(Assert.java:91)</div><div> at org.junit.Assert.assertTrue(Assert.java:43)</div><div> at org.junit.Assert.assertTrue(Assert.java:54)</div><div>	at <a href="../../../org/jsoup/parser/ParserTest.html?line=81#src-81">org.jsoup.parser.ParserTest.isData(ParserTest.java:81)</a></div><div> at org.junit.runners.model.FrameworkMethod$1.runReflectiveCall(FrameworkMethod.java:44)</div><div> at org.junit.internal.runners.model.ReflectiveCallable.run(ReflectiveCallable.java:15)</div><div> at org.junit.runners.model.FrameworkMethod.invokeExplosively(FrameworkMethod.java:41)</div><div> at org.junit.internal.runners.statements.InvokeMethod.evaluate(InvokeMethod.java:20)</div><div> at org.junit.internal.runners.statements.RunBefores.evaluate(RunBefores.java:28)</div><div> at org.junit.internal.runners.statements.RunAfters.evaluate(RunAfters.java:31)</div><div> at org.junit.runners.BlockJUnit4ClassRunner.runChild(BlockJUnit4ClassRunner.java:73)</div><div> at org.junit.runners.BlockJUnit4ClassRunner.runChild(BlockJUnit4ClassRunner.java:46)</div><div> at org.junit.runners.ParentRunner.runChildren(ParentRunner.java:180)</div><div> at org.junit.runners.ParentRunner.access$000(ParentRunner.java:41)</div><div> at org.junit.runners.ParentRunner$1.evaluate(ParentRunner.java:173)</div><div> at org.junit.internal.runners.statements.RunBefores.evaluate(RunBefores.java:28)</div><div> at org.junit.internal.runners.statements.RunAfters.evaluate(RunAfters.java:31)</div><div> at org.junit.runners.ParentRunner.run(ParentRunner.java:220)</div><div> at junit.framework.JUnit4TestAdapter.run(JUnit4TestAdapter.java:39)</div></div>
        </td>
</tr>
<tr>
    <td><span class="sortValue">ParserTest.testParse132</span><a href="ParserTest_testParse132_1t.html">ParserTest.testParse132</a></td>
    <td style="whitespace:nowrap;"><span class="sortValue">1675971717904</span>9 Feb 12:41:57</td>
    <td>      <span class="sortValue">3</span><span class="aui-lozenge aui-lozenge-error">FAIL</span>
  </td>
    <td><span class="sortValue">0.001</span>0.001</td>
    <td style="width:50%">
    <span class="sortValue">expected:&lt;[html]&gt;&#160;but&#160;was:&lt;[&lt;title&gt;Title&lt;/title&gt;]&gt;</span>
        <span class="expand" id="togglebut11" onclick="toggleNodeExpansion('togglebut11', 'msgc11', 'msge11');return false;">&#160;</span>
        <div class="errorMessage" id="msgc11">expected:&lt;[html]&gt;&#160;but&#160;was:&lt;[&lt;title&gt;Title&lt;/title&gt;]&gt;</div>
        <div class="errorMessage" id="msge11" style="display:none;"> <div>org.junit.ComparisonFailure: expected:&lt;[html]&gt; but was:&lt;[&lt;title&gt;Title&lt;/title&gt;]&gt;</div><div> at org.junit.Assert.assertEquals(Assert.java:123)</div><div> at org.junit.Assert.assertEquals(Assert.java:145)</div><div>	at <a href="../../../org/jsoup/parser/ParserTest.html?line=37#src-37">org.jsoup.parser.ParserTest.testParse132(ParserTest.java:37)</a></div><div> at org.junit.runners.model.FrameworkMethod$1.runReflectiveCall(FrameworkMethod.java:44)</div><div> at org.junit.internal.runners.model.ReflectiveCallable.run(ReflectiveCallable.java:15)</div><div> at org.junit.runners.model.FrameworkMethod.invokeExplosively(FrameworkMethod.java:41)</div><div> at org.junit.internal.runners.statements.InvokeMethod.evaluate(InvokeMethod.java:20)</div><div> at org.junit.internal.runners.statements.RunBefores.evaluate(RunBefores.java:28)</div><div> at org.junit.internal.runners.statements.RunAfters.evaluate(RunAfters.java:31)</div><div> at org.junit.runners.BlockJUnit4ClassRunner.runChild(BlockJUnit4ClassRunner.java:73)</div><div> at org.junit.runners.BlockJUnit4ClassRunner.runChild(BlockJUnit4ClassRunner.java:46)</div><div> at org.junit.runners.ParentRunner.runChildren(ParentRunner.java:180)</div><div> at org.junit.runners.ParentRunner.access$000(ParentRunner.java:41)</div><div> at org.junit.runners.ParentRunner$1.evaluate(ParentRunner.java:173)</div><div> at org.junit.internal.runners.statements.RunBefores.evaluate(RunBefores.java:28)</div><div> at org.junit.internal.runners.statements.RunAfters.evaluate(RunAfters.java:31)</div><div> at org.junit.runners.ParentRunner.run(ParentRunner.java:220)</div><div> at junit.framework.JUnit4TestAdapter.run(JUnit4TestAdapter.java:39)</div></div>
        </td>
</tr>
<tr>
    <td><span class="sortValue">ParserTest.testPopStackToSuitableContainer151</span><a href="ParserTest_testPopStackToSuitableContainer151_15.html">ParserTest.testPopStackToSuitableContainer151</a></td>
    <td style="whitespace:nowrap;"><span class="sortValue">1675971717924</span>9 Feb 12:41:57</td>
    <td>      <span class="sortValue">3</span><span class="aui-lozenge aui-lozenge-error">FAIL</span>
  </td>
    <td><span class="sortValue">0.001</span>0.001</td>
    <td style="width:50%">
    <span class="sortValue"></span>
        <span class="expand" id="togglebut12" onclick="toggleNodeExpansion('togglebut12', 'msgc12', 'msge12');return false;">&#160;</span>
        <div class="errorMessage" id="msgc12"></div>
        <div class="errorMessage" id="msge12" style="display:none;"> <div>java.lang.NullPointerException</div><div>	at <a href="../../../org/jsoup/parser/ParserTest.html?line=57#src-57">org.jsoup.parser.ParserTest.testPopStackToSuitableContainer151(ParserTest.java:57)</a></div><div> at org.junit.runners.model.FrameworkMethod$1.runReflectiveCall(FrameworkMethod.java:44)</div><div> at org.junit.internal.runners.model.ReflectiveCallable.run(ReflectiveCallable.java:15)</div><div> at org.junit.runners.model.FrameworkMethod.invokeExplosively(FrameworkMethod.java:41)</div><div> at org.junit.internal.runners.statements.InvokeMethod.evaluate(InvokeMethod.java:20)</div><div> at org.junit.internal.runners.statements.RunBefores.evaluate(RunBefores.java:28)</div><div> at org.junit.internal.runners.statements.RunAfters.evaluate(RunAfters.java:31)</div><div> at org.junit.runners.BlockJUnit4ClassRunner.runChild(BlockJUnit4ClassRunner.java:73)</div><div> at org.junit.runners.BlockJUnit4ClassRunner.runChild(BlockJUnit4ClassRunner.java:46)</div><div> at org.junit.runners.ParentRunner.runChildren(ParentRunner.java:180)</div><div> at org.junit.runners.ParentRunner.access$000(ParentRunner.java:41)</div><div> at org.junit.runners.ParentRunner$1.evaluate(ParentRunner.java:173)</div><div> at org.junit.internal.runners.statements.RunBefores.evaluate(RunBefores.java:28)</div><div> at org.junit.internal.runners.statements.RunAfters.evaluate(RunAfters.java:31)</div><div> at org.junit.runners.ParentRunner.run(ParentRunner.java:220)</div><div> at junit.framework.JUnit4TestAdapter.run(JUnit4TestAdapter.java:39)</div></div>
        </td>
</tr>
<tr>
    <td><span class="sortValue">ParserTest.addFirst2</span><a href="ParserTest_addFirst2_4.html">ParserTest.addFirst2</a></td>
    <td style="whitespace:nowrap;"><span class="sortValue">1675971717954</span>9 Feb 12:41:57</td>
    <td>      <span class="sortValue">3</span><span class="aui-lozenge aui-lozenge-error">FAIL</span>
  </td>
    <td><span class="sortValue">0.0</span>0</td>
    <td style="width:50%">
    <span class="sortValue">expected:&lt;[One&#160;Two&#160;Three]&gt;&#160;but&#160;was:&lt;[[&#160;,&#160;T,&#160;w,&#160;o,&#160;&#160;,&#160;T,&#160;h,&#160;r,&#160;e,&#160;e]]&gt;</span>
        <span class="expand" id="togglebut13" onclick="toggleNodeExpansion('togglebut13', 'msgc13', 'msge13');return false;">&#160;</span>
        <div class="errorMessage" id="msgc13">expected:&lt;[One&#160;Two&#160;Three]&gt;&#160;but&#160;was:&lt;[[&#160;,&#160;T,&#160;w,&#160;o,&#160;&#160;,&#160;T,&#160;h,&#160;r,&#160;e,&#160;e]]&gt;</div>
        <div class="errorMessage" id="msge13" style="display:none;"> <div>org.junit.ComparisonFailure: expected:&lt;[One Two Three]&gt; but was:&lt;[[ , T, w, o,  , T, h, r, e, e]]&gt;</div><div> at org.junit.Assert.assertEquals(Assert.java:123)</div><div> at org.junit.Assert.assertEquals(Assert.java:145)</div><div>	at <a href="../../../org/jsoup/parser/ParserTest.html?line=25#src-25">org.jsoup.parser.ParserTest.addFirst2(ParserTest.java:25)</a></div><div> at org.junit.runners.model.FrameworkMethod$1.runReflectiveCall(FrameworkMethod.java:44)</div><div> at org.junit.internal.runners.model.ReflectiveCallable.run(ReflectiveCallable.java:15)</div><div> at org.junit.runners.model.FrameworkMethod.invokeExplosively(FrameworkMethod.java:41)</div><div> at org.junit.internal.runners.statements.InvokeMethod.evaluate(InvokeMethod.java:20)</div><div> at org.junit.internal.runners.statements.RunBefores.evaluate(RunBefores.java:28)</div><div> at org.junit.internal.runners.statements.RunAfters.evaluate(RunAfters.java:31)</div><div> at org.junit.runners.BlockJUnit4ClassRunner.runChild(BlockJUnit4ClassRunner.java:73)</div><div> at org.junit.runners.BlockJUnit4ClassRunner.runChild(BlockJUnit4ClassRunner.java:46)</div><div> at org.junit.runners.ParentRunner.runChildren(ParentRunner.java:180)</div><div> at org.junit.runners.ParentRunner.access$000(ParentRunner.java:41)</div><div> at org.junit.runners.ParentRunner$1.evaluate(ParentRunner.java:173)</div><div> at org.junit.internal.runners.statements.RunBefores.evaluate(RunBefores.java:28)</div><div> at org.junit.internal.runners.statements.RunAfters.evaluate(RunAfters.java:31)</div><div> at org.junit.runners.ParentRunner.run(ParentRunner.java:220)</div><div> at junit.framework.JUnit4TestAdapter.run(JUnit4TestAdapter.java:39)</div></div>
        </td>
</tr>
<tr>
    <td><span class="sortValue">ParserTest.canContain2</span><a href="ParserTest_canContain2_y.html">ParserTest.canContain2</a></td>
    <td style="whitespace:nowrap;"><span class="sortValue">1675971717935</span>9 Feb 12:41:57</td>
    <td>      <span class="sortValue">3</span><span class="aui-lozenge aui-lozenge-error">FAIL</span>
  </td>
    <td><span class="sortValue">0.0</span>0</td>
    <td style="width:50%">
    <span class="sortValue"></span>
        <span class="expand" id="togglebut14" onclick="toggleNodeExpansion('togglebut14', 'msgc14', 'msge14');return false;">&#160;</span>
        <div class="errorMessage" id="msgc14"></div>
        <div class="errorMessage" id="msge14" style="display:none;"> <div>java.lang.AssertionError: </div><div> at org.junit.Assert.fail(Assert.java:91)</div><div> at org.junit.Assert.assertTrue(Assert.java:43)</div><div> at org.junit.Assert.assertTrue(Assert.java:54)</div><div>	at <a href="../../../org/jsoup/parser/ParserTest.html?line=75#src-75">org.jsoup.parser.ParserTest.canContain2(ParserTest.java:75)</a></div><div> at org.junit.runners.model.FrameworkMethod$1.runReflectiveCall(FrameworkMethod.java:44)</div><div> at org.junit.internal.runners.model.ReflectiveCallable.run(ReflectiveCallable.java:15)</div><div> at org.junit.runners.model.FrameworkMethod.invokeExplosively(FrameworkMethod.java:41)</div><div> at org.junit.internal.runners.statements.InvokeMethod.evaluate(InvokeMethod.java:20)</div><div> at org.junit.internal.runners.statements.RunBefores.evaluate(RunBefores.java:28)</div><div> at org.junit.internal.runners.statements.RunAfters.evaluate(RunAfters.java:31)</div><div> at org.junit.runners.BlockJUnit4ClassRunner.runChild(BlockJUnit4ClassRunner.java:73)</div><div> at org.junit.runners.BlockJUnit4ClassRunner.runChild(BlockJUnit4ClassRunner.java:46)</div><div> at org.junit.runners.ParentRunner.runChildren(ParentRunner.java:180)</div><div> at org.junit.runners.ParentRunner.access$000(ParentRunner.java:41)</div><div> at org.junit.runners.ParentRunner$1.evaluate(ParentRunner.java:173)</div><div> at org.junit.internal.runners.statements.RunBefores.evaluate(RunBefores.java:28)</div><div> at org.junit.internal.runners.statements.RunAfters.evaluate(RunAfters.java:31)</div><div> at org.junit.runners.ParentRunner.run(ParentRunner.java:220)</div><div> at junit.framework.JUnit4TestAdapter.run(JUnit4TestAdapter.java:39)</div></div>
        </td>
</tr>
<tr>
    <td><span class="sortValue">ParserTest.parsesComments</span><a href="ParserTest_parsesComments_1l.html">ParserTest.parsesComments</a></td>
    <td style="whitespace:nowrap;"><span class="sortValue">1675971717949</span>9 Feb 12:41:57</td>
    <td>      <span class="sortValue">3</span><span class="aui-lozenge aui-lozenge-error">FAIL</span>
  </td>
    <td><span class="sortValue">0.003</span>0.003</td>
    <td style="width:50%">
    <span class="sortValue">expected:&lt;...tle&gt;&lt;/head&gt;&lt;body&gt;&lt;p&gt;[Thir]d!&lt;/p&gt;&lt;/body&gt;&lt;/html&gt;&gt;&#160;but&#160;was:&lt;...tle&gt;&lt;/head&gt;&lt;body&gt;&lt;p&gt;[Secon]d!&lt;/p&gt;&lt;/body&gt;&lt;/html&gt;&gt;</span>
        <span class="expand" id="togglebut15" onclick="toggleNodeExpansion('togglebut15', 'msgc15', 'msge15');return false;">&#160;</span>
        <div class="errorMessage" id="msgc15">expected:&lt;...tle&gt;&lt;/head&gt;&lt;body&gt;&lt;p&gt;[Thir]d!&lt;/p&gt;&lt;/body&gt;&lt;/html&gt;&gt;&#160;but&#160;was:&lt;...tle&gt;&lt;/head&gt;&lt;body&gt;&lt;p&gt;[Secon]d!&lt;/p&gt;&lt;/body&gt;&lt;/html&gt;&gt;</div>
        <div class="errorMessage" id="msge15" style="display:none;"> <div>org.junit.ComparisonFailure: expected:&lt;...tle&gt;&lt;/head&gt;&lt;body&gt;&lt;p&gt;[Thir]d!&lt;/p&gt;&lt;/body&gt;&lt;/html&gt;&gt; but was:&lt;...tle&gt;&lt;/head&gt;&lt;body&gt;&lt;p&gt;[Secon]d!&lt;/p&gt;&lt;/body&gt;&lt;/html&gt;&gt;</div><div> at org.junit.Assert.assertEquals(Assert.java:123)</div><div> at org.junit.Assert.assertEquals(Assert.java:145)</div><div>	at <a href="../../../org/jsoup/parser/ParserTest.html?line=29#src-29">org.jsoup.parser.ParserTest.parsesComments(ParserTest.java:29)</a></div><div> at org.junit.runners.model.FrameworkMethod$1.runReflectiveCall(FrameworkMethod.java:44)</div><div> at org.junit.internal.runners.model.ReflectiveCallable.run(ReflectiveCallable.java:15)</div><div> at org.junit.runners.model.FrameworkMethod.invokeExplosively(FrameworkMethod.java:41)</div><div> at org.junit.internal.runners.statements.InvokeMethod.evaluate(InvokeMethod.java:20)</div><div> at org.junit.internal.runners.statements.RunBefores.evaluate(RunBefores.java:28)</div><div> at org.junit.internal.runners.statements.RunAfters.evaluate(RunAfters.java:31)</div><div> at org.junit.runners.BlockJUnit4ClassRunner.runChild(BlockJUnit4ClassRunner.java:73)</div><div> at org.junit.runners.BlockJUnit4ClassRunner.runChild(BlockJUnit4ClassRunner.java:46)</div><div> at org.junit.runners.ParentRunner.runChildren(ParentRunner.java:180)</div><div> at org.junit.runners.ParentRunner.access$000(ParentRunner.java:41)</div><div> at org.junit.runners.ParentRunner$1.evaluate(ParentRunner.java:173)</div><div> at org.junit.internal.runners.statements.RunBefores.evaluate(RunBefores.java:28)</div><div> at org.junit.internal.runners.statements.RunAfters.evaluate(RunAfters.java:31)</div><div> at org.junit.runners.ParentRunner.run(ParentRunner.java:220)</div><div> at junit.framework.JUnit4TestAdapter.run(JUnit4TestAdapter.java:39)</div></div>
        </td>
</tr>
<tr>
    <td><span class="sortValue">ParserTest.testParseEndTag136</span><a href="ParserTest_testParseEndTag136_9.html">ParserTest.testParseEndTag136</a></td>
    <td style="whitespace:nowrap;"><span class="sortValue">1675971717913</span>9 Feb 12:41:57</td>
    <td>      <span class="sortValue">3</span><span class="aui-lozenge aui-lozenge-error">FAIL</span>
  </td>
    <td><span class="sortValue">0.001</span>0.001</td>
    <td style="width:50%">
    <span class="sortValue">expected:&lt;[body]&gt;&#160;but&#160;was:&lt;[Hello]&gt;</span>
        <span class="expand" id="togglebut16" onclick="toggleNodeExpansion('togglebut16', 'msgc16', 'msge16');return false;">&#160;</span>
        <div class="errorMessage" id="msgc16">expected:&lt;[body]&gt;&#160;but&#160;was:&lt;[Hello]&gt;</div>
        <div class="errorMessage" id="msge16" style="display:none;"> <div>org.junit.ComparisonFailure: expected:&lt;[body]&gt; but was:&lt;[Hello]&gt;</div><div> at org.junit.Assert.assertEquals(Assert.java:123)</div><div> at org.junit.Assert.assertEquals(Assert.java:145)</div><div>	at <a href="../../../org/jsoup/parser/ParserTest.html?line=43#src-43">org.jsoup.parser.ParserTest.testParseEndTag136(ParserTest.java:43)</a></div><div> at org.junit.runners.model.FrameworkMethod$1.runReflectiveCall(FrameworkMethod.java:44)</div><div> at org.junit.internal.runners.model.ReflectiveCallable.run(ReflectiveCallable.java:15)</div><div> at org.junit.runners.model.FrameworkMethod.invokeExplosively(FrameworkMethod.java:41)</div><div> at org.junit.internal.runners.statements.InvokeMethod.evaluate(InvokeMethod.java:20)</div><div> at org.junit.internal.runners.statements.RunBefores.evaluate(RunBefores.java:28)</div><div> at org.junit.internal.runners.statements.RunAfters.evaluate(RunAfters.java:31)</div><div> at org.junit.runners.BlockJUnit4ClassRunner.runChild(BlockJUnit4ClassRunner.java:73)</div><div> at org.junit.runners.BlockJUnit4ClassRunner.runChild(BlockJUnit4ClassRunner.java:46)</div><div> at org.junit.runners.ParentRunner.runChildren(ParentRunner.java:180)</div><div> at org.junit.runners.ParentRunner.access$000(ParentRunner.java:41)</div><div> at org.junit.runners.ParentRunner$1.evaluate(ParentRunner.java:173)</div><div> at org.junit.internal.runners.statements.RunBefores.evaluate(RunBefores.java:28)</div><div> at org.junit.internal.runners.statements.RunAfters.evaluate(RunAfters.java:31)</div><div> at org.junit.runners.ParentRunner.run(ParentRunner.java:220)</div><div> at junit.framework.JUnit4TestAdapter.run(JUnit4TestAdapter.java:39)</div></div>
        </td>
</tr>
<tr>
    <td><span class="sortValue">ParserTest.parsesTextNodes</span><a href="ParserTest_parsesTextNodes_13.html">ParserTest.parsesTextNodes</a></td>
    <td style="whitespace:nowrap;"><span class="sortValue">1675971717921</span>9 Feb 12:41:57</td>
    <td>      <span class="sortValue">3</span><span class="aui-lozenge aui-lozenge-error">FAIL</span>
  </td>
    <td><span class="sortValue">0.001</span>0.001</td>
    <td style="width:50%">
    <span class="sortValue">expected:&lt;Hello[&#160;There]&gt;&#160;but&#160;was:&lt;Hello[]&gt;</span>
        <span class="expand" id="togglebut17" onclick="toggleNodeExpansion('togglebut17', 'msgc17', 'msge17');return false;">&#160;</span>
        <div class="errorMessage" id="msgc17">expected:&lt;Hello[&#160;There]&gt;&#160;but&#160;was:&lt;Hello[]&gt;</div>
        <div class="errorMessage" id="msge17" style="display:none;"> <div>org.junit.ComparisonFailure: expected:&lt;Hello[ There]&gt; but was:&lt;Hello[]&gt;</div><div> at org.junit.Assert.assertEquals(Assert.java:123)</div><div> at org.junit.Assert.assertEquals(Assert.java:145)</div><div>	at <a href="../../../org/jsoup/parser/ParserTest.html?line=53#src-53">org.jsoup.parser.ParserTest.parsesTextNodes(ParserTest.java:53)</a></div><div> at org.junit.runners.model.FrameworkMethod$1.runReflectiveCall(FrameworkMethod.java:44)</div><div> at org.junit.internal.runners.model.ReflectiveCallable.run(ReflectiveCallable.java:15)</div><div> at org.junit.runners.model.FrameworkMethod.invokeExplosively(FrameworkMethod.java:41)</div><div> at org.junit.internal.runners.statements.InvokeMethod.evaluate(InvokeMethod.java:20)</div><div> at org.junit.internal.runners.statements.RunBefores.evaluate(RunBefores.java:28)</div><div> at org.junit.internal.runners.statements.RunAfters.evaluate(RunAfters.java:31)</div><div> at org.junit.runners.BlockJUnit4ClassRunner.runChild(BlockJUnit4ClassRunner.java:73)</div><div> at org.junit.runners.BlockJUnit4ClassRunner.runChild(BlockJUnit4ClassRunner.java:46)</div><div> at org.junit.runners.ParentRunner.runChildren(ParentRunner.java:180)</div><div> at org.junit.runners.ParentRunner.access$000(ParentRunner.java:41)</div><div> at org.junit.runners.ParentRunner$1.evaluate(ParentRunner.java:173)</div><div> at org.junit.internal.runners.statements.RunBefores.evaluate(RunBefores.java:28)</div><div> at org.junit.internal.runners.statements.RunAfters.evaluate(RunAfters.java:31)</div><div> at org.junit.runners.ParentRunner.run(ParentRunner.java:220)</div><div> at junit.framework.JUnit4TestAdapter.run(JUnit4TestAdapter.java:39)</div></div>
        </td>
</tr>
<tr>
    <td><span class="sortValue">ParserTest.testParseEndTag135</span><a href="ParserTest_testParseEndTag135_1i.html">ParserTest.testParseEndTag135</a></td>
    <td style="whitespace:nowrap;"><span class="sortValue">1675971717909</span>9 Feb 12:41:57</td>
    <td>      <span class="sortValue">3</span><span class="aui-lozenge aui-lozenge-error">FAIL</span>
  </td>
    <td><span class="sortValue">0.001</span>0.001</td>
    <td style="width:50%">
    <span class="sortValue">expected:&lt;[Hello]&gt;&#160;but&#160;was:&lt;[]&gt;</span>
        <span class="expand" id="togglebut18" onclick="toggleNodeExpansion('togglebut18', 'msgc18', 'msge18');return false;">&#160;</span>
        <div class="errorMessage" id="msgc18">expected:&lt;[Hello]&gt;&#160;but&#160;was:&lt;[]&gt;</div>
        <div class="errorMessage" id="msge18" style="display:none;"> <div>org.junit.ComparisonFailure: expected:&lt;[Hello]&gt; but was:&lt;[]&gt;</div><div> at org.junit.Assert.assertEquals(Assert.java:123)</div><div> at org.junit.Assert.assertEquals(Assert.java:145)</div><div>	at <a href="../../../org/jsoup/parser/ParserTest.html?line=41#src-41">org.jsoup.parser.ParserTest.testParseEndTag135(ParserTest.java:41)</a></div><div> at org.junit.runners.model.FrameworkMethod$1.runReflectiveCall(FrameworkMethod.java:44)</div><div> at org.junit.internal.runners.model.ReflectiveCallable.run(ReflectiveCallable.java:15)</div><div> at org.junit.runners.model.FrameworkMethod.invokeExplosively(FrameworkMethod.java:41)</div><div> at org.junit.internal.runners.statements.InvokeMethod.evaluate(InvokeMethod.java:20)</div><div> at org.junit.internal.runners.statements.RunBefores.evaluate(RunBefores.java:28)</div><div> at org.junit.internal.runners.statements.RunAfters.evaluate(RunAfters.java:31)</div><div> at org.junit.runners.BlockJUnit4ClassRunner.runChild(BlockJUnit4ClassRunner.java:73)</div><div> at org.junit.runners.BlockJUnit4ClassRunner.runChild(BlockJUnit4ClassRunner.java:46)</div><div> at org.junit.runners.ParentRunner.runChildren(ParentRunner.java:180)</div><div> at org.junit.runners.ParentRunner.access$000(ParentRunner.java:41)</div><div> at org.junit.runners.ParentRunner$1.evaluate(ParentRunner.java:173)</div><div> at org.junit.internal.runners.statements.RunBefores.evaluate(RunBefores.java:28)</div><div> at org.junit.internal.runners.statements.RunAfters.evaluate(RunAfters.java:31)</div><div> at org.junit.runners.ParentRunner.run(ParentRunner.java:220)</div><div> at junit.framework.JUnit4TestAdapter.run(JUnit4TestAdapter.java:39)</div></div>
        </td>
</tr>
<tr>
    <td><span class="sortValue">ParserTest.canContain</span><a href="ParserTest_canContain_x.html">ParserTest.canContain</a></td>
    <td style="whitespace:nowrap;"><span class="sortValue">1675971717938</span>9 Feb 12:41:57</td>
    <td>      <span class="sortValue">3</span><span class="aui-lozenge aui-lozenge-error">FAIL</span>
  </td>
    <td><span class="sortValue">0.0</span>0</td>
    <td style="width:50%">
    <span class="sortValue"></span>
        <span class="expand" id="togglebut19" onclick="toggleNodeExpansion('togglebut19', 'msgc19', 'msge19');return false;">&#160;</span>
        <div class="errorMessage" id="msgc19"></div>
        <div class="errorMessage" id="msge19" style="display:none;"> <div>java.lang.AssertionError: </div><div> at org.junit.Assert.fail(Assert.java:91)</div><div> at org.junit.Assert.assertTrue(Assert.java:43)</div><div> at org.junit.Assert.assertFalse(Assert.java:68)</div><div> at org.junit.Assert.assertFalse(Assert.java:79)</div><div>	at <a href="../../../org/jsoup/parser/ParserTest.html?line=77#src-77">org.jsoup.parser.ParserTest.canContain(ParserTest.java:77)</a></div><div> at org.junit.runners.model.FrameworkMethod$1.runReflectiveCall(FrameworkMethod.java:44)</div><div> at org.junit.internal.runners.model.ReflectiveCallable.run(ReflectiveCallable.java:15)</div><div> at org.junit.runners.model.FrameworkMethod.invokeExplosively(FrameworkMethod.java:41)</div><div> at org.junit.internal.runners.statements.InvokeMethod.evaluate(InvokeMethod.java:20)</div><div> at org.junit.internal.runners.statements.RunBefores.evaluate(RunBefores.java:28)</div><div> at org.junit.internal.runners.statements.RunAfters.evaluate(RunAfters.java:31)</div><div> at org.junit.runners.BlockJUnit4ClassRunner.runChild(BlockJUnit4ClassRunner.java:73)</div><div> at org.junit.runners.BlockJUnit4ClassRunner.runChild(BlockJUnit4ClassRunner.java:46)</div><div> at org.junit.runners.ParentRunner.runChildren(ParentRunner.java:180)</div><div> at org.junit.runners.ParentRunner.access$000(ParentRunner.java:41)</div><div> at org.junit.runners.ParentRunner$1.evaluate(ParentRunner.java:173)</div><div> at org.junit.internal.runners.statements.RunBefores.evaluate(RunBefores.java:28)</div><div> at org.junit.internal.runners.statements.RunAfters.evaluate(RunAfters.java:31)</div><div> at org.junit.runners.ParentRunner.run(ParentRunner.java:220)</div><div> at junit.framework.JUnit4TestAdapter.run(JUnit4TestAdapter.java:39)</div></div>
        </td>
</tr>
<tr>
    <td><span class="sortValue">ParserTest.addFirst1</span><a href="ParserTest_addFirst1_o.html">ParserTest.addFirst1</a></td>
    <td style="whitespace:nowrap;"><span class="sortValue">1675971717948</span>9 Feb 12:41:57</td>
    <td>      <span class="sortValue">3</span><span class="aui-lozenge aui-lozenge-error">FAIL</span>
  </td>
    <td><span class="sortValue">0.0</span>0</td>
    <td style="width:50%">
    <span class="sortValue">expected:&lt;[One&#160;Two&#160;Three]&gt;&#160;but&#160;was:&lt;[[&#160;,&#160;T,&#160;w,&#160;o,&#160;&#160;,&#160;T,&#160;h,&#160;r,&#160;e,&#160;e]]&gt;</span>
        <span class="expand" id="togglebut20" onclick="toggleNodeExpansion('togglebut20', 'msgc20', 'msge20');return false;">&#160;</span>
        <div class="errorMessage" id="msgc20">expected:&lt;[One&#160;Two&#160;Three]&gt;&#160;but&#160;was:&lt;[[&#160;,&#160;T,&#160;w,&#160;o,&#160;&#160;,&#160;T,&#160;h,&#160;r,&#160;e,&#160;e]]&gt;</div>
        <div class="errorMessage" id="msge20" style="display:none;"> <div>org.junit.ComparisonFailure: expected:&lt;[One Two Three]&gt; but was:&lt;[[ , T, w, o,  , T, h, r, e, e]]&gt;</div><div> at org.junit.Assert.assertEquals(Assert.java:123)</div><div> at org.junit.Assert.assertEquals(Assert.java:145)</div><div>	at <a href="../../../org/jsoup/parser/ParserTest.html?line=27#src-27">org.jsoup.parser.ParserTest.addFirst1(ParserTest.java:27)</a></div><div> at org.junit.runners.model.FrameworkMethod$1.runReflectiveCall(FrameworkMethod.java:44)</div><div> at org.junit.internal.runners.model.ReflectiveCallable.run(ReflectiveCallable.java:15)</div><div> at org.junit.runners.model.FrameworkMethod.invokeExplosively(FrameworkMethod.java:41)</div><div> at org.junit.internal.runners.statements.InvokeMethod.evaluate(InvokeMethod.java:20)</div><div> at org.junit.internal.runners.statements.RunBefores.evaluate(RunBefores.java:28)</div><div> at org.junit.internal.runners.statements.RunAfters.evaluate(RunAfters.java:31)</div><div> at org.junit.runners.BlockJUnit4ClassRunner.runChild(BlockJUnit4ClassRunner.java:73)</div><div> at org.junit.runners.BlockJUnit4ClassRunner.runChild(BlockJUnit4ClassRunner.java:46)</div><div> at org.junit.runners.ParentRunner.runChildren(ParentRunner.java:180)</div><div> at org.junit.runners.ParentRunner.access$000(ParentRunner.java:41)</div><div> at org.junit.runners.ParentRunner$1.evaluate(ParentRunner.java:173)</div><div> at org.junit.internal.runners.statements.RunBefores.evaluate(RunBefores.java:28)</div><div> at org.junit.internal.runners.statements.RunAfters.evaluate(RunAfters.java:31)</div><div> at org.junit.runners.ParentRunner.run(ParentRunner.java:220)</div><div> at junit.framework.JUnit4TestAdapter.run(JUnit4TestAdapter.java:39)</div></div>
        </td>
</tr>
<tr>
    <td><span class="sortValue">ParserTest.canContain1</span><a href="ParserTest_canContain1_c.html">ParserTest.canContain1</a></td>
    <td style="whitespace:nowrap;"><span class="sortValue">1675971717933</span>9 Feb 12:41:57</td>
    <td>      <span class="sortValue">3</span><span class="aui-lozenge aui-lozenge-error">FAIL</span>
  </td>
    <td><span class="sortValue">0.0</span>0</td>
    <td style="width:50%">
    <span class="sortValue"></span>
        <span class="expand" id="togglebut21" onclick="toggleNodeExpansion('togglebut21', 'msgc21', 'msge21');return false;">&#160;</span>
        <div class="errorMessage" id="msgc21"></div>
        <div class="errorMessage" id="msge21" style="display:none;"> <div>java.lang.AssertionError: </div><div> at org.junit.Assert.fail(Assert.java:91)</div><div> at org.junit.Assert.assertTrue(Assert.java:43)</div><div> at org.junit.Assert.assertFalse(Assert.java:68)</div><div> at org.junit.Assert.assertFalse(Assert.java:79)</div><div>	at <a href="../../../org/jsoup/parser/ParserTest.html?line=73#src-73">org.jsoup.parser.ParserTest.canContain1(ParserTest.java:73)</a></div><div> at org.junit.runners.model.FrameworkMethod$1.runReflectiveCall(FrameworkMethod.java:44)</div><div> at org.junit.internal.runners.model.ReflectiveCallable.run(ReflectiveCallable.java:15)</div><div> at org.junit.runners.model.FrameworkMethod.invokeExplosively(FrameworkMethod.java:41)</div><div> at org.junit.internal.runners.statements.InvokeMethod.evaluate(InvokeMethod.java:20)</div><div> at org.junit.internal.runners.statements.RunBefores.evaluate(RunBefores.java:28)</div><div> at org.junit.internal.runners.statements.RunAfters.evaluate(RunAfters.java:31)</div><div> at org.junit.runners.BlockJUnit4ClassRunner.runChild(BlockJUnit4ClassRunner.java:73)</div><div> at org.junit.runners.BlockJUnit4ClassRunner.runChild(BlockJUnit4ClassRunner.java:46)</div><div> at org.junit.runners.ParentRunner.runChildren(ParentRunner.java:180)</div><div> at org.junit.runners.ParentRunner.access$000(ParentRunner.java:41)</div><div> at org.junit.runners.ParentRunner$1.evaluate(ParentRunner.java:173)</div><div> at org.junit.internal.runners.statements.RunBefores.evaluate(RunBefores.java:28)</div><div> at org.junit.internal.runners.statements.RunAfters.evaluate(RunAfters.java:31)</div><div> at org.junit.runners.ParentRunner.run(ParentRunner.java:220)</div><div> at junit.framework.JUnit4TestAdapter.run(JUnit4TestAdapter.java:39)</div></div>
        </td>
</tr>
<tr>
    <td><span class="sortValue">ParserTest.getName</span><a href="ParserTest_getName_2b.html">ParserTest.getName</a></td>
    <td style="whitespace:nowrap;"><span class="sortValue">1675971717956</span>9 Feb 12:41:57</td>
    <td>      <span class="sortValue">1</span><span class="aui-lozenge aui-lozenge-success">PASS</span>
  </td>
    <td><span class="sortValue">0.0</span>0</td>
    <td style="width:50%">
     &#160;     </td>
</tr>
<tr>
    <td><span class="sortValue">ParserTest.testTag195</span><a href="ParserTest_testTag195_1s.html">ParserTest.testTag195</a></td>
    <td style="whitespace:nowrap;"><span class="sortValue">1675971717931</span>9 Feb 12:41:57</td>
    <td>      <span class="sortValue">1</span><span class="aui-lozenge aui-lozenge-success">PASS</span>
  </td>
    <td><span class="sortValue">0.0</span>0</td>
    <td style="width:50%">
     &#160;     </td>
</tr>
<tr>
    <td><span class="sortValue">ParserTest.testParseEndTag134</span><a href="ParserTest_testParseEndTag134_22.html">ParserTest.testParseEndTag134</a></td>
    <td style="whitespace:nowrap;"><span class="sortValue">1675971717908</span>9 Feb 12:41:57</td>
    <td>      <span class="sortValue">1</span><span class="aui-lozenge aui-lozenge-success">PASS</span>
  </td>
    <td><span class="sortValue">0.001</span>0.001</td>
    <td style="width:50%">
     &#160;     </td>
</tr>
<tr>
    <td><span class="sortValue">ParserTest.valueOf</span><a href="ParserTest_valueOf_1k.html">ParserTest.valueOf</a></td>
    <td style="whitespace:nowrap;"><span class="sortValue">1675971717955</span>9 Feb 12:41:57</td>
    <td>      <span class="sortValue">1</span><span class="aui-lozenge aui-lozenge-success">PASS</span>
  </td>
    <td><span class="sortValue">0.0</span>0</td>
    <td style="width:50%">
     &#160;     </td>
</tr>
<tr>
    <td><span class="sortValue">ParserTest.getName1</span><a href="ParserTest_getName1_1d.html">ParserTest.getName1</a></td>
    <td style="whitespace:nowrap;"><span class="sortValue">1675971717932</span>9 Feb 12:41:57</td>
    <td>      <span class="sortValue">1</span><span class="aui-lozenge aui-lozenge-success">PASS</span>
  </td>
    <td><span class="sortValue">0.0</span>0</td>
    <td style="width:50%">
     &#160;     </td>
</tr>
<tr>
    <td><span class="sortValue">ParserTest.setAncestor</span><a href="ParserTest_setAncestor_a.html">ParserTest.setAncestor</a></td>
    <td style="whitespace:nowrap;"><span class="sortValue">1675971717947</span>9 Feb 12:41:57</td>
    <td>      <span class="sortValue">1</span><span class="aui-lozenge aui-lozenge-success">PASS</span>
  </td>
    <td><span class="sortValue">0.0</span>0</td>
    <td style="width:50%">
     &#160;     </td>
</tr>
<tr>
    <td><span class="sortValue">ParserTest.testHashCode200</span><a href="ParserTest_testHashCode200_f.html">ParserTest.testHashCode200</a></td>
    <td style="whitespace:nowrap;"><span class="sortValue">1675971717946</span>9 Feb 12:41:57</td>
    <td>      <span class="sortValue">1</span><span class="aui-lozenge aui-lozenge-success">PASS</span>
  </td>
    <td><span class="sortValue">0.0</span>0</td>
    <td style="width:50%">
     &#160;     </td>
</tr>

    </tbody>
</table>

    </div> <!-- tabs-pane -->
</div> <!-- aui-tabs horizontal-tabs -->

                        </div> <!-- class="aui-page-panel-content-clover" -->
                    <footer id="footer" role="contentinfo">
    <section class="footer-body">
        <ul>
            <li>
                Report generated by <a target="_new" href="http://openclover.org">OpenClover</a> v 4.4.1
                on Thu Feb 9 2023 12:41:59 MST using coverage data from Thu Feb 9 2023 12:41:59 MST.
            </li>
        </ul>
        <ul>
            <li>OpenClover is free and open-source software. </li>
        </ul>
    </section>
</footer>                </section> <!-- class="aui-page-panel-content" -->
            </div> <!-- class="aui-page-panel-inner" -->
        </div> <!-- class="aui-page-panel" -->
    </div> <!-- id="page" -->
</body>
</html>