<?xml version="1.0" encoding="UTF-8" ?>
<testsuite errors="1" failures="54" hostname="sepehr-UX310UQK" name="org.jsoup.select.ElementsTest" skipped="0" tests="58" time="0.197" timestamp="2023-02-09T00:19:06">
  <properties>
    <property name="java.vendor" value="Private Build" />
    <property name="sun.java.launcher" value="SUN_STANDARD" />
    <property name="sun.management.compiler" value="HotSpot 64-Bit Tiered Compilers" />
    <property name="ant.file.type.jsoup-from-maven" value="file" />
    <property name="maven.build.srcDir.0" value="src/main/java" />
    <property name="os.name" value="Linux" />
    <property name="clover.historical.json" value="true" />
    <property name="sun.boot.class.path" value="/usr/lib/jvm/java-8-openjdk-amd64/jre/lib/resources.jar:/usr/lib/jvm/java-8-openjdk-amd64/jre/lib/rt.jar:/usr/lib/jvm/java-8-openjdk-amd64/jre/lib/sunrsasign.jar:/usr/lib/jvm/java-8-openjdk-amd64/jre/lib/jsse.jar:/usr/lib/jvm/java-8-openjdk-amd64/jre/lib/jce.jar:/usr/lib/jvm/java-8-openjdk-amd64/jre/lib/charsets.jar:/usr/lib/jvm/java-8-openjdk-amd64/jre/lib/jfr.jar:/usr/lib/jvm/java-8-openjdk-amd64/jre/classes" />
    <property name="sun.desktop" value="gnome" />
    <property name="java.vm.specification.vendor" value="Oracle Corporation" />
    <property name="ant.home" value="/usr/share/ant" />
    <property name="java.runtime.version" value="1.8.0_352-8u352-ga-1~20.04-b08" />
    <property name="maven.build.resourceDir.0" value="src/main/resources" />
    <property name="project.build.sourceEncoding" value="UTF-8" />
    <property name="clover.project.historydir" value="/home/sepehr/masters/test_generation/model_generated_coverage/jsoup1f_automated_2/.cloverhistory/jsoup" />
    <property name="clover.flushinterval" value="100" />
    <property name="user.name" value="sepehr" />
    <property name="maven.build.outputDir" value="target/classes" />
    <property name="maven.repo.local" value="/home/sepehr/.m2/repository" />
    <property name="maven.build.finalName" value="jsoup-1.1.2-SNAPSHOT" />
    <property name="maven.build.testDir.0" value="src/test/java" />
    <property name="user.language" value="en" />
    <property name="sun.boot.library.path" value="/usr/lib/jvm/java-8-openjdk-amd64/jre/lib/amd64" />
    <property name="ant.project.default-target" value="package" />
    <property name="maven.reporting.outputDirectory" value="target/site" />
    <property name="ant.project.name" value="jsoup" />
    <property name="java.version" value="1.8.0_352" />
    <property name="user.timezone" value="" />
    <property name="sun.arch.data.model" value="64" />
    <property name="java.endorsed.dirs" value="/usr/lib/jvm/java-8-openjdk-amd64/jre/lib/endorsed" />
    <property name="sun.cpu.isalist" value="" />
    <property name="sun.jnu.encoding" value="UTF-8" />
    <property name="file.encoding.pkg" value="sun.io" />
    <property name="file.separator" value="/" />
    <property name="java.specification.name" value="Java Platform API Specification" />
    <property name="clover.initstring" value="/home/sepehr/masters/test_generation/model_generated_coverage/jsoup1f_automated_2/.clover/clover4_4_1.db" />
    <property name="java.class.version" value="52.0" />
    <property name="user.country" value="US" />
    <property name="java.home" value="/usr/lib/jvm/java-8-openjdk-amd64/jre" />
    <property name="clover.dir" value="/home/sepehr/masters/test_generation/model_generated_coverage/jsoup1f_automated_2/clover" />
    <property name="java.vm.info" value="mixed mode" />
    <property name="ant.file" value="/home/sepehr/masters/test_generation/model_generated_coverage/jsoup1f_automated_2/build.xml" />
    <property name="os.version" value="5.15.0-58-generic" />
    <property name="maven.build.testOutputDir" value="target/test-classes" />
    <property name="path.separator" value=":" />
    <property name="java.vm.version" value="25.352-b08" />
    <property name="maven.build.dir" value="target" />
    <property name="maven.test.reports" value="target/test-reports" />
    <property name="ant.library.dir" value="/usr/share/ant/lib" />
    <property name="clover.jar" value="/home/sepehr/masters/test_generation/model_generated_coverage/jsoup1f_automated_2/${clover.home}/clover.jar" />
    <property name="java.awt.printerjob" value="sun.print.PSPrinterJob" />
    <property name="sun.io.unicode.encoding" value="UnicodeLittle" />
    <property name="java.specification.maintenance.version" value="4" />
    <property name="awt.toolkit" value="sun.awt.X11.XToolkit" />
    <property name="project.build.outputDirectory" value="target/classes" />
    <property name="user.home" value="/home/sepehr" />
    <property name="java.specification.vendor" value="Oracle Corporation" />
    <property name="clover.dest" value="/home/sepehr/masters/test_generation/model_generated_coverage/jsoup1f_automated_2/clover/jsoup" />
    <property name="clover.span" value="1day" />
    <property name="java.library.path" value="/usr/java/packages/lib/amd64:/usr/lib/x86_64-linux-gnu/jni:/lib/x86_64-linux-gnu:/usr/lib/x86_64-linux-gnu:/usr/lib/jni:/lib:/usr/lib" />
    <property name="java.vendor.url" value="http://java.oracle.com/" />
    <property name="test.target" value="test" />
    <property name="maven.settings.offline" value="false" />
    <property name="java.vm.vendor" value="Private Build" />
    <property name="maven.settings.interactiveMode" value="true" />
    <property name="java.runtime.name" value="OpenJDK Runtime Environment" />
    <property name="sun.java.command" value="org.apache.tools.ant.taskdefs.optional.junit.JUnitTestRunner org.jsoup.select.ElementsTest skipNonTests=false filtertrace=true haltOnError=false haltOnFailure=false formatter=org.apache.tools.ant.taskdefs.optional.junit.SummaryJUnitResultFormatter showoutput=false outputtoformatters=true logfailedtests=true threadid=0 logtestlistenerevents=false formatter=org.apache.tools.ant.taskdefs.optional.junit.XMLJUnitResultFormatter,/home/sepehr/masters/test_generation/model_generated_coverage/jsoup1f_automated_2/target/test-reports/TEST-org.jsoup.select.ElementsTest.xml formatter=org.apache.tools.ant.taskdefs.optional.junit.PlainJUnitResultFormatter crashfile=/home/sepehr/masters/test_generation/model_generated_coverage/jsoup1f_automated_2/junitvmwatcher6303186601128970932.properties propsfile=/home/sepehr/masters/test_generation/model_generated_coverage/jsoup1f_automated_2/junit412797324039274800.properties" />
    <property name="java.class.path" value="/home/sepehr/.ant/lib/clover.jar:/home/sepehr/.m2/repository/junit/junit/4.5/junit-4.5.jar:/home/sepehr/.m2/repository/commons-lang/commons-lang/2.4/commons-lang-2.4.jar:/home/sepehr/masters/test_generation/model_generated_coverage/jsoup1f_automated_2/target/classes:/home/sepehr/masters/test_generation/model_generated_coverage/jsoup1f_automated_2/target/test-classes:/home/sepehr/.ant/lib/evosuite-1.0.6.jar:/usr/share/java/ant-launcher-1.10.7.jar:/usr/share/ant/lib/ant.jar:/usr/share/ant/lib/ant-junit.jar:/usr/share/ant/lib/ant-junit4.jar" />
    <property name="ant.version" value="Apache Ant(TM) version 1.10.7 compiled on October 24 2019" />
    <property name="project.name" value="jsoup" />
    <property name="project.build.directory" value="target" />
    <property name="java.vm.specification.name" value="Java Virtual Machine Specification" />
    <property name="clover.snapshot.file" value="/home/sepehr/masters/test_generation/model_generated_coverage/jsoup1f_automated_2/.cloverhistory/jsoup/clover.snapshot" />
    <property name="ant.file.type" value="file" />
    <property name="java.vm.specification.version" value="1.8" />
    <property name="sun.os.patch.level" value="unknown" />
    <property name="sun.cpu.endian" value="little" />
    <property name="java.io.tmpdir" value="/tmp" />
    <property name="junit.present" value="true" />
    <property name="project.title" value="jsoup" />
    <property name="java.vendor.url.bug" value="http://bugreport.sun.com/bugreport/" />
    <property name="ant.file.jsoup-from-maven" value="/home/sepehr/masters/test_generation/model_generated_coverage/jsoup1f_automated_2/maven-build.xml" />
    <property name="java.awt.graphicsenv" value="sun.awt.X11GraphicsEnvironment" />
    <property name="os.arch" value="amd64" />
    <property name="clover.jarpath" value="/home/sepehr/.ant/lib/clover.jar" />
    <property name="maven.build.testResourceDir.0" value="src/test/resources" />
    <property name="java.ext.dirs" value="/usr/lib/jvm/java-8-openjdk-amd64/jre/lib/ext:/usr/java/packages/lib/ext" />
    <property name="user.dir" value="/home/sepehr/masters/test_generation/model_generated_coverage/jsoup1f_automated_2" />
    <property name="line.separator" value="&#xa;" />
    <property name="java.vm.name" value="OpenJDK 64-Bit Server VM" />
    <property name="basedir" value="." />
    <property name="ant.java.version" value="1.8" />
    <property name="ant.core.lib" value="/usr/share/ant/lib/ant.jar" />
    <property name="file.encoding" value="UTF-8" />
    <property name="build.compiler" value="com.atlassian.clover.ant.taskdefs.CloverCompilerAdapter" />
    <property name="clover.historydir" value="/home/sepehr/masters/test_generation/model_generated_coverage/jsoup1f_automated_2/.cloverhistory" />
    <property name="ant.file.type.jsoup" value="file" />
    <property name="java.specification.version" value="1.8" />
    <property name="ant.project.invoked-targets" value="with.clover,test,clover.report" />
    <property name="ant.file.jsoup" value="/home/sepehr/masters/test_generation/model_generated_coverage/jsoup1f_automated_2/build.xml" />
    <property name="clover.flushpolicy" value="directed" />
  </properties>
  <testcase classname="org.jsoup.select.ElementsTest" name="prepend" time="0.051">
    <failure message="expected:&lt;[p]&gt; but was:&lt;[&lt;p&gt;Hello&lt;/p&gt;]&gt;" type="junit.framework.AssertionFailedError">junit.framework.AssertionFailedError: expected:&lt;[p]&gt; but was:&lt;[&lt;p&gt;Hello&lt;/p&gt;]&gt;
	at org.jsoup.select.ElementsTest.prepend(ElementsTest.java:186)
</failure>
  </testcase>
  <testcase classname="org.jsoup.select.ElementsTest" name="els16" time="0.002">
    <failure message="expected:&lt;3&gt; but was:&lt;4&gt;" type="junit.framework.AssertionFailedError">junit.framework.AssertionFailedError: expected:&lt;3&gt; but was:&lt;4&gt;
	at org.jsoup.select.ElementsTest.els16(ElementsTest.java:88)
</failure>
  </testcase>
  <testcase classname="org.jsoup.select.ElementsTest" name="text15" time="0.002">
    <failure message="expected:&lt;[there]&gt; but was:&lt;[Hello]&gt;" type="junit.framework.AssertionFailedError">junit.framework.AssertionFailedError: expected:&lt;[there]&gt; but was:&lt;[Hello]&gt;
	at org.jsoup.select.ElementsTest.text15(ElementsTest.java:121)
</failure>
  </testcase>
  <testcase classname="org.jsoup.select.ElementsTest" name="handlesInvalidStartTags17" time="0.001" />
  <testcase classname="org.jsoup.select.ElementsTest" name="html12" time="0.003">
    <failure message="expected:&lt;&lt;[div&gt;&lt;p&gt;Hello&lt;/p&gt;&lt;/div&gt;&lt;div&gt;&lt;p&gt;there&lt;/p&gt;&lt;/div]&gt;&gt; but was:&lt;&lt;[p&gt;Hello&lt;/p&gt;&lt;p&gt;there&lt;/p]&gt;&gt;" type="junit.framework.AssertionFailedError">junit.framework.AssertionFailedError: expected:&lt;&lt;[div&gt;&lt;p&gt;Hello&lt;/p&gt;&lt;/div&gt;&lt;div&gt;&lt;p&gt;there&lt;/p&gt;&lt;/div]&gt;&gt; but was:&lt;&lt;[p&gt;Hello&lt;/p&gt;&lt;p&gt;there&lt;/p]&gt;&gt;
	at org.jsoup.select.ElementsTest.html12(ElementsTest.java:148)
</failure>
  </testcase>
  <testcase classname="org.jsoup.select.ElementsTest" name="html11" time="0.002">
    <failure message="expected:&lt;3&gt; but was:&lt;2&gt;" type="junit.framework.AssertionFailedError">junit.framework.AssertionFailedError: expected:&lt;3&gt; but was:&lt;2&gt;
	at org.jsoup.select.ElementsTest.html11(ElementsTest.java:155)
</failure>
  </testcase>
  <testcase classname="org.jsoup.select.ElementsTest" name="html10" time="0.002">
    <failure message="expected:&lt;[&lt;p&gt;Hello &lt;b&gt;there&lt;/b&gt;&lt;/p&gt; &lt;p&gt;now!&lt;/p&gt;]&gt; but was:&lt;[Hello &lt;b&gt;there&lt;/b&gt;now!]&gt;" type="junit.framework.AssertionFailedError">junit.framework.AssertionFailedError: expected:&lt;[&lt;p&gt;Hello &lt;b&gt;there&lt;/b&gt;&lt;/p&gt; &lt;p&gt;now!&lt;/p&gt;]&gt; but was:&lt;[Hello &lt;b&gt;there&lt;/b&gt;now!]&gt;
	at org.jsoup.select.ElementsTest.html10(ElementsTest.java:164)
</failure>
  </testcase>
  <testcase classname="org.jsoup.select.ElementsTest" name="html9" time="0.002">
    <failure message="expected:&lt;[&lt;p&gt;Hello &lt;b&gt;there&lt;/b&gt;&lt;/p&gt; &lt;p&gt;now!&lt;/p&gt;]&gt; but was:&lt;[Hello &lt;b&gt;there&lt;/b&gt;now!]&gt;" type="junit.framework.AssertionFailedError">junit.framework.AssertionFailedError: expected:&lt;[&lt;p&gt;Hello &lt;b&gt;there&lt;/b&gt;&lt;/p&gt; &lt;p&gt;now!&lt;/p&gt;]&gt; but was:&lt;[Hello &lt;b&gt;there&lt;/b&gt;now!]&gt;
	at org.jsoup.select.ElementsTest.html9(ElementsTest.java:170)
</failure>
  </testcase>
  <testcase classname="org.jsoup.select.ElementsTest" name="html8" time="0.001">
    <failure message="expected:&lt;[there]&gt; but was:&lt;[Hello &lt;b&gt;there&lt;/b&gt;]&gt;" type="junit.framework.AssertionFailedError">junit.framework.AssertionFailedError: expected:&lt;[there]&gt; but was:&lt;[Hello &lt;b&gt;there&lt;/b&gt;]&gt;
	at org.jsoup.select.ElementsTest.html8(ElementsTest.java:178)
</failure>
  </testcase>
  <testcase classname="org.jsoup.select.ElementsTest" name="prepend7" time="0.002">
    <failure message="expected:&lt;3&gt; but was:&lt;2&gt;" type="junit.framework.AssertionFailedError">junit.framework.AssertionFailedError: expected:&lt;3&gt; but was:&lt;2&gt;
	at org.jsoup.select.ElementsTest.prepend7(ElementsTest.java:194)
</failure>
  </testcase>
  <testcase classname="org.jsoup.select.ElementsTest" name="prepend6" time="0.001">
    <failure message="expected:&lt;2&gt; but was:&lt;1&gt;" type="junit.framework.AssertionFailedError">junit.framework.AssertionFailedError: expected:&lt;2&gt; but was:&lt;1&gt;
	at org.jsoup.select.ElementsTest.prepend6(ElementsTest.java:203)
</failure>
  </testcase>
  <testcase classname="org.jsoup.select.ElementsTest" name="handlesInvalidStartTags" time="0.001" />
  <testcase classname="org.jsoup.select.ElementsTest" name="text" time="0.002">
    <failure message="expected:&lt;[there]&gt; but was:&lt;[Hello]&gt;" type="junit.framework.AssertionFailedError">junit.framework.AssertionFailedError: expected:&lt;[there]&gt; but was:&lt;[Hello]&gt;
	at org.jsoup.select.ElementsTest.text(ElementsTest.java:112)
</failure>
  </testcase>
  <testcase classname="org.jsoup.select.ElementsTest" name="append4" time="0.001">
    <failure message="expected:&lt;[p]&gt; but was:&lt;[div]&gt;" type="junit.framework.AssertionFailedError">junit.framework.AssertionFailedError: expected:&lt;[p]&gt; but was:&lt;[div]&gt;
	at org.jsoup.select.ElementsTest.append4(ElementsTest.java:235)
</failure>
  </testcase>
  <testcase classname="org.jsoup.select.ElementsTest" name="append3" time="0.001">
    <failure message="expected:&lt;[Hello]&gt; but was:&lt;[&#xa; &lt;div&gt;&#xa;  &lt;p&gt;Hello&lt;/p&gt;&#xa; &lt;/div&gt;]&gt;" type="junit.framework.AssertionFailedError">junit.framework.AssertionFailedError: expected:&lt;[Hello]&gt; but was:&lt;[
 &lt;div&gt;
  &lt;p&gt;Hello&lt;/p&gt;
 &lt;/div&gt;]&gt;
	at org.jsoup.select.ElementsTest.append3(ElementsTest.java:250)
</failure>
  </testcase>
  <testcase classname="org.jsoup.select.ElementsTest" name="eq3" time="0.002">
    <failure message="expected:&lt;[p]&gt; but was:&lt;[div]&gt;" type="junit.framework.AssertionFailedError">junit.framework.AssertionFailedError: expected:&lt;[p]&gt; but was:&lt;[div]&gt;
	at org.jsoup.select.ElementsTest.eq3(ElementsTest.java:270)
</failure>
  </testcase>
  <testcase classname="org.jsoup.select.ElementsTest" name="first2" time="0.002">
    <failure message="expected:&lt;[p]&gt; but was:&lt;[div]&gt;" type="junit.framework.AssertionFailedError">junit.framework.AssertionFailedError: expected:&lt;[p]&gt; but was:&lt;[div]&gt;
	at org.jsoup.select.ElementsTest.first2(ElementsTest.java:285)
</failure>
  </testcase>
  <testcase classname="org.jsoup.select.ElementsTest" name="testIsEmpty15" time="0.001">
    <failure type="junit.framework.AssertionFailedError">junit.framework.AssertionFailedError: 
	at org.jsoup.select.ElementsTest.testIsEmpty15(ElementsTest.java:309)
</failure>
  </testcase>
  <testcase classname="org.jsoup.select.ElementsTest" name="testPseudoTags26" time="0.002">
    <failure message="expected:&lt;3&gt; but was:&lt;4&gt;" type="junit.framework.AssertionFailedError">junit.framework.AssertionFailedError: expected:&lt;3&gt; but was:&lt;4&gt;
	at org.jsoup.select.ElementsTest.testPseudoTags26(ElementsTest.java:345)
</failure>
  </testcase>
  <testcase classname="org.jsoup.select.ElementsTest" name="testChildren29" time="0.001">
    <failure message="expected:&lt;[there]&gt; but was:&lt;[Hello]&gt;" type="junit.framework.AssertionFailedError">junit.framework.AssertionFailedError: expected:&lt;[there]&gt; but was:&lt;[Hello]&gt;
	at org.jsoup.select.ElementsTest.testChildren29(ElementsTest.java:362)
</failure>
  </testcase>
  <testcase classname="org.jsoup.select.ElementsTest" name="testChildren30" time="0.001">
    <failure message="expected:&lt;3&gt; but was:&lt;4&gt;" type="junit.framework.AssertionFailedError">junit.framework.AssertionFailedError: expected:&lt;3&gt; but was:&lt;4&gt;
	at org.jsoup.select.ElementsTest.testChildren30(ElementsTest.java:376)
</failure>
  </testcase>
  <testcase classname="org.jsoup.select.ElementsTest" name="testChildren31" time="0.002">
    <failure message="expected:&lt;Three[]&gt; but was:&lt;Three[p&gt;]&gt;" type="junit.framework.AssertionFailedError">junit.framework.AssertionFailedError: expected:&lt;Three[]&gt; but was:&lt;Three[p&gt;]&gt;
	at org.jsoup.select.ElementsTest.testChildren31(ElementsTest.java:395)
</failure>
  </testcase>
  <testcase classname="org.jsoup.select.ElementsTest" name="testChildren32" time="0.001">
    <failure message="expected:&lt;[there]&gt; but was:&lt;[p]&gt;" type="junit.framework.AssertionFailedError">junit.framework.AssertionFailedError: expected:&lt;[there]&gt; but was:&lt;[p]&gt;
	at org.jsoup.select.ElementsTest.testChildren32(ElementsTest.java:403)
</failure>
  </testcase>
  <testcase classname="org.jsoup.select.ElementsTest" name="parentChildStar" time="0.001">
    <failure message="expected:&lt;2&gt; but was:&lt;3&gt;" type="junit.framework.AssertionFailedError">junit.framework.AssertionFailedError: expected:&lt;2&gt; but was:&lt;3&gt;
	at org.jsoup.select.ElementsTest.parentChildStar(ElementsTest.java:411)
</failure>
  </testcase>
  <testcase classname="org.jsoup.select.ElementsTest" name="testPseudoHas33" time="0.001">
    <error message="Could not parse query p:has(p)" type="org.jsoup.select.Selector$SelectorParseException">org.jsoup.select.Selector$SelectorParseException: Could not parse query p:has(p)
	at org.jsoup.select.Selector.findElements(Selector.java:161)
	at org.jsoup.select.Selector.select(Selector.java:117)
	at org.jsoup.select.Selector.select(Selector.java:73)
	at org.jsoup.nodes.Element.select(Element.java:162)
	at org.jsoup.select.ElementsTest.testPseudoHas33(ElementsTest.java:419)
</error>
  </testcase>
  <testcase classname="org.jsoup.select.ElementsTest" name="testEmpty48" time="0.001">
    <failure type="junit.framework.AssertionFailedError">junit.framework.AssertionFailedError: 
	at org.jsoup.select.ElementsTest.testEmpty48(ElementsTest.java:446)
</failure>
  </testcase>
  <testcase classname="org.jsoup.select.ElementsTest" name="testEmpty49" time="0.001">
    <failure type="junit.framework.AssertionFailedError">junit.framework.AssertionFailedError: 
	at org.jsoup.select.ElementsTest.testEmpty49(ElementsTest.java:454)
</failure>
  </testcase>
  <testcase classname="org.jsoup.select.ElementsTest" name="testGetElementsByTag56" time="0.001">
    <failure message="expected:&lt;[there]&gt; but was:&lt;[p]&gt;" type="junit.framework.AssertionFailedError">junit.framework.AssertionFailedError: expected:&lt;[there]&gt; but was:&lt;[p]&gt;
	at org.jsoup.select.ElementsTest.testGetElementsByTag56(ElementsTest.java:472)
</failure>
  </testcase>
  <testcase classname="org.jsoup.select.ElementsTest" name="testPseudoHas57" time="0.001">
    <failure message="expected:&lt;3&gt; but was:&lt;4&gt;" type="junit.framework.AssertionFailedError">junit.framework.AssertionFailedError: expected:&lt;3&gt; but was:&lt;4&gt;
	at org.jsoup.select.ElementsTest.testPseudoHas57(ElementsTest.java:479)
</failure>
  </testcase>
  <testcase classname="org.jsoup.select.ElementsTest" name="testClass58" time="0.0">
    <failure message="expected:&lt;[p]&gt; but was:&lt;[]&gt;" type="junit.framework.AssertionFailedError">junit.framework.AssertionFailedError: expected:&lt;[p]&gt; but was:&lt;[]&gt;
	at org.jsoup.select.ElementsTest.testClass58(ElementsTest.java:489)
</failure>
  </testcase>
  <testcase classname="org.jsoup.select.ElementsTest" name="parentChild" time="0.001">
    <failure message="expected:&lt;[p]&gt; but was:&lt;[]&gt;" type="junit.framework.AssertionFailedError">junit.framework.AssertionFailedError: expected:&lt;[p]&gt; but was:&lt;[]&gt;
	at org.jsoup.select.ElementsTest.parentChild(ElementsTest.java:498)
</failure>
  </testcase>
  <testcase classname="org.jsoup.select.ElementsTest" name="testPreserveWhitespace59" time="0.001">
    <failure type="junit.framework.AssertionFailedError">junit.framework.AssertionFailedError: 
	at org.jsoup.select.ElementsTest.testPreserveWhitespace59(ElementsTest.java:508)
</failure>
  </testcase>
  <testcase classname="org.jsoup.select.ElementsTest" name="testIndent62" time="0.001">
    <failure message="expected:&lt;[there]&gt; but was:&lt;[p]&gt;" type="junit.framework.AssertionFailedError">junit.framework.AssertionFailedError: expected:&lt;[there]&gt; but was:&lt;[p]&gt;
	at org.jsoup.select.ElementsTest.testIndent62(ElementsTest.java:537)
</failure>
  </testcase>
  <testcase classname="org.jsoup.select.ElementsTest" name="testIndent63" time="0.001">
    <failure message="expected:&lt;[there]&gt; but was:&lt;[p]&gt;" type="junit.framework.AssertionFailedError">junit.framework.AssertionFailedError: expected:&lt;[there]&gt; but was:&lt;[p]&gt;
	at org.jsoup.select.ElementsTest.testIndent63(ElementsTest.java:546)
</failure>
  </testcase>
  <testcase classname="org.jsoup.select.ElementsTest" name="testOuterHtml64" time="0.001">
    <failure message="expected:&lt;[there]&gt; but was:&lt;[p]&gt;" type="junit.framework.AssertionFailedError">junit.framework.AssertionFailedError: expected:&lt;[there]&gt; but was:&lt;[p]&gt;
	at org.jsoup.select.ElementsTest.testOuterHtml64(ElementsTest.java:556)
</failure>
  </testcase>
  <testcase classname="org.jsoup.select.ElementsTest" name="testIndent65" time="0.001">
    <failure message="expected:&lt;2&gt; but was:&lt;1&gt;" type="junit.framework.AssertionFailedError">junit.framework.AssertionFailedError: expected:&lt;2&gt; but was:&lt;1&gt;
	at org.jsoup.select.ElementsTest.testIndent65(ElementsTest.java:564)
</failure>
  </testcase>
  <testcase classname="org.jsoup.select.ElementsTest" name="testSetIndent66" time="0.001">
    <failure message="expected:&lt;[&lt;p&gt;One&lt;/p&gt;&lt;p&gt;Two&lt;/p&gt;&lt;p&gt;Three&lt;/p&gt;]&gt; but was:&lt;[OneTwoThreep&amp;gt;]&gt;" type="junit.framework.AssertionFailedError">junit.framework.AssertionFailedError: expected:&lt;[&lt;p&gt;One&lt;/p&gt;&lt;p&gt;Two&lt;/p&gt;&lt;p&gt;Three&lt;/p&gt;]&gt; but was:&lt;[OneTwoThreep&amp;gt;]&gt;
	at org.jsoup.select.ElementsTest.testSetIndent66(ElementsTest.java:580)
</failure>
  </testcase>
  <testcase classname="org.jsoup.select.ElementsTest" name="testEquals70" time="0.002">
    <failure message="expected:&lt;[there]&gt; but was:&lt;[Hello]&gt;" type="junit.framework.AssertionFailedError">junit.framework.AssertionFailedError: expected:&lt;[there]&gt; but was:&lt;[Hello]&gt;
	at org.jsoup.select.ElementsTest.testEquals70(ElementsTest.java:590)
</failure>
  </testcase>
  <testcase classname="org.jsoup.select.ElementsTest" name="handlesInvalidStartTags1" time="0.001">
    <failure message="expected:&lt;[1]&gt; but was:&lt;[]&gt;" type="junit.framework.AssertionFailedError">junit.framework.AssertionFailedError: expected:&lt;[1]&gt; but was:&lt;[]&gt;
	at org.jsoup.select.ElementsTest.handlesInvalidStartTags1(ElementsTest.java:599)
</failure>
  </testcase>
  <testcase classname="org.jsoup.select.ElementsTest" name="testHashcode71" time="0.001">
    <failure message="expected:&lt;[1]&gt; but was:&lt;[]&gt;" type="junit.framework.AssertionFailedError">junit.framework.AssertionFailedError: expected:&lt;[1]&gt; but was:&lt;[]&gt;
	at org.jsoup.select.ElementsTest.testHashcode71(ElementsTest.java:607)
</failure>
  </testcase>
  <testcase classname="org.jsoup.select.ElementsTest" name="testHashCode72" time="0.002">
    <failure message="expected:&lt;8&gt; but was:&lt;2&gt;" type="junit.framework.AssertionFailedError">junit.framework.AssertionFailedError: expected:&lt;8&gt; but was:&lt;2&gt;
	at org.jsoup.select.ElementsTest.testHashCode72(ElementsTest.java:622)
</failure>
  </testcase>
  <testcase classname="org.jsoup.select.ElementsTest" name="testHashCode73" time="0.001">
    <failure message="expected:&lt;8&gt; but was:&lt;2&gt;" type="junit.framework.AssertionFailedError">junit.framework.AssertionFailedError: expected:&lt;8&gt; but was:&lt;2&gt;
	at org.jsoup.select.ElementsTest.testHashCode73(ElementsTest.java:637)
</failure>
  </testcase>
  <testcase classname="org.jsoup.select.ElementsTest" name="testHashCode74" time="0.001">
    <failure message="expected:&lt;8&gt; but was:&lt;2&gt;" type="junit.framework.AssertionFailedError">junit.framework.AssertionFailedError: expected:&lt;8&gt; but was:&lt;2&gt;
	at org.jsoup.select.ElementsTest.testHashCode74(ElementsTest.java:652)
</failure>
  </testcase>
  <testcase classname="org.jsoup.select.ElementsTest" name="append5" time="0.001">
    <failure message="expected:&lt;[p]&gt; but was:&lt;[div]&gt;" type="junit.framework.AssertionFailedError">junit.framework.AssertionFailedError: expected:&lt;[p]&gt; but was:&lt;[div]&gt;
	at org.jsoup.select.ElementsTest.append5(ElementsTest.java:220)
</failure>
  </testcase>
  <testcase classname="org.jsoup.select.ElementsTest" name="testGetElementsByTag55" time="0.001">
    <failure message="expected:&lt;[there]&gt; but was:&lt;[p]&gt;" type="junit.framework.AssertionFailedError">junit.framework.AssertionFailedError: expected:&lt;[there]&gt; but was:&lt;[p]&gt;
	at org.jsoup.select.ElementsTest.testGetElementsByTag55(ElementsTest.java:463)
</failure>
  </testcase>
  <testcase classname="org.jsoup.select.ElementsTest" name="handlesInvalidStartTags18" time="0.001">
    <failure message="expected:&lt;2&gt; but was:&lt;1&gt;" type="junit.framework.AssertionFailedError">junit.framework.AssertionFailedError: expected:&lt;2&gt; but was:&lt;1&gt;
	at org.jsoup.select.ElementsTest.handlesInvalidStartTags18(ElementsTest.java:18)
</failure>
  </testcase>
  <testcase classname="org.jsoup.select.ElementsTest" name="testElements13" time="0.001">
    <failure message="expected:&lt;3&gt; but was:&lt;2&gt;" type="junit.framework.AssertionFailedError">junit.framework.AssertionFailedError: expected:&lt;3&gt; but was:&lt;2&gt;
	at org.jsoup.select.ElementsTest.testElements13(ElementsTest.java:41)
</failure>
  </testcase>
  <testcase classname="org.jsoup.select.ElementsTest" name="els" time="0.001">
    <failure message="expected:&lt;3&gt; but was:&lt;2&gt;" type="junit.framework.AssertionFailedError">junit.framework.AssertionFailedError: expected:&lt;3&gt; but was:&lt;2&gt;
	at org.jsoup.select.ElementsTest.els(ElementsTest.java:73)
</failure>
  </testcase>
  <testcase classname="org.jsoup.select.ElementsTest" name="html" time="0.001">
    <failure message="expected:&lt;&lt;[div&gt;&lt;p&gt;Hello&lt;/p&gt;&lt;/div&gt;&lt;div&gt;&lt;p&gt;there&lt;/p&gt;&lt;/div]&gt;&gt; but was:&lt;&lt;[p&gt;Hello&lt;/p&gt;&lt;p&gt;there&lt;/p]&gt;&gt;" type="junit.framework.AssertionFailedError">junit.framework.AssertionFailedError: expected:&lt;&lt;[div&gt;&lt;p&gt;Hello&lt;/p&gt;&lt;/div&gt;&lt;div&gt;&lt;p&gt;there&lt;/p&gt;&lt;/div]&gt;&gt; but was:&lt;&lt;[p&gt;Hello&lt;/p&gt;&lt;p&gt;there&lt;/p]&gt;&gt;
	at org.jsoup.select.ElementsTest.html(ElementsTest.java:129)
</failure>
  </testcase>
  <testcase classname="org.jsoup.select.ElementsTest" name="html14" time="0.001">
    <failure message="expected:&lt;&lt;[div&gt;&lt;p&gt;Hello&lt;/p&gt;&lt;/div&gt;&lt;div&gt;&lt;p&gt;There&lt;/p&gt;&lt;/div]&gt;&gt; but was:&lt;&lt;[p&gt;Hello&lt;/p&gt;&lt;p&gt;There&lt;/p]&gt;&gt;" type="junit.framework.AssertionFailedError">junit.framework.AssertionFailedError: expected:&lt;&lt;[div&gt;&lt;p&gt;Hello&lt;/p&gt;&lt;/div&gt;&lt;div&gt;&lt;p&gt;There&lt;/p&gt;&lt;/div]&gt;&gt; but was:&lt;&lt;[p&gt;Hello&lt;/p&gt;&lt;p&gt;There&lt;/p]&gt;&gt;
	at org.jsoup.select.ElementsTest.html14(ElementsTest.java:136)
</failure>
  </testcase>
  <testcase classname="org.jsoup.select.ElementsTest" name="html13" time="0.0" />
  <testcase classname="org.jsoup.select.ElementsTest" name="testIndent10" time="0.001">
    <failure message="expected:&lt;[&lt;p&gt;One &lt;span&gt;two&lt;/span&gt; three&lt;/p&gt;]&gt; but was:&lt;[One two three]&gt;" type="junit.framework.AssertionFailedError">junit.framework.AssertionFailedError: expected:&lt;[&lt;p&gt;One &lt;span&gt;two&lt;/span&gt; three&lt;/p&gt;]&gt; but was:&lt;[One two three]&gt;
	at org.jsoup.select.ElementsTest.testIndent10(ElementsTest.java:31)
</failure>
  </testcase>
  <testcase classname="org.jsoup.select.ElementsTest" name="testList14" time="0.001">
    <failure message="expected:&lt;3&gt; but was:&lt;2&gt;" type="junit.framework.AssertionFailedError">junit.framework.AssertionFailedError: expected:&lt;3&gt; but was:&lt;2&gt;
	at org.jsoup.select.ElementsTest.testList14(ElementsTest.java:57)
</failure>
  </testcase>
  <testcase classname="org.jsoup.select.ElementsTest" name="add" time="0.001">
    <failure message="expected:&lt;[p]&gt; but was:&lt;[div]&gt;" type="junit.framework.AssertionFailedError">junit.framework.AssertionFailedError: expected:&lt;[p]&gt; but was:&lt;[div]&gt;
	at org.jsoup.select.ElementsTest.add(ElementsTest.java:318)
</failure>
  </testcase>
  <testcase classname="org.jsoup.select.ElementsTest" name="get" time="0.001">
    <failure message="expected:&lt;[p]&gt; but was:&lt;[Hello]&gt;" type="junit.framework.AssertionFailedError">junit.framework.AssertionFailedError: expected:&lt;[p]&gt; but was:&lt;[Hello]&gt;
	at org.jsoup.select.ElementsTest.get(ElementsTest.java:337)
</failure>
  </testcase>
  <testcase classname="org.jsoup.select.ElementsTest" name="append" time="0.001">
    <failure message="expected:&lt;[p]&gt; but was:&lt;[&lt;p&gt;Hello&lt;/p&gt;]&gt;" type="junit.framework.AssertionFailedError">junit.framework.AssertionFailedError: expected:&lt;[p]&gt; but was:&lt;[&lt;p&gt;Hello&lt;/p&gt;]&gt;
	at org.jsoup.select.ElementsTest.append(ElementsTest.java:212)
</failure>
  </testcase>
  <testcase classname="org.jsoup.select.ElementsTest" name="eq" time="0.001">
    <failure message="expected:&lt;[p]&gt; but was:&lt;[Hello]&gt;" type="junit.framework.AssertionFailedError">junit.framework.AssertionFailedError: expected:&lt;[p]&gt; but was:&lt;[Hello]&gt;
	at org.jsoup.select.ElementsTest.eq(ElementsTest.java:261)
</failure>
  </testcase>
  <testcase classname="org.jsoup.select.ElementsTest" name="first" time="0.001">
    <failure message="expected:&lt;[p]&gt; but was:&lt;[div]&gt;" type="junit.framework.AssertionFailedError">junit.framework.AssertionFailedError: expected:&lt;[p]&gt; but was:&lt;[div]&gt;
	at org.jsoup.select.ElementsTest.first(ElementsTest.java:300)
</failure>
  </testcase>
  <system-out><![CDATA[]]></system-out>
  <system-err><![CDATA[]]></system-err>
</testsuite>
