Testsuite: org.apache.commons.lang3.AnnotationUtilsTest
Tests run: 6, Failures: 0, Errors: 2, Skipped: 0, Time elapsed: 0.044 sec

Testcase: testToString239 took 0.002 sec
	Caused an ERROR
org.apache.commons.lang3.AnnotationUtilsTest.testToString()
java.lang.NoSuchMethodException: org.apache.commons.lang3.AnnotationUtilsTest.testToString()
	at java.lang.Class.getDeclaredMethod(Class.java:2130)
	at org.apache.commons.lang3.AnnotationUtilsTest.testToString239(AnnotationUtilsTest.java:408)
	at java.util.concurrent.FutureTask.run(FutureTask.java:266)
	at java.lang.Thread.run(Thread.java:750)

Testcase: testOneArgNull511 took 0.022 sec
Testcase: testEquivalence472 took 0.003 sec
Testcase: testAnnotationsOfDifferingTypes1077 took 0 sec
Testcase: testSameInstance1324 took 0.001 sec
Testcase: testHashCode161 took 0 sec
	Caused an ERROR
org.apache.commons.lang3.AnnotationUtilsTest.testHashCode()
java.lang.NoSuchMethodException: org.apache.commons.lang3.AnnotationUtilsTest.testHashCode()
	at java.lang.Class.getDeclaredMethod(Class.java:2130)
	at org.apache.commons.lang3.AnnotationUtilsTest.testHashCode161(AnnotationUtilsTest.java:399)
	at java.util.concurrent.FutureTask.run(FutureTask.java:266)
	at java.lang.Thread.run(Thread.java:750)

