<?xml version="1.0" encoding="UTF-8" ?>
<testsuite errors="0" failures="0" hostname="sepehr-UX310UQK" name="com.google.javascript.jscomp.CollapsePropertiesTest" skipped="0" tests="37" time="0.222" timestamp="2023-01-12T21:04:12">
  <properties>
[...]
</properties>
  <testcase classname="com.google.javascript.jscomp.CollapsePropertiesTest" name="testTypedef21602" time="0.007" />
  <testcase classname="com.google.javascript.jscomp.CollapsePropertiesTest" name="testDelete71967" time="0.004" />
  <testcase classname="com.google.javascript.jscomp.CollapsePropertiesTest" name="testDecrement912" time="0.005" />
  <testcase classname="com.google.javascript.jscomp.CollapsePropertiesTest" name="testIssue389361" time="0.007" />
  <testcase classname="com.google.javascript.jscomp.CollapsePropertiesTest" name="testAddPropertyToFunctionInLocalScopeDepth1619" time="0.006" />
  <testcase classname="com.google.javascript.jscomp.CollapsePropertiesTest" name="testPrototypePropertySetToAnObjectLiteral1817" time="0.005" />
  <testcase classname="com.google.javascript.jscomp.CollapsePropertiesTest" name="testNamespaceResetInLocalScope21860" time="0.005" />
  <testcase classname="com.google.javascript.jscomp.CollapsePropertiesTest" name="testAliasCreatedForEnumDepth1_11909" time="0.006" />
  <testcase classname="com.google.javascript.jscomp.CollapsePropertiesTest" name="testNoInlineGetpropIntoCall1930" time="0.013" />
  <testcase classname="com.google.javascript.jscomp.CollapsePropertiesTest" name="testPropWithDollarSign21969" time="0.004" />
  <testcase classname="com.google.javascript.jscomp.CollapsePropertiesTest" name="testAliasCreatedForCtorDepth1_11991" time="0.006" />
  <testcase classname="com.google.javascript.jscomp.CollapsePropertiesTest" name="testObjLitDeclarationWithDuplicateKeys2001" time="0.003" />
  <testcase classname="com.google.javascript.jscomp.CollapsePropertiesTest" name="testGlobalObjectNameInBooleanExpressionDepth1_32095" time="0.006" />
  <testcase classname="com.google.javascript.jscomp.CollapsePropertiesTest" name="testAddPropertyToChildOfUncollapsibleFunctionInLocalScope2128" time="0.006" />
  <testcase classname="com.google.javascript.jscomp.CollapsePropertiesTest" name="testObjLitAssignmentDepth42143" time="0.005" />
  <testcase classname="com.google.javascript.jscomp.CollapsePropertiesTest" name="testCollapsePropertyOnExternType2296" time="0.005" />
  <testcase classname="com.google.javascript.jscomp.CollapsePropertiesTest" name="testStaticFunctionReferencingThis32303" time="0.005" />
  <testcase classname="com.google.javascript.jscomp.CollapsePropertiesTest" name="testGlobalVarSetToObjLitConditionally1b2335" time="0.005" />
  <testcase classname="com.google.javascript.jscomp.CollapsePropertiesTest" name="testCollapseForEachWithoutExterns2411" time="0.004" />
  <testcase classname="com.google.javascript.jscomp.CollapsePropertiesTest" name="testObjLitWithUsedNumericKey2445" time="0.005" />
  <testcase classname="com.google.javascript.jscomp.CollapsePropertiesTest" name="testDelete91300" time="0.005" />
  <testcase classname="com.google.javascript.jscomp.CollapsePropertiesTest" name="testObjLitDefinedInLocalScopeIsLeftAlone410" time="0.006" />
  <testcase classname="com.google.javascript.jscomp.CollapsePropertiesTest" name="testLocalAlias4987" time="0.006" />
  <testcase classname="com.google.javascript.jscomp.CollapsePropertiesTest" name="testGlobalObjectDeclaredToPreserveItsPreviousValue11042" time="0.005" />
  <testcase classname="com.google.javascript.jscomp.CollapsePropertiesTest" name="testGlobalObjectNameInBooleanExpressionDepth1_21299" time="0.005" />
  <testcase classname="com.google.javascript.jscomp.CollapsePropertiesTest" name="testObjLitAssignedInTernaryExpression21325" time="0.006" />
  <testcase classname="com.google.javascript.jscomp.CollapsePropertiesTest" name="testBug19743711346" time="0.006" />
  <testcase classname="com.google.javascript.jscomp.CollapsePropertiesTest" name="testGlobalVarSetToObjLitConditionally21517" time="0.005" />
  <testcase classname="com.google.javascript.jscomp.CollapsePropertiesTest" name="testAliasCreatedForEnumOfObjects21562" time="0.006" />
  <testcase classname="com.google.javascript.jscomp.CollapsePropertiesTest" name="testCallToRedefinedFunction1684" time="0.005" />
  <testcase classname="com.google.javascript.jscomp.CollapsePropertiesTest" name="testObjLitDeclarationWithSet11790" time="0.005" />
  <testcase classname="com.google.javascript.jscomp.CollapsePropertiesTest" name="testInlineAliasWithModifications810" time="0.018" />
  <testcase classname="com.google.javascript.jscomp.CollapsePropertiesTest" name="testCrashInNestedAssign511" time="0.005" />
  <testcase classname="com.google.javascript.jscomp.CollapsePropertiesTest" name="testChainedAssignments4686" time="0.005" />
  <testcase classname="com.google.javascript.jscomp.CollapsePropertiesTest" name="testTwiceDefinedGlobalNameDepth2828" time="0.006" />
  <testcase classname="com.google.javascript.jscomp.CollapsePropertiesTest" name="testDelete111688" time="0.005" />
  <testcase classname="com.google.javascript.jscomp.CollapsePropertiesTest" name="testDelete11209" time="0.006" />
  <system-out><![CDATA[]]></system-out>
  <system-err><![CDATA[]]></system-err>
</testsuite>
