<?xml version="1.0" encoding="UTF-8" ?>
<testsuite errors="0" failures="0" hostname="sepehr-UX310UQK" name="com.google.javascript.jscomp.LooseTypeCheckTest" skipped="0" tests="88" time="0.636" timestamp="2023-01-12T21:04:17">
  <properties>
[...]
</properties>
  <testcase classname="com.google.javascript.jscomp.LooseTypeCheckTest" name="testCall3906" time="0.007" />
  <testcase classname="com.google.javascript.jscomp.LooseTypeCheckTest" name="testTypeOfReduction13915" time="0.011" />
  <testcase classname="com.google.javascript.jscomp.LooseTypeCheckTest" name="testPropAccess2929" time="0.006" />
  <testcase classname="com.google.javascript.jscomp.LooseTypeCheckTest" name="testSwitchCase51037" time="0.006" />
  <testcase classname="com.google.javascript.jscomp.LooseTypeCheckTest" name="testIn31040" time="0.006" />
  <testcase classname="com.google.javascript.jscomp.LooseTypeCheckTest" name="testStringComparison51097" time="0.007" />
  <testcase classname="com.google.javascript.jscomp.LooseTypeCheckTest" name="testSuperClassDefinedAfterSubClass21106" time="0.006" />
  <testcase classname="com.google.javascript.jscomp.LooseTypeCheckTest" name="testAddSingletonGetter1115" time="0.008" />
  <testcase classname="com.google.javascript.jscomp.LooseTypeCheckTest" name="testBadInterfaceExtends41133" time="0.006" />
  <testcase classname="com.google.javascript.jscomp.LooseTypeCheckTest" name="testBug14844451147" time="0.009" />
  <testcase classname="com.google.javascript.jscomp.LooseTypeCheckTest" name="testMethodInference91149" time="0.006" />
  <testcase classname="com.google.javascript.jscomp.LooseTypeCheckTest" name="testBitOperation21172" time="0.006" />
  <testcase classname="com.google.javascript.jscomp.LooseTypeCheckTest" name="testInterfaceInheritanceCheck21196" time="0.006" />
  <testcase classname="com.google.javascript.jscomp.LooseTypeCheckTest" name="testTypeCheck51204" time="0.006" />
  <testcase classname="com.google.javascript.jscomp.LooseTypeCheckTest" name="testExtendBuiltInType11221" time="0.006" />
  <testcase classname="com.google.javascript.jscomp.LooseTypeCheckTest" name="testNumericComparison61260" time="0.006" />
  <testcase classname="com.google.javascript.jscomp.LooseTypeCheckTest" name="testBang61294" time="0.006" />
  <testcase classname="com.google.javascript.jscomp.LooseTypeCheckTest" name="testFunctionMasksVariableBug1316" time="0.006" />
  <testcase classname="com.google.javascript.jscomp.LooseTypeCheckTest" name="testEnum171335" time="0.006" />
  <testcase classname="com.google.javascript.jscomp.LooseTypeCheckTest" name="testInheritanceCheck141339" time="0.006" />
  <testcase classname="com.google.javascript.jscomp.LooseTypeCheckTest" name="testInterfaceInheritanceCheck31413" time="0.008" />
  <testcase classname="com.google.javascript.jscomp.LooseTypeCheckTest" name="testBooleanType1452" time="0.006" />
  <testcase classname="com.google.javascript.jscomp.LooseTypeCheckTest" name="testBackwardsEnumUse11456" time="0.005" />
  <testcase classname="com.google.javascript.jscomp.LooseTypeCheckTest" name="testIn41465" time="0.006" />
  <testcase classname="com.google.javascript.jscomp.LooseTypeCheckTest" name="testDuplicateStaticMethodDecl11466" time="0.01" />
  <testcase classname="com.google.javascript.jscomp.LooseTypeCheckTest" name="testScoping81494" time="0.006" />
  <testcase classname="com.google.javascript.jscomp.LooseTypeCheckTest" name="testParameterizedObject21534" time="0.011" />
  <testcase classname="com.google.javascript.jscomp.LooseTypeCheckTest" name="testForwardTypeDeclaration11546" time="0.003" />
  <testcase classname="com.google.javascript.jscomp.LooseTypeCheckTest" name="testControlFlowRestrictsType41548" time="0.007" />
  <testcase classname="com.google.javascript.jscomp.LooseTypeCheckTest" name="testValueOfComparison21552" time="0.006" />
  <testcase classname="com.google.javascript.jscomp.LooseTypeCheckTest" name="testBug18595351666" time="0.009" />
  <testcase classname="com.google.javascript.jscomp.LooseTypeCheckTest" name="testInnerFunction71" time="0.008" />
  <testcase classname="com.google.javascript.jscomp.LooseTypeCheckTest" name="testQualifiedNameReduction340" time="0.007" />
  <testcase classname="com.google.javascript.jscomp.LooseTypeCheckTest" name="testBitOperation9231" time="0.005" />
  <testcase classname="com.google.javascript.jscomp.LooseTypeCheckTest" name="testPropertyTypeOfUnionType238" time="0.006" />
  <testcase classname="com.google.javascript.jscomp.LooseTypeCheckTest" name="testInheritanceCheck6319" time="0.007" />
  <testcase classname="com.google.javascript.jscomp.LooseTypeCheckTest" name="testForwardTypeDeclaration3469" time="0.004" />
  <testcase classname="com.google.javascript.jscomp.LooseTypeCheckTest" name="testBadImplementsNonObjectType481" time="0.006" />
  <testcase classname="com.google.javascript.jscomp.LooseTypeCheckTest" name="testOptionalUnknownNamedType519" time="0.006" />
  <testcase classname="com.google.javascript.jscomp.LooseTypeCheckTest" name="testOptionalArgFunctionParam2541" time="0.006" />
  <testcase classname="com.google.javascript.jscomp.LooseTypeCheckTest" name="testTypeInferenceWithClosure1549" time="0.006" />
  <testcase classname="com.google.javascript.jscomp.LooseTypeCheckTest" name="testAddingMethodsUsingPrototypeIdiomComplexNamespace1603" time="0.007" />
  <testcase classname="com.google.javascript.jscomp.LooseTypeCheckTest" name="testGetprop1618" time="0.005" />
  <testcase classname="com.google.javascript.jscomp.LooseTypeCheckTest" name="testComparison6715" time="0.006" />
  <testcase classname="com.google.javascript.jscomp.LooseTypeCheckTest" name="testBitOperation7845" time="0.006" />
  <testcase classname="com.google.javascript.jscomp.LooseTypeCheckTest" name="testInterfaceNonEmptyFunction895" time="0.007" />
  <testcase classname="com.google.javascript.jscomp.LooseTypeCheckTest" name="testClosure3216" time="0.007" />
  <testcase classname="com.google.javascript.jscomp.LooseTypeCheckTest" name="testEnum19579" time="0.006" />
  <testcase classname="com.google.javascript.jscomp.LooseTypeCheckTest" name="testAnd6218" time="0.007" />
  <testcase classname="com.google.javascript.jscomp.LooseTypeCheckTest" name="testBadImplementsAConstructor1671" time="0.006" />
  <testcase classname="com.google.javascript.jscomp.LooseTypeCheckTest" name="testGetTypedPercent41685" time="0.004" />
  <testcase classname="com.google.javascript.jscomp.LooseTypeCheckTest" name="testSuperclassMismatch11765" time="0.007" />
  <testcase classname="com.google.javascript.jscomp.LooseTypeCheckTest" name="testValueTypeBuiltInPrototypePropertyType1820" time="0.006" />
  <testcase classname="com.google.javascript.jscomp.LooseTypeCheckTest" name="testImplicitCastNotInExterns1850" time="0.004" />
  <testcase classname="com.google.javascript.jscomp.LooseTypeCheckTest" name="testErrorMismatchingPropertyOnInterface51863" time="0.006" />
  <testcase classname="com.google.javascript.jscomp.LooseTypeCheckTest" name="testMissingProperty131915" time="0.007" />
  <testcase classname="com.google.javascript.jscomp.LooseTypeCheckTest" name="testTypeCheck121929" time="0.006" />
  <testcase classname="com.google.javascript.jscomp.LooseTypeCheckTest" name="testFunctionArguments61936" time="0.005" />
  <testcase classname="com.google.javascript.jscomp.LooseTypeCheckTest" name="testNew111983" time="0.007" />
  <testcase classname="com.google.javascript.jscomp.LooseTypeCheckTest" name="testBadInterfaceExtends22011" time="0.006" />
  <testcase classname="com.google.javascript.jscomp.LooseTypeCheckTest" name="testMethodInference62029" time="0.007" />
  <testcase classname="com.google.javascript.jscomp.LooseTypeCheckTest" name="testFunctionInference202041" time="0.006" />
  <testcase classname="com.google.javascript.jscomp.LooseTypeCheckTest" name="testTypeRedefinition2048" time="0.017" />
  <testcase classname="com.google.javascript.jscomp.LooseTypeCheckTest" name="testParameterizedObject42062" time="0.006" />
  <testcase classname="com.google.javascript.jscomp.LooseTypeCheckTest" name="testErrorMismatchingPropertyOnInterface42122" time="0.005" />
  <testcase classname="com.google.javascript.jscomp.LooseTypeCheckTest" name="testHookRestrictsType42131" time="0.005" />
  <testcase classname="com.google.javascript.jscomp.LooseTypeCheckTest" name="testBadConstructorCall2182" time="0.004" />
  <testcase classname="com.google.javascript.jscomp.LooseTypeCheckTest" name="testBadExtends32201" time="0.005" />
  <testcase classname="com.google.javascript.jscomp.LooseTypeCheckTest" name="testGoodExtends102211" time="0.005" />
  <testcase classname="com.google.javascript.jscomp.LooseTypeCheckTest" name="testUnknownConstructorInstanceType22219" time="0.005" />
  <testcase classname="com.google.javascript.jscomp.LooseTypeCheckTest" name="testAnd42239" time="0.005" />
  <testcase classname="com.google.javascript.jscomp.LooseTypeCheckTest" name="testBitOperation62248" time="0.005" />
  <testcase classname="com.google.javascript.jscomp.LooseTypeCheckTest" name="testCast142282" time="0.003" />
  <testcase classname="com.google.javascript.jscomp.LooseTypeCheckTest" name="testCast62287" time="0.007" />
  <testcase classname="com.google.javascript.jscomp.LooseTypeCheckTest" name="testTypeCheck22316" time="0.006" />
  <testcase classname="com.google.javascript.jscomp.LooseTypeCheckTest" name="testBackwardsEnumUse52325" time="0.005" />
  <testcase classname="com.google.javascript.jscomp.LooseTypeCheckTest" name="testInstanceof22340" time="0.006" />
  <testcase classname="com.google.javascript.jscomp.LooseTypeCheckTest" name="testMissingProperty222347" time="0.005" />
  <testcase classname="com.google.javascript.jscomp.LooseTypeCheckTest" name="testTypeCheck82376" time="0.005" />
  <testcase classname="com.google.javascript.jscomp.LooseTypeCheckTest" name="testMissingProperty182380" time="0.006" />
  <testcase classname="com.google.javascript.jscomp.LooseTypeCheckTest" name="testInstanceof42395" time="0.005" />
  <testcase classname="com.google.javascript.jscomp.LooseTypeCheckTest" name="testMissingProperty112398" time="0.005" />
  <testcase classname="com.google.javascript.jscomp.LooseTypeCheckTest" name="testTypeInferenceWithClosure22407" time="0.006" />
  <testcase classname="com.google.javascript.jscomp.LooseTypeCheckTest" name="testPrototypeLoop2415" time="0.003" />
  <testcase classname="com.google.javascript.jscomp.LooseTypeCheckTest" name="testBadImplements22427" time="0.005" />
  <testcase classname="com.google.javascript.jscomp.LooseTypeCheckTest" name="testMissingProperty102442" time="0.006" />
  <testcase classname="com.google.javascript.jscomp.LooseTypeCheckTest" name="testFunctionArguments52443" time="0.005" />
  <testcase classname="com.google.javascript.jscomp.LooseTypeCheckTest" name="testIn5561" time="0.005" />
  <system-out><![CDATA[]]></system-out>
  <system-err><![CDATA[]]></system-err>
</testsuite>
