<?xml version="1.0" encoding="UTF-8" ?>
<testsuite errors="0" failures="0" hostname="sepehr-UX310UQK" name="com.google.javascript.jscomp.TypeCheckTest" skipped="0" tests="171" time="1.076" timestamp="2023-01-12T21:04:26">
  <properties>
[...]
</properties>
  <testcase classname="com.google.javascript.jscomp.TypeCheckTest" name="testConstructorType12139" time="0.006" />
  <testcase classname="com.google.javascript.jscomp.TypeCheckTest" name="testObjLitDef2a377" time="0.006" />
  <testcase classname="com.google.javascript.jscomp.TypeCheckTest" name="testInterfaceInheritanceCheck133" time="0.007" />
  <testcase classname="com.google.javascript.jscomp.TypeCheckTest" name="testNoTypeCheck7156" time="0.006" />
  <testcase classname="com.google.javascript.jscomp.TypeCheckTest" name="testAnnotatedPropertyOnInterface4393" time="0.01" />
  <testcase classname="com.google.javascript.jscomp.TypeCheckTest" name="testSwitchCase3424" time="0.006" />
  <testcase classname="com.google.javascript.jscomp.TypeCheckTest" name="testTypeCheckStandaloneAST429" time="0.003" />
  <testcase classname="com.google.javascript.jscomp.TypeCheckTest" name="testConstructorType4509" time="0.005" />
  <testcase classname="com.google.javascript.jscomp.TypeCheckTest" name="testGoodImplements6521" time="0.006" />
  <testcase classname="com.google.javascript.jscomp.TypeCheckTest" name="testTemplateType5534" time="0.009" />
  <testcase classname="com.google.javascript.jscomp.TypeCheckTest" name="testIssue483593" time="0.007" />
  <testcase classname="com.google.javascript.jscomp.TypeCheckTest" name="testCast16599" time="0.007" />
  <testcase classname="com.google.javascript.jscomp.TypeCheckTest" name="testForwardTypeDeclaration5629" time="0.003" />
  <testcase classname="com.google.javascript.jscomp.TypeCheckTest" name="testTypeInferenceWithNoEntry1651" time="0.007" />
  <testcase classname="com.google.javascript.jscomp.TypeCheckTest" name="testNumericComparison2662" time="0.005" />
  <testcase classname="com.google.javascript.jscomp.TypeCheckTest" name="testExtendedInterfacePropertiesCompatibility4683" time="0.007" />
  <testcase classname="com.google.javascript.jscomp.TypeCheckTest" name="testGetpropDict1693" time="0.006" />
  <testcase classname="com.google.javascript.jscomp.TypeCheckTest" name="testThisTypeOfFunction1724" time="0.005" />
  <testcase classname="com.google.javascript.jscomp.TypeCheckTest" name="testWhileRestrictsType2733" time="0.006" />
  <testcase classname="com.google.javascript.jscomp.TypeCheckTest" name="testBitOperation4750" time="0.006" />
  <testcase classname="com.google.javascript.jscomp.TypeCheckTest" name="testInstanceof1764" time="0.005" />
  <testcase classname="com.google.javascript.jscomp.TypeCheckTest" name="testInheritanceCheck13798" time="0.006" />
  <testcase classname="com.google.javascript.jscomp.TypeCheckTest" name="testTemplatedThisType1799" time="0.006" />
  <testcase classname="com.google.javascript.jscomp.TypeCheckTest" name="testQualifiedNameReduction5c831" time="0.005" />
  <testcase classname="com.google.javascript.jscomp.TypeCheckTest" name="testBadInterfaceExtends1836" time="0.005" />
  <testcase classname="com.google.javascript.jscomp.TypeCheckTest" name="testTemplateType4839" time="0.006" />
  <testcase classname="com.google.javascript.jscomp.TypeCheckTest" name="testGetprop4854" time="0.005" />
  <testcase classname="com.google.javascript.jscomp.TypeCheckTest" name="testForIn2857" time="0.007" />
  <testcase classname="com.google.javascript.jscomp.TypeCheckTest" name="testBug1943776861" time="0.005" />
  <testcase classname="com.google.javascript.jscomp.TypeCheckTest" name="testQualifiedNameInference11880" time="0.005" />
  <testcase classname="com.google.javascript.jscomp.TypeCheckTest" name="testNullAnd919" time="0.005" />
  <testcase classname="com.google.javascript.jscomp.TypeCheckTest" name="testStringComparison2976" time="0.005" />
  <testcase classname="com.google.javascript.jscomp.TypeCheckTest" name="testParameterizedTypeSubtypes2992" time="0.003" />
  <testcase classname="com.google.javascript.jscomp.TypeCheckTest" name="testFunctionBind31002" time="0.006" />
  <testcase classname="com.google.javascript.jscomp.TypeCheckTest" name="testDuplicateStaticPropertyDecl11050" time="0.006" />
  <testcase classname="com.google.javascript.jscomp.TypeCheckTest" name="testGetpropDict21100" time="0.006" />
  <testcase classname="com.google.javascript.jscomp.TypeCheckTest" name="testInOnStruct188" time="0.006" />
  <testcase classname="com.google.javascript.jscomp.TypeCheckTest" name="testForwardTypeDeclaration6266" time="0.003" />
  <testcase classname="com.google.javascript.jscomp.TypeCheckTest" name="testObjectLiteralDeclaration7293" time="0.006" />
  <testcase classname="com.google.javascript.jscomp.TypeCheckTest" name="testBug7701884330" time="0.007" />
  <testcase classname="com.google.javascript.jscomp.TypeCheckTest" name="testLends2450" time="0.006" />
  <testcase classname="com.google.javascript.jscomp.TypeCheckTest" name="testDfa712" time="0.006" />
  <testcase classname="com.google.javascript.jscomp.TypeCheckTest" name="testCast5a204" time="0.006" />
  <testcase classname="com.google.javascript.jscomp.TypeCheckTest" name="testCall8431" time="0.005" />
  <testcase classname="com.google.javascript.jscomp.TypeCheckTest" name="testRecordType71114" time="0.005" />
  <testcase classname="com.google.javascript.jscomp.TypeCheckTest" name="testArrayAccess61137" time="0.005" />
  <testcase classname="com.google.javascript.jscomp.TypeCheckTest" name="testMultipleExtendsInterface41141" time="0.006" />
  <testcase classname="com.google.javascript.jscomp.TypeCheckTest" name="testControlFlowRestrictsType81146" time="0.006" />
  <testcase classname="com.google.javascript.jscomp.TypeCheckTest" name="testLends71151" time="0.006" />
  <testcase classname="com.google.javascript.jscomp.TypeCheckTest" name="testTypeOfReduction91164" time="0.006" />
  <testcase classname="com.google.javascript.jscomp.TypeCheckTest" name="testTypeOfReduction151169" time="0.008" />
  <testcase classname="com.google.javascript.jscomp.TypeCheckTest" name="testPropertyInference31175" time="0.008" />
  <testcase classname="com.google.javascript.jscomp.TypeCheckTest" name="testComparison21177" time="0.006" />
  <testcase classname="com.google.javascript.jscomp.TypeCheckTest" name="testCall51180" time="0.006" />
  <testcase classname="com.google.javascript.jscomp.TypeCheckTest" name="testTypeCheck131187" time="0.005" />
  <testcase classname="com.google.javascript.jscomp.TypeCheckTest" name="testInferredReturn51192" time="0.007" />
  <testcase classname="com.google.javascript.jscomp.TypeCheckTest" name="testAdd41214" time="0.005" />
  <testcase classname="com.google.javascript.jscomp.TypeCheckTest" name="testSetprop101215" time="0.008" />
  <testcase classname="com.google.javascript.jscomp.TypeCheckTest" name="testGoodExtends151216" time="0.01" />
  <testcase classname="com.google.javascript.jscomp.TypeCheckTest" name="testIssue611235" time="0.006" />
  <testcase classname="com.google.javascript.jscomp.TypeCheckTest" name="testIssue7251236" time="0.007" />
  <testcase classname="com.google.javascript.jscomp.TypeCheckTest" name="testCast331310" time="0.017" />
  <testcase classname="com.google.javascript.jscomp.TypeCheckTest" name="testNumericComparison31318" time="0.006" />
  <testcase classname="com.google.javascript.jscomp.TypeCheckTest" name="testIIFE11351" time="0.007" />
  <testcase classname="com.google.javascript.jscomp.TypeCheckTest" name="testImplicitCast1375" time="0.003" />
  <testcase classname="com.google.javascript.jscomp.TypeCheckTest" name="testMultipleExtendsInterface21388" time="0.007" />
  <testcase classname="com.google.javascript.jscomp.TypeCheckTest" name="testBackwardsInferenceGoogArrayFilter11404" time="0.007" />
  <testcase classname="com.google.javascript.jscomp.TypeCheckTest" name="testBadImplements31405" time="0.007" />
  <testcase classname="com.google.javascript.jscomp.TypeCheckTest" name="testGetelemStruct21412" time="0.006" />
  <testcase classname="com.google.javascript.jscomp.TypeCheckTest" name="testMissingProperty211431" time="0.006" />
  <testcase classname="com.google.javascript.jscomp.TypeCheckTest" name="testImplementsExtendsLoop1439" time="0.004" />
  <testcase classname="com.google.javascript.jscomp.TypeCheckTest" name="testGetelemStruct71468" time="0.006" />
  <testcase classname="com.google.javascript.jscomp.TypeCheckTest" name="testInferredReturn41474" time="0.006" />
  <testcase classname="com.google.javascript.jscomp.TypeCheckTest" name="testConstructorAlias61481" time="0.006" />
  <testcase classname="com.google.javascript.jscomp.TypeCheckTest" name="testGenerics11486" time="0.014" />
  <testcase classname="com.google.javascript.jscomp.TypeCheckTest" name="testRecordType31487" time="0.006" />
  <testcase classname="com.google.javascript.jscomp.TypeCheckTest" name="testNoPersistentTypeInferenceForFunctionProperties1490" time="0.007" />
  <testcase classname="com.google.javascript.jscomp.TypeCheckTest" name="testIssue6881504" time="0.007" />
  <testcase classname="com.google.javascript.jscomp.TypeCheckTest" name="testInterfaceInheritanceCheck81512" time="0.003" />
  <testcase classname="com.google.javascript.jscomp.TypeCheckTest" name="testUndefinedNode1525" time="0.003" />
  <testcase classname="com.google.javascript.jscomp.TypeCheckTest" name="testInnerFunction101526" time="0.006" />
  <testcase classname="com.google.javascript.jscomp.TypeCheckTest" name="testUnionTemplateThisType1536" time="0.007" />
  <testcase classname="com.google.javascript.jscomp.TypeCheckTest" name="testParameterized51541" time="0.009" />
  <testcase classname="com.google.javascript.jscomp.TypeCheckTest" name="testInterfaceExtendsResolution1542" time="0.006" />
  <testcase classname="com.google.javascript.jscomp.TypeCheckTest" name="testObjectLiteralDeclaration11554" time="0.006" />
  <testcase classname="com.google.javascript.jscomp.TypeCheckTest" name="testDuplicateRecordFields21559" time="0.003" />
  <testcase classname="com.google.javascript.jscomp.TypeCheckTest" name="testCatchExpression21569" time="0.007" />
  <testcase classname="com.google.javascript.jscomp.TypeCheckTest" name="testDirectPrototypeAssignment31572" time="0.007" />
  <testcase classname="com.google.javascript.jscomp.TypeCheckTest" name="testSetprop71573" time="0.006" />
  <testcase classname="com.google.javascript.jscomp.TypeCheckTest" name="testBitOperation11586" time="0.005" />
  <testcase classname="com.google.javascript.jscomp.TypeCheckTest" name="testTypeInferenceWithNoEntry21619" time="0.009" />
  <testcase classname="com.google.javascript.jscomp.TypeCheckTest" name="testFunctionLiteralDefinedThisArgument21620" time="0.006" />
  <testcase classname="com.google.javascript.jscomp.TypeCheckTest" name="testCast111627" time="0.006" />
  <testcase classname="com.google.javascript.jscomp.TypeCheckTest" name="testThisTypeOfFunction41668" time="0.007" />
  <testcase classname="com.google.javascript.jscomp.TypeCheckTest" name="testBug9014551672" time="0.009" />
  <testcase classname="com.google.javascript.jscomp.TypeCheckTest" name="testBadInterfaceExtends31697" time="0.007" />
  <testcase classname="com.google.javascript.jscomp.TypeCheckTest" name="testIIFE41742" time="0.005" />
  <testcase classname="com.google.javascript.jscomp.TypeCheckTest" name="testInheritanceCheck31761" time="0.007" />
  <testcase classname="com.google.javascript.jscomp.TypeCheckTest" name="testFunctionInference71777" time="0.005" />
  <testcase classname="com.google.javascript.jscomp.TypeCheckTest" name="testTypeCheckCustomExterns21784" time="0.006" />
  <testcase classname="com.google.javascript.jscomp.TypeCheckTest" name="testEnum81785" time="0.003" />
  <testcase classname="com.google.javascript.jscomp.TypeCheckTest" name="testSwitchCase11786" time="0.006" />
  <testcase classname="com.google.javascript.jscomp.TypeCheckTest" name="testInheritanceCheck21788" time="0.006" />
  <testcase classname="com.google.javascript.jscomp.TypeCheckTest" name="testInterfacePropertyOverride11792" time="0.006" />
  <testcase classname="com.google.javascript.jscomp.TypeCheckTest" name="testLends81807" time="0.006" />
  <testcase classname="com.google.javascript.jscomp.TypeCheckTest" name="testFunctionBind41821" time="0.006" />
  <testcase classname="com.google.javascript.jscomp.TypeCheckTest" name="testGoodExtends161827" time="0.009" />
  <testcase classname="com.google.javascript.jscomp.TypeCheckTest" name="testCatchExpression11828" time="0.005" />
  <testcase classname="com.google.javascript.jscomp.TypeCheckTest" name="testQualifiedNameInference131844" time="0.006" />
  <testcase classname="com.google.javascript.jscomp.TypeCheckTest" name="testQualifiedNameInference121878" time="0.006" />
  <testcase classname="com.google.javascript.jscomp.TypeCheckTest" name="testDataPropertyOnInterface21879" time="0.007" />
  <testcase classname="com.google.javascript.jscomp.TypeCheckTest" name="testBadStruct1885" time="0.006" />
  <testcase classname="com.google.javascript.jscomp.TypeCheckTest" name="testGlobalThis2b1904" time="0.007" />
  <testcase classname="com.google.javascript.jscomp.TypeCheckTest" name="testQualifiedNameReduction81918" time="0.007" />
  <testcase classname="com.google.javascript.jscomp.TypeCheckTest" name="testInterfaceExtendsLoop1925" time="0.004" />
  <testcase classname="com.google.javascript.jscomp.TypeCheckTest" name="testInferredParam51934" time="0.007" />
  <testcase classname="com.google.javascript.jscomp.TypeCheckTest" name="testBadInterfaceExtendsNonExistentInterfaces1939" time="0.003" />
  <testcase classname="com.google.javascript.jscomp.TypeCheckTest" name="testTypeOfReduction161948" time="0.007" />
  <testcase classname="com.google.javascript.jscomp.TypeCheckTest" name="testEnum391954" time="0.007" />
  <testcase classname="com.google.javascript.jscomp.TypeCheckTest" name="testBug23418121955" time="0.006" />
  <testcase classname="com.google.javascript.jscomp.TypeCheckTest" name="testBadDict1968" time="0.004" />
  <testcase classname="com.google.javascript.jscomp.TypeCheckTest" name="testGoogBind21972" time="0.004" />
  <testcase classname="com.google.javascript.jscomp.TypeCheckTest" name="testSetprop61975" time="0.005" />
  <testcase classname="com.google.javascript.jscomp.TypeCheckTest" name="testSetprop91982" time="0.003" />
  <testcase classname="com.google.javascript.jscomp.TypeCheckTest" name="testMissingProperty351987" time="0.005" />
  <testcase classname="com.google.javascript.jscomp.TypeCheckTest" name="testDeleteOperator21989" time="0.004" />
  <testcase classname="com.google.javascript.jscomp.TypeCheckTest" name="testAdd102013" time="0.007" />
  <testcase classname="com.google.javascript.jscomp.TypeCheckTest" name="testCast272022" time="0.006" />
  <testcase classname="com.google.javascript.jscomp.TypeCheckTest" name="testMissingProperty302038" time="0.006" />
  <testcase classname="com.google.javascript.jscomp.TypeCheckTest" name="testVar92052" time="0.006" />
  <testcase classname="com.google.javascript.jscomp.TypeCheckTest" name="testResolvingNamedTypes2053" time="0.004" />
  <testcase classname="com.google.javascript.jscomp.TypeCheckTest" name="testBitOperation32055" time="0.006" />
  <testcase classname="com.google.javascript.jscomp.TypeCheckTest" name="testConstructorType112063" time="0.007" />
  <testcase classname="com.google.javascript.jscomp.TypeCheckTest" name="testForwardTypeDeclaration82088" time="0.003" />
  <testcase classname="com.google.javascript.jscomp.TypeCheckTest" name="testInterfaceInheritanceCheck102108" time="0.008" />
  <testcase classname="com.google.javascript.jscomp.TypeCheckTest" name="testMissingProperty192126" time="0.006" />
  <testcase classname="com.google.javascript.jscomp.TypeCheckTest" name="testMissingProperty332132" time="0.006" />
  <testcase classname="com.google.javascript.jscomp.TypeCheckTest" name="testFunctionBind12148" time="0.007" />
  <testcase classname="com.google.javascript.jscomp.TypeCheckTest" name="testObjLitDef72151" time="0.007" />
  <testcase classname="com.google.javascript.jscomp.TypeCheckTest" name="testOverriddenReturn12187" time="0.013" />
  <testcase classname="com.google.javascript.jscomp.TypeCheckTest" name="testConstructorType102189" time="0.006" />
  <testcase classname="com.google.javascript.jscomp.TypeCheckTest" name="testMissingProperty172195" time="0.007" />
  <testcase classname="com.google.javascript.jscomp.TypeCheckTest" name="testMultipleExtendsInterface62198" time="0.007" />
  <testcase classname="com.google.javascript.jscomp.TypeCheckTest" name="testEnum12202" time="0.006" />
  <testcase classname="com.google.javascript.jscomp.TypeCheckTest" name="testEnum382228" time="0.006" />
  <testcase classname="com.google.javascript.jscomp.TypeCheckTest" name="testTypeof22236" time="0.006" />
  <testcase classname="com.google.javascript.jscomp.TypeCheckTest" name="testIssue7002241" time="0.008" />
  <testcase classname="com.google.javascript.jscomp.TypeCheckTest" name="testBug19407692247" time="0.006" />
  <testcase classname="com.google.javascript.jscomp.TypeCheckTest" name="testBadImplements42249" time="0.006" />
  <testcase classname="com.google.javascript.jscomp.TypeCheckTest" name="testDfa112261" time="0.006" />
  <testcase classname="com.google.javascript.jscomp.TypeCheckTest" name="testVar72272" time="0.006" />
  <testcase classname="com.google.javascript.jscomp.TypeCheckTest" name="testCircularTypeDef2275" time="0.006" />
  <testcase classname="com.google.javascript.jscomp.TypeCheckTest" name="testArrayAccess32293" time="0.006" />
  <testcase classname="com.google.javascript.jscomp.TypeCheckTest" name="testGetprop32314" time="0.007" />
  <testcase classname="com.google.javascript.jscomp.TypeCheckTest" name="testInterfaceAssignment82330" time="0.006" />
  <testcase classname="com.google.javascript.jscomp.TypeCheckTest" name="testTypeDef22343" time="0.01" />
  <testcase classname="com.google.javascript.jscomp.TypeCheckTest" name="testActiveXObject2346" time="0.006" />
  <testcase classname="com.google.javascript.jscomp.TypeCheckTest" name="testIn22349" time="0.006" />
  <testcase classname="com.google.javascript.jscomp.TypeCheckTest" name="testQualifiedNameReduction102369" time="0.007" />
  <testcase classname="com.google.javascript.jscomp.TypeCheckTest" name="testDirectPrototypeAssign2377" time="0.007" />
  <testcase classname="com.google.javascript.jscomp.TypeCheckTest" name="testMethodInference72385" time="0.007" />
  <testcase classname="com.google.javascript.jscomp.TypeCheckTest" name="testObjLitDef62417" time="0.006" />
  <testcase classname="com.google.javascript.jscomp.TypeCheckTest" name="testAnonymousType32420" time="0.007" />
  <testcase classname="com.google.javascript.jscomp.TypeCheckTest" name="testForinOnStruct2432" time="0.006" />
  <testcase classname="com.google.javascript.jscomp.TypeCheckTest" name="testInterfaceAssignment7366" time="0.007" />
  <testcase classname="com.google.javascript.jscomp.TypeCheckTest" name="testLends5207" time="0.006" />
  <testcase classname="com.google.javascript.jscomp.TypeCheckTest" name="testPropAccess480" time="0.005" />
  <testcase classname="com.google.javascript.jscomp.TypeCheckTest" name="testOverriddenParams434" time="0.006" />
  <testcase classname="com.google.javascript.jscomp.TypeCheckTest" name="testWarnDataPropertyOnInterface326" time="0.006" />
  <testcase classname="com.google.javascript.jscomp.TypeCheckTest" name="testBooleanReduction4115" time="0.006" />
  <testcase classname="com.google.javascript.jscomp.TypeCheckTest" name="testBooleanReduction2385" time="0.006" />
  <system-out><![CDATA[]]></system-out>
  <system-err><![CDATA[]]></system-err>
</testsuite>
