<?xml version="1.0" encoding="UTF-8" ?>
<testsuite errors="0" failures="7" hostname="sepehr-UX310UQK" name="com.google.javascript.jscomp.ProcessDefinesTest" skipped="0" tests="11" time="0.041" timestamp="2023-01-12T08:54:10">
  <properties>
[...]
</properties>
  <testcase classname="com.google.javascript.jscomp.ProcessDefinesTest" name="testDefineOnlyFunction2" time="0.004">
    <failure message="@define variable DEF assignment must be global&#xa; expected:&lt;JSC_INVALID_DEFINE_TYPE_ERROR: @define tag only permits literal types&gt; but was:&lt;JSC_NON_GLOBAL_DEFINE_INIT_ERROR: @define variable {0} assignment must be global&gt;" type="junit.framework.AssertionFailedError">junit.framework.AssertionFailedError: @define variable DEF assignment must be global
 expected:&lt;JSC_INVALID_DEFINE_TYPE_ERROR: @define tag only permits literal types&gt; but was:&lt;JSC_NON_GLOBAL_DEFINE_INIT_ERROR: @define variable {0} assignment must be global&gt;
	at com.google.javascript.jscomp.CompilerTestCase.test(CompilerTestCase.java:948)
	at com.google.javascript.jscomp.CompilerTestCase.test(CompilerTestCase.java:447)
	at com.google.javascript.jscomp.CompilerTestCase.test(CompilerTestCase.java:373)
	at com.google.javascript.jscomp.CompilerTestCase.test(CompilerTestCase.java:342)
	at com.google.javascript.jscomp.ProcessDefinesTest.__CLR4_4_1g1o4hk1ka9(ProcessDefinesTest.java:71)
	at com.google.javascript.jscomp.ProcessDefinesTest.testDefineOnlyFunction2(ProcessDefinesTest.java:70)
</failure>
  </testcase>
  <testcase classname="com.google.javascript.jscomp.ProcessDefinesTest" name="testAssignInNonGlobalScope45" time="0.002" />
  <testcase classname="com.google.javascript.jscomp.ProcessDefinesTest" name="testAssignBeforeDeclaration1372" time="0.005">
    <failure message="@define variable DEF cannot be reassigned due to code at line 1 of testcode.&#xa; expected:&lt;JSC_INVALID_DEFINE_TYPE_ERROR: @define tag only permits literal types&gt; but was:&lt;JSC_DEFINE_NOT_ASSIGNABLE_ERROR: @define variable {0} cannot be reassigned due to code at {1}.&gt;" type="junit.framework.AssertionFailedError">junit.framework.AssertionFailedError: @define variable DEF cannot be reassigned due to code at line 1 of testcode.
 expected:&lt;JSC_INVALID_DEFINE_TYPE_ERROR: @define tag only permits literal types&gt; but was:&lt;JSC_DEFINE_NOT_ASSIGNABLE_ERROR: @define variable {0} cannot be reassigned due to code at {1}.&gt;
	at com.google.javascript.jscomp.CompilerTestCase.test(CompilerTestCase.java:948)
	at com.google.javascript.jscomp.CompilerTestCase.test(CompilerTestCase.java:447)
	at com.google.javascript.jscomp.CompilerTestCase.test(CompilerTestCase.java:373)
	at com.google.javascript.jscomp.CompilerTestCase.test(CompilerTestCase.java:342)
	at com.google.javascript.jscomp.ProcessDefinesTest.__CLR4_4_1rarh6q1kah(ProcessDefinesTest.java:81)
	at com.google.javascript.jscomp.ProcessDefinesTest.testAssignBeforeDeclaration1372(ProcessDefinesTest.java:80)
</failure>
  </testcase>
  <testcase classname="com.google.javascript.jscomp.ProcessDefinesTest" name="testNamespacedDefine1379" time="0.003">
    <failure message="expected:&lt;JSC_NON_GLOBAL_DEFINE_INIT_ERROR: @define variable {0} assignment must be global&gt; but was:&lt;JSC_UNKNOWN_DEFINE_WARNING: unknown @define variable {0}&gt;" type="junit.framework.AssertionFailedError">junit.framework.AssertionFailedError: expected:&lt;JSC_NON_GLOBAL_DEFINE_INIT_ERROR: @define variable {0} assignment must be global&gt; but was:&lt;JSC_UNKNOWN_DEFINE_WARNING: unknown @define variable {0}&gt;
	at com.google.javascript.jscomp.CompilerTestCase.test(CompilerTestCase.java:858)
	at com.google.javascript.jscomp.CompilerTestCase.test(CompilerTestCase.java:447)
	at com.google.javascript.jscomp.CompilerTestCase.test(CompilerTestCase.java:373)
	at com.google.javascript.jscomp.ProcessDefinesTest.__CLR4_4_1tur2rl1kax(ProcessDefinesTest.java:103)
	at com.google.javascript.jscomp.ProcessDefinesTest.testNamespacedDefine1379(ProcessDefinesTest.java:101)
</failure>
  </testcase>
  <testcase classname="com.google.javascript.jscomp.ProcessDefinesTest" name="testDefineOnlyFunction380" time="0.003">
    <failure message="@define variable DEF assignment must be global&#xa; expected:&lt;JSC_INVALID_DEFINE_TYPE_ERROR: @define tag only permits literal types&gt; but was:&lt;JSC_NON_GLOBAL_DEFINE_INIT_ERROR: @define variable {0} assignment must be global&gt;" type="junit.framework.AssertionFailedError">junit.framework.AssertionFailedError: @define variable DEF assignment must be global
 expected:&lt;JSC_INVALID_DEFINE_TYPE_ERROR: @define tag only permits literal types&gt; but was:&lt;JSC_NON_GLOBAL_DEFINE_INIT_ERROR: @define variable {0} assignment must be global&gt;
	at com.google.javascript.jscomp.CompilerTestCase.test(CompilerTestCase.java:948)
	at com.google.javascript.jscomp.CompilerTestCase.test(CompilerTestCase.java:447)
	at com.google.javascript.jscomp.CompilerTestCase.test(CompilerTestCase.java:373)
	at com.google.javascript.jscomp.CompilerTestCase.test(CompilerTestCase.java:342)
	at com.google.javascript.jscomp.ProcessDefinesTest.__CLR4_4_1ulamvz1kb1(ProcessDefinesTest.java:107)
	at com.google.javascript.jscomp.ProcessDefinesTest.testDefineOnlyFunction380(ProcessDefinesTest.java:106)
</failure>
  </testcase>
  <testcase classname="com.google.javascript.jscomp.ProcessDefinesTest" name="testNamespacedDefine1381" time="0.003">
    <failure message="expected:&lt;JSC_NON_GLOBAL_DEFINE_INIT_ERROR: @define variable {0} assignment must be global&gt; but was:&lt;JSC_UNKNOWN_DEFINE_WARNING: unknown @define variable {0}&gt;" type="junit.framework.AssertionFailedError">junit.framework.AssertionFailedError: expected:&lt;JSC_NON_GLOBAL_DEFINE_INIT_ERROR: @define variable {0} assignment must be global&gt; but was:&lt;JSC_UNKNOWN_DEFINE_WARNING: unknown @define variable {0}&gt;
	at com.google.javascript.jscomp.CompilerTestCase.test(CompilerTestCase.java:858)
	at com.google.javascript.jscomp.CompilerTestCase.test(CompilerTestCase.java:447)
	at com.google.javascript.jscomp.CompilerTestCase.test(CompilerTestCase.java:373)
	at com.google.javascript.jscomp.ProcessDefinesTest.__CLR4_4_1xkm8zc1kb7(ProcessDefinesTest.java:115)
	at com.google.javascript.jscomp.ProcessDefinesTest.testNamespacedDefine1381(ProcessDefinesTest.java:113)
</failure>
  </testcase>
  <testcase classname="com.google.javascript.jscomp.ProcessDefinesTest" name="testDefineBadType383" time="0.002" />
  <testcase classname="com.google.javascript.jscomp.ProcessDefinesTest" name="testDefineOnlyFunction374" time="0.004">
    <failure message="@define variable DEF assignment must be global&#xa; expected:&lt;JSC_INVALID_DEFINE_TYPE_ERROR: @define tag only permits literal types&gt; but was:&lt;JSC_NON_GLOBAL_DEFINE_INIT_ERROR: @define variable {0} assignment must be global&gt;" type="junit.framework.AssertionFailedError">junit.framework.AssertionFailedError: @define variable DEF assignment must be global
 expected:&lt;JSC_INVALID_DEFINE_TYPE_ERROR: @define tag only permits literal types&gt; but was:&lt;JSC_NON_GLOBAL_DEFINE_INIT_ERROR: @define variable {0} assignment must be global&gt;
	at com.google.javascript.jscomp.CompilerTestCase.test(CompilerTestCase.java:948)
	at com.google.javascript.jscomp.CompilerTestCase.test(CompilerTestCase.java:447)
	at com.google.javascript.jscomp.CompilerTestCase.test(CompilerTestCase.java:373)
	at com.google.javascript.jscomp.CompilerTestCase.test(CompilerTestCase.java:342)
	at com.google.javascript.jscomp.ProcessDefinesTest.__CLR4_4_1npydpi1kaj(ProcessDefinesTest.java:84)
	at com.google.javascript.jscomp.ProcessDefinesTest.testDefineOnlyFunction374(ProcessDefinesTest.java:83)
</failure>
  </testcase>
  <testcase classname="com.google.javascript.jscomp.ProcessDefinesTest" name="testAssignBeforeDeclaration1375" time="0.003">
    <failure message="There should be one error.  expected:&lt;1&gt; but was:&lt;0&gt;" type="junit.framework.AssertionFailedError">junit.framework.AssertionFailedError: There should be one error.  expected:&lt;1&gt; but was:&lt;0&gt;
	at com.google.javascript.jscomp.CompilerTestCase.test(CompilerTestCase.java:946)
	at com.google.javascript.jscomp.CompilerTestCase.test(CompilerTestCase.java:447)
	at com.google.javascript.jscomp.CompilerTestCase.test(CompilerTestCase.java:373)
	at com.google.javascript.jscomp.CompilerTestCase.test(CompilerTestCase.java:342)
	at com.google.javascript.jscomp.ProcessDefinesTest.__CLR4_4_1hjrktb1kao(ProcessDefinesTest.java:90)
	at com.google.javascript.jscomp.ProcessDefinesTest.testAssignBeforeDeclaration1375(ProcessDefinesTest.java:89)
</failure>
  </testcase>
  <testcase classname="com.google.javascript.jscomp.ProcessDefinesTest" name="testAssignBeforeDeclaration1376" time="0.003" />
  <testcase classname="com.google.javascript.jscomp.ProcessDefinesTest" name="testDefineOnlyFunction377" time="0.007" />
  <system-out><![CDATA[]]></system-out>
  <system-err><![CDATA[]]></system-err>
</testsuite>
