<?xml version="1.0" encoding="UTF-8" ?>
<testsuite errors="0" failures="7" hostname="sepehr-UX310UQK" name="com.google.javascript.jscomp.ProcessDefinesTest" skipped="0" tests="11" time="0.041" timestamp="2023-01-12T08:54:10">
  <properties>
    <property name="java.vendor" value="Private Build" />
    <property name="lib.dir" value="/home/sepehr/masters/test_generation/model_generated_coverage/Closure1f_automated/lib" />
    <property name="sun.java.launcher" value="SUN_STANDARD" />
    <property name="sun.management.compiler" value="HotSpot 64-Bit Tiered Compilers" />
    <property name="os.name" value="Linux" />
    <property name="clover.historical.json" value="true" />
    <property name="sun.boot.class.path" value="/usr/lib/jvm/java-8-openjdk-amd64/jre/lib/resources.jar:/usr/lib/jvm/java-8-openjdk-amd64/jre/lib/rt.jar:/usr/lib/jvm/java-8-openjdk-amd64/jre/lib/sunrsasign.jar:/usr/lib/jvm/java-8-openjdk-amd64/jre/lib/jsse.jar:/usr/lib/jvm/java-8-openjdk-amd64/jre/lib/jce.jar:/usr/lib/jvm/java-8-openjdk-amd64/jre/lib/charsets.jar:/usr/lib/jvm/java-8-openjdk-amd64/jre/lib/jfr.jar:/usr/lib/jvm/java-8-openjdk-amd64/jre/classes" />
    <property name="build.svnVersion" value="Unversioned directory" />
    <property name="sun.desktop" value="gnome" />
    <property name="maven-repository-id" value="sonatype-nexus-staging" />
    <property name="java.vm.specification.vendor" value="Oracle Corporation" />
    <property name="ant.home" value="/usr/share/ant" />
    <property name="jsonml-jarfile" value="/home/sepehr/masters/test_generation/model_generated_coverage/Closure1f_automated/build/secure_compiler.jar" />
    <property name="java.runtime.version" value="1.8.0_352-8u352-ga-1~20.04-b08" />
    <property name="gen.dir" value="/home/sepehr/masters/test_generation/model_generated_coverage/Closure1f_automated/gen" />
    <property name="clover.project.historydir" value="/home/sepehr/masters/test_generation/model_generated_coverage/Closure1f_automated/.cloverhistory/compiler" />
    <property name="clover.flushinterval" value="100" />
    <property name="user.name" value="sepehr" />
    <property name="ant.file.compiler" value="/home/sepehr/masters/test_generation/model_generated_coverage/Closure1f_automated/build.xml" />
    <property name="build.dir" value="/home/sepehr/masters/test_generation/model_generated_coverage/Closure1f_automated/build" />
    <property name="jsonml.dir" value="/home/sepehr/masters/test_generation/model_generated_coverage/Closure1f_automated/src/com/google/javascript/jscomp/jsonml" />
    <property name="ant.build.javac.target" value="1.6" />
    <property name="stylesheetfile" value="/home/sepehr/masters/test_generation/model_generated_coverage/Closure1f_automated/build/javadoc/dev_javadoc.css" />
    <property name="user.language" value="en" />
    <property name="sun.boot.library.path" value="/usr/lib/jvm/java-8-openjdk-amd64/jre/lib/amd64" />
    <property name="ant.project.default-target" value="jar" />
    <property name="ant.project.name" value="compiler" />
    <property name="java.version" value="1.8.0_352" />
    <property name="user.timezone" value="" />
    <property name="sun.arch.data.model" value="64" />
    <property name="java.endorsed.dirs" value="/usr/lib/jvm/java-8-openjdk-amd64/jre/lib/endorsed" />
    <property name="sun.cpu.isalist" value="" />
    <property name="sun.jnu.encoding" value="UTF-8" />
    <property name="file.encoding.pkg" value="sun.io" />
    <property name="file.separator" value="/" />
    <property name="java.specification.name" value="Java Platform API Specification" />
    <property name="protoc.executable" value="protoc" />
    <property name="classes.dir" value="/home/sepehr/masters/test_generation/model_generated_coverage/Closure1f_automated/build/classes" />
    <property name="clover.initstring" value="/home/sepehr/masters/test_generation/model_generated_coverage/Closure1f_automated/.clover/clover4_4_1.db" />
    <property name="java.class.version" value="52.0" />
    <property name="testClasses.dir" value="/home/sepehr/masters/test_generation/model_generated_coverage/Closure1f_automated/build/test" />
    <property name="user.country" value="US" />
    <property name="jsonml-classes.dir" value="/home/sepehr/masters/test_generation/model_generated_coverage/Closure1f_automated/build/jsonml-classes" />
    <property name="java.home" value="/usr/lib/jvm/java-8-openjdk-amd64/jre" />
    <property name="clover.dir" value="/home/sepehr/masters/test_generation/model_generated_coverage/Closure1f_automated/clover" />
    <property name="java.vm.info" value="mixed mode" />
    <property name="externs.dir" value="/home/sepehr/masters/test_generation/model_generated_coverage/Closure1f_automated/externs" />
    <property name="ant.file" value="/home/sepehr/masters/test_generation/model_generated_coverage/Closure1f_automated/build.xml" />
    <property name="os.version" value="5.15.0-57-generic" />
    <property name="javac.debug" value="on" />
    <property name="path.separator" value=":" />
    <property name="java.vm.version" value="25.352-b08" />
    <property name="num-fuzz-tests" value="10000" />
    <property name="ant.library.dir" value="/usr/share/ant/lib" />
    <property name="clover.jar" value="/home/sepehr/masters/test_generation/model_generated_coverage/Closure1f_automated/${clover.home}/clover.jar" />
    <property name="java.awt.printerjob" value="sun.print.PSPrinterJob" />
    <property name="webservice-jarfile" value="/home/sepehr/masters/test_generation/model_generated_coverage/Closure1f_automated/build/webservice.jar" />
    <property name="sun.io.unicode.encoding" value="UnicodeLittle" />
    <property name="test.fork" value="true" />
    <property name="webservice.dir" value="/home/sepehr/masters/test_generation/model_generated_coverage/Closure1f_automated/src/com/google/javascript/jscomp/webservice" />
    <property name="java.specification.maintenance.version" value="4" />
    <property name="awt.toolkit" value="sun.awt.X11.XToolkit" />
    <property name="buildlib.dir" value="/home/sepehr/masters/test_generation/model_generated_coverage/Closure1f_automated/build/lib" />
    <property name="ant.build.javac.source" value="1.6" />
    <property name="user.home" value="/home/sepehr" />
    <property name="java.specification.vendor" value="Oracle Corporation" />
    <property name="test.dir" value="/home/sepehr/masters/test_generation/model_generated_coverage/Closure1f_automated/test" />
    <property name="clover.dest" value="/home/sepehr/masters/test_generation/model_generated_coverage/Closure1f_automated/clover/compiler" />
    <property name="clover.span" value="1day" />
    <property name="java.library.path" value="/usr/java/packages/lib/amd64:/usr/lib/x86_64-linux-gnu/jni:/lib/x86_64-linux-gnu:/usr/lib/x86_64-linux-gnu:/usr/lib/jni:/lib:/usr/lib" />
    <property name="java.vendor.url" value="http://java.oracle.com/" />
    <property name="test.target" value="test" />
    <property name="java.vm.vendor" value="Private Build" />
    <property name="java.runtime.name" value="OpenJDK Runtime Environment" />
    <property name="ant.version" value="Apache Ant(TM) version 1.10.7 compiled on October 24 2019" />
    <property name="java.class.path" value="/home/sepehr/masters/test_generation/model_generated_coverage/Closure1f_automated/build/classes:/home/sepehr/masters/test_generation/model_generated_coverage/Closure1f_automated/lib/ant-launcher.jar:/home/sepehr/masters/test_generation/model_generated_coverage/Closure1f_automated/lib/ant.jar:/home/sepehr/masters/test_generation/model_generated_coverage/Closure1f_automated/lib/args4j.jar:/home/sepehr/masters/test_generation/model_generated_coverage/Closure1f_automated/lib/caja-r4314.jar:/home/sepehr/masters/test_generation/model_generated_coverage/Closure1f_automated/lib/guava.jar:/home/sepehr/masters/test_generation/model_generated_coverage/Closure1f_automated/lib/jarjar.jar:/home/sepehr/masters/test_generation/model_generated_coverage/Closure1f_automated/lib/json.jar:/home/sepehr/masters/test_generation/model_generated_coverage/Closure1f_automated/lib/jsr305.jar:/home/sepehr/masters/test_generation/model_generated_coverage/Closure1f_automated/lib/junit.jar:/home/sepehr/masters/test_generation/model_generated_coverage/Closure1f_automated/lib/protobuf-java.jar:/home/sepehr/masters/test_generation/model_generated_coverage/Closure1f_automated/build/lib/rhino.jar:/home/sepehr/masters/test_generation/model_generated_coverage/Closure1f_automated/build/test:/home/sepehr/.ant/lib/clover.jar:/home/sepehr/.ant/lib/evosuite-1.0.6.jar:/usr/share/java/ant-launcher-1.10.7.jar:/usr/share/ant/lib/ant.jar:/usr/share/ant/lib/ant-junit.jar:/usr/share/ant/lib/ant-junit4.jar" />
    <property name="sun.java.command" value="org.apache.tools.ant.taskdefs.optional.junit.JUnitTestRunner testsfile=/home/sepehr/masters/test_generation/model_generated_coverage/Closure1f_automated/junittestcases8513822732837338648.properties skipNonTests=false filtertrace=true haltOnError=false haltOnFailure=false formatter=org.apache.tools.ant.taskdefs.optional.junit.SummaryJUnitResultFormatter showoutput=true outputtoformatters=true logfailedtests=true threadid=0 logtestlistenerevents=false formatter=org.apache.tools.ant.taskdefs.optional.junit.BriefJUnitResultFormatter formatter=org.apache.tools.ant.taskdefs.optional.junit.XMLJUnitResultFormatter,/home/sepehr/masters/test_generation/model_generated_coverage/Closure1f_automated/build/testoutput/IGNORETHIS.xml crashfile=/home/sepehr/masters/test_generation/model_generated_coverage/Closure1f_automated/junitvmwatcher7509918879697969352.properties propsfile=/home/sepehr/masters/test_generation/model_generated_coverage/Closure1f_automated/junit2943028831606717450.properties" />
    <property name="project.name" value="compiler" />
    <property name="test.class" value="*Test" />
    <property name="java.vm.specification.name" value="Java Virtual Machine Specification" />
    <property name="clover.snapshot.file" value="/home/sepehr/masters/test_generation/model_generated_coverage/Closure1f_automated/.cloverhistory/compiler/clover.snapshot" />
    <property name="ant.file.type" value="file" />
    <property name="java.vm.specification.version" value="1.8" />
    <property name="sun.os.patch.level" value="unknown" />
    <property name="sun.cpu.endian" value="little" />
    <property name="java.io.tmpdir" value="/tmp" />
    <property name="project.title" value="compiler" />
    <property name="java.vendor.url.bug" value="http://bugreport.sun.com/bugreport/" />
    <property name="java.awt.graphicsenv" value="sun.awt.X11GraphicsEnvironment" />
    <property name="os.arch" value="amd64" />
    <property name="clover.jarpath" value="/home/sepehr/.ant/lib/clover.jar" />
    <property name="maven-repository-url" value="https://oss.sonatype.org/service/local/staging/deploy/maven2/" />
    <property name="webservice-classes.dir" value="/home/sepehr/masters/test_generation/model_generated_coverage/Closure1f_automated/build/webservice-classes" />
    <property name="java.ext.dirs" value="/usr/lib/jvm/java-8-openjdk-amd64/jre/lib/ext:/usr/java/packages/lib/ext" />
    <property name="user.dir" value="/home/sepehr/masters/test_generation/model_generated_coverage/Closure1f_automated" />
    <property name="ant.file.type.compiler" value="file" />
    <property name="line.separator" value="&#xa;" />
    <property name="java.vm.name" value="OpenJDK 64-Bit Server VM" />
    <property name="basedir" value="/home/sepehr/masters/test_generation/model_generated_coverage/Closure1f_automated" />
    <property name="ant.java.version" value="1.8" />
    <property name="ant.core.lib" value="/usr/share/ant/lib/ant.jar" />
    <property name="file.encoding" value="UTF-8" />
    <property name="closure.build.dir" value="/home/sepehr/masters/test_generation/model_generated_coverage/Closure1f_automated/build" />
    <property name="build.compiler" value="com.atlassian.clover.ant.taskdefs.CloverCompilerAdapter" />
    <property name="compiler-jarfile" value="/home/sepehr/masters/test_generation/model_generated_coverage/Closure1f_automated/build/compiler.jar" />
    <property name="clover.historydir" value="/home/sepehr/masters/test_generation/model_generated_coverage/Closure1f_automated/.cloverhistory" />
    <property name="java.specification.version" value="1.8" />
    <property name="src.dir" value="/home/sepehr/masters/test_generation/model_generated_coverage/Closure1f_automated/src" />
    <property name="ant.project.invoked-targets" value="with.clover,test,clover.report" />
    <property name="javadoc.dir" value="/home/sepehr/masters/test_generation/model_generated_coverage/Closure1f_automated/build/javadoc" />
    <property name="tools.dir" value="/home/sepehr/masters/test_generation/model_generated_coverage/Closure1f_automated/tools" />
    <property name="clover.flushpolicy" value="directed" />
  </properties>
  <testcase classname="com.google.javascript.jscomp.ProcessDefinesTest" name="testDefineOnlyFunction2" time="0.004">
    <failure message="@define variable DEF assignment must be global&#xa; expected:&lt;JSC_INVALID_DEFINE_TYPE_ERROR: @define tag only permits literal types&gt; but was:&lt;JSC_NON_GLOBAL_DEFINE_INIT_ERROR: @define variable {0} assignment must be global&gt;" type="junit.framework.AssertionFailedError">junit.framework.AssertionFailedError: @define variable DEF assignment must be global
 expected:&lt;JSC_INVALID_DEFINE_TYPE_ERROR: @define tag only permits literal types&gt; but was:&lt;JSC_NON_GLOBAL_DEFINE_INIT_ERROR: @define variable {0} assignment must be global&gt;
	at com.google.javascript.jscomp.CompilerTestCase.test(CompilerTestCase.java:948)
	at com.google.javascript.jscomp.CompilerTestCase.test(CompilerTestCase.java:447)
	at com.google.javascript.jscomp.CompilerTestCase.test(CompilerTestCase.java:373)
	at com.google.javascript.jscomp.CompilerTestCase.test(CompilerTestCase.java:342)
	at com.google.javascript.jscomp.ProcessDefinesTest.__CLR4_4_1g1o4hk1ka9(ProcessDefinesTest.java:71)
	at com.google.javascript.jscomp.ProcessDefinesTest.testDefineOnlyFunction2(ProcessDefinesTest.java:70)
</failure>
  </testcase>
  <testcase classname="com.google.javascript.jscomp.ProcessDefinesTest" name="testAssignInNonGlobalScope45" time="0.002" />
  <testcase classname="com.google.javascript.jscomp.ProcessDefinesTest" name="testAssignBeforeDeclaration1372" time="0.005">
    <failure message="@define variable DEF cannot be reassigned due to code at line 1 of testcode.&#xa; expected:&lt;JSC_INVALID_DEFINE_TYPE_ERROR: @define tag only permits literal types&gt; but was:&lt;JSC_DEFINE_NOT_ASSIGNABLE_ERROR: @define variable {0} cannot be reassigned due to code at {1}.&gt;" type="junit.framework.AssertionFailedError">junit.framework.AssertionFailedError: @define variable DEF cannot be reassigned due to code at line 1 of testcode.
 expected:&lt;JSC_INVALID_DEFINE_TYPE_ERROR: @define tag only permits literal types&gt; but was:&lt;JSC_DEFINE_NOT_ASSIGNABLE_ERROR: @define variable {0} cannot be reassigned due to code at {1}.&gt;
	at com.google.javascript.jscomp.CompilerTestCase.test(CompilerTestCase.java:948)
	at com.google.javascript.jscomp.CompilerTestCase.test(CompilerTestCase.java:447)
	at com.google.javascript.jscomp.CompilerTestCase.test(CompilerTestCase.java:373)
	at com.google.javascript.jscomp.CompilerTestCase.test(CompilerTestCase.java:342)
	at com.google.javascript.jscomp.ProcessDefinesTest.__CLR4_4_1rarh6q1kah(ProcessDefinesTest.java:81)
	at com.google.javascript.jscomp.ProcessDefinesTest.testAssignBeforeDeclaration1372(ProcessDefinesTest.java:80)
</failure>
  </testcase>
  <testcase classname="com.google.javascript.jscomp.ProcessDefinesTest" name="testNamespacedDefine1379" time="0.003">
    <failure message="expected:&lt;JSC_NON_GLOBAL_DEFINE_INIT_ERROR: @define variable {0} assignment must be global&gt; but was:&lt;JSC_UNKNOWN_DEFINE_WARNING: unknown @define variable {0}&gt;" type="junit.framework.AssertionFailedError">junit.framework.AssertionFailedError: expected:&lt;JSC_NON_GLOBAL_DEFINE_INIT_ERROR: @define variable {0} assignment must be global&gt; but was:&lt;JSC_UNKNOWN_DEFINE_WARNING: unknown @define variable {0}&gt;
	at com.google.javascript.jscomp.CompilerTestCase.test(CompilerTestCase.java:858)
	at com.google.javascript.jscomp.CompilerTestCase.test(CompilerTestCase.java:447)
	at com.google.javascript.jscomp.CompilerTestCase.test(CompilerTestCase.java:373)
	at com.google.javascript.jscomp.ProcessDefinesTest.__CLR4_4_1tur2rl1kax(ProcessDefinesTest.java:103)
	at com.google.javascript.jscomp.ProcessDefinesTest.testNamespacedDefine1379(ProcessDefinesTest.java:101)
</failure>
  </testcase>
  <testcase classname="com.google.javascript.jscomp.ProcessDefinesTest" name="testDefineOnlyFunction380" time="0.003">
    <failure message="@define variable DEF assignment must be global&#xa; expected:&lt;JSC_INVALID_DEFINE_TYPE_ERROR: @define tag only permits literal types&gt; but was:&lt;JSC_NON_GLOBAL_DEFINE_INIT_ERROR: @define variable {0} assignment must be global&gt;" type="junit.framework.AssertionFailedError">junit.framework.AssertionFailedError: @define variable DEF assignment must be global
 expected:&lt;JSC_INVALID_DEFINE_TYPE_ERROR: @define tag only permits literal types&gt; but was:&lt;JSC_NON_GLOBAL_DEFINE_INIT_ERROR: @define variable {0} assignment must be global&gt;
	at com.google.javascript.jscomp.CompilerTestCase.test(CompilerTestCase.java:948)
	at com.google.javascript.jscomp.CompilerTestCase.test(CompilerTestCase.java:447)
	at com.google.javascript.jscomp.CompilerTestCase.test(CompilerTestCase.java:373)
	at com.google.javascript.jscomp.CompilerTestCase.test(CompilerTestCase.java:342)
	at com.google.javascript.jscomp.ProcessDefinesTest.__CLR4_4_1ulamvz1kb1(ProcessDefinesTest.java:107)
	at com.google.javascript.jscomp.ProcessDefinesTest.testDefineOnlyFunction380(ProcessDefinesTest.java:106)
</failure>
  </testcase>
  <testcase classname="com.google.javascript.jscomp.ProcessDefinesTest" name="testNamespacedDefine1381" time="0.003">
    <failure message="expected:&lt;JSC_NON_GLOBAL_DEFINE_INIT_ERROR: @define variable {0} assignment must be global&gt; but was:&lt;JSC_UNKNOWN_DEFINE_WARNING: unknown @define variable {0}&gt;" type="junit.framework.AssertionFailedError">junit.framework.AssertionFailedError: expected:&lt;JSC_NON_GLOBAL_DEFINE_INIT_ERROR: @define variable {0} assignment must be global&gt; but was:&lt;JSC_UNKNOWN_DEFINE_WARNING: unknown @define variable {0}&gt;
	at com.google.javascript.jscomp.CompilerTestCase.test(CompilerTestCase.java:858)
	at com.google.javascript.jscomp.CompilerTestCase.test(CompilerTestCase.java:447)
	at com.google.javascript.jscomp.CompilerTestCase.test(CompilerTestCase.java:373)
	at com.google.javascript.jscomp.ProcessDefinesTest.__CLR4_4_1xkm8zc1kb7(ProcessDefinesTest.java:115)
	at com.google.javascript.jscomp.ProcessDefinesTest.testNamespacedDefine1381(ProcessDefinesTest.java:113)
</failure>
  </testcase>
  <testcase classname="com.google.javascript.jscomp.ProcessDefinesTest" name="testDefineBadType383" time="0.002" />
  <testcase classname="com.google.javascript.jscomp.ProcessDefinesTest" name="testDefineOnlyFunction374" time="0.004">
    <failure message="@define variable DEF assignment must be global&#xa; expected:&lt;JSC_INVALID_DEFINE_TYPE_ERROR: @define tag only permits literal types&gt; but was:&lt;JSC_NON_GLOBAL_DEFINE_INIT_ERROR: @define variable {0} assignment must be global&gt;" type="junit.framework.AssertionFailedError">junit.framework.AssertionFailedError: @define variable DEF assignment must be global
 expected:&lt;JSC_INVALID_DEFINE_TYPE_ERROR: @define tag only permits literal types&gt; but was:&lt;JSC_NON_GLOBAL_DEFINE_INIT_ERROR: @define variable {0} assignment must be global&gt;
	at com.google.javascript.jscomp.CompilerTestCase.test(CompilerTestCase.java:948)
	at com.google.javascript.jscomp.CompilerTestCase.test(CompilerTestCase.java:447)
	at com.google.javascript.jscomp.CompilerTestCase.test(CompilerTestCase.java:373)
	at com.google.javascript.jscomp.CompilerTestCase.test(CompilerTestCase.java:342)
	at com.google.javascript.jscomp.ProcessDefinesTest.__CLR4_4_1npydpi1kaj(ProcessDefinesTest.java:84)
	at com.google.javascript.jscomp.ProcessDefinesTest.testDefineOnlyFunction374(ProcessDefinesTest.java:83)
</failure>
  </testcase>
  <testcase classname="com.google.javascript.jscomp.ProcessDefinesTest" name="testAssignBeforeDeclaration1375" time="0.003">
    <failure message="There should be one error.  expected:&lt;1&gt; but was:&lt;0&gt;" type="junit.framework.AssertionFailedError">junit.framework.AssertionFailedError: There should be one error.  expected:&lt;1&gt; but was:&lt;0&gt;
	at com.google.javascript.jscomp.CompilerTestCase.test(CompilerTestCase.java:946)
	at com.google.javascript.jscomp.CompilerTestCase.test(CompilerTestCase.java:447)
	at com.google.javascript.jscomp.CompilerTestCase.test(CompilerTestCase.java:373)
	at com.google.javascript.jscomp.CompilerTestCase.test(CompilerTestCase.java:342)
	at com.google.javascript.jscomp.ProcessDefinesTest.__CLR4_4_1hjrktb1kao(ProcessDefinesTest.java:90)
	at com.google.javascript.jscomp.ProcessDefinesTest.testAssignBeforeDeclaration1375(ProcessDefinesTest.java:89)
</failure>
  </testcase>
  <testcase classname="com.google.javascript.jscomp.ProcessDefinesTest" name="testAssignBeforeDeclaration1376" time="0.003" />
  <testcase classname="com.google.javascript.jscomp.ProcessDefinesTest" name="testDefineOnlyFunction377" time="0.007" />
  <system-out><![CDATA[]]></system-out>
  <system-err><![CDATA[]]></system-err>
</testsuite>
