Testsuite: org.apache.commons.lang3.AnnotationUtilsTest
Tests run: 7, Failures: 0, Errors: 2, Skipped: 0, Time elapsed: 0.062 sec

Testcase: testNonEquivalentAnnotationsOfSameType295 took 0.036 sec
Testcase: testToString294 took 0.003 sec
	Caused an ERROR
org.apache.commons.lang3.AnnotationUtilsTest.testToString()
java.lang.NoSuchMethodException: org.apache.commons.lang3.AnnotationUtilsTest.testToString()
	at java.lang.Class.getDeclaredMethod(Class.java:2130)
	at org.apache.commons.lang3.AnnotationUtilsTest.testToString294(AnnotationUtilsTest.java:399)
	at java.util.concurrent.FutureTask.run(FutureTask.java:266)
	at java.lang.Thread.run(Thread.java:750)

Testcase: testEquivalence299 took 0.001 sec
Testcase: testOneArgNull1122 took 0 sec
Testcase: testAnnotationsOfDifferingTypes297 took 0 sec
Testcase: testHashCode298 took 0.001 sec
	Caused an ERROR
org.apache.commons.lang3.AnnotationUtilsTest.testHashCode()
java.lang.NoSuchMethodException: org.apache.commons.lang3.AnnotationUtilsTest.testHashCode()
	at java.lang.Class.getDeclaredMethod(Class.java:2130)
	at org.apache.commons.lang3.AnnotationUtilsTest.testHashCode298(AnnotationUtilsTest.java:423)
	at java.util.concurrent.FutureTask.run(FutureTask.java:266)
	at java.lang.Thread.run(Thread.java:750)

Testcase: testSameInstance296 took 0 sec
