<!DOCTYPE html>
<html xmlns="http://www.w3.org/1999/xhtml" xml:lang="en" lang="en">
<head>
    <meta http-equiv="Content-Type" content="text/html; charset=UTF-8"/>

    
    
    <link rel="SHORTCUT ICON" href="../../../img/clover.ico" />

    <link rel="stylesheet" href="../../../aui/css/aui.min.css" media="all"/>
    <link rel="stylesheet" href="../../../aui/css/aui-experimental.min.css" media="all"/>
    <!--[if IE 9]><link rel="stylesheet" href="../../../aui/css/aui-ie9.min.css" media="all"/><![endif]-->

    <style type="text/css" media="all">
        @import url('../../../style.css');
        @import url('../../../tree.css');
        
    </style>

    <script src="../../../jquery-1.8.3.min.js" type="text/javascript"></script>
    <script src="../../../aui/js/aui.min.js" type="text/javascript"></script>
    <script src="../../../aui/js/aui-experimental.min.js" type="text/javascript"></script>
    <script src="../../../aui/js/aui-soy.min.js" type="text/javascript"></script>

    <script src="../../../package-nodes-tree.js" type="text/javascript"></script>
    <script src="../../../clover-tree.js" type="text/javascript"></script>
    <script src="../../../clover.js" type="text/javascript"></script>
    <script src="../../../clover-descriptions.js" type="text/javascript"></script>
    <script src="../../../cloud.js" type="text/javascript"></script>

            <title>jsoup</title>
    </head>

<body>
    <div id="page">
        
        


<header id="header" role="banner">
    <nav class="aui-header aui-dropdown2-trigger-group" role="navigation">
        <div class="aui-header-inner">
            <div class="aui-header-primary">
                <h1 id="logo" class="aui-header-logo aui-header-logo-clover">
                    <a href="http://openclover.org" title="Visit OpenClover home page"><span class="aui-header-logo-device">OpenClover</span></a>
                </h1>
                                <ul class="aui-nav">
                    <li>
                        <a href="#dropdown2-jira3" aria-owns="dropdown2-jira3" aria-haspopup="true"
                           class="aui-dropdown2-trigger" aria-controls="dropdown2-header7">
                            Linked reports
                            <span class="aui-icon-dropdown"></span>
                        </a>

                        <div class="aui-dropdown2 aui-style-default aui-dropdown2-in-header" id="dropdown2-jira3"
                             style="display: none; top: 40px; min-width: 160px; left: 1213px; " aria-hidden="true">
                            <div class="aui-dropdown2-section">
                                <ul>
                                                                                                                <li><a href="../../../historical.html">jsoup-Historical</a></li>
                                                                    </ul>
                            </div>
                        </div>
                    </li>
                </ul>
                            </div>
            <div class="aui-header-secondary">
                <ul class="aui-nav">
                    <li id="system-help-menu">
                        <a class="aui-nav-link" title="Open online documentation" target="_blank"
                           href="http://openclover.org/documentation">
                            <span class="aui-icon aui-icon-small aui-iconfont-help">&#160;Help</span>
                        </a>
                    </li>
                </ul>
            </div>
        </div>
    </nav>
</header>
        
        <div class="aui-page-panel">
            <div class="aui-page-panel-inner">
                <div class="aui-page-panel-nav aui-page-panel-nav-clover">
                    

<div class="aui-page-header-inner" style="margin-bottom: 20px;">
    <div class="aui-page-header-image">
                <div class="aui-avatar aui-avatar-large aui-avatar-project">
            <div class="aui-avatar-inner">
                                    <img src="../../../img/clover_logo_large.png" alt="Clover icon"/>
                            </div>
        </div>
            </div>
    <div class="aui-page-header-main" >
        <h1>
                                        jsoup
                                </h1>
    </div>
</div>

<nav class="aui-navgroup aui-navgroup-vertical">
    <div class="aui-navgroup-inner">
                                            <ul class="aui-nav">
                <li class="">
                    <a href="../../../dashboard.html">Project overview</a>
                </li>
            </ul>
        
                <div class="aui-nav-heading packages-nav-heading">
            <strong>Packages</strong>
        </div>
        <div class="aui-nav project-packages">
            <form method="get" action="#" class="aui package-filter-container">
                <input type="text" autocomplete="off" class="package-filter text"
                       placeholder="Type to filter packages..." name="package-filter" id="package-filter"
                       title="Start typing package name (or part of the name) to search through the tree. Use arrow keys and the Enter key to navigate."/>
            </form>
            <p class="package-filter-no-results-message hidden">
                <small>No results found.</small>
            </p>
                                                <div class="packages-tree-wrapper" data-root-relative="../../../" data-package-name="org.jsoup.select">
                <div class="packages-tree-container"></div>
                <div class="clover-packages-lozenges"></div>
            </div>
        </div>
        
            </div>
</nav>                </div>
                <section class="aui-page-panel-content">
                    <div class="aui-page-panel-content-clover">

                    
                    <div class="aui-page-header-main"><ol class="aui-nav aui-nav-breadcrumbs">
    
    <li><a href="../../../dashboard.html"> Project Clover database Thu Feb 9 2023 12:41:54 MST</a></li>
     <li><a href="test-pkg-summary.html">Package org.jsoup.select</a></li>
</ol></div>
    
<h1 class="aui-h2-clover">
            
        Class ElementsTest
    </h1>


 
<div class="aui-tabs horizontal-tabs" id="tabs-file">
    <ul class="tabs-menu">
        <li class="menu-item">
            <a href="ElementsTest.html"><strong>Source file</strong></a>
        </li>
        <li class="menu-item active-tab">
            <a href="#tabs-file-test-results"><strong>Test results</strong></a>
        </li>
    </ul>
    <div class="tabs-pane aui-tabs-pane-100-pcnt active-pane" id="tabs-file-test-results">
        <div>&#160;</div>




<table id="testClassSummaryTable" class="aui">
<thead>
    <tr>
        <th width="40%"><label>Class</label></th>
        <th width="10%"><label title="Total number of tests (or test iterations) executed.">Tests</label></th>
        <th width="10%"><label title="Number of failed tests">Fail</label></th>
        <th width="10%"><label title="Number of test errors">Error</label></th>
        <th width="10%">
            <label title="The total time in seconds taken to run this set of tests.">Time (secs)</label>
        </th>
        <th width="20%"><label>% Tests Success</label></th>
    </tr>
</thead>
<tbody>
    <tr>
        <td>ElementsTest</td>
        <td class="testPasses"><span class="sortValue">14</span>14</td>
<td class="testFailures"><span class="sortValue">12</span>12</td>
<td class=""><span class="sortValue">0</span>0</td>
        <td>0.048</td>
        <td class="align-middle">
            

<div style="display: table; width: 100%">
            <div class="barGraphValue"><span class="sortValue">0.14285715</span>14.3%</div>         <div style="display: table-cell">
            
            <div title="0% Errors" style="min-width: 40px;" class="testBarError">
                <div title="14.3% of tests passed&lt;br/&gt;85.7% of tests failed" class="testBarFail" style="width: 100%"><div class="testBarPass" style="width: 14.3%"></div></div>
            </div>
        </div>
    </div>        </td>
    </tr>
</tbody>
</table>

<div>&#160;</div>

<table id="testClassTestsTable" class="aui aui-table-sortable">
<thead>
    <tr>
        <th width="40%">
            <label title="Tests (or test iterations) which were executed.">Tests</label>
        </th>
        <th width="10%"><label>Started</label></th>
        <th width="10%"><label>Status</label></th>
        <th width="10%">
            <label title="The total time in seconds taken to run this set of tests.">Time (secs)</label>
        </th>
        <th width="30%"><label>Message</label></th>
    </tr>
</thead>
<tbody>


<tr>
    <td><span class="sortValue">ElementsTest.select1</span><a href="ElementsTest_select1_28.html">ElementsTest.select1</a></td>
    <td style="whitespace:nowrap;"><span class="sortValue">1675971718975</span>9 Feb 12:41:58</td>
    <td>      <span class="sortValue">3</span><span class="aui-lozenge aui-lozenge-error">FAIL</span>
  </td>
    <td><span class="sortValue">0.001</span>0.001</td>
    <td style="width:50%">
    <span class="sortValue">expected:&lt;3&gt;&#160;but&#160;was:&lt;4&gt;</span>
        <span class="expand" id="togglebut1" onclick="toggleNodeExpansion('togglebut1', 'msgc1', 'msge1');return false;">&#160;</span>
        <div class="errorMessage" id="msgc1">expected:&lt;3&gt;&#160;but&#160;was:&lt;4&gt;</div>
        <div class="errorMessage" id="msge1" style="display:none;"> <div>java.lang.AssertionError: expected:&lt;3&gt; but was:&lt;4&gt;</div><div> at org.junit.Assert.fail(Assert.java:91)</div><div> at org.junit.Assert.failNotEquals(Assert.java:618)</div><div> at org.junit.Assert.assertEquals(Assert.java:126)</div><div> at org.junit.Assert.assertEquals(Assert.java:443)</div><div> at org.junit.Assert.assertEquals(Assert.java:427)</div><div>	at <a href="../../../org/jsoup/select/ElementsTest.html?line=31#src-31">org.jsoup.select.ElementsTest.select1(ElementsTest.java:31)</a></div><div> at org.junit.runners.model.FrameworkMethod$1.runReflectiveCall(FrameworkMethod.java:44)</div><div> at org.junit.internal.runners.model.ReflectiveCallable.run(ReflectiveCallable.java:15)</div><div> at org.junit.runners.model.FrameworkMethod.invokeExplosively(FrameworkMethod.java:41)</div><div> at org.junit.internal.runners.statements.InvokeMethod.evaluate(InvokeMethod.java:20)</div><div> at org.junit.internal.runners.statements.RunBefores.evaluate(RunBefores.java:28)</div><div> at org.junit.internal.runners.statements.RunAfters.evaluate(RunAfters.java:31)</div><div> at org.junit.runners.BlockJUnit4ClassRunner.runChild(BlockJUnit4ClassRunner.java:73)</div><div> at org.junit.runners.BlockJUnit4ClassRunner.runChild(BlockJUnit4ClassRunner.java:46)</div><div> at org.junit.runners.ParentRunner.runChildren(ParentRunner.java:180)</div><div> at org.junit.runners.ParentRunner.access$000(ParentRunner.java:41)</div><div> at org.junit.runners.ParentRunner$1.evaluate(ParentRunner.java:173)</div><div> at org.junit.internal.runners.statements.RunBefores.evaluate(RunBefores.java:28)</div><div> at org.junit.internal.runners.statements.RunAfters.evaluate(RunAfters.java:31)</div><div> at org.junit.runners.ParentRunner.run(ParentRunner.java:220)</div><div> at junit.framework.JUnit4TestAdapter.run(JUnit4TestAdapter.java:39)</div></div>
        </td>
</tr>
<tr>
    <td><span class="sortValue">ElementsTest.val2</span><a href="ElementsTest_val2_26.html">ElementsTest.val2</a></td>
    <td style="whitespace:nowrap;"><span class="sortValue">1675971718982</span>9 Feb 12:41:58</td>
    <td>      <span class="sortValue">3</span><span class="aui-lozenge aui-lozenge-error">FAIL</span>
  </td>
    <td><span class="sortValue">0.001</span>0.001</td>
    <td style="width:50%">
    <span class="sortValue">expected:&lt;[on]e&gt;&#160;but&#160;was:&lt;[thre]e&gt;</span>
        <span class="expand" id="togglebut2" onclick="toggleNodeExpansion('togglebut2', 'msgc2', 'msge2');return false;">&#160;</span>
        <div class="errorMessage" id="msgc2">expected:&lt;[on]e&gt;&#160;but&#160;was:&lt;[thre]e&gt;</div>
        <div class="errorMessage" id="msge2" style="display:none;"> <div>org.junit.ComparisonFailure: expected:&lt;[on]e&gt; but was:&lt;[thre]e&gt;</div><div> at org.junit.Assert.assertEquals(Assert.java:123)</div><div> at org.junit.Assert.assertEquals(Assert.java:145)</div><div>	at <a href="../../../org/jsoup/select/ElementsTest.html?line=19#src-19">org.jsoup.select.ElementsTest.val2(ElementsTest.java:19)</a></div><div> at org.junit.runners.model.FrameworkMethod$1.runReflectiveCall(FrameworkMethod.java:44)</div><div> at org.junit.internal.runners.model.ReflectiveCallable.run(ReflectiveCallable.java:15)</div><div> at org.junit.runners.model.FrameworkMethod.invokeExplosively(FrameworkMethod.java:41)</div><div> at org.junit.internal.runners.statements.InvokeMethod.evaluate(InvokeMethod.java:20)</div><div> at org.junit.internal.runners.statements.RunBefores.evaluate(RunBefores.java:28)</div><div> at org.junit.internal.runners.statements.RunAfters.evaluate(RunAfters.java:31)</div><div> at org.junit.runners.BlockJUnit4ClassRunner.runChild(BlockJUnit4ClassRunner.java:73)</div><div> at org.junit.runners.BlockJUnit4ClassRunner.runChild(BlockJUnit4ClassRunner.java:46)</div><div> at org.junit.runners.ParentRunner.runChildren(ParentRunner.java:180)</div><div> at org.junit.runners.ParentRunner.access$000(ParentRunner.java:41)</div><div> at org.junit.runners.ParentRunner$1.evaluate(ParentRunner.java:173)</div><div> at org.junit.internal.runners.statements.RunBefores.evaluate(RunBefores.java:28)</div><div> at org.junit.internal.runners.statements.RunAfters.evaluate(RunAfters.java:31)</div><div> at org.junit.runners.ParentRunner.run(ParentRunner.java:220)</div><div> at junit.framework.JUnit4TestAdapter.run(JUnit4TestAdapter.java:39)</div></div>
        </td>
</tr>
<tr>
    <td><span class="sortValue">ElementsTest.hasText5</span><a href="ElementsTest_hasText5_g.html">ElementsTest.hasText5</a></td>
    <td style="whitespace:nowrap;"><span class="sortValue">1675971718958</span>9 Feb 12:41:58</td>
    <td>      <span class="sortValue">3</span><span class="aui-lozenge aui-lozenge-error">FAIL</span>
  </td>
    <td><span class="sortValue">0.004</span>0.004</td>
    <td style="width:50%">
    <span class="sortValue"></span>
        <span class="expand" id="togglebut3" onclick="toggleNodeExpansion('togglebut3', 'msgc3', 'msge3');return false;">&#160;</span>
        <div class="errorMessage" id="msgc3"></div>
        <div class="errorMessage" id="msge3" style="display:none;"> <div>java.lang.AssertionError: </div><div> at org.junit.Assert.fail(Assert.java:91)</div><div> at org.junit.Assert.assertTrue(Assert.java:43)</div><div> at org.junit.Assert.assertFalse(Assert.java:68)</div><div> at org.junit.Assert.assertFalse(Assert.java:79)</div><div>	at <a href="../../../org/jsoup/select/ElementsTest.html?line=23#src-23">org.jsoup.select.ElementsTest.hasText5(ElementsTest.java:23)</a></div><div> at org.junit.runners.model.FrameworkMethod$1.runReflectiveCall(FrameworkMethod.java:44)</div><div> at org.junit.internal.runners.model.ReflectiveCallable.run(ReflectiveCallable.java:15)</div><div> at org.junit.runners.model.FrameworkMethod.invokeExplosively(FrameworkMethod.java:41)</div><div> at org.junit.internal.runners.statements.InvokeMethod.evaluate(InvokeMethod.java:20)</div><div> at org.junit.internal.runners.statements.RunBefores.evaluate(RunBefores.java:28)</div><div> at org.junit.internal.runners.statements.RunAfters.evaluate(RunAfters.java:31)</div><div> at org.junit.runners.BlockJUnit4ClassRunner.runChild(BlockJUnit4ClassRunner.java:73)</div><div> at org.junit.runners.BlockJUnit4ClassRunner.runChild(BlockJUnit4ClassRunner.java:46)</div><div> at org.junit.runners.ParentRunner.runChildren(ParentRunner.java:180)</div><div> at org.junit.runners.ParentRunner.access$000(ParentRunner.java:41)</div><div> at org.junit.runners.ParentRunner$1.evaluate(ParentRunner.java:173)</div><div> at org.junit.internal.runners.statements.RunBefores.evaluate(RunBefores.java:28)</div><div> at org.junit.internal.runners.statements.RunAfters.evaluate(RunAfters.java:31)</div><div> at org.junit.runners.ParentRunner.run(ParentRunner.java:220)</div><div> at junit.framework.JUnit4TestAdapter.run(JUnit4TestAdapter.java:39)</div></div>
        </td>
</tr>
<tr>
    <td><span class="sortValue">ElementsTest.testGetElementsByAttributeValue112</span><a href="ElementsTest_testGetElementsByAttributeValue112_1x.html">ElementsTest.testGetElementsByAttributeValue112</a></td>
    <td style="whitespace:nowrap;"><span class="sortValue">1675971718955</span>9 Feb 12:41:58</td>
    <td>      <span class="sortValue">3</span><span class="aui-lozenge aui-lozenge-error">FAIL</span>
  </td>
    <td><span class="sortValue">0.0</span>0</td>
    <td style="width:50%">
    <span class="sortValue">expected:&lt;2&gt;&#160;but&#160;was:&lt;0&gt;</span>
        <span class="expand" id="togglebut4" onclick="toggleNodeExpansion('togglebut4', 'msgc4', 'msge4');return false;">&#160;</span>
        <div class="errorMessage" id="msgc4">expected:&lt;2&gt;&#160;but&#160;was:&lt;0&gt;</div>
        <div class="errorMessage" id="msge4" style="display:none;"> <div>java.lang.AssertionError: expected:&lt;2&gt; but was:&lt;0&gt;</div><div> at org.junit.Assert.fail(Assert.java:91)</div><div> at org.junit.Assert.failNotEquals(Assert.java:618)</div><div> at org.junit.Assert.assertEquals(Assert.java:126)</div><div> at org.junit.Assert.assertEquals(Assert.java:443)</div><div> at org.junit.Assert.assertEquals(Assert.java:427)</div><div>	at <a href="../../../org/jsoup/select/ElementsTest.html?line=39#src-39">org.jsoup.select.ElementsTest.testGetElementsByAttributeValue112(ElementsTest.java:39)</a></div><div> at org.junit.runners.model.FrameworkMethod$1.runReflectiveCall(FrameworkMethod.java:44)</div><div> at org.junit.internal.runners.model.ReflectiveCallable.run(ReflectiveCallable.java:15)</div><div> at org.junit.runners.model.FrameworkMethod.invokeExplosively(FrameworkMethod.java:41)</div><div> at org.junit.internal.runners.statements.InvokeMethod.evaluate(InvokeMethod.java:20)</div><div> at org.junit.internal.runners.statements.RunBefores.evaluate(RunBefores.java:28)</div><div> at org.junit.internal.runners.statements.RunAfters.evaluate(RunAfters.java:31)</div><div> at org.junit.runners.BlockJUnit4ClassRunner.runChild(BlockJUnit4ClassRunner.java:73)</div><div> at org.junit.runners.BlockJUnit4ClassRunner.runChild(BlockJUnit4ClassRunner.java:46)</div><div> at org.junit.runners.ParentRunner.runChildren(ParentRunner.java:180)</div><div> at org.junit.runners.ParentRunner.access$000(ParentRunner.java:41)</div><div> at org.junit.runners.ParentRunner$1.evaluate(ParentRunner.java:173)</div><div> at org.junit.internal.runners.statements.RunBefores.evaluate(RunBefores.java:28)</div><div> at org.junit.internal.runners.statements.RunAfters.evaluate(RunAfters.java:31)</div><div> at org.junit.runners.ParentRunner.run(ParentRunner.java:220)</div><div> at junit.framework.JUnit4TestAdapter.run(JUnit4TestAdapter.java:39)</div></div>
        </td>
</tr>
<tr>
    <td><span class="sortValue">ElementsTest.val</span><a href="ElementsTest_val_2a.html">ElementsTest.val</a></td>
    <td style="whitespace:nowrap;"><span class="sortValue">1675971718947</span>9 Feb 12:41:58</td>
    <td>      <span class="sortValue">3</span><span class="aui-lozenge aui-lozenge-error">FAIL</span>
  </td>
    <td><span class="sortValue">0.001</span>0.001</td>
    <td style="width:50%">
    <span class="sortValue">expected:&lt;[one]&gt;&#160;but&#160;was:&lt;[four]&gt;</span>
        <span class="expand" id="togglebut5" onclick="toggleNodeExpansion('togglebut5', 'msgc5', 'msge5');return false;">&#160;</span>
        <div class="errorMessage" id="msgc5">expected:&lt;[one]&gt;&#160;but&#160;was:&lt;[four]&gt;</div>
        <div class="errorMessage" id="msge5" style="display:none;"> <div>org.junit.ComparisonFailure: expected:&lt;[one]&gt; but was:&lt;[four]&gt;</div><div> at org.junit.Assert.assertEquals(Assert.java:123)</div><div> at org.junit.Assert.assertEquals(Assert.java:145)</div><div>	at <a href="../../../org/jsoup/select/ElementsTest.html?line=15#src-15">org.jsoup.select.ElementsTest.val(ElementsTest.java:15)</a></div><div> at org.junit.runners.model.FrameworkMethod$1.runReflectiveCall(FrameworkMethod.java:44)</div><div> at org.junit.internal.runners.model.ReflectiveCallable.run(ReflectiveCallable.java:15)</div><div> at org.junit.runners.model.FrameworkMethod.invokeExplosively(FrameworkMethod.java:41)</div><div> at org.junit.internal.runners.statements.InvokeMethod.evaluate(InvokeMethod.java:20)</div><div> at org.junit.internal.runners.statements.RunBefores.evaluate(RunBefores.java:28)</div><div> at org.junit.internal.runners.statements.RunAfters.evaluate(RunAfters.java:31)</div><div> at org.junit.runners.BlockJUnit4ClassRunner.runChild(BlockJUnit4ClassRunner.java:73)</div><div> at org.junit.runners.BlockJUnit4ClassRunner.runChild(BlockJUnit4ClassRunner.java:46)</div><div> at org.junit.runners.ParentRunner.runChildren(ParentRunner.java:180)</div><div> at org.junit.runners.ParentRunner.access$000(ParentRunner.java:41)</div><div> at org.junit.runners.ParentRunner$1.evaluate(ParentRunner.java:173)</div><div> at org.junit.internal.runners.statements.RunBefores.evaluate(RunBefores.java:28)</div><div> at org.junit.internal.runners.statements.RunAfters.evaluate(RunAfters.java:31)</div><div> at org.junit.runners.ParentRunner.run(ParentRunner.java:220)</div><div> at junit.framework.JUnit4TestAdapter.run(JUnit4TestAdapter.java:39)</div></div>
        </td>
</tr>
<tr>
    <td><span class="sortValue">ElementsTest.select2</span><a href="ElementsTest_select2_27.html">ElementsTest.select2</a></td>
    <td style="whitespace:nowrap;"><span class="sortValue">1675971718966</span>9 Feb 12:41:58</td>
    <td>      <span class="sortValue">3</span><span class="aui-lozenge aui-lozenge-error">FAIL</span>
  </td>
    <td><span class="sortValue">0.002</span>0.002</td>
    <td style="width:50%">
    <span class="sortValue">expected:&lt;3&gt;&#160;but&#160;was:&lt;2&gt;</span>
        <span class="expand" id="togglebut6" onclick="toggleNodeExpansion('togglebut6', 'msgc6', 'msge6');return false;">&#160;</span>
        <div class="errorMessage" id="msgc6">expected:&lt;3&gt;&#160;but&#160;was:&lt;2&gt;</div>
        <div class="errorMessage" id="msge6" style="display:none;"> <div>java.lang.AssertionError: expected:&lt;3&gt; but was:&lt;2&gt;</div><div> at org.junit.Assert.fail(Assert.java:91)</div><div> at org.junit.Assert.failNotEquals(Assert.java:618)</div><div> at org.junit.Assert.assertEquals(Assert.java:126)</div><div> at org.junit.Assert.assertEquals(Assert.java:443)</div><div> at org.junit.Assert.assertEquals(Assert.java:427)</div><div>	at <a href="../../../org/jsoup/select/ElementsTest.html?line=29#src-29">org.jsoup.select.ElementsTest.select2(ElementsTest.java:29)</a></div><div> at org.junit.runners.model.FrameworkMethod$1.runReflectiveCall(FrameworkMethod.java:44)</div><div> at org.junit.internal.runners.model.ReflectiveCallable.run(ReflectiveCallable.java:15)</div><div> at org.junit.runners.model.FrameworkMethod.invokeExplosively(FrameworkMethod.java:41)</div><div> at org.junit.internal.runners.statements.InvokeMethod.evaluate(InvokeMethod.java:20)</div><div> at org.junit.internal.runners.statements.RunBefores.evaluate(RunBefores.java:28)</div><div> at org.junit.internal.runners.statements.RunAfters.evaluate(RunAfters.java:31)</div><div> at org.junit.runners.BlockJUnit4ClassRunner.runChild(BlockJUnit4ClassRunner.java:73)</div><div> at org.junit.runners.BlockJUnit4ClassRunner.runChild(BlockJUnit4ClassRunner.java:46)</div><div> at org.junit.runners.ParentRunner.runChildren(ParentRunner.java:180)</div><div> at org.junit.runners.ParentRunner.access$000(ParentRunner.java:41)</div><div> at org.junit.runners.ParentRunner$1.evaluate(ParentRunner.java:173)</div><div> at org.junit.internal.runners.statements.RunBefores.evaluate(RunBefores.java:28)</div><div> at org.junit.internal.runners.statements.RunAfters.evaluate(RunAfters.java:31)</div><div> at org.junit.runners.ParentRunner.run(ParentRunner.java:220)</div><div> at junit.framework.JUnit4TestAdapter.run(JUnit4TestAdapter.java:39)</div></div>
        </td>
</tr>
<tr>
    <td><span class="sortValue">ElementsTest.val3</span><a href="ElementsTest_val3_1w.html">ElementsTest.val3</a></td>
    <td style="whitespace:nowrap;"><span class="sortValue">1675971718973</span>9 Feb 12:41:58</td>
    <td>      <span class="sortValue">3</span><span class="aui-lozenge aui-lozenge-error">FAIL</span>
  </td>
    <td><span class="sortValue">0.001</span>0.001</td>
    <td style="width:50%">
    <span class="sortValue">Index:&#160;1,&#160;Size:&#160;1</span>
        <span class="expand" id="togglebut7" onclick="toggleNodeExpansion('togglebut7', 'msgc7', 'msge7');return false;">&#160;</span>
        <div class="errorMessage" id="msgc7">Index:&#160;1,&#160;Size:&#160;1</div>
        <div class="errorMessage" id="msge7" style="display:none;"> <div>java.lang.IndexOutOfBoundsException: Index: 1, Size: 1</div><div> at java.util.ArrayList.rangeCheck(ArrayList.java:659)</div><div> at java.util.ArrayList.get(ArrayList.java:435)</div><div>	at <a href="../../../org/jsoup/select/Elements.html?line=354#src-354">org.jsoup.select.Elements.get(Elements.java:354)</a></div><div>	at <a href="../../../org/jsoup/select/ElementsTest.html?line=17#src-17">org.jsoup.select.ElementsTest.val3(ElementsTest.java:17)</a></div><div> at org.junit.runners.model.FrameworkMethod$1.runReflectiveCall(FrameworkMethod.java:44)</div><div> at org.junit.internal.runners.model.ReflectiveCallable.run(ReflectiveCallable.java:15)</div><div> at org.junit.runners.model.FrameworkMethod.invokeExplosively(FrameworkMethod.java:41)</div><div> at org.junit.internal.runners.statements.InvokeMethod.evaluate(InvokeMethod.java:20)</div><div> at org.junit.internal.runners.statements.RunBefores.evaluate(RunBefores.java:28)</div><div> at org.junit.internal.runners.statements.RunAfters.evaluate(RunAfters.java:31)</div><div> at org.junit.runners.BlockJUnit4ClassRunner.runChild(BlockJUnit4ClassRunner.java:73)</div><div> at org.junit.runners.BlockJUnit4ClassRunner.runChild(BlockJUnit4ClassRunner.java:46)</div><div> at org.junit.runners.ParentRunner.runChildren(ParentRunner.java:180)</div><div> at org.junit.runners.ParentRunner.access$000(ParentRunner.java:41)</div><div> at org.junit.runners.ParentRunner$1.evaluate(ParentRunner.java:173)</div><div> at org.junit.internal.runners.statements.RunBefores.evaluate(RunBefores.java:28)</div><div> at org.junit.internal.runners.statements.RunAfters.evaluate(RunAfters.java:31)</div><div> at org.junit.runners.ParentRunner.run(ParentRunner.java:220)</div><div> at junit.framework.JUnit4TestAdapter.run(JUnit4TestAdapter.java:39)</div></div>
        </td>
</tr>
<tr>
    <td><span class="sortValue">ElementsTest.is2</span><a href="ElementsTest_is2_b.html">ElementsTest.is2</a></td>
    <td style="whitespace:nowrap;"><span class="sortValue">1675971718978</span>9 Feb 12:41:58</td>
    <td>      <span class="sortValue">3</span><span class="aui-lozenge aui-lozenge-error">FAIL</span>
  </td>
    <td><span class="sortValue">0.0</span>0</td>
    <td style="width:50%">
    <span class="sortValue">expected:&lt;2&gt;&#160;but&#160;was:&lt;3&gt;</span>
        <span class="expand" id="togglebut8" onclick="toggleNodeExpansion('togglebut8', 'msgc8', 'msge8');return false;">&#160;</span>
        <div class="errorMessage" id="msgc8">expected:&lt;2&gt;&#160;but&#160;was:&lt;3&gt;</div>
        <div class="errorMessage" id="msge8" style="display:none;"> <div>java.lang.AssertionError: expected:&lt;2&gt; but was:&lt;3&gt;</div><div> at org.junit.Assert.fail(Assert.java:91)</div><div> at org.junit.Assert.failNotEquals(Assert.java:618)</div><div> at org.junit.Assert.assertEquals(Assert.java:126)</div><div> at org.junit.Assert.assertEquals(Assert.java:443)</div><div> at org.junit.Assert.assertEquals(Assert.java:427)</div><div>	at <a href="../../../org/jsoup/select/ElementsTest.html?line=35#src-35">org.jsoup.select.ElementsTest.is2(ElementsTest.java:35)</a></div><div> at org.junit.runners.model.FrameworkMethod$1.runReflectiveCall(FrameworkMethod.java:44)</div><div> at org.junit.internal.runners.model.ReflectiveCallable.run(ReflectiveCallable.java:15)</div><div> at org.junit.runners.model.FrameworkMethod.invokeExplosively(FrameworkMethod.java:41)</div><div> at org.junit.internal.runners.statements.InvokeMethod.evaluate(InvokeMethod.java:20)</div><div> at org.junit.internal.runners.statements.RunBefores.evaluate(RunBefores.java:28)</div><div> at org.junit.internal.runners.statements.RunAfters.evaluate(RunAfters.java:31)</div><div> at org.junit.runners.BlockJUnit4ClassRunner.runChild(BlockJUnit4ClassRunner.java:73)</div><div> at org.junit.runners.BlockJUnit4ClassRunner.runChild(BlockJUnit4ClassRunner.java:46)</div><div> at org.junit.runners.ParentRunner.runChildren(ParentRunner.java:180)</div><div> at org.junit.runners.ParentRunner.access$000(ParentRunner.java:41)</div><div> at org.junit.runners.ParentRunner$1.evaluate(ParentRunner.java:173)</div><div> at org.junit.internal.runners.statements.RunBefores.evaluate(RunBefores.java:28)</div><div> at org.junit.internal.runners.statements.RunAfters.evaluate(RunAfters.java:31)</div><div> at org.junit.runners.ParentRunner.run(ParentRunner.java:220)</div><div> at junit.framework.JUnit4TestAdapter.run(JUnit4TestAdapter.java:39)</div></div>
        </td>
</tr>
<tr>
    <td><span class="sortValue">ElementsTest.hasText4</span><a href="ElementsTest_hasText4_1r.html">ElementsTest.hasText4</a></td>
    <td style="whitespace:nowrap;"><span class="sortValue">1675971718963</span>9 Feb 12:41:58</td>
    <td>      <span class="sortValue">3</span><span class="aui-lozenge aui-lozenge-error">FAIL</span>
  </td>
    <td><span class="sortValue">0.002</span>0.002</td>
    <td style="width:50%">
    <span class="sortValue"></span>
        <span class="expand" id="togglebut9" onclick="toggleNodeExpansion('togglebut9', 'msgc9', 'msge9');return false;">&#160;</span>
        <div class="errorMessage" id="msgc9"></div>
        <div class="errorMessage" id="msge9" style="display:none;"> <div>java.lang.AssertionError: </div><div> at org.junit.Assert.fail(Assert.java:91)</div><div> at org.junit.Assert.assertTrue(Assert.java:43)</div><div> at org.junit.Assert.assertFalse(Assert.java:68)</div><div> at org.junit.Assert.assertFalse(Assert.java:79)</div><div>	at <a href="../../../org/jsoup/select/ElementsTest.html?line=25#src-25">org.jsoup.select.ElementsTest.hasText4(ElementsTest.java:25)</a></div><div> at org.junit.runners.model.FrameworkMethod$1.runReflectiveCall(FrameworkMethod.java:44)</div><div> at org.junit.internal.runners.model.ReflectiveCallable.run(ReflectiveCallable.java:15)</div><div> at org.junit.runners.model.FrameworkMethod.invokeExplosively(FrameworkMethod.java:41)</div><div> at org.junit.internal.runners.statements.InvokeMethod.evaluate(InvokeMethod.java:20)</div><div> at org.junit.internal.runners.statements.RunBefores.evaluate(RunBefores.java:28)</div><div> at org.junit.internal.runners.statements.RunAfters.evaluate(RunAfters.java:31)</div><div> at org.junit.runners.BlockJUnit4ClassRunner.runChild(BlockJUnit4ClassRunner.java:73)</div><div> at org.junit.runners.BlockJUnit4ClassRunner.runChild(BlockJUnit4ClassRunner.java:46)</div><div> at org.junit.runners.ParentRunner.runChildren(ParentRunner.java:180)</div><div> at org.junit.runners.ParentRunner.access$000(ParentRunner.java:41)</div><div> at org.junit.runners.ParentRunner$1.evaluate(ParentRunner.java:173)</div><div> at org.junit.internal.runners.statements.RunBefores.evaluate(RunBefores.java:28)</div><div> at org.junit.internal.runners.statements.RunAfters.evaluate(RunAfters.java:31)</div><div> at org.junit.runners.ParentRunner.run(ParentRunner.java:220)</div><div> at junit.framework.JUnit4TestAdapter.run(JUnit4TestAdapter.java:39)</div></div>
        </td>
</tr>
<tr>
    <td><span class="sortValue">ElementsTest.hasText3</span><a href="ElementsTest_hasText3_1.html">ElementsTest.hasText3</a></td>
    <td style="whitespace:nowrap;"><span class="sortValue">1675971718970</span>9 Feb 12:41:58</td>
    <td>      <span class="sortValue">3</span><span class="aui-lozenge aui-lozenge-error">FAIL</span>
  </td>
    <td><span class="sortValue">0.001</span>0.001</td>
    <td style="width:50%">
    <span class="sortValue"></span>
        <span class="expand" id="togglebut10" onclick="toggleNodeExpansion('togglebut10', 'msgc10', 'msge10');return false;">&#160;</span>
        <div class="errorMessage" id="msgc10"></div>
        <div class="errorMessage" id="msge10" style="display:none;"> <div>java.lang.AssertionError: </div><div> at org.junit.Assert.fail(Assert.java:91)</div><div> at org.junit.Assert.assertTrue(Assert.java:43)</div><div> at org.junit.Assert.assertFalse(Assert.java:68)</div><div> at org.junit.Assert.assertFalse(Assert.java:79)</div><div>	at <a href="../../../org/jsoup/select/ElementsTest.html?line=27#src-27">org.jsoup.select.ElementsTest.hasText3(ElementsTest.java:27)</a></div><div> at org.junit.runners.model.FrameworkMethod$1.runReflectiveCall(FrameworkMethod.java:44)</div><div> at org.junit.internal.runners.model.ReflectiveCallable.run(ReflectiveCallable.java:15)</div><div> at org.junit.runners.model.FrameworkMethod.invokeExplosively(FrameworkMethod.java:41)</div><div> at org.junit.internal.runners.statements.InvokeMethod.evaluate(InvokeMethod.java:20)</div><div> at org.junit.internal.runners.statements.RunBefores.evaluate(RunBefores.java:28)</div><div> at org.junit.internal.runners.statements.RunAfters.evaluate(RunAfters.java:31)</div><div> at org.junit.runners.BlockJUnit4ClassRunner.runChild(BlockJUnit4ClassRunner.java:73)</div><div> at org.junit.runners.BlockJUnit4ClassRunner.runChild(BlockJUnit4ClassRunner.java:46)</div><div> at org.junit.runners.ParentRunner.runChildren(ParentRunner.java:180)</div><div> at org.junit.runners.ParentRunner.access$000(ParentRunner.java:41)</div><div> at org.junit.runners.ParentRunner$1.evaluate(ParentRunner.java:173)</div><div> at org.junit.internal.runners.statements.RunBefores.evaluate(RunBefores.java:28)</div><div> at org.junit.internal.runners.statements.RunAfters.evaluate(RunAfters.java:31)</div><div> at org.junit.runners.ParentRunner.run(ParentRunner.java:220)</div><div> at junit.framework.JUnit4TestAdapter.run(JUnit4TestAdapter.java:39)</div></div>
        </td>
</tr>
<tr>
    <td><span class="sortValue">ElementsTest.val1</span><a href="ElementsTest_val1_r.html">ElementsTest.val1</a></td>
    <td style="whitespace:nowrap;"><span class="sortValue">1675971718985</span>9 Feb 12:41:58</td>
    <td>      <span class="sortValue">3</span><span class="aui-lozenge aui-lozenge-error">FAIL</span>
  </td>
    <td><span class="sortValue">0.001</span>0.001</td>
    <td style="width:50%">
    <span class="sortValue">expected:&lt;[on]e&gt;&#160;but&#160;was:&lt;[thre]e&gt;</span>
        <span class="expand" id="togglebut11" onclick="toggleNodeExpansion('togglebut11', 'msgc11', 'msge11');return false;">&#160;</span>
        <div class="errorMessage" id="msgc11">expected:&lt;[on]e&gt;&#160;but&#160;was:&lt;[thre]e&gt;</div>
        <div class="errorMessage" id="msge11" style="display:none;"> <div>org.junit.ComparisonFailure: expected:&lt;[on]e&gt; but was:&lt;[thre]e&gt;</div><div> at org.junit.Assert.assertEquals(Assert.java:123)</div><div> at org.junit.Assert.assertEquals(Assert.java:145)</div><div>	at <a href="../../../org/jsoup/select/ElementsTest.html?line=21#src-21">org.jsoup.select.ElementsTest.val1(ElementsTest.java:21)</a></div><div> at org.junit.runners.model.FrameworkMethod$1.runReflectiveCall(FrameworkMethod.java:44)</div><div> at org.junit.internal.runners.model.ReflectiveCallable.run(ReflectiveCallable.java:15)</div><div> at org.junit.runners.model.FrameworkMethod.invokeExplosively(FrameworkMethod.java:41)</div><div> at org.junit.internal.runners.statements.InvokeMethod.evaluate(InvokeMethod.java:20)</div><div> at org.junit.internal.runners.statements.RunBefores.evaluate(RunBefores.java:28)</div><div> at org.junit.internal.runners.statements.RunAfters.evaluate(RunAfters.java:31)</div><div> at org.junit.runners.BlockJUnit4ClassRunner.runChild(BlockJUnit4ClassRunner.java:73)</div><div> at org.junit.runners.BlockJUnit4ClassRunner.runChild(BlockJUnit4ClassRunner.java:46)</div><div> at org.junit.runners.ParentRunner.runChildren(ParentRunner.java:180)</div><div> at org.junit.runners.ParentRunner.access$000(ParentRunner.java:41)</div><div> at org.junit.runners.ParentRunner$1.evaluate(ParentRunner.java:173)</div><div> at org.junit.internal.runners.statements.RunBefores.evaluate(RunBefores.java:28)</div><div> at org.junit.internal.runners.statements.RunAfters.evaluate(RunAfters.java:31)</div><div> at org.junit.runners.ParentRunner.run(ParentRunner.java:220)</div><div> at junit.framework.JUnit4TestAdapter.run(JUnit4TestAdapter.java:39)</div></div>
        </td>
</tr>
<tr>
    <td><span class="sortValue">ElementsTest.is1</span><a href="ElementsTest_is1_3.html">ElementsTest.is1</a></td>
    <td style="whitespace:nowrap;"><span class="sortValue">1675971718980</span>9 Feb 12:41:58</td>
    <td>      <span class="sortValue">3</span><span class="aui-lozenge aui-lozenge-error">FAIL</span>
  </td>
    <td><span class="sortValue">0.001</span>0.001</td>
    <td style="width:50%">
    <span class="sortValue">expected:&lt;2&gt;&#160;but&#160;was:&lt;3&gt;</span>
        <span class="expand" id="togglebut12" onclick="toggleNodeExpansion('togglebut12', 'msgc12', 'msge12');return false;">&#160;</span>
        <div class="errorMessage" id="msgc12">expected:&lt;2&gt;&#160;but&#160;was:&lt;3&gt;</div>
        <div class="errorMessage" id="msge12" style="display:none;"> <div>java.lang.AssertionError: expected:&lt;2&gt; but was:&lt;3&gt;</div><div> at org.junit.Assert.fail(Assert.java:91)</div><div> at org.junit.Assert.failNotEquals(Assert.java:618)</div><div> at org.junit.Assert.assertEquals(Assert.java:126)</div><div> at org.junit.Assert.assertEquals(Assert.java:443)</div><div> at org.junit.Assert.assertEquals(Assert.java:427)</div><div>	at <a href="../../../org/jsoup/select/ElementsTest.html?line=37#src-37">org.jsoup.select.ElementsTest.is1(ElementsTest.java:37)</a></div><div> at org.junit.runners.model.FrameworkMethod$1.runReflectiveCall(FrameworkMethod.java:44)</div><div> at org.junit.internal.runners.model.ReflectiveCallable.run(ReflectiveCallable.java:15)</div><div> at org.junit.runners.model.FrameworkMethod.invokeExplosively(FrameworkMethod.java:41)</div><div> at org.junit.internal.runners.statements.InvokeMethod.evaluate(InvokeMethod.java:20)</div><div> at org.junit.internal.runners.statements.RunBefores.evaluate(RunBefores.java:28)</div><div> at org.junit.internal.runners.statements.RunAfters.evaluate(RunAfters.java:31)</div><div> at org.junit.runners.BlockJUnit4ClassRunner.runChild(BlockJUnit4ClassRunner.java:73)</div><div> at org.junit.runners.BlockJUnit4ClassRunner.runChild(BlockJUnit4ClassRunner.java:46)</div><div> at org.junit.runners.ParentRunner.runChildren(ParentRunner.java:180)</div><div> at org.junit.runners.ParentRunner.access$000(ParentRunner.java:41)</div><div> at org.junit.runners.ParentRunner$1.evaluate(ParentRunner.java:173)</div><div> at org.junit.internal.runners.statements.RunBefores.evaluate(RunBefores.java:28)</div><div> at org.junit.internal.runners.statements.RunAfters.evaluate(RunAfters.java:31)</div><div> at org.junit.runners.ParentRunner.run(ParentRunner.java:220)</div><div> at junit.framework.JUnit4TestAdapter.run(JUnit4TestAdapter.java:39)</div></div>
        </td>
</tr>
<tr>
    <td><span class="sortValue">ElementsTest.is</span><a href="ElementsTest_is_1o.html">ElementsTest.is</a></td>
    <td style="whitespace:nowrap;"><span class="sortValue">1675971718907</span>9 Feb 12:41:58</td>
    <td>      <span class="sortValue">1</span><span class="aui-lozenge aui-lozenge-success">PASS</span>
  </td>
    <td><span class="sortValue">0.032</span>0.032</td>
    <td style="width:50%">
     &#160;     </td>
</tr>
<tr>
    <td><span class="sortValue">ElementsTest.collect</span><a href="ElementsTest_collect_k.html">ElementsTest.collect</a></td>
    <td style="whitespace:nowrap;"><span class="sortValue">1675971718945</span>9 Feb 12:41:58</td>
    <td>      <span class="sortValue">1</span><span class="aui-lozenge aui-lozenge-success">PASS</span>
  </td>
    <td><span class="sortValue">0.001</span>0.001</td>
    <td style="width:50%">
     &#160;     </td>
</tr>

    </tbody>
</table>

    </div> <!-- tabs-pane -->
</div> <!-- aui-tabs horizontal-tabs -->

                        </div> <!-- class="aui-page-panel-content-clover" -->
                    <footer id="footer" role="contentinfo">
    <section class="footer-body">
        <ul>
            <li>
                Report generated by <a target="_new" href="http://openclover.org">OpenClover</a> v 4.4.1
                on Thu Feb 9 2023 12:41:59 MST using coverage data from Thu Feb 9 2023 12:41:59 MST.
            </li>
        </ul>
        <ul>
            <li>OpenClover is free and open-source software. </li>
        </ul>
    </section>
</footer>                </section> <!-- class="aui-page-panel-content" -->
            </div> <!-- class="aui-page-panel-inner" -->
        </div> <!-- class="aui-page-panel" -->
    </div> <!-- id="page" -->
</body>
</html>