<!DOCTYPE html>
<html xmlns="http://www.w3.org/1999/xhtml" xml:lang="en" lang="en">
<head>
    <meta http-equiv="Content-Type" content="text/html; charset=UTF-8"/>

    
    
    <link rel="SHORTCUT ICON" href="../../../img/clover.ico" />

    <link rel="stylesheet" href="../../../aui/css/aui.min.css" media="all"/>
    <link rel="stylesheet" href="../../../aui/css/aui-experimental.min.css" media="all"/>
    <!--[if IE 9]><link rel="stylesheet" href="../../../aui/css/aui-ie9.min.css" media="all"/><![endif]-->

    <style type="text/css" media="all">
        @import url('../../../style.css');
        @import url('../../../tree.css');
        
    </style>

    <script src="../../../jquery-1.8.3.min.js" type="text/javascript"></script>
    <script src="../../../aui/js/aui.min.js" type="text/javascript"></script>
    <script src="../../../aui/js/aui-experimental.min.js" type="text/javascript"></script>
    <script src="../../../aui/js/aui-soy.min.js" type="text/javascript"></script>

    <script src="../../../package-nodes-tree.js" type="text/javascript"></script>
    <script src="../../../clover-tree.js" type="text/javascript"></script>
    <script src="../../../clover.js" type="text/javascript"></script>
    <script src="../../../clover-descriptions.js" type="text/javascript"></script>
    <script src="../../../cloud.js" type="text/javascript"></script>

            <title>jsoup</title>
    </head>

<body>
    <div id="page">
        
        


<header id="header" role="banner">
    <nav class="aui-header aui-dropdown2-trigger-group" role="navigation">
        <div class="aui-header-inner">
            <div class="aui-header-primary">
                <h1 id="logo" class="aui-header-logo aui-header-logo-clover">
                    <a href="http://openclover.org" title="Visit OpenClover home page"><span class="aui-header-logo-device">OpenClover</span></a>
                </h1>
                                <ul class="aui-nav">
                    <li>
                        <a href="#dropdown2-jira3" aria-owns="dropdown2-jira3" aria-haspopup="true"
                           class="aui-dropdown2-trigger" aria-controls="dropdown2-header7">
                            Linked reports
                            <span class="aui-icon-dropdown"></span>
                        </a>

                        <div class="aui-dropdown2 aui-style-default aui-dropdown2-in-header" id="dropdown2-jira3"
                             style="display: none; top: 40px; min-width: 160px; left: 1213px; " aria-hidden="true">
                            <div class="aui-dropdown2-section">
                                <ul>
                                                                                                                <li><a href="../../../historical.html">jsoup-Historical</a></li>
                                                                    </ul>
                            </div>
                        </div>
                    </li>
                </ul>
                            </div>
            <div class="aui-header-secondary">
                <ul class="aui-nav">
                    <li id="system-help-menu">
                        <a class="aui-nav-link" title="Open online documentation" target="_blank"
                           href="http://openclover.org/documentation">
                            <span class="aui-icon aui-icon-small aui-iconfont-help">&#160;Help</span>
                        </a>
                    </li>
                </ul>
            </div>
        </div>
    </nav>
</header>
        
        <div class="aui-page-panel">
            <div class="aui-page-panel-inner">
                <div class="aui-page-panel-nav aui-page-panel-nav-clover">
                    

<div class="aui-page-header-inner" style="margin-bottom: 20px;">
    <div class="aui-page-header-image">
                <div class="aui-avatar aui-avatar-large aui-avatar-project">
            <div class="aui-avatar-inner">
                                    <img src="../../../img/clover_logo_large.png" alt="Clover icon"/>
                            </div>
        </div>
            </div>
    <div class="aui-page-header-main" >
        <h1>
                                        jsoup
                                </h1>
    </div>
</div>

<nav class="aui-navgroup aui-navgroup-vertical">
    <div class="aui-navgroup-inner">
                                            <ul class="aui-nav">
                <li class="">
                    <a href="../../../dashboard.html">Project overview</a>
                </li>
            </ul>
        
                <div class="aui-nav-heading packages-nav-heading">
            <strong>Packages</strong>
        </div>
        <div class="aui-nav project-packages">
            <form method="get" action="#" class="aui package-filter-container">
                <input type="text" autocomplete="off" class="package-filter text"
                       placeholder="Type to filter packages..." name="package-filter" id="package-filter"
                       title="Start typing package name (or part of the name) to search through the tree. Use arrow keys and the Enter key to navigate."/>
            </form>
            <p class="package-filter-no-results-message hidden">
                <small>No results found.</small>
            </p>
                                                <div class="packages-tree-wrapper" data-root-relative="../../../" data-package-name="org.jsoup.select">
                <div class="packages-tree-container"></div>
                <div class="clover-packages-lozenges"></div>
            </div>
        </div>
        
            </div>
</nav>                </div>
                <section class="aui-page-panel-content">
                    <div class="aui-page-panel-content-clover">

                    
                    <div class="aui-page-header-main"><ol class="aui-nav aui-nav-breadcrumbs">
    
    <li><a href="../../../dashboard.html"> Project Clover database Thu Feb 9 2023 12:41:54 MST</a></li>
     <li><a href="test-pkg-summary.html">Package org.jsoup.select</a></li>
</ol></div>
    
<h1 class="aui-h2-clover">
            
        Class SelectorTest
    </h1>


 
<div class="aui-tabs horizontal-tabs" id="tabs-file">
    <ul class="tabs-menu">
        <li class="menu-item">
            <a href="SelectorTest.html"><strong>Source file</strong></a>
        </li>
        <li class="menu-item active-tab">
            <a href="#tabs-file-test-results"><strong>Test results</strong></a>
        </li>
    </ul>
    <div class="tabs-pane aui-tabs-pane-100-pcnt active-pane" id="tabs-file-test-results">
        <div>&#160;</div>




<table id="testClassSummaryTable" class="aui">
<thead>
    <tr>
        <th width="40%"><label>Class</label></th>
        <th width="10%"><label title="Total number of tests (or test iterations) executed.">Tests</label></th>
        <th width="10%"><label title="Number of failed tests">Fail</label></th>
        <th width="10%"><label title="Number of test errors">Error</label></th>
        <th width="10%">
            <label title="The total time in seconds taken to run this set of tests.">Time (secs)</label>
        </th>
        <th width="20%"><label>% Tests Success</label></th>
    </tr>
</thead>
<tbody>
    <tr>
        <td>SelectorTest</td>
        <td class="testPasses"><span class="sortValue">23</span>23</td>
<td class="testFailures"><span class="sortValue">21</span>21</td>
<td class=""><span class="sortValue">0</span>0</td>
        <td>0.058</td>
        <td class="align-middle">
            

<div style="display: table; width: 100%">
            <div class="barGraphValue"><span class="sortValue">0.08695652</span>8.7%</div>         <div style="display: table-cell">
            
            <div title="0% Errors" style="min-width: 40px;" class="testBarError">
                <div title="8.7% of tests passed&lt;br/&gt;91.3% of tests failed" class="testBarFail" style="width: 100%"><div class="testBarPass" style="width: 8.7%"></div></div>
            </div>
        </div>
    </div>        </td>
    </tr>
</tbody>
</table>

<div>&#160;</div>

<table id="testClassTestsTable" class="aui aui-table-sortable">
<thead>
    <tr>
        <th width="40%">
            <label title="Tests (or test iterations) which were executed.">Tests</label>
        </th>
        <th width="10%"><label>Started</label></th>
        <th width="10%"><label>Status</label></th>
        <th width="10%">
            <label title="The total time in seconds taken to run this set of tests.">Time (secs)</label>
        </th>
        <th width="30%"><label>Message</label></th>
    </tr>
</thead>
<tbody>


<tr>
    <td><span class="sortValue">SelectorTest.consumeIndex5</span><a href="SelectorTest_consumeIndex5_1u.html">SelectorTest.consumeIndex5</a></td>
    <td style="whitespace:nowrap;"><span class="sortValue">1675971719330</span>9 Feb 12:41:59</td>
    <td>      <span class="sortValue">3</span><span class="aui-lozenge aui-lozenge-error">FAIL</span>
  </td>
    <td><span class="sortValue">0.001</span>0.001</td>
    <td style="width:50%">
    <span class="sortValue">expected:&lt;3&gt;&#160;but&#160;was:&lt;2&gt;</span>
        <span class="expand" id="togglebut1" onclick="toggleNodeExpansion('togglebut1', 'msgc1', 'msge1');return false;">&#160;</span>
        <div class="errorMessage" id="msgc1">expected:&lt;3&gt;&#160;but&#160;was:&lt;2&gt;</div>
        <div class="errorMessage" id="msge1" style="display:none;"> <div>java.lang.AssertionError: expected:&lt;3&gt; but was:&lt;2&gt;</div><div> at org.junit.Assert.fail(Assert.java:91)</div><div> at org.junit.Assert.failNotEquals(Assert.java:618)</div><div> at org.junit.Assert.assertEquals(Assert.java:126)</div><div> at org.junit.Assert.assertEquals(Assert.java:443)</div><div> at org.junit.Assert.assertEquals(Assert.java:427)</div><div>	at <a href="../../../org/jsoup/select/SelectorTest.html?line=33#src-33">org.jsoup.select.SelectorTest.consumeIndex5(SelectorTest.java:33)</a></div><div> at org.junit.runners.model.FrameworkMethod$1.runReflectiveCall(FrameworkMethod.java:44)</div><div> at org.junit.internal.runners.model.ReflectiveCallable.run(ReflectiveCallable.java:15)</div><div> at org.junit.runners.model.FrameworkMethod.invokeExplosively(FrameworkMethod.java:41)</div><div> at org.junit.internal.runners.statements.InvokeMethod.evaluate(InvokeMethod.java:20)</div><div> at org.junit.internal.runners.statements.RunBefores.evaluate(RunBefores.java:28)</div><div> at org.junit.internal.runners.statements.RunAfters.evaluate(RunAfters.java:31)</div><div> at org.junit.runners.BlockJUnit4ClassRunner.runChild(BlockJUnit4ClassRunner.java:73)</div><div> at org.junit.runners.BlockJUnit4ClassRunner.runChild(BlockJUnit4ClassRunner.java:46)</div><div> at org.junit.runners.ParentRunner.runChildren(ParentRunner.java:180)</div><div> at org.junit.runners.ParentRunner.access$000(ParentRunner.java:41)</div><div> at org.junit.runners.ParentRunner$1.evaluate(ParentRunner.java:173)</div><div> at org.junit.internal.runners.statements.RunBefores.evaluate(RunBefores.java:28)</div><div> at org.junit.internal.runners.statements.RunAfters.evaluate(RunAfters.java:31)</div><div> at org.junit.runners.ParentRunner.run(ParentRunner.java:220)</div><div> at junit.framework.JUnit4TestAdapter.run(JUnit4TestAdapter.java:39)</div></div>
        </td>
</tr>
<tr>
    <td><span class="sortValue">SelectorTest.indexGreaterThan</span><a href="SelectorTest_indexGreaterThan_7.html">SelectorTest.indexGreaterThan</a></td>
    <td style="whitespace:nowrap;"><span class="sortValue">1675971719328</span>9 Feb 12:41:59</td>
    <td>      <span class="sortValue">3</span><span class="aui-lozenge aui-lozenge-error">FAIL</span>
  </td>
    <td><span class="sortValue">0.001</span>0.001</td>
    <td style="width:50%">
    <span class="sortValue">expected:&lt;3&gt;&#160;but&#160;was:&lt;1&gt;</span>
        <span class="expand" id="togglebut2" onclick="toggleNodeExpansion('togglebut2', 'msgc2', 'msge2');return false;">&#160;</span>
        <div class="errorMessage" id="msgc2">expected:&lt;3&gt;&#160;but&#160;was:&lt;1&gt;</div>
        <div class="errorMessage" id="msge2" style="display:none;"> <div>java.lang.AssertionError: expected:&lt;3&gt; but was:&lt;1&gt;</div><div> at org.junit.Assert.fail(Assert.java:91)</div><div> at org.junit.Assert.failNotEquals(Assert.java:618)</div><div> at org.junit.Assert.assertEquals(Assert.java:126)</div><div> at org.junit.Assert.assertEquals(Assert.java:443)</div><div> at org.junit.Assert.assertEquals(Assert.java:427)</div><div>	at <a href="../../../org/jsoup/select/SelectorTest.html?line=31#src-31">org.jsoup.select.SelectorTest.indexGreaterThan(SelectorTest.java:31)</a></div><div> at org.junit.runners.model.FrameworkMethod$1.runReflectiveCall(FrameworkMethod.java:44)</div><div> at org.junit.internal.runners.model.ReflectiveCallable.run(ReflectiveCallable.java:15)</div><div> at org.junit.runners.model.FrameworkMethod.invokeExplosively(FrameworkMethod.java:41)</div><div> at org.junit.internal.runners.statements.InvokeMethod.evaluate(InvokeMethod.java:20)</div><div> at org.junit.internal.runners.statements.RunBefores.evaluate(RunBefores.java:28)</div><div> at org.junit.internal.runners.statements.RunAfters.evaluate(RunAfters.java:31)</div><div> at org.junit.runners.BlockJUnit4ClassRunner.runChild(BlockJUnit4ClassRunner.java:73)</div><div> at org.junit.runners.BlockJUnit4ClassRunner.runChild(BlockJUnit4ClassRunner.java:46)</div><div> at org.junit.runners.ParentRunner.runChildren(ParentRunner.java:180)</div><div> at org.junit.runners.ParentRunner.access$000(ParentRunner.java:41)</div><div> at org.junit.runners.ParentRunner$1.evaluate(ParentRunner.java:173)</div><div> at org.junit.internal.runners.statements.RunBefores.evaluate(RunBefores.java:28)</div><div> at org.junit.internal.runners.statements.RunAfters.evaluate(RunAfters.java:31)</div><div> at org.junit.runners.ParentRunner.run(ParentRunner.java:220)</div><div> at junit.framework.JUnit4TestAdapter.run(JUnit4TestAdapter.java:39)</div></div>
        </td>
</tr>
<tr>
    <td><span class="sortValue">SelectorTest.findElements3</span><a href="SelectorTest_findElements3_q.html">SelectorTest.findElements3</a></td>
    <td style="whitespace:nowrap;"><span class="sortValue">1675971719307</span>9 Feb 12:41:59</td>
    <td>      <span class="sortValue">3</span><span class="aui-lozenge aui-lozenge-error">FAIL</span>
  </td>
    <td><span class="sortValue">0.004</span>0.004</td>
    <td style="width:50%">
    <span class="sortValue">expected:&lt;2&gt;&#160;but&#160;was:&lt;0&gt;</span>
        <span class="expand" id="togglebut3" onclick="toggleNodeExpansion('togglebut3', 'msgc3', 'msge3');return false;">&#160;</span>
        <div class="errorMessage" id="msgc3">expected:&lt;2&gt;&#160;but&#160;was:&lt;0&gt;</div>
        <div class="errorMessage" id="msge3" style="display:none;"> <div>java.lang.AssertionError: expected:&lt;2&gt; but was:&lt;0&gt;</div><div> at org.junit.Assert.fail(Assert.java:91)</div><div> at org.junit.Assert.failNotEquals(Assert.java:618)</div><div> at org.junit.Assert.assertEquals(Assert.java:126)</div><div> at org.junit.Assert.assertEquals(Assert.java:443)</div><div> at org.junit.Assert.assertEquals(Assert.java:427)</div><div>	at <a href="../../../org/jsoup/select/SelectorTest.html?line=21#src-21">org.jsoup.select.SelectorTest.findElements3(SelectorTest.java:21)</a></div><div> at org.junit.runners.model.FrameworkMethod$1.runReflectiveCall(FrameworkMethod.java:44)</div><div> at org.junit.internal.runners.model.ReflectiveCallable.run(ReflectiveCallable.java:15)</div><div> at org.junit.runners.model.FrameworkMethod.invokeExplosively(FrameworkMethod.java:41)</div><div> at org.junit.internal.runners.statements.InvokeMethod.evaluate(InvokeMethod.java:20)</div><div> at org.junit.internal.runners.statements.RunBefores.evaluate(RunBefores.java:28)</div><div> at org.junit.internal.runners.statements.RunAfters.evaluate(RunAfters.java:31)</div><div> at org.junit.runners.BlockJUnit4ClassRunner.runChild(BlockJUnit4ClassRunner.java:73)</div><div> at org.junit.runners.BlockJUnit4ClassRunner.runChild(BlockJUnit4ClassRunner.java:46)</div><div> at org.junit.runners.ParentRunner.runChildren(ParentRunner.java:180)</div><div> at org.junit.runners.ParentRunner.access$000(ParentRunner.java:41)</div><div> at org.junit.runners.ParentRunner$1.evaluate(ParentRunner.java:173)</div><div> at org.junit.internal.runners.statements.RunBefores.evaluate(RunBefores.java:28)</div><div> at org.junit.internal.runners.statements.RunAfters.evaluate(RunAfters.java:31)</div><div> at org.junit.runners.ParentRunner.run(ParentRunner.java:220)</div><div> at junit.framework.JUnit4TestAdapter.run(JUnit4TestAdapter.java:39)</div></div>
        </td>
</tr>
<tr>
    <td><span class="sortValue">SelectorTest.consumeIndex2</span><a href="SelectorTest_consumeIndex2_1q.html">SelectorTest.consumeIndex2</a></td>
    <td style="whitespace:nowrap;"><span class="sortValue">1675971719339</span>9 Feb 12:41:59</td>
    <td>      <span class="sortValue">3</span><span class="aui-lozenge aui-lozenge-error">FAIL</span>
  </td>
    <td><span class="sortValue">0.001</span>0.001</td>
    <td style="width:50%">
    <span class="sortValue">Index:&#160;1,&#160;Size:&#160;1</span>
        <span class="expand" id="togglebut4" onclick="toggleNodeExpansion('togglebut4', 'msgc4', 'msge4');return false;">&#160;</span>
        <div class="errorMessage" id="msgc4">Index:&#160;1,&#160;Size:&#160;1</div>
        <div class="errorMessage" id="msge4" style="display:none;"> <div>java.lang.IndexOutOfBoundsException: Index: 1, Size: 1</div><div> at java.util.ArrayList.rangeCheck(ArrayList.java:659)</div><div> at java.util.ArrayList.get(ArrayList.java:435)</div><div>	at <a href="../../../org/jsoup/select/Elements.html?line=354#src-354">org.jsoup.select.Elements.get(Elements.java:354)</a></div><div>	at <a href="../../../org/jsoup/select/SelectorTest.html?line=39#src-39">org.jsoup.select.SelectorTest.consumeIndex2(SelectorTest.java:39)</a></div><div> at org.junit.runners.model.FrameworkMethod$1.runReflectiveCall(FrameworkMethod.java:44)</div><div> at org.junit.internal.runners.model.ReflectiveCallable.run(ReflectiveCallable.java:15)</div><div> at org.junit.runners.model.FrameworkMethod.invokeExplosively(FrameworkMethod.java:41)</div><div> at org.junit.internal.runners.statements.InvokeMethod.evaluate(InvokeMethod.java:20)</div><div> at org.junit.internal.runners.statements.RunBefores.evaluate(RunBefores.java:28)</div><div> at org.junit.internal.runners.statements.RunAfters.evaluate(RunAfters.java:31)</div><div> at org.junit.runners.BlockJUnit4ClassRunner.runChild(BlockJUnit4ClassRunner.java:73)</div><div> at org.junit.runners.BlockJUnit4ClassRunner.runChild(BlockJUnit4ClassRunner.java:46)</div><div> at org.junit.runners.ParentRunner.runChildren(ParentRunner.java:180)</div><div> at org.junit.runners.ParentRunner.access$000(ParentRunner.java:41)</div><div> at org.junit.runners.ParentRunner$1.evaluate(ParentRunner.java:173)</div><div> at org.junit.internal.runners.statements.RunBefores.evaluate(RunBefores.java:28)</div><div> at org.junit.internal.runners.statements.RunAfters.evaluate(RunAfters.java:31)</div><div> at org.junit.runners.ParentRunner.run(ParentRunner.java:220)</div><div> at junit.framework.JUnit4TestAdapter.run(JUnit4TestAdapter.java:39)</div></div>
        </td>
</tr>
<tr>
    <td><span class="sortValue">SelectorTest.consumeIndex4</span><a href="SelectorTest_consumeIndex4_20.html">SelectorTest.consumeIndex4</a></td>
    <td style="whitespace:nowrap;"><span class="sortValue">1675971719333</span>9 Feb 12:41:59</td>
    <td>      <span class="sortValue">3</span><span class="aui-lozenge aui-lozenge-error">FAIL</span>
  </td>
    <td><span class="sortValue">0.001</span>0.001</td>
    <td style="width:50%">
    <span class="sortValue">expected:&lt;3&gt;&#160;but&#160;was:&lt;1&gt;</span>
        <span class="expand" id="togglebut5" onclick="toggleNodeExpansion('togglebut5', 'msgc5', 'msge5');return false;">&#160;</span>
        <div class="errorMessage" id="msgc5">expected:&lt;3&gt;&#160;but&#160;was:&lt;1&gt;</div>
        <div class="errorMessage" id="msge5" style="display:none;"> <div>java.lang.AssertionError: expected:&lt;3&gt; but was:&lt;1&gt;</div><div> at org.junit.Assert.fail(Assert.java:91)</div><div> at org.junit.Assert.failNotEquals(Assert.java:618)</div><div> at org.junit.Assert.assertEquals(Assert.java:126)</div><div> at org.junit.Assert.assertEquals(Assert.java:443)</div><div> at org.junit.Assert.assertEquals(Assert.java:427)</div><div>	at <a href="../../../org/jsoup/select/SelectorTest.html?line=35#src-35">org.jsoup.select.SelectorTest.consumeIndex4(SelectorTest.java:35)</a></div><div> at org.junit.runners.model.FrameworkMethod$1.runReflectiveCall(FrameworkMethod.java:44)</div><div> at org.junit.internal.runners.model.ReflectiveCallable.run(ReflectiveCallable.java:15)</div><div> at org.junit.runners.model.FrameworkMethod.invokeExplosively(FrameworkMethod.java:41)</div><div> at org.junit.internal.runners.statements.InvokeMethod.evaluate(InvokeMethod.java:20)</div><div> at org.junit.internal.runners.statements.RunBefores.evaluate(RunBefores.java:28)</div><div> at org.junit.internal.runners.statements.RunAfters.evaluate(RunAfters.java:31)</div><div> at org.junit.runners.BlockJUnit4ClassRunner.runChild(BlockJUnit4ClassRunner.java:73)</div><div> at org.junit.runners.BlockJUnit4ClassRunner.runChild(BlockJUnit4ClassRunner.java:46)</div><div> at org.junit.runners.ParentRunner.runChildren(ParentRunner.java:180)</div><div> at org.junit.runners.ParentRunner.access$000(ParentRunner.java:41)</div><div> at org.junit.runners.ParentRunner$1.evaluate(ParentRunner.java:173)</div><div> at org.junit.internal.runners.statements.RunBefores.evaluate(RunBefores.java:28)</div><div> at org.junit.internal.runners.statements.RunAfters.evaluate(RunAfters.java:31)</div><div> at org.junit.runners.ParentRunner.run(ParentRunner.java:220)</div><div> at junit.framework.JUnit4TestAdapter.run(JUnit4TestAdapter.java:39)</div></div>
        </td>
</tr>
<tr>
    <td><span class="sortValue">SelectorTest.indexLessThan</span><a href="SelectorTest_indexLessThan_1c.html">SelectorTest.indexLessThan</a></td>
    <td style="whitespace:nowrap;"><span class="sortValue">1675971719325</span>9 Feb 12:41:59</td>
    <td>      <span class="sortValue">3</span><span class="aui-lozenge aui-lozenge-error">FAIL</span>
  </td>
    <td><span class="sortValue">0.001</span>0.001</td>
    <td style="width:50%">
    <span class="sortValue">expected:&lt;3&gt;&#160;but&#160;was:&lt;2&gt;</span>
        <span class="expand" id="togglebut6" onclick="toggleNodeExpansion('togglebut6', 'msgc6', 'msge6');return false;">&#160;</span>
        <div class="errorMessage" id="msgc6">expected:&lt;3&gt;&#160;but&#160;was:&lt;2&gt;</div>
        <div class="errorMessage" id="msge6" style="display:none;"> <div>java.lang.AssertionError: expected:&lt;3&gt; but was:&lt;2&gt;</div><div> at org.junit.Assert.fail(Assert.java:91)</div><div> at org.junit.Assert.failNotEquals(Assert.java:618)</div><div> at org.junit.Assert.assertEquals(Assert.java:126)</div><div> at org.junit.Assert.assertEquals(Assert.java:443)</div><div> at org.junit.Assert.assertEquals(Assert.java:427)</div><div>	at <a href="../../../org/jsoup/select/SelectorTest.html?line=29#src-29">org.jsoup.select.SelectorTest.indexLessThan(SelectorTest.java:29)</a></div><div> at org.junit.runners.model.FrameworkMethod$1.runReflectiveCall(FrameworkMethod.java:44)</div><div> at org.junit.internal.runners.model.ReflectiveCallable.run(ReflectiveCallable.java:15)</div><div> at org.junit.runners.model.FrameworkMethod.invokeExplosively(FrameworkMethod.java:41)</div><div> at org.junit.internal.runners.statements.InvokeMethod.evaluate(InvokeMethod.java:20)</div><div> at org.junit.internal.runners.statements.RunBefores.evaluate(RunBefores.java:28)</div><div> at org.junit.internal.runners.statements.RunAfters.evaluate(RunAfters.java:31)</div><div> at org.junit.runners.BlockJUnit4ClassRunner.runChild(BlockJUnit4ClassRunner.java:73)</div><div> at org.junit.runners.BlockJUnit4ClassRunner.runChild(BlockJUnit4ClassRunner.java:46)</div><div> at org.junit.runners.ParentRunner.runChildren(ParentRunner.java:180)</div><div> at org.junit.runners.ParentRunner.access$000(ParentRunner.java:41)</div><div> at org.junit.runners.ParentRunner$1.evaluate(ParentRunner.java:173)</div><div> at org.junit.internal.runners.statements.RunBefores.evaluate(RunBefores.java:28)</div><div> at org.junit.internal.runners.statements.RunAfters.evaluate(RunAfters.java:31)</div><div> at org.junit.runners.ParentRunner.run(ParentRunner.java:220)</div><div> at junit.framework.JUnit4TestAdapter.run(JUnit4TestAdapter.java:39)</div></div>
        </td>
</tr>
<tr>
    <td><span class="sortValue">SelectorTest.findElements2</span><a href="SelectorTest_findElements2_j.html">SelectorTest.findElements2</a></td>
    <td style="whitespace:nowrap;"><span class="sortValue">1675971719314</span>9 Feb 12:41:59</td>
    <td>      <span class="sortValue">3</span><span class="aui-lozenge aui-lozenge-error">FAIL</span>
  </td>
    <td><span class="sortValue">0.001</span>0.001</td>
    <td style="width:50%">
    <span class="sortValue">expected:&lt;1&gt;&#160;but&#160;was:&lt;0&gt;</span>
        <span class="expand" id="togglebut7" onclick="toggleNodeExpansion('togglebut7', 'msgc7', 'msge7');return false;">&#160;</span>
        <div class="errorMessage" id="msgc7">expected:&lt;1&gt;&#160;but&#160;was:&lt;0&gt;</div>
        <div class="errorMessage" id="msge7" style="display:none;"> <div>java.lang.AssertionError: expected:&lt;1&gt; but was:&lt;0&gt;</div><div> at org.junit.Assert.fail(Assert.java:91)</div><div> at org.junit.Assert.failNotEquals(Assert.java:618)</div><div> at org.junit.Assert.assertEquals(Assert.java:126)</div><div> at org.junit.Assert.assertEquals(Assert.java:443)</div><div> at org.junit.Assert.assertEquals(Assert.java:427)</div><div>	at <a href="../../../org/jsoup/select/SelectorTest.html?line=23#src-23">org.jsoup.select.SelectorTest.findElements2(SelectorTest.java:23)</a></div><div> at org.junit.runners.model.FrameworkMethod$1.runReflectiveCall(FrameworkMethod.java:44)</div><div> at org.junit.internal.runners.model.ReflectiveCallable.run(ReflectiveCallable.java:15)</div><div> at org.junit.runners.model.FrameworkMethod.invokeExplosively(FrameworkMethod.java:41)</div><div> at org.junit.internal.runners.statements.InvokeMethod.evaluate(InvokeMethod.java:20)</div><div> at org.junit.internal.runners.statements.RunBefores.evaluate(RunBefores.java:28)</div><div> at org.junit.internal.runners.statements.RunAfters.evaluate(RunAfters.java:31)</div><div> at org.junit.runners.BlockJUnit4ClassRunner.runChild(BlockJUnit4ClassRunner.java:73)</div><div> at org.junit.runners.BlockJUnit4ClassRunner.runChild(BlockJUnit4ClassRunner.java:46)</div><div> at org.junit.runners.ParentRunner.runChildren(ParentRunner.java:180)</div><div> at org.junit.runners.ParentRunner.access$000(ParentRunner.java:41)</div><div> at org.junit.runners.ParentRunner$1.evaluate(ParentRunner.java:173)</div><div> at org.junit.internal.runners.statements.RunBefores.evaluate(RunBefores.java:28)</div><div> at org.junit.internal.runners.statements.RunAfters.evaluate(RunAfters.java:31)</div><div> at org.junit.runners.ParentRunner.run(ParentRunner.java:220)</div><div> at junit.framework.JUnit4TestAdapter.run(JUnit4TestAdapter.java:39)</div></div>
        </td>
</tr>
<tr>
    <td><span class="sortValue">SelectorTest.findElements</span><a href="SelectorTest_findElements_25.html">SelectorTest.findElements</a></td>
    <td style="whitespace:nowrap;"><span class="sortValue">1675971719265</span>9 Feb 12:41:59</td>
    <td>      <span class="sortValue">3</span><span class="aui-lozenge aui-lozenge-error">FAIL</span>
  </td>
    <td><span class="sortValue">0.033</span>0.033</td>
    <td style="width:50%">
    <span class="sortValue">expected:&lt;Hello&#160;[]&gt;&#160;but&#160;was:&lt;Hello&#160;[there]&gt;</span>
        <span class="expand" id="togglebut8" onclick="toggleNodeExpansion('togglebut8', 'msgc8', 'msge8');return false;">&#160;</span>
        <div class="errorMessage" id="msgc8">expected:&lt;Hello&#160;[]&gt;&#160;but&#160;was:&lt;Hello&#160;[there]&gt;</div>
        <div class="errorMessage" id="msge8" style="display:none;"> <div>org.junit.ComparisonFailure: expected:&lt;Hello []&gt; but was:&lt;Hello [there]&gt;</div><div> at org.junit.Assert.assertEquals(Assert.java:123)</div><div> at org.junit.Assert.assertEquals(Assert.java:145)</div><div>	at <a href="../../../org/jsoup/select/SelectorTest.html?line=19#src-19">org.jsoup.select.SelectorTest.findElements(SelectorTest.java:19)</a></div><div> at org.junit.runners.model.FrameworkMethod$1.runReflectiveCall(FrameworkMethod.java:44)</div><div> at org.junit.internal.runners.model.ReflectiveCallable.run(ReflectiveCallable.java:15)</div><div> at org.junit.runners.model.FrameworkMethod.invokeExplosively(FrameworkMethod.java:41)</div><div> at org.junit.internal.runners.statements.InvokeMethod.evaluate(InvokeMethod.java:20)</div><div> at org.junit.internal.runners.statements.RunBefores.evaluate(RunBefores.java:28)</div><div> at org.junit.internal.runners.statements.RunAfters.evaluate(RunAfters.java:31)</div><div> at org.junit.runners.BlockJUnit4ClassRunner.runChild(BlockJUnit4ClassRunner.java:73)</div><div> at org.junit.runners.BlockJUnit4ClassRunner.runChild(BlockJUnit4ClassRunner.java:46)</div><div> at org.junit.runners.ParentRunner.runChildren(ParentRunner.java:180)</div><div> at org.junit.runners.ParentRunner.access$000(ParentRunner.java:41)</div><div> at org.junit.runners.ParentRunner$1.evaluate(ParentRunner.java:173)</div><div> at org.junit.internal.runners.statements.RunBefores.evaluate(RunBefores.java:28)</div><div> at org.junit.internal.runners.statements.RunAfters.evaluate(RunAfters.java:31)</div><div> at org.junit.runners.ParentRunner.run(ParentRunner.java:220)</div><div> at junit.framework.JUnit4TestAdapter.run(JUnit4TestAdapter.java:39)</div></div>
        </td>
</tr>
<tr>
    <td><span class="sortValue">SelectorTest.findElements1</span><a href="SelectorTest_findElements1_1e.html">SelectorTest.findElements1</a></td>
    <td style="whitespace:nowrap;"><span class="sortValue">1675971719318</span>9 Feb 12:41:59</td>
    <td>      <span class="sortValue">3</span><span class="aui-lozenge aui-lozenge-error">FAIL</span>
  </td>
    <td><span class="sortValue">0.001</span>0.001</td>
    <td style="width:50%">
    <span class="sortValue">expected:&lt;1&gt;&#160;but&#160;was:&lt;0&gt;</span>
        <span class="expand" id="togglebut9" onclick="toggleNodeExpansion('togglebut9', 'msgc9', 'msge9');return false;">&#160;</span>
        <div class="errorMessage" id="msgc9">expected:&lt;1&gt;&#160;but&#160;was:&lt;0&gt;</div>
        <div class="errorMessage" id="msge9" style="display:none;"> <div>java.lang.AssertionError: expected:&lt;1&gt; but was:&lt;0&gt;</div><div> at org.junit.Assert.fail(Assert.java:91)</div><div> at org.junit.Assert.failNotEquals(Assert.java:618)</div><div> at org.junit.Assert.assertEquals(Assert.java:126)</div><div> at org.junit.Assert.assertEquals(Assert.java:443)</div><div> at org.junit.Assert.assertEquals(Assert.java:427)</div><div>	at <a href="../../../org/jsoup/select/SelectorTest.html?line=25#src-25">org.jsoup.select.SelectorTest.findElements1(SelectorTest.java:25)</a></div><div> at org.junit.runners.model.FrameworkMethod$1.runReflectiveCall(FrameworkMethod.java:44)</div><div> at org.junit.internal.runners.model.ReflectiveCallable.run(ReflectiveCallable.java:15)</div><div> at org.junit.runners.model.FrameworkMethod.invokeExplosively(FrameworkMethod.java:41)</div><div> at org.junit.internal.runners.statements.InvokeMethod.evaluate(InvokeMethod.java:20)</div><div> at org.junit.internal.runners.statements.RunBefores.evaluate(RunBefores.java:28)</div><div> at org.junit.internal.runners.statements.RunAfters.evaluate(RunAfters.java:31)</div><div> at org.junit.runners.BlockJUnit4ClassRunner.runChild(BlockJUnit4ClassRunner.java:73)</div><div> at org.junit.runners.BlockJUnit4ClassRunner.runChild(BlockJUnit4ClassRunner.java:46)</div><div> at org.junit.runners.ParentRunner.runChildren(ParentRunner.java:180)</div><div> at org.junit.runners.ParentRunner.access$000(ParentRunner.java:41)</div><div> at org.junit.runners.ParentRunner$1.evaluate(ParentRunner.java:173)</div><div> at org.junit.internal.runners.statements.RunBefores.evaluate(RunBefores.java:28)</div><div> at org.junit.internal.runners.statements.RunAfters.evaluate(RunAfters.java:31)</div><div> at org.junit.runners.ParentRunner.run(ParentRunner.java:220)</div><div> at junit.framework.JUnit4TestAdapter.run(JUnit4TestAdapter.java:39)</div></div>
        </td>
</tr>
<tr>
    <td><span class="sortValue">SelectorTest.testCollect116</span><a href="SelectorTest_testCollect116_1y.html">SelectorTest.testCollect116</a></td>
    <td style="whitespace:nowrap;"><span class="sortValue">1675971719363</span>9 Feb 12:41:59</td>
    <td>      <span class="sortValue">3</span><span class="aui-lozenge aui-lozenge-error">FAIL</span>
  </td>
    <td><span class="sortValue">0.001</span>0.001</td>
    <td style="width:50%">
    <span class="sortValue">expected:&lt;2&gt;&#160;but&#160;was:&lt;3&gt;</span>
        <span class="expand" id="togglebut10" onclick="toggleNodeExpansion('togglebut10', 'msgc10', 'msge10');return false;">&#160;</span>
        <div class="errorMessage" id="msgc10">expected:&lt;2&gt;&#160;but&#160;was:&lt;3&gt;</div>
        <div class="errorMessage" id="msge10" style="display:none;"> <div>java.lang.AssertionError: expected:&lt;2&gt; but was:&lt;3&gt;</div><div> at org.junit.Assert.fail(Assert.java:91)</div><div> at org.junit.Assert.failNotEquals(Assert.java:618)</div><div> at org.junit.Assert.assertEquals(Assert.java:126)</div><div> at org.junit.Assert.assertEquals(Assert.java:443)</div><div> at org.junit.Assert.assertEquals(Assert.java:427)</div><div>	at <a href="../../../org/jsoup/select/SelectorTest.html?line=59#src-59">org.jsoup.select.SelectorTest.testCollect116(SelectorTest.java:59)</a></div><div> at org.junit.runners.model.FrameworkMethod$1.runReflectiveCall(FrameworkMethod.java:44)</div><div> at org.junit.internal.runners.model.ReflectiveCallable.run(ReflectiveCallable.java:15)</div><div> at org.junit.runners.model.FrameworkMethod.invokeExplosively(FrameworkMethod.java:41)</div><div> at org.junit.internal.runners.statements.InvokeMethod.evaluate(InvokeMethod.java:20)</div><div> at org.junit.internal.runners.statements.RunBefores.evaluate(RunBefores.java:28)</div><div> at org.junit.internal.runners.statements.RunAfters.evaluate(RunAfters.java:31)</div><div> at org.junit.runners.BlockJUnit4ClassRunner.runChild(BlockJUnit4ClassRunner.java:73)</div><div> at org.junit.runners.BlockJUnit4ClassRunner.runChild(BlockJUnit4ClassRunner.java:46)</div><div> at org.junit.runners.ParentRunner.runChildren(ParentRunner.java:180)</div><div> at org.junit.runners.ParentRunner.access$000(ParentRunner.java:41)</div><div> at org.junit.runners.ParentRunner$1.evaluate(ParentRunner.java:173)</div><div> at org.junit.internal.runners.statements.RunBefores.evaluate(RunBefores.java:28)</div><div> at org.junit.internal.runners.statements.RunAfters.evaluate(RunAfters.java:31)</div><div> at org.junit.runners.ParentRunner.run(ParentRunner.java:220)</div><div> at junit.framework.JUnit4TestAdapter.run(JUnit4TestAdapter.java:39)</div></div>
        </td>
</tr>
<tr>
    <td><span class="sortValue">SelectorTest.combinator1</span><a href="SelectorTest_combinator1_1p.html">SelectorTest.combinator1</a></td>
    <td style="whitespace:nowrap;"><span class="sortValue">1675971719367</span>9 Feb 12:41:59</td>
    <td>      <span class="sortValue">3</span><span class="aui-lozenge aui-lozenge-error">FAIL</span>
  </td>
    <td><span class="sortValue">0.001</span>0.001</td>
    <td style="width:50%">
    <span class="sortValue">expected:&lt;[One]&gt;&#160;but&#160;was:&lt;[p]&gt;</span>
        <span class="expand" id="togglebut11" onclick="toggleNodeExpansion('togglebut11', 'msgc11', 'msge11');return false;">&#160;</span>
        <div class="errorMessage" id="msgc11">expected:&lt;[One]&gt;&#160;but&#160;was:&lt;[p]&gt;</div>
        <div class="errorMessage" id="msge11" style="display:none;"> <div>org.junit.ComparisonFailure: expected:&lt;[One]&gt; but was:&lt;[p]&gt;</div><div> at org.junit.Assert.assertEquals(Assert.java:123)</div><div> at org.junit.Assert.assertEquals(Assert.java:145)</div><div>	at <a href="../../../org/jsoup/select/SelectorTest.html?line=17#src-17">org.jsoup.select.SelectorTest.combinator1(SelectorTest.java:17)</a></div><div> at org.junit.runners.model.FrameworkMethod$1.runReflectiveCall(FrameworkMethod.java:44)</div><div> at org.junit.internal.runners.model.ReflectiveCallable.run(ReflectiveCallable.java:15)</div><div> at org.junit.runners.model.FrameworkMethod.invokeExplosively(FrameworkMethod.java:41)</div><div> at org.junit.internal.runners.statements.InvokeMethod.evaluate(InvokeMethod.java:20)</div><div> at org.junit.internal.runners.statements.RunBefores.evaluate(RunBefores.java:28)</div><div> at org.junit.internal.runners.statements.RunAfters.evaluate(RunAfters.java:31)</div><div> at org.junit.runners.BlockJUnit4ClassRunner.runChild(BlockJUnit4ClassRunner.java:73)</div><div> at org.junit.runners.BlockJUnit4ClassRunner.runChild(BlockJUnit4ClassRunner.java:46)</div><div> at org.junit.runners.ParentRunner.runChildren(ParentRunner.java:180)</div><div> at org.junit.runners.ParentRunner.access$000(ParentRunner.java:41)</div><div> at org.junit.runners.ParentRunner$1.evaluate(ParentRunner.java:173)</div><div> at org.junit.internal.runners.statements.RunBefores.evaluate(RunBefores.java:28)</div><div> at org.junit.internal.runners.statements.RunAfters.evaluate(RunAfters.java:31)</div><div> at org.junit.runners.ParentRunner.run(ParentRunner.java:220)</div><div> at junit.framework.JUnit4TestAdapter.run(JUnit4TestAdapter.java:39)</div></div>
        </td>
</tr>
<tr>
    <td><span class="sortValue">SelectorTest.collect</span><a href="SelectorTest_collect_i.html">SelectorTest.collect</a></td>
    <td style="whitespace:nowrap;"><span class="sortValue">1675971719369</span>9 Feb 12:41:59</td>
    <td>      <span class="sortValue">3</span><span class="aui-lozenge aui-lozenge-error">FAIL</span>
  </td>
    <td><span class="sortValue">0.001</span>0.001</td>
    <td style="width:50%">
    <span class="sortValue">expected:&lt;Three[]&gt;&#160;but&#160;was:&lt;Three[p&gt;]&gt;</span>
        <span class="expand" id="togglebut12" onclick="toggleNodeExpansion('togglebut12', 'msgc12', 'msge12');return false;">&#160;</span>
        <div class="errorMessage" id="msgc12">expected:&lt;Three[]&gt;&#160;but&#160;was:&lt;Three[p&gt;]&gt;</div>
        <div class="errorMessage" id="msge12" style="display:none;"> <div>org.junit.ComparisonFailure: expected:&lt;Three[]&gt; but was:&lt;Three[p&gt;]&gt;</div><div> at org.junit.Assert.assertEquals(Assert.java:123)</div><div> at org.junit.Assert.assertEquals(Assert.java:145)</div><div>	at <a href="../../../org/jsoup/select/SelectorTest.html?line=57#src-57">org.jsoup.select.SelectorTest.collect(SelectorTest.java:57)</a></div><div> at org.junit.runners.model.FrameworkMethod$1.runReflectiveCall(FrameworkMethod.java:44)</div><div> at org.junit.internal.runners.model.ReflectiveCallable.run(ReflectiveCallable.java:15)</div><div> at org.junit.runners.model.FrameworkMethod.invokeExplosively(FrameworkMethod.java:41)</div><div> at org.junit.internal.runners.statements.InvokeMethod.evaluate(InvokeMethod.java:20)</div><div> at org.junit.internal.runners.statements.RunBefores.evaluate(RunBefores.java:28)</div><div> at org.junit.internal.runners.statements.RunAfters.evaluate(RunAfters.java:31)</div><div> at org.junit.runners.BlockJUnit4ClassRunner.runChild(BlockJUnit4ClassRunner.java:73)</div><div> at org.junit.runners.BlockJUnit4ClassRunner.runChild(BlockJUnit4ClassRunner.java:46)</div><div> at org.junit.runners.ParentRunner.runChildren(ParentRunner.java:180)</div><div> at org.junit.runners.ParentRunner.access$000(ParentRunner.java:41)</div><div> at org.junit.runners.ParentRunner$1.evaluate(ParentRunner.java:173)</div><div> at org.junit.internal.runners.statements.RunBefores.evaluate(RunBefores.java:28)</div><div> at org.junit.internal.runners.statements.RunAfters.evaluate(RunAfters.java:31)</div><div> at org.junit.runners.ParentRunner.run(ParentRunner.java:220)</div><div> at junit.framework.JUnit4TestAdapter.run(JUnit4TestAdapter.java:39)</div></div>
        </td>
</tr>
<tr>
    <td><span class="sortValue">SelectorTest.testGetElementsByAttributeValueNot113</span><a href="SelectorTest_testGetElementsByAttributeValueNot113_1h.html">SelectorTest.testGetElementsByAttributeValueNot113</a></td>
    <td style="whitespace:nowrap;"><span class="sortValue">1675971719359</span>9 Feb 12:41:59</td>
    <td>      <span class="sortValue">3</span><span class="aui-lozenge aui-lozenge-error">FAIL</span>
  </td>
    <td><span class="sortValue">0.001</span>0.001</td>
    <td style="width:50%">
    <span class="sortValue">expected:&lt;2&gt;&#160;but&#160;was:&lt;8&gt;</span>
        <span class="expand" id="togglebut13" onclick="toggleNodeExpansion('togglebut13', 'msgc13', 'msge13');return false;">&#160;</span>
        <div class="errorMessage" id="msgc13">expected:&lt;2&gt;&#160;but&#160;was:&lt;8&gt;</div>
        <div class="errorMessage" id="msge13" style="display:none;"> <div>java.lang.AssertionError: expected:&lt;2&gt; but was:&lt;8&gt;</div><div> at org.junit.Assert.fail(Assert.java:91)</div><div> at org.junit.Assert.failNotEquals(Assert.java:618)</div><div> at org.junit.Assert.assertEquals(Assert.java:126)</div><div> at org.junit.Assert.assertEquals(Assert.java:443)</div><div> at org.junit.Assert.assertEquals(Assert.java:427)</div><div>	at <a href="../../../org/jsoup/select/SelectorTest.html?line=53#src-53">org.jsoup.select.SelectorTest.testGetElementsByAttributeValueNot113(SelectorTest.java:53)</a></div><div> at org.junit.runners.model.FrameworkMethod$1.runReflectiveCall(FrameworkMethod.java:44)</div><div> at org.junit.internal.runners.model.ReflectiveCallable.run(ReflectiveCallable.java:15)</div><div> at org.junit.runners.model.FrameworkMethod.invokeExplosively(FrameworkMethod.java:41)</div><div> at org.junit.internal.runners.statements.InvokeMethod.evaluate(InvokeMethod.java:20)</div><div> at org.junit.internal.runners.statements.RunBefores.evaluate(RunBefores.java:28)</div><div> at org.junit.internal.runners.statements.RunAfters.evaluate(RunAfters.java:31)</div><div> at org.junit.runners.BlockJUnit4ClassRunner.runChild(BlockJUnit4ClassRunner.java:73)</div><div> at org.junit.runners.BlockJUnit4ClassRunner.runChild(BlockJUnit4ClassRunner.java:46)</div><div> at org.junit.runners.ParentRunner.runChildren(ParentRunner.java:180)</div><div> at org.junit.runners.ParentRunner.access$000(ParentRunner.java:41)</div><div> at org.junit.runners.ParentRunner$1.evaluate(ParentRunner.java:173)</div><div> at org.junit.internal.runners.statements.RunBefores.evaluate(RunBefores.java:28)</div><div> at org.junit.internal.runners.statements.RunAfters.evaluate(RunAfters.java:31)</div><div> at org.junit.runners.ParentRunner.run(ParentRunner.java:220)</div><div> at junit.framework.JUnit4TestAdapter.run(JUnit4TestAdapter.java:39)</div></div>
        </td>
</tr>
<tr>
    <td><span class="sortValue">SelectorTest.filterForAdjacentSiblings1</span><a href="SelectorTest_filterForAdjacentSiblings1_p.html">SelectorTest.filterForAdjacentSiblings1</a></td>
    <td style="whitespace:nowrap;"><span class="sortValue">1675971719346</span>9 Feb 12:41:59</td>
    <td>      <span class="sortValue">3</span><span class="aui-lozenge aui-lozenge-error">FAIL</span>
  </td>
    <td><span class="sortValue">0.001</span>0.001</td>
    <td style="width:50%">
    <span class="sortValue">expected:&lt;3&gt;&#160;but&#160;was:&lt;0&gt;</span>
        <span class="expand" id="togglebut14" onclick="toggleNodeExpansion('togglebut14', 'msgc14', 'msge14');return false;">&#160;</span>
        <div class="errorMessage" id="msgc14">expected:&lt;3&gt;&#160;but&#160;was:&lt;0&gt;</div>
        <div class="errorMessage" id="msge14" style="display:none;"> <div>java.lang.AssertionError: expected:&lt;3&gt; but was:&lt;0&gt;</div><div> at org.junit.Assert.fail(Assert.java:91)</div><div> at org.junit.Assert.failNotEquals(Assert.java:618)</div><div> at org.junit.Assert.assertEquals(Assert.java:126)</div><div> at org.junit.Assert.assertEquals(Assert.java:443)</div><div> at org.junit.Assert.assertEquals(Assert.java:427)</div><div>	at <a href="../../../org/jsoup/select/SelectorTest.html?line=43#src-43">org.jsoup.select.SelectorTest.filterForAdjacentSiblings1(SelectorTest.java:43)</a></div><div> at org.junit.runners.model.FrameworkMethod$1.runReflectiveCall(FrameworkMethod.java:44)</div><div> at org.junit.internal.runners.model.ReflectiveCallable.run(ReflectiveCallable.java:15)</div><div> at org.junit.runners.model.FrameworkMethod.invokeExplosively(FrameworkMethod.java:41)</div><div> at org.junit.internal.runners.statements.InvokeMethod.evaluate(InvokeMethod.java:20)</div><div> at org.junit.internal.runners.statements.RunBefores.evaluate(RunBefores.java:28)</div><div> at org.junit.internal.runners.statements.RunAfters.evaluate(RunAfters.java:31)</div><div> at org.junit.runners.BlockJUnit4ClassRunner.runChild(BlockJUnit4ClassRunner.java:73)</div><div> at org.junit.runners.BlockJUnit4ClassRunner.runChild(BlockJUnit4ClassRunner.java:46)</div><div> at org.junit.runners.ParentRunner.runChildren(ParentRunner.java:180)</div><div> at org.junit.runners.ParentRunner.access$000(ParentRunner.java:41)</div><div> at org.junit.runners.ParentRunner$1.evaluate(ParentRunner.java:173)</div><div> at org.junit.internal.runners.statements.RunBefores.evaluate(RunBefores.java:28)</div><div> at org.junit.internal.runners.statements.RunAfters.evaluate(RunAfters.java:31)</div><div> at org.junit.runners.ParentRunner.run(ParentRunner.java:220)</div><div> at junit.framework.JUnit4TestAdapter.run(JUnit4TestAdapter.java:39)</div></div>
        </td>
</tr>
<tr>
    <td><span class="sortValue">SelectorTest.consumeIndex3</span><a href="SelectorTest_consumeIndex3_17.html">SelectorTest.consumeIndex3</a></td>
    <td style="whitespace:nowrap;"><span class="sortValue">1675971719336</span>9 Feb 12:41:59</td>
    <td>      <span class="sortValue">3</span><span class="aui-lozenge aui-lozenge-error">FAIL</span>
  </td>
    <td><span class="sortValue">0.001</span>0.001</td>
    <td style="width:50%">
    <span class="sortValue">expected:&lt;3&gt;&#160;but&#160;was:&lt;2&gt;</span>
        <span class="expand" id="togglebut15" onclick="toggleNodeExpansion('togglebut15', 'msgc15', 'msge15');return false;">&#160;</span>
        <div class="errorMessage" id="msgc15">expected:&lt;3&gt;&#160;but&#160;was:&lt;2&gt;</div>
        <div class="errorMessage" id="msge15" style="display:none;"> <div>java.lang.AssertionError: expected:&lt;3&gt; but was:&lt;2&gt;</div><div> at org.junit.Assert.fail(Assert.java:91)</div><div> at org.junit.Assert.failNotEquals(Assert.java:618)</div><div> at org.junit.Assert.assertEquals(Assert.java:126)</div><div> at org.junit.Assert.assertEquals(Assert.java:443)</div><div> at org.junit.Assert.assertEquals(Assert.java:427)</div><div>	at <a href="../../../org/jsoup/select/SelectorTest.html?line=37#src-37">org.jsoup.select.SelectorTest.consumeIndex3(SelectorTest.java:37)</a></div><div> at org.junit.runners.model.FrameworkMethod$1.runReflectiveCall(FrameworkMethod.java:44)</div><div> at org.junit.internal.runners.model.ReflectiveCallable.run(ReflectiveCallable.java:15)</div><div> at org.junit.runners.model.FrameworkMethod.invokeExplosively(FrameworkMethod.java:41)</div><div> at org.junit.internal.runners.statements.InvokeMethod.evaluate(InvokeMethod.java:20)</div><div> at org.junit.internal.runners.statements.RunBefores.evaluate(RunBefores.java:28)</div><div> at org.junit.internal.runners.statements.RunAfters.evaluate(RunAfters.java:31)</div><div> at org.junit.runners.BlockJUnit4ClassRunner.runChild(BlockJUnit4ClassRunner.java:73)</div><div> at org.junit.runners.BlockJUnit4ClassRunner.runChild(BlockJUnit4ClassRunner.java:46)</div><div> at org.junit.runners.ParentRunner.runChildren(ParentRunner.java:180)</div><div> at org.junit.runners.ParentRunner.access$000(ParentRunner.java:41)</div><div> at org.junit.runners.ParentRunner$1.evaluate(ParentRunner.java:173)</div><div> at org.junit.internal.runners.statements.RunBefores.evaluate(RunBefores.java:28)</div><div> at org.junit.internal.runners.statements.RunAfters.evaluate(RunAfters.java:31)</div><div> at org.junit.runners.ParentRunner.run(ParentRunner.java:220)</div><div> at junit.framework.JUnit4TestAdapter.run(JUnit4TestAdapter.java:39)</div></div>
        </td>
</tr>
<tr>
    <td><span class="sortValue">SelectorTest.testFilterForAdjacentSiblings68</span><a href="SelectorTest_testFilterForAdjacentSiblings68_2c.html">SelectorTest.testFilterForAdjacentSiblings68</a></td>
    <td style="whitespace:nowrap;"><span class="sortValue">1675971719356</span>9 Feb 12:41:59</td>
    <td>      <span class="sortValue">3</span><span class="aui-lozenge aui-lozenge-error">FAIL</span>
  </td>
    <td><span class="sortValue">0.001</span>0.001</td>
    <td style="width:50%">
    <span class="sortValue">expected:&lt;3&gt;&#160;but&#160;was:&lt;0&gt;</span>
        <span class="expand" id="togglebut16" onclick="toggleNodeExpansion('togglebut16', 'msgc16', 'msge16');return false;">&#160;</span>
        <div class="errorMessage" id="msgc16">expected:&lt;3&gt;&#160;but&#160;was:&lt;0&gt;</div>
        <div class="errorMessage" id="msge16" style="display:none;"> <div>java.lang.AssertionError: expected:&lt;3&gt; but was:&lt;0&gt;</div><div> at org.junit.Assert.fail(Assert.java:91)</div><div> at org.junit.Assert.failNotEquals(Assert.java:618)</div><div> at org.junit.Assert.assertEquals(Assert.java:126)</div><div> at org.junit.Assert.assertEquals(Assert.java:443)</div><div> at org.junit.Assert.assertEquals(Assert.java:427)</div><div>	at <a href="../../../org/jsoup/select/SelectorTest.html?line=51#src-51">org.jsoup.select.SelectorTest.testFilterForAdjacentSiblings68(SelectorTest.java:51)</a></div><div> at org.junit.runners.model.FrameworkMethod$1.runReflectiveCall(FrameworkMethod.java:44)</div><div> at org.junit.internal.runners.model.ReflectiveCallable.run(ReflectiveCallable.java:15)</div><div> at org.junit.runners.model.FrameworkMethod.invokeExplosively(FrameworkMethod.java:41)</div><div> at org.junit.internal.runners.statements.InvokeMethod.evaluate(InvokeMethod.java:20)</div><div> at org.junit.internal.runners.statements.RunBefores.evaluate(RunBefores.java:28)</div><div> at org.junit.internal.runners.statements.RunAfters.evaluate(RunAfters.java:31)</div><div> at org.junit.runners.BlockJUnit4ClassRunner.runChild(BlockJUnit4ClassRunner.java:73)</div><div> at org.junit.runners.BlockJUnit4ClassRunner.runChild(BlockJUnit4ClassRunner.java:46)</div><div> at org.junit.runners.ParentRunner.runChildren(ParentRunner.java:180)</div><div> at org.junit.runners.ParentRunner.access$000(ParentRunner.java:41)</div><div> at org.junit.runners.ParentRunner$1.evaluate(ParentRunner.java:173)</div><div> at org.junit.internal.runners.statements.RunBefores.evaluate(RunBefores.java:28)</div><div> at org.junit.internal.runners.statements.RunAfters.evaluate(RunAfters.java:31)</div><div> at org.junit.runners.ParentRunner.run(ParentRunner.java:220)</div><div> at junit.framework.JUnit4TestAdapter.run(JUnit4TestAdapter.java:39)</div></div>
        </td>
</tr>
<tr>
    <td><span class="sortValue">SelectorTest.combinator</span><a href="SelectorTest_combinator_1v.html">SelectorTest.combinator</a></td>
    <td style="whitespace:nowrap;"><span class="sortValue">1675971719365</span>9 Feb 12:41:59</td>
    <td>      <span class="sortValue">3</span><span class="aui-lozenge aui-lozenge-error">FAIL</span>
  </td>
    <td><span class="sortValue">0.001</span>0.001</td>
    <td style="width:50%">
    <span class="sortValue">expected:&lt;3&gt;&#160;but&#160;was:&lt;2&gt;</span>
        <span class="expand" id="togglebut17" onclick="toggleNodeExpansion('togglebut17', 'msgc17', 'msge17');return false;">&#160;</span>
        <div class="errorMessage" id="msgc17">expected:&lt;3&gt;&#160;but&#160;was:&lt;2&gt;</div>
        <div class="errorMessage" id="msge17" style="display:none;"> <div>java.lang.AssertionError: expected:&lt;3&gt; but was:&lt;2&gt;</div><div> at org.junit.Assert.fail(Assert.java:91)</div><div> at org.junit.Assert.failNotEquals(Assert.java:618)</div><div> at org.junit.Assert.assertEquals(Assert.java:126)</div><div> at org.junit.Assert.assertEquals(Assert.java:443)</div><div> at org.junit.Assert.assertEquals(Assert.java:427)</div><div>	at <a href="../../../org/jsoup/select/SelectorTest.html?line=15#src-15">org.jsoup.select.SelectorTest.combinator(SelectorTest.java:15)</a></div><div> at org.junit.runners.model.FrameworkMethod$1.runReflectiveCall(FrameworkMethod.java:44)</div><div> at org.junit.internal.runners.model.ReflectiveCallable.run(ReflectiveCallable.java:15)</div><div> at org.junit.runners.model.FrameworkMethod.invokeExplosively(FrameworkMethod.java:41)</div><div> at org.junit.internal.runners.statements.InvokeMethod.evaluate(InvokeMethod.java:20)</div><div> at org.junit.internal.runners.statements.RunBefores.evaluate(RunBefores.java:28)</div><div> at org.junit.internal.runners.statements.RunAfters.evaluate(RunAfters.java:31)</div><div> at org.junit.runners.BlockJUnit4ClassRunner.runChild(BlockJUnit4ClassRunner.java:73)</div><div> at org.junit.runners.BlockJUnit4ClassRunner.runChild(BlockJUnit4ClassRunner.java:46)</div><div> at org.junit.runners.ParentRunner.runChildren(ParentRunner.java:180)</div><div> at org.junit.runners.ParentRunner.access$000(ParentRunner.java:41)</div><div> at org.junit.runners.ParentRunner$1.evaluate(ParentRunner.java:173)</div><div> at org.junit.internal.runners.statements.RunBefores.evaluate(RunBefores.java:28)</div><div> at org.junit.internal.runners.statements.RunAfters.evaluate(RunAfters.java:31)</div><div> at org.junit.runners.ParentRunner.run(ParentRunner.java:220)</div><div> at junit.framework.JUnit4TestAdapter.run(JUnit4TestAdapter.java:39)</div></div>
        </td>
</tr>
<tr>
    <td><span class="sortValue">SelectorTest.testFilterForAdjacentSiblings65</span><a href="SelectorTest_testFilterForAdjacentSiblings65_t.html">SelectorTest.testFilterForAdjacentSiblings65</a></td>
    <td style="whitespace:nowrap;"><span class="sortValue">1675971719349</span>9 Feb 12:41:59</td>
    <td>      <span class="sortValue">3</span><span class="aui-lozenge aui-lozenge-error">FAIL</span>
  </td>
    <td><span class="sortValue">0.001</span>0.001</td>
    <td style="width:50%">
    <span class="sortValue">expected:&lt;3&gt;&#160;but&#160;was:&lt;0&gt;</span>
        <span class="expand" id="togglebut18" onclick="toggleNodeExpansion('togglebut18', 'msgc18', 'msge18');return false;">&#160;</span>
        <div class="errorMessage" id="msgc18">expected:&lt;3&gt;&#160;but&#160;was:&lt;0&gt;</div>
        <div class="errorMessage" id="msge18" style="display:none;"> <div>java.lang.AssertionError: expected:&lt;3&gt; but was:&lt;0&gt;</div><div> at org.junit.Assert.fail(Assert.java:91)</div><div> at org.junit.Assert.failNotEquals(Assert.java:618)</div><div> at org.junit.Assert.assertEquals(Assert.java:126)</div><div> at org.junit.Assert.assertEquals(Assert.java:443)</div><div> at org.junit.Assert.assertEquals(Assert.java:427)</div><div>	at <a href="../../../org/jsoup/select/SelectorTest.html?line=45#src-45">org.jsoup.select.SelectorTest.testFilterForAdjacentSiblings65(SelectorTest.java:45)</a></div><div> at org.junit.runners.model.FrameworkMethod$1.runReflectiveCall(FrameworkMethod.java:44)</div><div> at org.junit.internal.runners.model.ReflectiveCallable.run(ReflectiveCallable.java:15)</div><div> at org.junit.runners.model.FrameworkMethod.invokeExplosively(FrameworkMethod.java:41)</div><div> at org.junit.internal.runners.statements.InvokeMethod.evaluate(InvokeMethod.java:20)</div><div> at org.junit.internal.runners.statements.RunBefores.evaluate(RunBefores.java:28)</div><div> at org.junit.internal.runners.statements.RunAfters.evaluate(RunAfters.java:31)</div><div> at org.junit.runners.BlockJUnit4ClassRunner.runChild(BlockJUnit4ClassRunner.java:73)</div><div> at org.junit.runners.BlockJUnit4ClassRunner.runChild(BlockJUnit4ClassRunner.java:46)</div><div> at org.junit.runners.ParentRunner.runChildren(ParentRunner.java:180)</div><div> at org.junit.runners.ParentRunner.access$000(ParentRunner.java:41)</div><div> at org.junit.runners.ParentRunner$1.evaluate(ParentRunner.java:173)</div><div> at org.junit.internal.runners.statements.RunBefores.evaluate(RunBefores.java:28)</div><div> at org.junit.internal.runners.statements.RunAfters.evaluate(RunAfters.java:31)</div><div> at org.junit.runners.ParentRunner.run(ParentRunner.java:220)</div><div> at junit.framework.JUnit4TestAdapter.run(JUnit4TestAdapter.java:39)</div></div>
        </td>
</tr>
<tr>
    <td><span class="sortValue">SelectorTest.byAttribute</span><a href="SelectorTest_byAttribute_z.html">SelectorTest.byAttribute</a></td>
    <td style="whitespace:nowrap;"><span class="sortValue">1675971719322</span>9 Feb 12:41:59</td>
    <td>      <span class="sortValue">3</span><span class="aui-lozenge aui-lozenge-error">FAIL</span>
  </td>
    <td><span class="sortValue">0.001</span>0.001</td>
    <td style="width:50%">
    <span class="sortValue">expected:&lt;2&gt;&#160;but&#160;was:&lt;1&gt;</span>
        <span class="expand" id="togglebut19" onclick="toggleNodeExpansion('togglebut19', 'msgc19', 'msge19');return false;">&#160;</span>
        <div class="errorMessage" id="msgc19">expected:&lt;2&gt;&#160;but&#160;was:&lt;1&gt;</div>
        <div class="errorMessage" id="msge19" style="display:none;"> <div>java.lang.AssertionError: expected:&lt;2&gt; but was:&lt;1&gt;</div><div> at org.junit.Assert.fail(Assert.java:91)</div><div> at org.junit.Assert.failNotEquals(Assert.java:618)</div><div> at org.junit.Assert.assertEquals(Assert.java:126)</div><div> at org.junit.Assert.assertEquals(Assert.java:443)</div><div> at org.junit.Assert.assertEquals(Assert.java:427)</div><div>	at <a href="../../../org/jsoup/select/SelectorTest.html?line=27#src-27">org.jsoup.select.SelectorTest.byAttribute(SelectorTest.java:27)</a></div><div> at org.junit.runners.model.FrameworkMethod$1.runReflectiveCall(FrameworkMethod.java:44)</div><div> at org.junit.internal.runners.model.ReflectiveCallable.run(ReflectiveCallable.java:15)</div><div> at org.junit.runners.model.FrameworkMethod.invokeExplosively(FrameworkMethod.java:41)</div><div> at org.junit.internal.runners.statements.InvokeMethod.evaluate(InvokeMethod.java:20)</div><div> at org.junit.internal.runners.statements.RunBefores.evaluate(RunBefores.java:28)</div><div> at org.junit.internal.runners.statements.RunAfters.evaluate(RunAfters.java:31)</div><div> at org.junit.runners.BlockJUnit4ClassRunner.runChild(BlockJUnit4ClassRunner.java:73)</div><div> at org.junit.runners.BlockJUnit4ClassRunner.runChild(BlockJUnit4ClassRunner.java:46)</div><div> at org.junit.runners.ParentRunner.runChildren(ParentRunner.java:180)</div><div> at org.junit.runners.ParentRunner.access$000(ParentRunner.java:41)</div><div> at org.junit.runners.ParentRunner$1.evaluate(ParentRunner.java:173)</div><div> at org.junit.internal.runners.statements.RunBefores.evaluate(RunBefores.java:28)</div><div> at org.junit.internal.runners.statements.RunAfters.evaluate(RunAfters.java:31)</div><div> at org.junit.runners.ParentRunner.run(ParentRunner.java:220)</div><div> at junit.framework.JUnit4TestAdapter.run(JUnit4TestAdapter.java:39)</div></div>
        </td>
</tr>
<tr>
    <td><span class="sortValue">SelectorTest.consumeIndex1</span><a href="SelectorTest_consumeIndex1_18.html">SelectorTest.consumeIndex1</a></td>
    <td style="whitespace:nowrap;"><span class="sortValue">1675971719343</span>9 Feb 12:41:59</td>
    <td>      <span class="sortValue">3</span><span class="aui-lozenge aui-lozenge-error">FAIL</span>
  </td>
    <td><span class="sortValue">0.001</span>0.001</td>
    <td style="width:50%">
    <span class="sortValue">expected:&lt;1&gt;&#160;but&#160;was:&lt;2&gt;</span>
        <span class="expand" id="togglebut20" onclick="toggleNodeExpansion('togglebut20', 'msgc20', 'msge20');return false;">&#160;</span>
        <div class="errorMessage" id="msgc20">expected:&lt;1&gt;&#160;but&#160;was:&lt;2&gt;</div>
        <div class="errorMessage" id="msge20" style="display:none;"> <div>java.lang.AssertionError: expected:&lt;1&gt; but was:&lt;2&gt;</div><div> at org.junit.Assert.fail(Assert.java:91)</div><div> at org.junit.Assert.failNotEquals(Assert.java:618)</div><div> at org.junit.Assert.assertEquals(Assert.java:126)</div><div> at org.junit.Assert.assertEquals(Assert.java:443)</div><div> at org.junit.Assert.assertEquals(Assert.java:427)</div><div>	at <a href="../../../org/jsoup/select/SelectorTest.html?line=41#src-41">org.jsoup.select.SelectorTest.consumeIndex1(SelectorTest.java:41)</a></div><div> at org.junit.runners.model.FrameworkMethod$1.runReflectiveCall(FrameworkMethod.java:44)</div><div> at org.junit.internal.runners.model.ReflectiveCallable.run(ReflectiveCallable.java:15)</div><div> at org.junit.runners.model.FrameworkMethod.invokeExplosively(FrameworkMethod.java:41)</div><div> at org.junit.internal.runners.statements.InvokeMethod.evaluate(InvokeMethod.java:20)</div><div> at org.junit.internal.runners.statements.RunBefores.evaluate(RunBefores.java:28)</div><div> at org.junit.internal.runners.statements.RunAfters.evaluate(RunAfters.java:31)</div><div> at org.junit.runners.BlockJUnit4ClassRunner.runChild(BlockJUnit4ClassRunner.java:73)</div><div> at org.junit.runners.BlockJUnit4ClassRunner.runChild(BlockJUnit4ClassRunner.java:46)</div><div> at org.junit.runners.ParentRunner.runChildren(ParentRunner.java:180)</div><div> at org.junit.runners.ParentRunner.access$000(ParentRunner.java:41)</div><div> at org.junit.runners.ParentRunner$1.evaluate(ParentRunner.java:173)</div><div> at org.junit.internal.runners.statements.RunBefores.evaluate(RunBefores.java:28)</div><div> at org.junit.internal.runners.statements.RunAfters.evaluate(RunAfters.java:31)</div><div> at org.junit.runners.ParentRunner.run(ParentRunner.java:220)</div><div> at junit.framework.JUnit4TestAdapter.run(JUnit4TestAdapter.java:39)</div></div>
        </td>
</tr>
<tr>
    <td><span class="sortValue">SelectorTest.testGetElementsByAttributeValueEnding114</span><a href="SelectorTest_testGetElementsByAttributeValueEnding114_1g.html">SelectorTest.testGetElementsByAttributeValueEnding114</a></td>
    <td style="whitespace:nowrap;"><span class="sortValue">1675971719361</span>9 Feb 12:41:59</td>
    <td>      <span class="sortValue">3</span><span class="aui-lozenge aui-lozenge-error">FAIL</span>
  </td>
    <td><span class="sortValue">0.001</span>0.001</td>
    <td style="width:50%">
    <span class="sortValue">expected:&lt;2&gt;&#160;but&#160;was:&lt;0&gt;</span>
        <span class="expand" id="togglebut21" onclick="toggleNodeExpansion('togglebut21', 'msgc21', 'msge21');return false;">&#160;</span>
        <div class="errorMessage" id="msgc21">expected:&lt;2&gt;&#160;but&#160;was:&lt;0&gt;</div>
        <div class="errorMessage" id="msge21" style="display:none;"> <div>java.lang.AssertionError: expected:&lt;2&gt; but was:&lt;0&gt;</div><div> at org.junit.Assert.fail(Assert.java:91)</div><div> at org.junit.Assert.failNotEquals(Assert.java:618)</div><div> at org.junit.Assert.assertEquals(Assert.java:126)</div><div> at org.junit.Assert.assertEquals(Assert.java:443)</div><div> at org.junit.Assert.assertEquals(Assert.java:427)</div><div>	at <a href="../../../org/jsoup/select/SelectorTest.html?line=55#src-55">org.jsoup.select.SelectorTest.testGetElementsByAttributeValueEnding114(SelectorTest.java:55)</a></div><div> at org.junit.runners.model.FrameworkMethod$1.runReflectiveCall(FrameworkMethod.java:44)</div><div> at org.junit.internal.runners.model.ReflectiveCallable.run(ReflectiveCallable.java:15)</div><div> at org.junit.runners.model.FrameworkMethod.invokeExplosively(FrameworkMethod.java:41)</div><div> at org.junit.internal.runners.statements.InvokeMethod.evaluate(InvokeMethod.java:20)</div><div> at org.junit.internal.runners.statements.RunBefores.evaluate(RunBefores.java:28)</div><div> at org.junit.internal.runners.statements.RunAfters.evaluate(RunAfters.java:31)</div><div> at org.junit.runners.BlockJUnit4ClassRunner.runChild(BlockJUnit4ClassRunner.java:73)</div><div> at org.junit.runners.BlockJUnit4ClassRunner.runChild(BlockJUnit4ClassRunner.java:46)</div><div> at org.junit.runners.ParentRunner.runChildren(ParentRunner.java:180)</div><div> at org.junit.runners.ParentRunner.access$000(ParentRunner.java:41)</div><div> at org.junit.runners.ParentRunner$1.evaluate(ParentRunner.java:173)</div><div> at org.junit.internal.runners.statements.RunBefores.evaluate(RunBefores.java:28)</div><div> at org.junit.internal.runners.statements.RunAfters.evaluate(RunAfters.java:31)</div><div> at org.junit.runners.ParentRunner.run(ParentRunner.java:220)</div><div> at junit.framework.JUnit4TestAdapter.run(JUnit4TestAdapter.java:39)</div></div>
        </td>
</tr>
<tr>
    <td><span class="sortValue">SelectorTest.testFilterForAdjacentSiblings67</span><a href="SelectorTest_testFilterForAdjacentSiblings67_h.html">SelectorTest.testFilterForAdjacentSiblings67</a></td>
    <td style="whitespace:nowrap;"><span class="sortValue">1675971719354</span>9 Feb 12:41:59</td>
    <td>      <span class="sortValue">1</span><span class="aui-lozenge aui-lozenge-success">PASS</span>
  </td>
    <td><span class="sortValue">0.001</span>0.001</td>
    <td style="width:50%">
     &#160;     </td>
</tr>
<tr>
    <td><span class="sortValue">SelectorTest.filterForAdjacentSiblings</span><a href="SelectorTest_filterForAdjacentSiblings_d.html">SelectorTest.filterForAdjacentSiblings</a></td>
    <td style="whitespace:nowrap;"><span class="sortValue">1675971719352</span>9 Feb 12:41:59</td>
    <td>      <span class="sortValue">1</span><span class="aui-lozenge aui-lozenge-success">PASS</span>
  </td>
    <td><span class="sortValue">0.001</span>0.001</td>
    <td style="width:50%">
     &#160;     </td>
</tr>

    </tbody>
</table>

    </div> <!-- tabs-pane -->
</div> <!-- aui-tabs horizontal-tabs -->

                        </div> <!-- class="aui-page-panel-content-clover" -->
                    <footer id="footer" role="contentinfo">
    <section class="footer-body">
        <ul>
            <li>
                Report generated by <a target="_new" href="http://openclover.org">OpenClover</a> v 4.4.1
                on Thu Feb 9 2023 12:41:59 MST using coverage data from Thu Feb 9 2023 12:41:59 MST.
            </li>
        </ul>
        <ul>
            <li>OpenClover is free and open-source software. </li>
        </ul>
    </section>
</footer>                </section> <!-- class="aui-page-panel-content" -->
            </div> <!-- class="aui-page-panel-inner" -->
        </div> <!-- class="aui-page-panel" -->
    </div> <!-- id="page" -->
</body>
</html>