Testsuite: org.apache.commons.lang3.CharUtilsTest
Tests run: 5, Failures: 4, Errors: 0, Skipped: 0, Time elapsed: 0.034 sec

Testcase: testToUnicodeEscaped_Character98 took 0.018 sec
Testcase: testIsAsciiNumeric_char413 took 0.001 sec
	FAILED
null
junit.framework.AssertionFailedError
	at org.apache.commons.lang3.CharUtilsTest.testIsAsciiNumeric_char413(CharUtilsTest.java:48)

Testcase: testToIntValue_Character_int415 took 0 sec
	FAILED
expected:<3> but was:<4>
junit.framework.AssertionFailedError: expected:<3> but was:<4>
	at org.apache.commons.lang3.CharUtilsTest.testToIntValue_Character_int415(CharUtilsTest.java:67)

Testcase: testToIntValue_Character_int416 took 0 sec
	FAILED
expected:<3> but was:<4>
junit.framework.AssertionFailedError: expected:<3> but was:<4>
	at org.apache.commons.lang3.CharUtilsTest.testToIntValue_Character_int416(CharUtilsTest.java:75)

Testcase: testToIntValue_Character_int417 took 0 sec
	FAILED
expected:<3> but was:<0>
junit.framework.AssertionFailedError: expected:<3> but was:<0>
	at org.apache.commons.lang3.CharUtilsTest.testToIntValue_Character_int417(CharUtilsTest.java:81)

