Testsuite: org.apache.commons.lang3.StringUtilsEqualsIndexOfTest
Tests run: 8, Failures: 4, Errors: 0, Skipped: 0, Time elapsed: 0.074 sec

Testcase: testContainsAny_StringWithSupplementaryChars112 took 0.032 sec
	FAILED
null
junit.framework.AssertionFailedError
	at org.apache.commons.lang3.StringUtilsEqualsIndexOfTest.testContainsAny_StringWithSupplementaryChars112(StringUtilsEqualsIndexOfTest.java:102)

Testcase: testContainsAny_StringWithSupplementaryChars442 took 0.001 sec
Testcase: testContainsAny_StringWithSupplementaryChars445 took 0 sec
	FAILED
null
junit.framework.AssertionFailedError
	at org.apache.commons.lang3.StringUtilsEqualsIndexOfTest.testContainsAny_StringWithSupplementaryChars445(StringUtilsEqualsIndexOfTest.java:150)

Testcase: testContainsAny_StringWithBadSupplementaryChars444 took 0 sec
	FAILED
null
junit.framework.AssertionFailedError
	at org.apache.commons.lang3.StringUtilsEqualsIndexOfTest.testContainsAny_StringWithBadSupplementaryChars444(StringUtilsEqualsIndexOfTest.java:135)

Testcase: testContainsNone_StringWithBadSupplementaryChars29 took 0 sec
Testcase: testEscapeSurrogatePairs221 took 0.012 sec
Testcase: testIndexOfIgnoreCase_StringInt52 took 0 sec
Testcase: testContainsAny_String447 took 0 sec
	FAILED
null
junit.framework.AssertionFailedError
	at org.apache.commons.lang3.StringUtilsEqualsIndexOfTest.testContainsAny_String447(StringUtilsEqualsIndexOfTest.java:165)

