-------------------------------------------------------------------------------
Test set: com.google.gson.functional.DefaultTypeAdaptersTest
-------------------------------------------------------------------------------
Tests run: 24, Failures: 4, Errors: 0, Skipped: 0, Time elapsed: 0.033 sec <<< FAILURE!
testDefaultJavaSqlTimestampDeserialization83(com.google.gson.functional.DefaultTypeAdaptersTest)  Time elapsed: 0.004 sec  <<< FAILURE!
junit.framework.AssertionFailedError: expected:<13> but was:<12>
	at junit.framework.Assert.fail(Assert.java:47)
	at junit.framework.Assert.failNotEquals(Assert.java:280)
	at junit.framework.Assert.assertEquals(Assert.java:64)
	at junit.framework.Assert.assertEquals(Assert.java:198)
	at junit.framework.Assert.assertEquals(Assert.java:204)
	at com.google.gson.functional.DefaultTypeAdaptersTest.assertEqualsTime(DefaultTypeAdaptersTest.java:334)
	at com.google.gson.functional.DefaultTypeAdaptersTest.__CLR4_4_12pdec83xg(DefaultTypeAdaptersTest.java:111)
	at com.google.gson.functional.DefaultTypeAdaptersTest.testDefaultJavaSqlTimestampDeserialization83(DefaultTypeAdaptersTest.java:107)

testDefaultJavaSqlDateDeserialization85(com.google.gson.functional.DefaultTypeAdaptersTest)  Time elapsed: 0.002 sec  <<< FAILURE!
junit.framework.AssertionFailedError: expected:<3> but was:<2>
	at junit.framework.Assert.fail(Assert.java:47)
	at junit.framework.Assert.failNotEquals(Assert.java:280)
	at junit.framework.Assert.assertEquals(Assert.java:64)
	at junit.framework.Assert.assertEquals(Assert.java:198)
	at junit.framework.Assert.assertEquals(Assert.java:204)
	at com.google.gson.functional.DefaultTypeAdaptersTest.assertEqualsDate(DefaultTypeAdaptersTest.java:329)
	at com.google.gson.functional.DefaultTypeAdaptersTest.__CLR4_4_11le25k3xp(DefaultTypeAdaptersTest.java:125)
	at com.google.gson.functional.DefaultTypeAdaptersTest.testDefaultJavaSqlDateDeserialization85(DefaultTypeAdaptersTest.java:122)

testDefaultJavaSqlTimeSerialization86(com.google.gson.functional.DefaultTypeAdaptersTest)  Time elapsed: 0.002 sec  <<< FAILURE!
junit.framework.ComparisonFailure: expected:<"0[1]:18:02 PM"> but was:<"0[2]:18:02 PM">
	at junit.framework.Assert.assertEquals(Assert.java:81)
	at junit.framework.Assert.assertEquals(Assert.java:87)
	at com.google.gson.functional.DefaultTypeAdaptersTest.__CLR4_4_1c3deqz3xt(DefaultTypeAdaptersTest.java:132)
	at com.google.gson.functional.DefaultTypeAdaptersTest.testDefaultJavaSqlTimeSerialization86(DefaultTypeAdaptersTest.java:129)

testDefaultJavaSqlTimeDeserialization87(com.google.gson.functional.DefaultTypeAdaptersTest)  Time elapsed: 0.002 sec  <<< FAILURE!
junit.framework.AssertionFailedError: expected:<13> but was:<12>
	at junit.framework.Assert.fail(Assert.java:47)
	at junit.framework.Assert.failNotEquals(Assert.java:280)
	at junit.framework.Assert.assertEquals(Assert.java:64)
	at junit.framework.Assert.assertEquals(Assert.java:198)
	at junit.framework.Assert.assertEquals(Assert.java:204)
	at com.google.gson.functional.DefaultTypeAdaptersTest.assertEqualsTime(DefaultTypeAdaptersTest.java:334)
	at com.google.gson.functional.DefaultTypeAdaptersTest.__CLR4_4_1pyxl1n3xx(DefaultTypeAdaptersTest.java:139)
	at com.google.gson.functional.DefaultTypeAdaptersTest.testDefaultJavaSqlTimeDeserialization87(DefaultTypeAdaptersTest.java:136)

