<?xml version="1.0" encoding="UTF-8" ?>
<testsuite tests="24" failures="4" name="com.google.gson.functional.DefaultTypeAdaptersTest" time="0.03" errors="0" skipped="0">
  <properties>
[...]
</properties>
  <testcase classname="com.google.gson.functional.DefaultTypeAdaptersTest" name="testUrlDeserialization72" time="0.003"/>
  <testcase classname="com.google.gson.functional.DefaultTypeAdaptersTest" name="testDefaultCalendarDeserialization80" time="0.001"/>
  <testcase classname="com.google.gson.functional.DefaultTypeAdaptersTest" name="testDateSerializationWithPattern81" time="0.001"/>
  <testcase classname="com.google.gson.functional.DefaultTypeAdaptersTest" name="testDefaultJavaSqlTimestampDeserialization83" time="0.004">
    <failure message="expected:&lt;13&gt; but was:&lt;12&gt;" type="junit.framework.AssertionFailedError">junit.framework.AssertionFailedError: expected:&lt;13&gt; but was:&lt;12&gt;
	at junit.framework.Assert.fail(Assert.java:47)
	at junit.framework.Assert.failNotEquals(Assert.java:280)
	at junit.framework.Assert.assertEquals(Assert.java:64)
	at junit.framework.Assert.assertEquals(Assert.java:198)
	at junit.framework.Assert.assertEquals(Assert.java:204)
	at com.google.gson.functional.DefaultTypeAdaptersTest.assertEqualsTime(DefaultTypeAdaptersTest.java:334)
	at com.google.gson.functional.DefaultTypeAdaptersTest.__CLR4_4_12pdec83xg(DefaultTypeAdaptersTest.java:111)
	at com.google.gson.functional.DefaultTypeAdaptersTest.testDefaultJavaSqlTimestampDeserialization83(DefaultTypeAdaptersTest.java:107)
</failure>
  </testcase>
  <testcase classname="com.google.gson.functional.DefaultTypeAdaptersTest" name="testDefaultJavaSqlDateSerialization84" time="0.001"/>
  <testcase classname="com.google.gson.functional.DefaultTypeAdaptersTest" name="testDefaultJavaSqlDateDeserialization85" time="0.002">
    <failure message="expected:&lt;3&gt; but was:&lt;2&gt;" type="junit.framework.AssertionFailedError">junit.framework.AssertionFailedError: expected:&lt;3&gt; but was:&lt;2&gt;
	at junit.framework.Assert.fail(Assert.java:47)
	at junit.framework.Assert.failNotEquals(Assert.java:280)
	at junit.framework.Assert.assertEquals(Assert.java:64)
	at junit.framework.Assert.assertEquals(Assert.java:198)
	at junit.framework.Assert.assertEquals(Assert.java:204)
	at com.google.gson.functional.DefaultTypeAdaptersTest.assertEqualsDate(DefaultTypeAdaptersTest.java:329)
	at com.google.gson.functional.DefaultTypeAdaptersTest.__CLR4_4_11le25k3xp(DefaultTypeAdaptersTest.java:125)
	at com.google.gson.functional.DefaultTypeAdaptersTest.testDefaultJavaSqlDateDeserialization85(DefaultTypeAdaptersTest.java:122)
</failure>
  </testcase>
  <testcase classname="com.google.gson.functional.DefaultTypeAdaptersTest" name="testDefaultJavaSqlTimeSerialization86" time="0.002">
    <failure message="expected:&lt;&quot;0[1]:18:02 PM&quot;&gt; but was:&lt;&quot;0[2]:18:02 PM&quot;&gt;" type="junit.framework.ComparisonFailure">junit.framework.ComparisonFailure: expected:&lt;&quot;0[1]:18:02 PM&quot;&gt; but was:&lt;&quot;0[2]:18:02 PM&quot;&gt;
	at junit.framework.Assert.assertEquals(Assert.java:81)
	at junit.framework.Assert.assertEquals(Assert.java:87)
	at com.google.gson.functional.DefaultTypeAdaptersTest.__CLR4_4_1c3deqz3xt(DefaultTypeAdaptersTest.java:132)
	at com.google.gson.functional.DefaultTypeAdaptersTest.testDefaultJavaSqlTimeSerialization86(DefaultTypeAdaptersTest.java:129)
</failure>
  </testcase>
  <testcase classname="com.google.gson.functional.DefaultTypeAdaptersTest" name="testDefaultJavaSqlTimeDeserialization87" time="0.002">
    <failure message="expected:&lt;13&gt; but was:&lt;12&gt;" type="junit.framework.AssertionFailedError">junit.framework.AssertionFailedError: expected:&lt;13&gt; but was:&lt;12&gt;
	at junit.framework.Assert.fail(Assert.java:47)
	at junit.framework.Assert.failNotEquals(Assert.java:280)
	at junit.framework.Assert.assertEquals(Assert.java:64)
	at junit.framework.Assert.assertEquals(Assert.java:198)
	at junit.framework.Assert.assertEquals(Assert.java:204)
	at com.google.gson.functional.DefaultTypeAdaptersTest.assertEqualsTime(DefaultTypeAdaptersTest.java:334)
	at com.google.gson.functional.DefaultTypeAdaptersTest.__CLR4_4_1pyxl1n3xx(DefaultTypeAdaptersTest.java:139)
	at com.google.gson.functional.DefaultTypeAdaptersTest.testDefaultJavaSqlTimeDeserialization87(DefaultTypeAdaptersTest.java:136)
</failure>
  </testcase>
  <testcase classname="com.google.gson.functional.DefaultTypeAdaptersTest" name="testDefaultCalendarSerialization88" time="0.001"/>
  <testcase classname="com.google.gson.functional.DefaultTypeAdaptersTest" name="testUrlSerialization89" time="0"/>
  <testcase classname="com.google.gson.functional.DefaultTypeAdaptersTest" name="testUriSerialization90" time="0.001"/>
  <testcase classname="com.google.gson.functional.DefaultTypeAdaptersTest" name="testUriDeserialization91" time="0.001"/>
  <testcase classname="com.google.gson.functional.DefaultTypeAdaptersTest" name="testUuidSerialization92" time="0"/>
  <testcase classname="com.google.gson.functional.DefaultTypeAdaptersTest" name="testLocaleSerializationWithLanguageCountry93" time="0.001"/>
  <testcase classname="com.google.gson.functional.DefaultTypeAdaptersTest" name="testLocaleDeserializationWithLanguage94" time="0.001"/>
  <testcase classname="com.google.gson.functional.DefaultTypeAdaptersTest" name="testLocaleDeserializationWithLanguageCountryVariant95" time="0"/>
  <testcase classname="com.google.gson.functional.DefaultTypeAdaptersTest" name="testTreeSetDeserialization97" time="0.002"/>
  <testcase classname="com.google.gson.functional.DefaultTypeAdaptersTest" name="testPropertiesDeserialization99" time="0.001"/>
  <testcase classname="com.google.gson.functional.DefaultTypeAdaptersTest" name="testPropertiesSerialization100" time="0.002"/>
  <testcase classname="com.google.gson.functional.DefaultTypeAdaptersTest" name="testBigDecimalFieldSerialization104" time="0"/>
  <testcase classname="com.google.gson.functional.DefaultTypeAdaptersTest" name="testBigDecimalFieldDeserialization105" time="0.001"/>
  <testcase classname="com.google.gson.functional.DefaultTypeAdaptersTest" name="testBadValueForBigDecimalDeserialization106" time="0.001"/>
  <testcase classname="com.google.gson.functional.DefaultTypeAdaptersTest" name="testBigIntegerFieldSerialization107" time="0.001"/>
  <testcase classname="com.google.gson.functional.DefaultTypeAdaptersTest" name="testDateDeserializationWithPattern187" time="0.001"/>
</testsuite>