<!DOCTYPE html>
<html xmlns="http://www.w3.org/1999/xhtml" xml:lang="en" lang="en">
<head>
    <meta http-equiv="Content-Type" content="text/html; charset=UTF-8"/>

    
    
    <link rel="SHORTCUT ICON" href="../../../img/clover.ico" />

    <link rel="stylesheet" href="../../../aui/css/aui.min.css" media="all"/>
    <link rel="stylesheet" href="../../../aui/css/aui-experimental.min.css" media="all"/>
    <!--[if IE 9]><link rel="stylesheet" href="../../../aui/css/aui-ie9.min.css" media="all"/><![endif]-->

    <style type="text/css" media="all">
        @import url('../../../style.css');
        @import url('../../../tree.css');
        
    </style>

    <script src="../../../jquery-1.8.3.min.js" type="text/javascript"></script>
    <script src="../../../aui/js/aui.min.js" type="text/javascript"></script>
    <script src="../../../aui/js/aui-experimental.min.js" type="text/javascript"></script>
    <script src="../../../aui/js/aui-soy.min.js" type="text/javascript"></script>

    <script src="../../../package-nodes-tree.js" type="text/javascript"></script>
    <script src="../../../clover-tree.js" type="text/javascript"></script>
    <script src="../../../clover.js" type="text/javascript"></script>
    <script src="../../../clover-descriptions.js" type="text/javascript"></script>
    <script src="../../../cloud.js" type="text/javascript"></script>

            <title>Joda-Time 2.4-SNAPSHOT</title>
    </head>

<body>
    <div id="page">
        
        


<header id="header" role="banner">
    <nav class="aui-header aui-dropdown2-trigger-group" role="navigation">
        <div class="aui-header-inner">
            <div class="aui-header-primary">
                <h1 id="logo" class="aui-header-logo aui-header-logo-clover">
                    <a href="http://openclover.org" title="Visit OpenClover home page"><span class="aui-header-logo-device">OpenClover</span></a>
                </h1>
                            </div>
            <div class="aui-header-secondary">
                <ul class="aui-nav">
                    <li id="system-help-menu">
                        <a class="aui-nav-link" title="Open online documentation" target="_blank"
                           href="http://openclover.org/documentation">
                            <span class="aui-icon aui-icon-small aui-iconfont-help">&#160;Help</span>
                        </a>
                    </li>
                </ul>
            </div>
        </div>
    </nav>
</header>
        
        <div class="aui-page-panel">
            <div class="aui-page-panel-inner">
                <div class="aui-page-panel-nav aui-page-panel-nav-clover">
                    

<div class="aui-page-header-inner" style="margin-bottom: 20px;">
    <div class="aui-page-header-image">
                    <a href="http://www.joda.org/joda-time/" target="_top">
                <div class="aui-avatar aui-avatar-large aui-avatar-project">
            <div class="aui-avatar-inner">
                                    <img src="../../../img/clover_logo_large.png" alt="Clover icon"/>
                            </div>
        </div>
                    </a>
            </div>
    <div class="aui-page-header-main" >
        <h1>
                            <a href="http://www.joda.org/joda-time/" target="_top">
                                        Joda-Time 2.4-SNAPSHOT
                                        </a>
                    </h1>
    </div>
</div>

<nav class="aui-navgroup aui-navgroup-vertical">
    <div class="aui-navgroup-inner">
                                            <ul class="aui-nav">
                <li class="">
                    <a href="../../../dashboard.html">Project overview</a>
                </li>
            </ul>
        
                <div class="aui-nav-heading packages-nav-heading">
            <strong>Packages</strong>
        </div>
        <div class="aui-nav project-packages">
            <form method="get" action="#" class="aui package-filter-container">
                <input type="text" autocomplete="off" class="package-filter text"
                       placeholder="Type to filter packages..." name="package-filter" id="package-filter"
                       title="Start typing package name (or part of the name) to search through the tree. Use arrow keys and the Enter key to navigate."/>
            </form>
            <p class="package-filter-no-results-message hidden">
                <small>No results found.</small>
            </p>
                                                <div class="packages-tree-wrapper" data-root-relative="../../../" data-package-name="org.joda.time">
                <div class="packages-tree-container"></div>
                <div class="clover-packages-lozenges"></div>
            </div>
        </div>
        
            </div>
</nav>                </div>
                <section class="aui-page-panel-content">
                    <div class="aui-page-panel-content-clover">

                    
                    <div class="aui-page-header-main"><ol class="aui-nav aui-nav-breadcrumbs">
    
    <li><a href="../../../dashboard.html"> Project Clover database Wed Feb 15 2023 22:14:26 MST</a></li>
     <li><a href="test-pkg-summary.html">Package org.joda.time</a></li>
</ol></div>
    
<h1 class="aui-h2-clover">
            
        Class TestMutablePeriod_Updates
    </h1>


 
<div class="aui-tabs horizontal-tabs" id="tabs-file">
    <ul class="tabs-menu">
        <li class="menu-item">
            <a href="TestMutablePeriod_Updates.html"><strong>Source file</strong></a>
        </li>
        <li class="menu-item active-tab">
            <a href="#tabs-file-test-results"><strong>Test results</strong></a>
        </li>
    </ul>
    <div class="tabs-pane aui-tabs-pane-100-pcnt active-pane" id="tabs-file-test-results">
        <div>&#160;</div>




<table id="testClassSummaryTable" class="aui">
<thead>
    <tr>
        <th width="40%"><label>Class</label></th>
        <th width="10%"><label title="Total number of tests (or test iterations) executed.">Tests</label></th>
        <th width="10%"><label title="Number of failed tests">Fail</label></th>
        <th width="10%"><label title="Number of test errors">Error</label></th>
        <th width="10%">
            <label title="The total time in seconds taken to run this set of tests.">Time (secs)</label>
        </th>
        <th width="20%"><label>% Tests Success</label></th>
    </tr>
</thead>
<tbody>
    <tr>
        <td>TestMutablePeriod_Updates</td>
        <td class="testPasses"><span class="sortValue">22</span>22</td>
<td class="testFailures"><span class="sortValue">13</span>13</td>
<td class=""><span class="sortValue">0</span>0</td>
        <td>0.009</td>
        <td class="align-middle">
            

<div style="display: table; width: 100%">
            <div class="barGraphValue"><span class="sortValue">0.4090909</span>40.9%</div>         <div style="display: table-cell">
            
            <div title="0% Errors" style="min-width: 40px;" class="testBarError">
                <div title="40.9% of tests passed&lt;br/&gt;59.1% of tests failed" class="testBarFail" style="width: 100%"><div class="testBarPass" style="width: 40.9%"></div></div>
            </div>
        </div>
    </div>        </td>
    </tr>
</tbody>
</table>

<div>&#160;</div>

<table id="testClassTestsTable" class="aui aui-table-sortable">
<thead>
    <tr>
        <th width="40%">
            <label title="Tests (or test iterations) which were executed.">Tests</label>
        </th>
        <th width="10%"><label>Started</label></th>
        <th width="10%"><label>Status</label></th>
        <th width="10%">
            <label title="The total time in seconds taken to run this set of tests.">Time (secs)</label>
        </th>
        <th width="30%"><label>Message</label></th>
    </tr>
</thead>
<tbody>


<tr>
    <td><span class="sortValue">TestMutablePeriod_Updates.testAdd_RP4342</span><a href="TestMutablePeriod_Updates_testAdd_RP4342_ab.html">TestMutablePeriod_Updates.testAdd_RP4342</a></td>
    <td style="whitespace:nowrap;"><span class="sortValue">1676524480782</span>15 Feb 22:14:40</td>
    <td>      <span class="sortValue">3</span><span class="aui-lozenge aui-lozenge-error">FAIL</span>
  </td>
    <td><span class="sortValue">0.001</span>0.001</td>
    <td style="width:50%">
    <span class="sortValue">Period&#160;does&#160;not&#160;support&#160;field&#160;'weeks'</span>
        <span class="expand" id="togglebut1" onclick="toggleNodeExpansion('togglebut1', 'msgc1', 'msge1');return false;">&#160;</span>
        <div class="errorMessage" id="msgc1">Period&#160;does&#160;not&#160;support&#160;field&#160;'weeks'</div>
        <div class="errorMessage" id="msge1" style="display:none;"> <div>java.lang.IllegalArgumentException: Period does not support field 'weeks'</div><div>	at <a href="../../../org/joda/time/base/BasePeriod.html?line=585#src-585">org.joda.time.base.BasePeriod.addPeriodInto(BasePeriod.java:585)</a></div><div>	at <a href="../../../org/joda/time/base/BasePeriod.html?line=565#src-565">org.joda.time.base.BasePeriod.addPeriod(BasePeriod.java:565)</a></div><div>	at <a href="../../../org/joda/time/MutablePeriod.html?line=637#src-637">org.joda.time.MutablePeriod.add(MutablePeriod.java:637)</a></div><div>	at <a href="../../../org/joda/time/TestMutablePeriod_Updates.html?line=149#src-149">org.joda.time.TestMutablePeriod_Updates.testAdd_RP4342(TestMutablePeriod_Updates.java:149)</a></div><div> at org.apache.maven.surefire.junit.JUnitTestSet.execute(JUnitTestSet.java:95)</div><div> at org.apache.maven.surefire.junit.JUnit3Provider.executeTestSet(JUnit3Provider.java:131)</div><div> at org.apache.maven.surefire.junit.JUnit3Provider.invoke(JUnit3Provider.java:108)</div><div> at org.apache.maven.surefire.booter.ForkedBooter.invokeProviderInSameClassLoader(ForkedBooter.java:200)</div><div> at org.apache.maven.surefire.booter.ForkedBooter.runSuitesInProcess(ForkedBooter.java:153)</div><div> at org.apache.maven.surefire.booter.ForkedBooter.main(ForkedBooter.java:103)</div></div>
        </td>
</tr>
<tr>
    <td><span class="sortValue">TestMutablePeriod_Updates.testGetValues586</span><a href="TestMutablePeriod_Updates_testGetValues586_8x.html">TestMutablePeriod_Updates.testGetValues586</a></td>
    <td style="whitespace:nowrap;"><span class="sortValue">1676524480787</span>15 Feb 22:14:40</td>
    <td>      <span class="sortValue">3</span><span class="aui-lozenge aui-lozenge-error">FAIL</span>
  </td>
    <td><span class="sortValue">0.0</span>0</td>
    <td style="width:50%">
    <span class="sortValue">expected:&lt;2&gt;&#160;but&#160;was:&lt;8&gt;</span>
        <span class="expand" id="togglebut2" onclick="toggleNodeExpansion('togglebut2', 'msgc2', 'msge2');return false;">&#160;</span>
        <div class="errorMessage" id="msgc2">expected:&lt;2&gt;&#160;but&#160;was:&lt;8&gt;</div>
        <div class="errorMessage" id="msge2" style="display:none;"> <div>junit.framework.AssertionFailedError: expected:&lt;2&gt; but was:&lt;8&gt;</div><div> at junit.framework.Assert.fail(Assert.java:47)</div><div> at junit.framework.Assert.failNotEquals(Assert.java:280)</div><div>	at <a href="../../../org/joda/time/TestMutablePeriod_Updates.html?line=176#src-176">org.joda.time.TestMutablePeriod_Updates.testGetValues586(TestMutablePeriod_Updates.java:176)</a></div><div> at org.apache.maven.surefire.junit.JUnitTestSet.execute(JUnitTestSet.java:95)</div><div> at org.apache.maven.surefire.junit.JUnit3Provider.executeTestSet(JUnit3Provider.java:131)</div><div> at org.apache.maven.surefire.junit.JUnit3Provider.invoke(JUnit3Provider.java:108)</div><div> at org.apache.maven.surefire.booter.ForkedBooter.invokeProviderInSameClassLoader(ForkedBooter.java:200)</div><div> at org.apache.maven.surefire.booter.ForkedBooter.runSuitesInProcess(ForkedBooter.java:153)</div><div> at org.apache.maven.surefire.booter.ForkedBooter.main(ForkedBooter.java:103)</div></div>
        </td>
</tr>
<tr>
    <td><span class="sortValue">TestMutablePeriod_Updates.testAdd_RP3339</span><a href="TestMutablePeriod_Updates_testAdd_RP3339_v.html">TestMutablePeriod_Updates.testAdd_RP3339</a></td>
    <td style="whitespace:nowrap;"><span class="sortValue">1676524480790</span>15 Feb 22:14:40</td>
    <td>      <span class="sortValue">3</span><span class="aui-lozenge aui-lozenge-error">FAIL</span>
  </td>
    <td><span class="sortValue">0.001</span>0.001</td>
    <td style="width:50%">
    <span class="sortValue">expected:&lt;14&gt;&#160;but&#160;was:&lt;2&gt;</span>
        <span class="expand" id="togglebut3" onclick="toggleNodeExpansion('togglebut3', 'msgc3', 'msge3');return false;">&#160;</span>
        <div class="errorMessage" id="msgc3">expected:&lt;14&gt;&#160;but&#160;was:&lt;2&gt;</div>
        <div class="errorMessage" id="msge3" style="display:none;"> <div>junit.framework.AssertionFailedError: expected:&lt;14&gt; but was:&lt;2&gt;</div><div> at junit.framework.Assert.fail(Assert.java:47)</div><div> at junit.framework.Assert.failNotEquals(Assert.java:280)</div><div>	at <a href="../../../org/joda/time/TestMutablePeriod_Updates.html?line=114#src-114">org.joda.time.TestMutablePeriod_Updates.testAdd_RP3339(TestMutablePeriod_Updates.java:114)</a></div><div> at org.apache.maven.surefire.junit.JUnitTestSet.execute(JUnitTestSet.java:95)</div><div> at org.apache.maven.surefire.junit.JUnit3Provider.executeTestSet(JUnit3Provider.java:131)</div><div> at org.apache.maven.surefire.junit.JUnit3Provider.invoke(JUnit3Provider.java:108)</div><div> at org.apache.maven.surefire.booter.ForkedBooter.invokeProviderInSameClassLoader(ForkedBooter.java:200)</div><div> at org.apache.maven.surefire.booter.ForkedBooter.runSuitesInProcess(ForkedBooter.java:153)</div><div> at org.apache.maven.surefire.booter.ForkedBooter.main(ForkedBooter.java:103)</div></div>
        </td>
</tr>
<tr>
    <td><span class="sortValue">TestMutablePeriod_Updates.testToPeriod_PeriodType_Chronology20</span><a href="TestMutablePeriod_Updates_testToPeriod_PeriodType_Chronology20_21.html">TestMutablePeriod_Updates.testToPeriod_PeriodType_Chronology20</a></td>
    <td style="whitespace:nowrap;"><span class="sortValue">1676524480788</span>15 Feb 22:14:40</td>
    <td>      <span class="sortValue">3</span><span class="aui-lozenge aui-lozenge-error">FAIL</span>
  </td>
    <td><span class="sortValue">0.001</span>0.001</td>
    <td style="width:50%">
    <span class="sortValue">expected:&lt;P64W2DT5H6M7.008S&gt;&#160;but&#160;was:&lt;P64W2DT5H6M7S&gt;</span>
        <span class="expand" id="togglebut4" onclick="toggleNodeExpansion('togglebut4', 'msgc4', 'msge4');return false;">&#160;</span>
        <div class="errorMessage" id="msgc4">expected:&lt;P64W2DT5H6M7.008S&gt;&#160;but&#160;was:&lt;P64W2DT5H6M7S&gt;</div>
        <div class="errorMessage" id="msge4" style="display:none;"> <div>junit.framework.AssertionFailedError: expected:&lt;P64W2DT5H6M7.008S&gt; but was:&lt;P64W2DT5H6M7S&gt;</div><div> at junit.framework.Assert.fail(Assert.java:47)</div><div> at junit.framework.Assert.failNotEquals(Assert.java:280)</div><div>	at <a href="../../../org/joda/time/TestMutablePeriod_Updates.html?line=104#src-104">org.joda.time.TestMutablePeriod_Updates.testToPeriod_PeriodType_Chronology20(TestMutablePeriod_Updates.java:104)</a></div><div> at org.apache.maven.surefire.junit.JUnitTestSet.execute(JUnitTestSet.java:95)</div><div> at org.apache.maven.surefire.junit.JUnit3Provider.executeTestSet(JUnit3Provider.java:131)</div><div> at org.apache.maven.surefire.junit.JUnit3Provider.invoke(JUnit3Provider.java:108)</div><div> at org.apache.maven.surefire.booter.ForkedBooter.invokeProviderInSameClassLoader(ForkedBooter.java:200)</div><div> at org.apache.maven.surefire.booter.ForkedBooter.runSuitesInProcess(ForkedBooter.java:153)</div><div> at org.apache.maven.surefire.booter.ForkedBooter.main(ForkedBooter.java:103)</div></div>
        </td>
</tr>
<tr>
    <td><span class="sortValue">TestMutablePeriod_Updates.testSet598</span><a href="TestMutablePeriod_Updates_testSet598_5g.html">TestMutablePeriod_Updates.testSet598</a></td>
    <td style="whitespace:nowrap;"><span class="sortValue">1676524480776</span>15 Feb 22:14:40</td>
    <td>      <span class="sortValue">3</span><span class="aui-lozenge aui-lozenge-error">FAIL</span>
  </td>
    <td><span class="sortValue">0.001</span>0.001</td>
    <td style="width:50%">
    <span class="sortValue">expected:&lt;0&gt;&#160;but&#160;was:&lt;1&gt;</span>
        <span class="expand" id="togglebut5" onclick="toggleNodeExpansion('togglebut5', 'msgc5', 'msge5');return false;">&#160;</span>
        <div class="errorMessage" id="msgc5">expected:&lt;0&gt;&#160;but&#160;was:&lt;1&gt;</div>
        <div class="errorMessage" id="msge5" style="display:none;"> <div>junit.framework.AssertionFailedError: expected:&lt;0&gt; but was:&lt;1&gt;</div><div> at junit.framework.Assert.fail(Assert.java:47)</div><div> at junit.framework.Assert.failNotEquals(Assert.java:280)</div><div>	at <a href="../../../org/joda/time/TestMutablePeriod_Updates.html?line=245#src-245">org.joda.time.TestMutablePeriod_Updates.testSet598(TestMutablePeriod_Updates.java:245)</a></div><div> at org.apache.maven.surefire.junit.JUnitTestSet.execute(JUnitTestSet.java:95)</div><div> at org.apache.maven.surefire.junit.JUnit3Provider.executeTestSet(JUnit3Provider.java:131)</div><div> at org.apache.maven.surefire.junit.JUnit3Provider.invoke(JUnit3Provider.java:108)</div><div> at org.apache.maven.surefire.booter.ForkedBooter.invokeProviderInSameClassLoader(ForkedBooter.java:200)</div><div> at org.apache.maven.surefire.booter.ForkedBooter.runSuitesInProcess(ForkedBooter.java:153)</div><div> at org.apache.maven.surefire.booter.ForkedBooter.main(ForkedBooter.java:103)</div></div>
        </td>
</tr>
<tr>
    <td><span class="sortValue">TestMutablePeriod_Updates.testAddWeeks606</span><a href="TestMutablePeriod_Updates_testAddWeeks606_3x.html">TestMutablePeriod_Updates.testAddWeeks606</a></td>
    <td style="whitespace:nowrap;"><span class="sortValue">1676524480778</span>15 Feb 22:14:40</td>
    <td>      <span class="sortValue">3</span><span class="aui-lozenge aui-lozenge-error">FAIL</span>
  </td>
    <td><span class="sortValue">0.001</span>0.001</td>
    <td style="width:50%">
    <span class="sortValue">expected:&lt;14&gt;&#160;but&#160;was:&lt;13&gt;</span>
        <span class="expand" id="togglebut6" onclick="toggleNodeExpansion('togglebut6', 'msgc6', 'msge6');return false;">&#160;</span>
        <div class="errorMessage" id="msgc6">expected:&lt;14&gt;&#160;but&#160;was:&lt;13&gt;</div>
        <div class="errorMessage" id="msge6" style="display:none;"> <div>junit.framework.AssertionFailedError: expected:&lt;14&gt; but was:&lt;13&gt;</div><div> at junit.framework.Assert.fail(Assert.java:47)</div><div> at junit.framework.Assert.failNotEquals(Assert.java:280)</div><div>	at <a href="../../../org/joda/time/TestMutablePeriod_Updates.html?line=338#src-338">org.joda.time.TestMutablePeriod_Updates.testAddWeeks606(TestMutablePeriod_Updates.java:338)</a></div><div> at org.apache.maven.surefire.junit.JUnitTestSet.execute(JUnitTestSet.java:95)</div><div> at org.apache.maven.surefire.junit.JUnit3Provider.executeTestSet(JUnit3Provider.java:131)</div><div> at org.apache.maven.surefire.junit.JUnit3Provider.invoke(JUnit3Provider.java:108)</div><div> at org.apache.maven.surefire.booter.ForkedBooter.invokeProviderInSameClassLoader(ForkedBooter.java:200)</div><div> at org.apache.maven.surefire.booter.ForkedBooter.runSuitesInProcess(ForkedBooter.java:153)</div><div> at org.apache.maven.surefire.booter.ForkedBooter.main(ForkedBooter.java:103)</div></div>
        </td>
</tr>
<tr>
    <td><span class="sortValue">TestMutablePeriod_Updates.testSetPeriod_8ints2593</span><a href="TestMutablePeriod_Updates_testSetPeriod_8ints2593_5a.html">TestMutablePeriod_Updates.testSetPeriod_8ints2593</a></td>
    <td style="whitespace:nowrap;"><span class="sortValue">1676524480769</span>15 Feb 22:14:40</td>
    <td>      <span class="sortValue">3</span><span class="aui-lozenge aui-lozenge-error">FAIL</span>
  </td>
    <td><span class="sortValue">0.0</span>0</td>
    <td style="width:50%">
    <span class="sortValue"></span>
        <span class="expand" id="togglebut7" onclick="toggleNodeExpansion('togglebut7', 'msgc7', 'msge7');return false;">&#160;</span>
        <div class="errorMessage" id="msgc7"></div>
        <div class="errorMessage" id="msge7" style="display:none;"> <div>junit.framework.AssertionFailedError</div><div> at junit.framework.Assert.fail(Assert.java:47)</div><div> at junit.framework.Assert.fail(Assert.java:53)</div><div>	at <a href="../../../org/joda/time/TestMutablePeriod_Updates.html?line=226#src-226">org.joda.time.TestMutablePeriod_Updates.testSetPeriod_8ints2593(TestMutablePeriod_Updates.java:226)</a></div><div> at org.apache.maven.surefire.junit.JUnitTestSet.execute(JUnitTestSet.java:95)</div><div> at org.apache.maven.surefire.junit.JUnit3Provider.executeTestSet(JUnit3Provider.java:131)</div><div> at org.apache.maven.surefire.junit.JUnit3Provider.invoke(JUnit3Provider.java:108)</div><div> at org.apache.maven.surefire.booter.ForkedBooter.invokeProviderInSameClassLoader(ForkedBooter.java:200)</div><div> at org.apache.maven.surefire.booter.ForkedBooter.runSuitesInProcess(ForkedBooter.java:153)</div><div> at org.apache.maven.surefire.booter.ForkedBooter.main(ForkedBooter.java:103)</div></div>
        </td>
</tr>
<tr>
    <td><span class="sortValue">TestMutablePeriod_Updates.testAddMillis608</span><a href="TestMutablePeriod_Updates_testAddMillis608_1z.html">TestMutablePeriod_Updates.testAddMillis608</a></td>
    <td style="whitespace:nowrap;"><span class="sortValue">1676524480774</span>15 Feb 22:14:40</td>
    <td>      <span class="sortValue">3</span><span class="aui-lozenge aui-lozenge-error">FAIL</span>
  </td>
    <td><span class="sortValue">0.0</span>0</td>
    <td style="width:50%">
    <span class="sortValue">expected:&lt;11&gt;&#160;but&#160;was:&lt;1&gt;</span>
        <span class="expand" id="togglebut8" onclick="toggleNodeExpansion('togglebut8', 'msgc8', 'msge8');return false;">&#160;</span>
        <div class="errorMessage" id="msgc8">expected:&lt;11&gt;&#160;but&#160;was:&lt;1&gt;</div>
        <div class="errorMessage" id="msge8" style="display:none;"> <div>junit.framework.AssertionFailedError: expected:&lt;11&gt; but was:&lt;1&gt;</div><div> at junit.framework.Assert.fail(Assert.java:47)</div><div> at junit.framework.Assert.failNotEquals(Assert.java:280)</div><div>	at <a href="../../../org/joda/time/TestMutablePeriod_Updates.html?line=360#src-360">org.joda.time.TestMutablePeriod_Updates.testAddMillis608(TestMutablePeriod_Updates.java:360)</a></div><div> at org.apache.maven.surefire.junit.JUnitTestSet.execute(JUnitTestSet.java:95)</div><div> at org.apache.maven.surefire.junit.JUnit3Provider.executeTestSet(JUnit3Provider.java:131)</div><div> at org.apache.maven.surefire.junit.JUnit3Provider.invoke(JUnit3Provider.java:108)</div><div> at org.apache.maven.surefire.booter.ForkedBooter.invokeProviderInSameClassLoader(ForkedBooter.java:200)</div><div> at org.apache.maven.surefire.booter.ForkedBooter.runSuitesInProcess(ForkedBooter.java:153)</div><div> at org.apache.maven.surefire.booter.ForkedBooter.main(ForkedBooter.java:103)</div></div>
        </td>
</tr>
<tr>
    <td><span class="sortValue">TestMutablePeriod_Updates.testAdd_RP3340</span><a href="TestMutablePeriod_Updates_testAdd_RP3340_a6.html">TestMutablePeriod_Updates.testAdd_RP3340</a></td>
    <td style="whitespace:nowrap;"><span class="sortValue">1676524480780</span>15 Feb 22:14:40</td>
    <td>      <span class="sortValue">3</span><span class="aui-lozenge aui-lozenge-error">FAIL</span>
  </td>
    <td><span class="sortValue">0.0</span>0</td>
    <td style="width:50%">
    <span class="sortValue">expected:&lt;1&gt;&#160;but&#160;was:&lt;2&gt;</span>
        <span class="expand" id="togglebut9" onclick="toggleNodeExpansion('togglebut9', 'msgc9', 'msge9');return false;">&#160;</span>
        <div class="errorMessage" id="msgc9">expected:&lt;1&gt;&#160;but&#160;was:&lt;2&gt;</div>
        <div class="errorMessage" id="msge9" style="display:none;"> <div>junit.framework.AssertionFailedError: expected:&lt;1&gt; but was:&lt;2&gt;</div><div> at junit.framework.Assert.fail(Assert.java:47)</div><div> at junit.framework.Assert.failNotEquals(Assert.java:280)</div><div>	at <a href="../../../org/joda/time/TestMutablePeriod_Updates.html?line=126#src-126">org.joda.time.TestMutablePeriod_Updates.testAdd_RP3340(TestMutablePeriod_Updates.java:126)</a></div><div> at org.apache.maven.surefire.junit.JUnitTestSet.execute(JUnitTestSet.java:95)</div><div> at org.apache.maven.surefire.junit.JUnit3Provider.executeTestSet(JUnit3Provider.java:131)</div><div> at org.apache.maven.surefire.junit.JUnit3Provider.invoke(JUnit3Provider.java:108)</div><div> at org.apache.maven.surefire.booter.ForkedBooter.invokeProviderInSameClassLoader(ForkedBooter.java:200)</div><div> at org.apache.maven.surefire.booter.ForkedBooter.runSuitesInProcess(ForkedBooter.java:153)</div><div> at org.apache.maven.surefire.booter.ForkedBooter.main(ForkedBooter.java:103)</div></div>
        </td>
</tr>
<tr>
    <td><span class="sortValue">TestMutablePeriod_Updates.testAddMonths605</span><a href="TestMutablePeriod_Updates_testAddMonths605_34.html">TestMutablePeriod_Updates.testAddMonths605</a></td>
    <td style="whitespace:nowrap;"><span class="sortValue">1676524480781</span>15 Feb 22:14:40</td>
    <td>      <span class="sortValue">3</span><span class="aui-lozenge aui-lozenge-error">FAIL</span>
  </td>
    <td><span class="sortValue">0.001</span>0.001</td>
    <td style="width:50%">
    <span class="sortValue">expected:&lt;11&gt;&#160;but&#160;was:&lt;12&gt;</span>
        <span class="expand" id="togglebut10" onclick="toggleNodeExpansion('togglebut10', 'msgc10', 'msge10');return false;">&#160;</span>
        <div class="errorMessage" id="msgc10">expected:&lt;11&gt;&#160;but&#160;was:&lt;12&gt;</div>
        <div class="errorMessage" id="msge10" style="display:none;"> <div>junit.framework.AssertionFailedError: expected:&lt;11&gt; but was:&lt;12&gt;</div><div> at junit.framework.Assert.fail(Assert.java:47)</div><div> at junit.framework.Assert.failNotEquals(Assert.java:280)</div><div>	at <a href="../../../org/joda/time/TestMutablePeriod_Updates.html?line=327#src-327">org.joda.time.TestMutablePeriod_Updates.testAddMonths605(TestMutablePeriod_Updates.java:327)</a></div><div> at org.apache.maven.surefire.junit.JUnitTestSet.execute(JUnitTestSet.java:95)</div><div> at org.apache.maven.surefire.junit.JUnit3Provider.executeTestSet(JUnit3Provider.java:131)</div><div> at org.apache.maven.surefire.junit.JUnit3Provider.invoke(JUnit3Provider.java:108)</div><div> at org.apache.maven.surefire.booter.ForkedBooter.invokeProviderInSameClassLoader(ForkedBooter.java:200)</div><div> at org.apache.maven.surefire.booter.ForkedBooter.runSuitesInProcess(ForkedBooter.java:153)</div><div> at org.apache.maven.surefire.booter.ForkedBooter.main(ForkedBooter.java:103)</div></div>
        </td>
</tr>
<tr>
    <td><span class="sortValue">TestMutablePeriod_Updates.testAdd_RInterval1602</span><a href="TestMutablePeriod_Updates_testAdd_RInterval1602_1.html">TestMutablePeriod_Updates.testAdd_RInterval1602</a></td>
    <td style="whitespace:nowrap;"><span class="sortValue">1676524480772</span>15 Feb 22:14:40</td>
    <td>      <span class="sortValue">3</span><span class="aui-lozenge aui-lozenge-error">FAIL</span>
  </td>
    <td><span class="sortValue">0.001</span>0.001</td>
    <td style="width:50%">
    <span class="sortValue">expected:&lt;1&gt;&#160;but&#160;was:&lt;2&gt;</span>
        <span class="expand" id="togglebut11" onclick="toggleNodeExpansion('togglebut11', 'msgc11', 'msge11');return false;">&#160;</span>
        <div class="errorMessage" id="msgc11">expected:&lt;1&gt;&#160;but&#160;was:&lt;2&gt;</div>
        <div class="errorMessage" id="msge11" style="display:none;"> <div>junit.framework.AssertionFailedError: expected:&lt;1&gt; but was:&lt;2&gt;</div><div> at junit.framework.Assert.fail(Assert.java:47)</div><div> at junit.framework.Assert.failNotEquals(Assert.java:280)</div><div>	at <a href="../../../org/joda/time/TestMutablePeriod_Updates.html?line=303#src-303">org.joda.time.TestMutablePeriod_Updates.testAdd_RInterval1602(TestMutablePeriod_Updates.java:303)</a></div><div> at org.apache.maven.surefire.junit.JUnitTestSet.execute(JUnitTestSet.java:95)</div><div> at org.apache.maven.surefire.junit.JUnit3Provider.executeTestSet(JUnit3Provider.java:131)</div><div> at org.apache.maven.surefire.junit.JUnit3Provider.invoke(JUnit3Provider.java:108)</div><div> at org.apache.maven.surefire.booter.ForkedBooter.invokeProviderInSameClassLoader(ForkedBooter.java:200)</div><div> at org.apache.maven.surefire.booter.ForkedBooter.runSuitesInProcess(ForkedBooter.java:153)</div><div> at org.apache.maven.surefire.booter.ForkedBooter.main(ForkedBooter.java:103)</div></div>
        </td>
</tr>
<tr>
    <td><span class="sortValue">TestMutablePeriod_Updates.testAdd_RP4341</span><a href="TestMutablePeriod_Updates_testAdd_RP4341_9l.html">TestMutablePeriod_Updates.testAdd_RP4341</a></td>
    <td style="whitespace:nowrap;"><span class="sortValue">1676524480784</span>15 Feb 22:14:40</td>
    <td>      <span class="sortValue">3</span><span class="aui-lozenge aui-lozenge-error">FAIL</span>
  </td>
    <td><span class="sortValue">0.0</span>0</td>
    <td style="width:50%">
    <span class="sortValue">Period&#160;does&#160;not&#160;support&#160;field&#160;'weeks'</span>
        <span class="expand" id="togglebut12" onclick="toggleNodeExpansion('togglebut12', 'msgc12', 'msge12');return false;">&#160;</span>
        <div class="errorMessage" id="msgc12">Period&#160;does&#160;not&#160;support&#160;field&#160;'weeks'</div>
        <div class="errorMessage" id="msge12" style="display:none;"> <div>java.lang.IllegalArgumentException: Period does not support field 'weeks'</div><div>	at <a href="../../../org/joda/time/base/BasePeriod.html?line=585#src-585">org.joda.time.base.BasePeriod.addPeriodInto(BasePeriod.java:585)</a></div><div>	at <a href="../../../org/joda/time/base/BasePeriod.html?line=565#src-565">org.joda.time.base.BasePeriod.addPeriod(BasePeriod.java:565)</a></div><div>	at <a href="../../../org/joda/time/MutablePeriod.html?line=637#src-637">org.joda.time.MutablePeriod.add(MutablePeriod.java:637)</a></div><div>	at <a href="../../../org/joda/time/TestMutablePeriod_Updates.html?line=137#src-137">org.joda.time.TestMutablePeriod_Updates.testAdd_RP4341(TestMutablePeriod_Updates.java:137)</a></div><div> at org.apache.maven.surefire.junit.JUnitTestSet.execute(JUnitTestSet.java:95)</div><div> at org.apache.maven.surefire.junit.JUnit3Provider.executeTestSet(JUnit3Provider.java:131)</div><div> at org.apache.maven.surefire.junit.JUnit3Provider.invoke(JUnit3Provider.java:108)</div><div> at org.apache.maven.surefire.booter.ForkedBooter.invokeProviderInSameClassLoader(ForkedBooter.java:200)</div><div> at org.apache.maven.surefire.booter.ForkedBooter.runSuitesInProcess(ForkedBooter.java:153)</div><div> at org.apache.maven.surefire.booter.ForkedBooter.main(ForkedBooter.java:103)</div></div>
        </td>
</tr>
<tr>
    <td><span class="sortValue">TestMutablePeriod_Updates.testAddWeeks607</span><a href="TestMutablePeriod_Updates_testAddWeeks607_1p.html">TestMutablePeriod_Updates.testAddWeeks607</a></td>
    <td style="whitespace:nowrap;"><span class="sortValue">1676524480775</span>15 Feb 22:14:40</td>
    <td>      <span class="sortValue">3</span><span class="aui-lozenge aui-lozenge-error">FAIL</span>
  </td>
    <td><span class="sortValue">0.0</span>0</td>
    <td style="width:50%">
    <span class="sortValue">expected:&lt;11&gt;&#160;but&#160;was:&lt;13&gt;</span>
        <span class="expand" id="togglebut13" onclick="toggleNodeExpansion('togglebut13', 'msgc13', 'msge13');return false;">&#160;</span>
        <div class="errorMessage" id="msgc13">expected:&lt;11&gt;&#160;but&#160;was:&lt;13&gt;</div>
        <div class="errorMessage" id="msge13" style="display:none;"> <div>junit.framework.AssertionFailedError: expected:&lt;11&gt; but was:&lt;13&gt;</div><div> at junit.framework.Assert.fail(Assert.java:47)</div><div> at junit.framework.Assert.failNotEquals(Assert.java:280)</div><div>	at <a href="../../../org/joda/time/TestMutablePeriod_Updates.html?line=349#src-349">org.joda.time.TestMutablePeriod_Updates.testAddWeeks607(TestMutablePeriod_Updates.java:349)</a></div><div> at org.apache.maven.surefire.junit.JUnitTestSet.execute(JUnitTestSet.java:95)</div><div> at org.apache.maven.surefire.junit.JUnit3Provider.executeTestSet(JUnit3Provider.java:131)</div><div> at org.apache.maven.surefire.junit.JUnit3Provider.invoke(JUnit3Provider.java:108)</div><div> at org.apache.maven.surefire.booter.ForkedBooter.invokeProviderInSameClassLoader(ForkedBooter.java:200)</div><div> at org.apache.maven.surefire.booter.ForkedBooter.runSuitesInProcess(ForkedBooter.java:153)</div><div> at org.apache.maven.surefire.booter.ForkedBooter.main(ForkedBooter.java:103)</div></div>
        </td>
</tr>
<tr>
    <td><span class="sortValue">TestMutablePeriod_Updates.testSetPeriod_8ints2590</span><a href="TestMutablePeriod_Updates_testSetPeriod_8ints2590_2w.html">TestMutablePeriod_Updates.testSetPeriod_8ints2590</a></td>
    <td style="whitespace:nowrap;"><span class="sortValue">1676524480768</span>15 Feb 22:14:40</td>
    <td>      <span class="sortValue">1</span><span class="aui-lozenge aui-lozenge-success">PASS</span>
  </td>
    <td><span class="sortValue">0.0</span>0</td>
    <td style="width:50%">
     &#160;     </td>
</tr>
<tr>
    <td><span class="sortValue">TestMutablePeriod_Updates.testSetPeriod_RInterval1600</span><a href="TestMutablePeriod_Updates_testSetPeriod_RInterval1600_ci.html">TestMutablePeriod_Updates.testSetPeriod_RInterval1600</a></td>
    <td style="whitespace:nowrap;"><span class="sortValue">1676524480771</span>15 Feb 22:14:40</td>
    <td>      <span class="sortValue">1</span><span class="aui-lozenge aui-lozenge-success">PASS</span>
  </td>
    <td><span class="sortValue">0.001</span>0.001</td>
    <td style="width:50%">
     &#160;     </td>
</tr>
<tr>
    <td><span class="sortValue">TestMutablePeriod_Updates.testSetMethods343</span><a href="TestMutablePeriod_Updates_testSetMethods343_8n.html">TestMutablePeriod_Updates.testSetMethods343</a></td>
    <td style="whitespace:nowrap;"><span class="sortValue">1676524480784</span>15 Feb 22:14:40</td>
    <td>      <span class="sortValue">1</span><span class="aui-lozenge aui-lozenge-success">PASS</span>
  </td>
    <td><span class="sortValue">0.0</span>0</td>
    <td style="width:50%">
     &#160;     </td>
</tr>
<tr>
    <td><span class="sortValue">TestMutablePeriod_Updates.testAdd_RP2601</span><a href="TestMutablePeriod_Updates_testAdd_RP2601_3t.html">TestMutablePeriod_Updates.testAdd_RP2601</a></td>
    <td style="whitespace:nowrap;"><span class="sortValue">1676524480785</span>15 Feb 22:14:40</td>
    <td>      <span class="sortValue">1</span><span class="aui-lozenge aui-lozenge-success">PASS</span>
  </td>
    <td><span class="sortValue">0.0</span>0</td>
    <td style="width:50%">
     &#160;     </td>
</tr>
<tr>
    <td><span class="sortValue">TestMutablePeriod_Updates.testSetHours592</span><a href="TestMutablePeriod_Updates_testSetHours592_3c.html">TestMutablePeriod_Updates.testSetHours592</a></td>
    <td style="whitespace:nowrap;"><span class="sortValue">1676524480786</span>15 Feb 22:14:40</td>
    <td>      <span class="sortValue">1</span><span class="aui-lozenge aui-lozenge-success">PASS</span>
  </td>
    <td><span class="sortValue">0.0</span>0</td>
    <td style="width:50%">
     &#160;     </td>
</tr>
<tr>
    <td><span class="sortValue">TestMutablePeriod_Updates.testSetPeriod_long2591</span><a href="TestMutablePeriod_Updates_testSetPeriod_long2591_bi.html">TestMutablePeriod_Updates.testSetPeriod_long2591</a></td>
    <td style="whitespace:nowrap;"><span class="sortValue">1676524480768</span>15 Feb 22:14:40</td>
    <td>      <span class="sortValue">1</span><span class="aui-lozenge aui-lozenge-success">PASS</span>
  </td>
    <td><span class="sortValue">0.0</span>0</td>
    <td style="width:50%">
     &#160;     </td>
</tr>
<tr>
    <td><span class="sortValue">TestMutablePeriod_Updates.testPropertyRemainderHourOfDay95</span><a href="TestMutablePeriod_Updates_testPropertyRemainderHourOfDay95_bf.html">TestMutablePeriod_Updates.testPropertyRemainderHourOfDay95</a></td>
    <td style="whitespace:nowrap;"><span class="sortValue">1676524480786</span>15 Feb 22:14:40</td>
    <td>      <span class="sortValue">1</span><span class="aui-lozenge aui-lozenge-success">PASS</span>
  </td>
    <td><span class="sortValue">0.001</span>0.001</td>
    <td style="width:50%">
     &#160;     </td>
</tr>
<tr>
    <td><span class="sortValue">TestMutablePeriod_Updates.testAdd_RD3603</span><a href="TestMutablePeriod_Updates_testAdd_RD3603_90.html">TestMutablePeriod_Updates.testAdd_RD3603</a></td>
    <td style="whitespace:nowrap;"><span class="sortValue">1676524480778</span>15 Feb 22:14:40</td>
    <td>      <span class="sortValue">1</span><span class="aui-lozenge aui-lozenge-success">PASS</span>
  </td>
    <td><span class="sortValue">0.0</span>0</td>
    <td style="width:50%">
     &#160;     </td>
</tr>
<tr>
    <td><span class="sortValue">TestMutablePeriod_Updates.testSetPeriod_RI_RI3599</span><a href="TestMutablePeriod_Updates_testSetPeriod_RI_RI3599_47.html">TestMutablePeriod_Updates.testSetPeriod_RI_RI3599</a></td>
    <td style="whitespace:nowrap;"><span class="sortValue">1676524480770</span>15 Feb 22:14:40</td>
    <td>      <span class="sortValue">1</span><span class="aui-lozenge aui-lozenge-success">PASS</span>
  </td>
    <td><span class="sortValue">0.0</span>0</td>
    <td style="width:50%">
     &#160;     </td>
</tr>

    </tbody>
</table>

    </div> <!-- tabs-pane -->
</div> <!-- aui-tabs horizontal-tabs -->

                        </div> <!-- class="aui-page-panel-content-clover" -->
                    <footer id="footer" role="contentinfo">
    <section class="footer-body">
        <ul>
            <li>
                Report generated by <a target="_new" href="http://openclover.org">OpenClover</a> v 4.4.1
                on Wed Feb 15 2023 22:14:49 MST using coverage data from Wed Feb 15 2023 22:14:42 MST.
            </li>
        </ul>
        <ul>
            <li>OpenClover is free and open-source software. </li>
        </ul>
    </section>
</footer>                </section> <!-- class="aui-page-panel-content" -->
            </div> <!-- class="aui-page-panel-inner" -->
        </div> <!-- class="aui-page-panel" -->
    </div> <!-- id="page" -->
</body>
</html>