<?xml version="1.0" encoding="UTF-8"?>
<testsuite name="org.joda.time.TestAllPackages" time="2.437" tests="492" errors="12" skipped="0" failures="156">
  <properties>
    <property name="java.runtime.name" value="OpenJDK Runtime Environment"/>
    <property name="sun.boot.library.path" value="/usr/lib/jvm/java-8-openjdk-amd64/jre/lib/amd64"/>
    <property name="java.vm.version" value="25.352-b08"/>
    <property name="java.vm.vendor" value="Private Build"/>
    <property name="maven.multiModuleProjectDirectory" value="/home/sepehr/masters/test_generation/model_generated_coverage/Time1f_automated_1"/>
    <property name="java.vendor.url" value="http://java.oracle.com/"/>
    <property name="path.separator" value=":"/>
    <property name="guice.disable.misplaced.annotation.check" value="true"/>
    <property name="java.vm.name" value="OpenJDK 64-Bit Server VM"/>
    <property name="file.encoding.pkg" value="sun.io"/>
    <property name="user.country" value="US"/>
    <property name="sun.java.launcher" value="SUN_STANDARD"/>
    <property name="sun.os.patch.level" value="unknown"/>
    <property name="java.vm.specification.name" value="Java Virtual Machine Specification"/>
    <property name="user.dir" value="/home/sepehr/masters/test_generation/model_generated_coverage/Time1f_automated_1"/>
    <property name="java.runtime.version" value="1.8.0_352-8u352-ga-1~20.04-b08"/>
    <property name="java.awt.graphicsenv" value="sun.awt.X11GraphicsEnvironment"/>
    <property name="java.endorsed.dirs" value="/usr/lib/jvm/java-8-openjdk-amd64/jre/lib/endorsed"/>
    <property name="os.arch" value="amd64"/>
    <property name="java.io.tmpdir" value="/tmp"/>
    <property name="line.separator" value="&#10;"/>
    <property name="java.vm.specification.vendor" value="Oracle Corporation"/>
    <property name="org.joda.time.DateTimeZone.Provider" value="org.joda.time.tz.UTCProvider"/>
    <property name="os.name" value="Linux"/>
    <property name="classworlds.conf" value="/usr/share/maven/bin/m2.conf"/>
    <property name="sun.jnu.encoding" value="UTF-8"/>
    <property name="java.library.path" value="/usr/java/packages/lib/amd64:/usr/lib/x86_64-linux-gnu/jni:/lib/x86_64-linux-gnu:/usr/lib/x86_64-linux-gnu:/usr/lib/jni:/lib:/usr/lib"/>
    <property name="maven.conf" value="/usr/share/maven/conf"/>
    <property name="java.specification.name" value="Java Platform API Specification"/>
    <property name="java.class.version" value="52.0"/>
    <property name="sun.management.compiler" value="HotSpot 64-Bit Tiered Compilers"/>
    <property name="skipTests" value="false"/>
    <property name="os.version" value="5.15.0-58-generic"/>
    <property name="library.jansi.path" value="/usr/share/maven/lib/jansi-native"/>
    <property name="user.home" value="/home/sepehr"/>
    <property name="user.timezone" value="America/Edmonton"/>
    <property name="java.awt.printerjob" value="sun.print.PSPrinterJob"/>
    <property name="testFailureIgnore" value="true"/>
    <property name="java.specification.version" value="1.8"/>
    <property name="file.encoding" value="UTF-8"/>
    <property name="user.name" value="sepehr"/>
    <property name="java.class.path" value="/usr/share/maven/boot/plexus-classworlds-2.x.jar"/>
    <property name="java.vm.specification.version" value="1.8"/>
    <property name="sun.arch.data.model" value="64"/>
    <property name="java.home" value="/usr/lib/jvm/java-8-openjdk-amd64/jre"/>
    <property name="sun.java.command" value="org.codehaus.plexus.classworlds.launcher.Launcher clean clover:setup test clover:aggregate clover:clover -DskipTests=false -DtestFailureIgnore=true -fail-never"/>
    <property name="java.specification.vendor" value="Oracle Corporation"/>
    <property name="user.language" value="en"/>
    <property name="awt.toolkit" value="sun.awt.X11.XToolkit"/>
    <property name="java.vm.info" value="mixed mode"/>
    <property name="java.version" value="1.8.0_352"/>
    <property name="java.ext.dirs" value="/usr/lib/jvm/java-8-openjdk-amd64/jre/lib/ext:/usr/java/packages/lib/ext"/>
    <property name="securerandom.source" value="file:/dev/./urandom"/>
    <property name="sun.boot.class.path" value="/usr/lib/jvm/java-8-openjdk-amd64/jre/lib/resources.jar:/usr/lib/jvm/java-8-openjdk-amd64/jre/lib/rt.jar:/usr/lib/jvm/java-8-openjdk-amd64/jre/lib/sunrsasign.jar:/usr/lib/jvm/java-8-openjdk-amd64/jre/lib/jsse.jar:/usr/lib/jvm/java-8-openjdk-amd64/jre/lib/jce.jar:/usr/lib/jvm/java-8-openjdk-amd64/jre/lib/charsets.jar:/usr/lib/jvm/java-8-openjdk-amd64/jre/lib/jfr.jar:/usr/lib/jvm/java-8-openjdk-amd64/jre/classes"/>
    <property name="java.vendor" value="Private Build"/>
    <property name="java.specification.maintenance.version" value="4"/>
    <property name="maven.home" value="/usr/share/maven"/>
    <property name="file.separator" value="/"/>
    <property name="java.vendor.url.bug" value="http://bugreport.sun.com/bugreport/"/>
    <property name="sun.cpu.endian" value="little"/>
    <property name="sun.io.unicode.encoding" value="UnicodeLittle"/>
    <property name="sun.desktop" value="gnome"/>
    <property name="sun.cpu.isalist" value=""/>
  </properties>
  <testcase name="testGetIntervalChronology_RInterval446" classname="org.joda.time.TestChronology" time="0.012"/>
  <testcase name="testIsBefore_RI705" classname="org.joda.time.TestChronology" time="0.006">
    <failure message="expected:&lt;false&gt; but was:&lt;true&gt;" type="junit.framework.AssertionFailedError"><![CDATA[junit.framework.AssertionFailedError: expected:<false> but was:<true>
	at junit.framework.Assert.fail(Assert.java:47)
	at junit.framework.Assert.failNotEquals(Assert.java:280)
	at junit.framework.Assert.assertEquals(Assert.java:64)
	at junit.framework.Assert.assertEquals(Assert.java:146)
	at junit.framework.Assert.assertEquals(Assert.java:152)
	at org.joda.time.TestChronology.__CLR4_4_1hk2b7cgve(TestChronology.java:129)
	at org.joda.time.TestChronology.testIsBefore_RI705(TestChronology.java:125)
]]></failure>
  </testcase>
  <testcase name="test_weekyearOfCentury686" classname="org.joda.time.TestDateTimeFieldType" time="0.054"/>
  <testcase name="test_dayOfWeek687" classname="org.joda.time.TestDateTimeFieldType" time="0.001"/>
  <testcase name="test_yearOfCentury683" classname="org.joda.time.TestDateTimeFieldType" time="0.001"/>
  <testcase name="test_monthOfYear685" classname="org.joda.time.TestDateTimeFieldType" time="0.003">
    <failure message="expected:&lt;null&gt; but was:&lt;years&gt;" type="junit.framework.AssertionFailedError"><![CDATA[junit.framework.AssertionFailedError: expected:<null> but was:<years>
	at junit.framework.Assert.fail(Assert.java:47)
	at junit.framework.Assert.failNotEquals(Assert.java:280)
	at junit.framework.Assert.assertEquals(Assert.java:64)
	at junit.framework.Assert.assertEquals(Assert.java:71)
	at org.joda.time.TestDateTimeFieldType.__CLR4_4_19ifdgzh8b(TestDateTimeFieldType.java:77)
	at org.joda.time.TestDateTimeFieldType.test_monthOfYear685(TestDateTimeFieldType.java:73)
]]></failure>
  </testcase>
  <testcase name="test_dayOfMonth684" classname="org.joda.time.TestDateTimeFieldType" time="0.002">
    <failure message="expected:&lt;years&gt; but was:&lt;months&gt;" type="junit.framework.AssertionFailedError"><![CDATA[junit.framework.AssertionFailedError: expected:<years> but was:<months>
	at junit.framework.Assert.fail(Assert.java:47)
	at junit.framework.Assert.failNotEquals(Assert.java:280)
	at junit.framework.Assert.assertEquals(Assert.java:64)
	at junit.framework.Assert.assertEquals(Assert.java:71)
	at org.joda.time.TestDateTimeFieldType.__CLR4_4_146kncvh83(TestDateTimeFieldType.java:68)
	at org.joda.time.TestDateTimeFieldType.test_dayOfMonth684(TestDateTimeFieldType.java:64)
]]></failure>
  </testcase>
  <testcase name="test_days481" classname="org.joda.time.TestDurationFieldType" time="0.003"/>
  <testcase name="warning" classname="junit.framework.TestSuite$1" time="0.001">
    <failure message="No tests found in org.joda.time.TestInstant_Constructors" type="junit.framework.AssertionFailedError">junit.framework.AssertionFailedError: No tests found in org.joda.time.TestInstant_Constructors
	at junit.framework.Assert.fail(Assert.java:47)
	at junit.framework.TestSuite$1.runTest(TestSuite.java:90)
	at junit.framework.TestCase.runBare(TestCase.java:130)
	at junit.framework.TestResult$1.protect(TestResult.java:106)
	at junit.framework.TestResult.runProtected(TestResult.java:124)
	at junit.framework.TestResult.run(TestResult.java:109)
	at junit.framework.TestCase.run(TestCase.java:120)
	at junit.framework.TestSuite.runTest(TestSuite.java:230)
	at junit.framework.TestSuite.run(TestSuite.java:225)
	at junit.framework.TestSuite.runTest(TestSuite.java:230)
	at junit.framework.TestSuite.run(TestSuite.java:225)
	at junit.framework.TestSuite.runTest(TestSuite.java:230)
	at junit.framework.TestSuite.run(TestSuite.java:225)
	at sun.reflect.NativeMethodAccessorImpl.invoke0(Native Method)
	at sun.reflect.NativeMethodAccessorImpl.invoke(NativeMethodAccessorImpl.java:62)
	at sun.reflect.DelegatingMethodAccessorImpl.invoke(DelegatingMethodAccessorImpl.java:43)
	at java.lang.reflect.Method.invoke(Method.java:498)
	at org.apache.maven.surefire.junit.JUnitTestSet.execute(JUnitTestSet.java:95)
	at org.apache.maven.surefire.junit.JUnit3Provider.executeTestSet(JUnit3Provider.java:131)
	at org.apache.maven.surefire.junit.JUnit3Provider.invoke(JUnit3Provider.java:108)
	at org.apache.maven.surefire.booter.ForkedBooter.invokeProviderInSameClassLoader(ForkedBooter.java:200)
	at org.apache.maven.surefire.booter.ForkedBooter.runSuitesInProcess(ForkedBooter.java:153)
	at org.apache.maven.surefire.booter.ForkedBooter.main(ForkedBooter.java:103)
</failure>
  </testcase>
  <testcase name="testIsEqualNow706" classname="org.joda.time.TestInstant_Basics" time="0"/>
  <testcase name="testToMutableDateTime287" classname="org.joda.time.TestInstant_Basics" time="0.001"/>
  <testcase name="testPlus_long285" classname="org.joda.time.TestInstant_Basics" time="0.001"/>
  <testcase name="testPlus_RD286" classname="org.joda.time.TestInstant_Basics" time="0.003"/>
  <testcase name="testToMutableDateTimeISO288" classname="org.joda.time.TestInstant_Basics" time="0.001"/>
  <testcase name="testConstructor_int_int_int_int_int_int225" classname="org.joda.time.TestDateTime_Constructors" time="0.001"/>
  <testcase name="testToLocalDateTime238" classname="org.joda.time.TestDateTime_Basics" time="0.013">
    <failure message="expected:&lt;1718-07-27T13:24:00.000&gt; but was:&lt;1718-07-27T13:24:00.000+01:00&gt;" type="junit.framework.AssertionFailedError"><![CDATA[junit.framework.AssertionFailedError: expected:<1718-07-27T13:24:00.000> but was:<1718-07-27T13:24:00.000+01:00>
	at junit.framework.Assert.fail(Assert.java:47)
	at junit.framework.Assert.failNotEquals(Assert.java:280)
	at junit.framework.Assert.assertEquals(Assert.java:64)
	at junit.framework.Assert.assertEquals(Assert.java:71)
	at org.joda.time.TestDateTime_Basics.__CLR4_4_1txqcfvhj1(TestDateTime_Basics.java:219)
	at org.joda.time.TestDateTime_Basics.testToLocalDateTime238(TestDateTime_Basics.java:216)
]]></failure>
  </testcase>
  <testcase name="testToLocalTime240" classname="org.joda.time.TestDateTime_Basics" time="0.002"/>
  <testcase name="testToMutableDateTime_DateTimeZone703" classname="org.joda.time.TestDateTime_Basics" time="0"/>
  <testcase name="testWithTime227" classname="org.joda.time.TestDateTime_Basics" time="0.002">
    <failure message="expected:&lt;2004-06-09T00:00:00.000+01:00&gt; but was:&lt;2004-06-09T09:08:07.006+01:00&gt;" type="junit.framework.AssertionFailedError"><![CDATA[junit.framework.AssertionFailedError: expected:<2004-06-09T00:00:00.000+01:00> but was:<2004-06-09T09:08:07.006+01:00>
	at junit.framework.Assert.fail(Assert.java:47)
	at junit.framework.Assert.failNotEquals(Assert.java:280)
	at junit.framework.Assert.assertEquals(Assert.java:64)
	at junit.framework.Assert.assertEquals(Assert.java:71)
	at org.joda.time.TestDateTime_Basics.__CLR4_4_1x80inthgy(TestDateTime_Basics.java:134)
	at org.joda.time.TestDateTime_Basics.testWithTime227(TestDateTime_Basics.java:130)
]]></failure>
  </testcase>
  <testcase name="testWithFieldAdded2229" classname="org.joda.time.TestDateTime_Basics" time="0.001"/>
  <testcase name="testWithDurationAdded_long_int230" classname="org.joda.time.TestDateTime_Basics" time="0.001"/>
  <testcase name="testWithTime228" classname="org.joda.time.TestDateTime_Basics" time="0.003">
    <failure message="expected:&lt;2545-04-05T13:24:00.000+01:00&gt; but was:&lt;2545-04-05T09:08:07.006+01:00&gt;" type="junit.framework.AssertionFailedError"><![CDATA[junit.framework.AssertionFailedError: expected:<2545-04-05T13:24:00.000+01:00> but was:<2545-04-05T09:08:07.006+01:00>
	at junit.framework.Assert.fail(Assert.java:47)
	at junit.framework.Assert.failNotEquals(Assert.java:280)
	at junit.framework.Assert.assertEquals(Assert.java:64)
	at junit.framework.Assert.assertEquals(Assert.java:71)
	at org.joda.time.TestDateTime_Basics.__CLR4_4_1yk3kiuhh6(TestDateTime_Basics.java:143)
	at org.joda.time.TestDateTime_Basics.testWithTime228(TestDateTime_Basics.java:139)
]]></failure>
  </testcase>
  <testcase name="testWithDurationAdded_RD_int3231" classname="org.joda.time.TestDateTime_Basics" time="0"/>
  <testcase name="testWithDurationAdded_RD_int232" classname="org.joda.time.TestDateTime_Basics" time="0.001"/>
  <testcase name="testMinusMonths_int235" classname="org.joda.time.TestDateTime_Basics" time="0.001"/>
  <testcase name="testMinusHours_int236" classname="org.joda.time.TestDateTime_Basics" time="0.002">
    <failure message="expected:&lt;2002-05-03T02:02:03.004-00:01:15&gt; but was:&lt;2002-05-03T00:02:03.004-00:01:15&gt;" type="junit.framework.AssertionFailedError"><![CDATA[junit.framework.AssertionFailedError: expected:<2002-05-03T02:02:03.004-00:01:15> but was:<2002-05-03T00:02:03.004-00:01:15>
	at junit.framework.Assert.fail(Assert.java:47)
	at junit.framework.Assert.failNotEquals(Assert.java:280)
	at junit.framework.Assert.assertEquals(Assert.java:64)
	at junit.framework.Assert.assertEquals(Assert.java:71)
	at org.joda.time.TestDateTime_Basics.__CLR4_4_16h6pethin(TestDateTime_Basics.java:204)
	at org.joda.time.TestDateTime_Basics.testMinusHours_int236(TestDateTime_Basics.java:200)
]]></failure>
  </testcase>
  <testcase name="testMinusMinutes_int237" classname="org.joda.time.TestDateTime_Basics" time="0.001"/>
  <testcase name="testPropertyToIntervalMillisOfSecond450" classname="org.joda.time.TestDateTime_Properties" time="0.002"/>
  <testcase name="testPropertyAddWrapFieldMonthOfYear448" classname="org.joda.time.TestDateTime_Properties" time="0.002"/>
  <testcase name="testPropertySetTextMonthOfYear256" classname="org.joda.time.TestDateTime_Properties" time="0.01">
    <failure message="expected:&lt;...4-08-09T00:00:00.000[Z]&gt; but was:&lt;...4-08-09T00:00:00.000[+01:00]&gt;" type="junit.framework.ComparisonFailure"><![CDATA[junit.framework.ComparisonFailure: expected:<...4-08-09T00:00:00.000[Z]> but was:<...4-08-09T00:00:00.000[+01:00]>
	at junit.framework.Assert.assertEquals(Assert.java:81)
	at junit.framework.Assert.assertEquals(Assert.java:87)
	at org.joda.time.TestDateTime_Properties.__CLR4_4_1rnr45uhmn(TestDateTime_Properties.java:153)
	at org.joda.time.TestDateTime_Properties.testPropertySetTextMonthOfYear256(TestDateTime_Properties.java:149)
]]></failure>
  </testcase>
  <testcase name="testPropertyRoundHalfFloorHourOfDay258" classname="org.joda.time.TestDateTime_Properties" time="0.002"/>
  <testcase name="testPropertySetTextMonthOfYear257" classname="org.joda.time.TestDateTime_Properties" time="0.001">
    <failure message="expected:&lt;...4-08-09T00:00:00.000[Z]&gt; but was:&lt;...4-08-09T00:00:00.000[+01:00]&gt;" type="junit.framework.ComparisonFailure"><![CDATA[junit.framework.ComparisonFailure: expected:<...4-08-09T00:00:00.000[Z]> but was:<...4-08-09T00:00:00.000[+01:00]>
	at junit.framework.Assert.assertEquals(Assert.java:81)
	at junit.framework.Assert.assertEquals(Assert.java:87)
	at org.joda.time.TestDateTime_Properties.__CLR4_4_1oer5ddhn7(TestDateTime_Properties.java:175)
	at org.joda.time.TestDateTime_Properties.testPropertySetTextMonthOfYear257(TestDateTime_Properties.java:171)
]]></failure>
  </testcase>
  <testcase name="testPropertyGetYearOfEra243" classname="org.joda.time.TestDateTime_Properties" time="0.001"/>
  <testcase name="testPropertyRoundHalfCeilingHourOfDay259" classname="org.joda.time.TestDateTime_Properties" time="0.002"/>
  <testcase name="testPropertySetCopyYear244" classname="org.joda.time.TestDateTime_Properties" time="0.002">
    <failure message="expected:&lt;[1972-12-09T00:00:00.000Z]&gt; but was:&lt;[0012-06-09T00:00:00.000-00:01:15]&gt;" type="junit.framework.ComparisonFailure"><![CDATA[junit.framework.ComparisonFailure: expected:<[1972-12-09T00:00:00.000Z]> but was:<[0012-06-09T00:00:00.000-00:01:15]>
	at junit.framework.Assert.assertEquals(Assert.java:81)
	at junit.framework.Assert.assertEquals(Assert.java:87)
	at org.joda.time.TestDateTime_Properties.__CLR4_4_18540lwhlw(TestDateTime_Properties.java:120)
	at org.joda.time.TestDateTime_Properties.testPropertySetCopyYear244(TestDateTime_Properties.java:116)
]]></failure>
  </testcase>
  <testcase name="testPropertyGetMinuteOfDay246" classname="org.joda.time.TestDateTime_Properties" time="0.001"/>
  <testcase name="testPropertyGetDifferenceMonthOfYear444" classname="org.joda.time.TestDateTime_Properties" time="0.003"/>
  <testcase name="testConstructor_nullObject487" classname="org.joda.time.TestMutableDateTime_Constructors" time="0.008"/>
  <testcase name="testConstructor_nullChronology484" classname="org.joda.time.TestMutableDateTime_Constructors" time="0"/>
  <testcase name="test_now_nullChronology482" classname="org.joda.time.TestMutableDateTime_Constructors" time="0.001"/>
  <testcase name="testConstructor_DateTimeZone483" classname="org.joda.time.TestMutableDateTime_Constructors" time="0"/>
  <testcase name="testToString_String_Locale213" classname="org.joda.time.TestMutableDateTime_Basics" time="0.004">
    <failure message="expected:&lt;[2002 01]&gt; but was:&lt;[Sun 9/6]&gt;" type="junit.framework.ComparisonFailure"><![CDATA[junit.framework.ComparisonFailure: expected:<[2002 01]> but was:<[Sun 9/6]>
	at junit.framework.Assert.assertEquals(Assert.java:81)
	at junit.framework.Assert.assertEquals(Assert.java:87)
	at org.joda.time.TestMutableDateTime_Basics.__CLR4_4_14nyqbwj22(TestMutableDateTime_Basics.java:116)
	at org.joda.time.TestMutableDateTime_Basics.testToString_String_Locale213(TestMutableDateTime_Basics.java:114)
]]></failure>
  </testcase>
  <testcase name="testToDateTime_Chronology486" classname="org.joda.time.TestMutableDateTime_Sets" time="0.001"/>
  <testcase name="testSetSecondOfDay_int1498" classname="org.joda.time.TestMutableDateTime_Sets" time="0.001">
    <failure message="expected:&lt;2002-06-09T00:[13:07].008+01:00&gt; but was:&lt;2002-06-09T00:[00:13].008+01:00&gt;" type="junit.framework.ComparisonFailure"><![CDATA[junit.framework.ComparisonFailure: expected:<2002-06-09T00:[13:07].008+01:00> but was:<2002-06-09T00:[00:13].008+01:00>
	at junit.framework.Assert.assertEquals(Assert.java:81)
	at junit.framework.Assert.assertEquals(Assert.java:87)
	at org.joda.time.TestMutableDateTime_Sets.__CLR4_4_1q206yij6f(TestMutableDateTime_Sets.java:137)
	at org.joda.time.TestMutableDateTime_Sets.testSetSecondOfDay_int1498(TestMutableDateTime_Sets.java:134)
]]></failure>
  </testcase>
  <testcase name="testSet_DateTimeFieldType_int3490" classname="org.joda.time.TestMutableDateTime_Sets" time="0.002"/>
  <testcase name="testSetTime_RI_same500" classname="org.joda.time.TestMutableDateTime_Sets" time="0.001"/>
  <testcase name="testSetTime_RI1501" classname="org.joda.time.TestMutableDateTime_Sets" time="0.002">
    <failure message="expected:&lt;1052231280000&gt; but was:&lt;1018013280000&gt;" type="junit.framework.AssertionFailedError"><![CDATA[junit.framework.AssertionFailedError: expected:<1052231280000> but was:<1018013280000>
	at junit.framework.Assert.fail(Assert.java:47)
	at junit.framework.Assert.failNotEquals(Assert.java:280)
	at junit.framework.Assert.assertEquals(Assert.java:64)
	at junit.framework.Assert.assertEquals(Assert.java:133)
	at junit.framework.Assert.assertEquals(Assert.java:139)
	at org.joda.time.TestMutableDateTime_Sets.__CLR4_4_1r627b9j6u(TestMutableDateTime_Sets.java:154)
	at org.joda.time.TestMutableDateTime_Sets.testSetTime_RI1501(TestMutableDateTime_Sets.java:151)
]]></failure>
  </testcase>
  <testcase name="testSet_DateTimeFieldType_int3491" classname="org.joda.time.TestMutableDateTime_Sets" time="0"/>
  <testcase name="testAdd_long1488" classname="org.joda.time.TestMutableDateTime_Adds" time="0.001"/>
  <testcase name="testAddDays_int1495" classname="org.joda.time.TestMutableDateTime_Adds" time="0.002">
    <failure message="expected:&lt;2002-06-[09]T05:06:07.008+01:00&gt; but was:&lt;2002-06-[22]T05:06:07.008+01:00&gt;" type="junit.framework.ComparisonFailure"><![CDATA[junit.framework.ComparisonFailure: expected:<2002-06-[09]T05:06:07.008+01:00> but was:<2002-06-[22]T05:06:07.008+01:00>
	at junit.framework.Assert.assertEquals(Assert.java:81)
	at junit.framework.Assert.assertEquals(Assert.java:87)
	at org.joda.time.TestMutableDateTime_Adds.__CLR4_4_1gqset8j0y(TestMutableDateTime_Adds.java:124)
	at org.joda.time.TestMutableDateTime_Adds.testAddDays_int1495(TestMutableDateTime_Adds.java:121)
]]></failure>
  </testcase>
  <testcase name="testAddMinutes_int_dstOverlapWinter_addZero496" classname="org.joda.time.TestMutableDateTime_Adds" time="0.002"/>
  <testcase name="testAddYears_int1492" classname="org.joda.time.TestMutableDateTime_Adds" time="0.002">
    <failure message="expected:&lt;2001-06-[10]T05:06:07.008+01:00&gt; but was:&lt;2001-06-[09]T05:06:07.008+01:00&gt;" type="junit.framework.ComparisonFailure"><![CDATA[junit.framework.ComparisonFailure: expected:<2001-06-[10]T05:06:07.008+01:00> but was:<2001-06-[09]T05:06:07.008+01:00>
	at junit.framework.Assert.assertEquals(Assert.java:81)
	at junit.framework.Assert.assertEquals(Assert.java:87)
	at org.joda.time.TestMutableDateTime_Adds.__CLR4_4_1knzlmj0k(TestMutableDateTime_Adds.java:107)
	at org.joda.time.TestMutableDateTime_Adds.testAddYears_int1492(TestMutableDateTime_Adds.java:104)
]]></failure>
  </testcase>
  <testcase name="testAddYears_int1493" classname="org.joda.time.TestMutableDateTime_Adds" time="0.002">
    <failure message="expected:&lt;20[01-06-10]T05:06:07.008+01:00&gt; but was:&lt;20[15-06-09]T05:06:07.008+01:00&gt;" type="junit.framework.ComparisonFailure"><![CDATA[junit.framework.ComparisonFailure: expected:<20[01-06-10]T05:06:07.008+01:00> but was:<20[15-06-09]T05:06:07.008+01:00>
	at junit.framework.Assert.assertEquals(Assert.java:81)
	at junit.framework.Assert.assertEquals(Assert.java:87)
	at org.joda.time.TestMutableDateTime_Adds.__CLR4_4_13tnye3j0o(TestMutableDateTime_Adds.java:112)
	at org.joda.time.TestMutableDateTime_Adds.testAddYears_int1493(TestMutableDateTime_Adds.java:109)
]]></failure>
  </testcase>
  <testcase name="testAddMinutes_int1497" classname="org.joda.time.TestMutableDateTime_Adds" time="0.002">
    <failure message="expected:&lt;2002-06-09T05:[06:07.021]+01:00&gt; but was:&lt;2002-06-09T05:[19:07.008]+01:00&gt;" type="junit.framework.ComparisonFailure"><![CDATA[junit.framework.ComparisonFailure: expected:<2002-06-09T05:[06:07.021]+01:00> but was:<2002-06-09T05:[19:07.008]+01:00>
	at junit.framework.Assert.assertEquals(Assert.java:81)
	at junit.framework.Assert.assertEquals(Assert.java:87)
	at org.joda.time.TestMutableDateTime_Adds.__CLR4_4_1swq3goj18(TestMutableDateTime_Adds.java:136)
	at org.joda.time.TestMutableDateTime_Adds.testAddMinutes_int1497(TestMutableDateTime_Adds.java:133)
]]></failure>
  </testcase>
  <testcase name="testAddMillis_int1499" classname="org.joda.time.TestMutableDateTime_Adds" time="0"/>
  <testcase name="testAddDays_int_dstOverlapWinter_addZero494" classname="org.joda.time.TestMutableDateTime_Adds" time="0.001"/>
  <testcase name="testPropertyAddLongDayOfWeek505" classname="org.joda.time.TestMutableDateTime_Properties" time="0.001"/>
  <testcase name="testPropertyGetCenturyOfEra503" classname="org.joda.time.TestMutableDateTime_Properties" time="0.001"/>
  <testcase name="testPropertyAddWeekyear504" classname="org.joda.time.TestMutableDateTime_Properties" time="0.002">
    <failure message="expected:&lt;200[4-06-10]T00:00:00.000+01:00&gt; but was:&lt;200[5-06-15]T00:00:00.000+01:00&gt;" type="junit.framework.ComparisonFailure"><![CDATA[junit.framework.ComparisonFailure: expected:<200[4-06-10]T00:00:00.000+01:00> but was:<200[5-06-15]T00:00:00.000+01:00>
	at junit.framework.Assert.assertEquals(Assert.java:81)
	at junit.framework.Assert.assertEquals(Assert.java:87)
	at org.joda.time.TestMutableDateTime_Properties.__CLR4_4_1hrtcqdj4w(TestMutableDateTime_Properties.java:125)
	at org.joda.time.TestMutableDateTime_Properties.testPropertyAddWeekyear504(TestMutableDateTime_Properties.java:122)
]]></failure>
  </testcase>
  <testcase name="testPropertyGetCenturyOfEra502" classname="org.joda.time.TestMutableDateTime_Properties" time="0.002">
    <failure message="expected:&lt;2004&gt; but was:&lt;20&gt;" type="junit.framework.AssertionFailedError"><![CDATA[junit.framework.AssertionFailedError: expected:<2004> but was:<20>
	at junit.framework.Assert.fail(Assert.java:47)
	at junit.framework.Assert.failNotEquals(Assert.java:280)
	at junit.framework.Assert.assertEquals(Assert.java:64)
	at junit.framework.Assert.assertEquals(Assert.java:198)
	at junit.framework.Assert.assertEquals(Assert.java:204)
	at org.joda.time.TestMutableDateTime_Properties.__CLR4_4_1cd29sqj44(TestMutableDateTime_Properties.java:97)
	at org.joda.time.TestMutableDateTime_Properties.testPropertyGetCenturyOfEra502(TestMutableDateTime_Properties.java:92)
]]></failure>
  </testcase>
  <testcase name="testParse_noFormatter709" classname="org.joda.time.TestDateMidnight_Constructors" time="0.003"/>
  <testcase name="testConstructor_nullObject_nullDateTimeZone710" classname="org.joda.time.TestDateMidnight_Constructors" time="0"/>
  <testcase name="testProperty721" classname="org.joda.time.TestDateMidnight_Basics" time="0.002">
    <failure type="junit.framework.AssertionFailedError">junit.framework.AssertionFailedError
	at junit.framework.Assert.fail(Assert.java:47)
	at junit.framework.Assert.fail(Assert.java:53)
	at org.joda.time.TestDateMidnight_Basics.__CLR4_4_1ybz0eigyi(TestDateMidnight_Basics.java:258)
	at org.joda.time.TestDateMidnight_Basics.testProperty721(TestDateMidnight_Basics.java:243)
</failure>
  </testcase>
  <testcase name="testProperty720" classname="org.joda.time.TestDateMidnight_Basics" time="0.001">
    <failure type="junit.framework.AssertionFailedError">junit.framework.AssertionFailedError
	at junit.framework.Assert.fail(Assert.java:47)
	at junit.framework.Assert.fail(Assert.java:53)
	at org.joda.time.TestDateMidnight_Basics.__CLR4_4_1xg52s5gxz(TestDateMidnight_Basics.java:234)
	at org.joda.time.TestDateMidnight_Basics.testProperty720(TestDateMidnight_Basics.java:219)
</failure>
  </testcase>
  <testcase name="testPlus_long717" classname="org.joda.time.TestDateMidnight_Basics" time="0.001"/>
  <testcase name="testWithDurationAdded_RD_int3715" classname="org.joda.time.TestDateMidnight_Basics" time="0.001"/>
  <testcase name="testPlus_RD718" classname="org.joda.time.TestDateMidnight_Basics" time="0"/>
  <testcase name="testProperty722" classname="org.joda.time.TestDateMidnight_Basics" time="0.002">
    <failure type="junit.framework.AssertionFailedError">junit.framework.AssertionFailedError
	at junit.framework.Assert.fail(Assert.java:47)
	at junit.framework.Assert.fail(Assert.java:53)
	at org.joda.time.TestDateMidnight_Basics.__CLR4_4_1v2z1m1gz1(TestDateMidnight_Basics.java:282)
	at org.joda.time.TestDateMidnight_Basics.testProperty722(TestDateMidnight_Basics.java:267)
</failure>
  </testcase>
  <testcase name="testWithDurationAdded_RD_int716" classname="org.joda.time.TestDateMidnight_Basics" time="0"/>
  <testcase name="testMinusYears_int719" classname="org.joda.time.TestDateMidnight_Basics" time="0"/>
  <testcase name="testToLocalDate724" classname="org.joda.time.TestDateMidnight_Basics" time="0.001"/>
  <testcase name="testPropertyGetWeekOfWeekyear727" classname="org.joda.time.TestDateMidnight_Basics" time="0.002">
    <failure message="expected:&lt;2004&gt; but was:&lt;24&gt;" type="junit.framework.AssertionFailedError"><![CDATA[junit.framework.AssertionFailedError: expected:<2004> but was:<24>
	at junit.framework.Assert.fail(Assert.java:47)
	at junit.framework.Assert.failNotEquals(Assert.java:280)
	at junit.framework.Assert.assertEquals(Assert.java:64)
	at junit.framework.Assert.assertEquals(Assert.java:198)
	at junit.framework.Assert.assertEquals(Assert.java:204)
	at org.joda.time.TestDateMidnight_Basics.__CLR4_4_11o6160gzo(TestDateMidnight_Basics.java:302)
	at org.joda.time.TestDateMidnight_Basics.testPropertyGetWeekOfWeekyear727(TestDateMidnight_Basics.java:296)
]]></failure>
  </testcase>
  <testcase name="testWithField2712" classname="org.joda.time.TestDateMidnight_Basics" time="0.001"/>
  <testcase name="testWithFieldAdded2713" classname="org.joda.time.TestDateMidnight_Basics" time="0.001"/>
  <testcase name="testWithDurationAdded_long_int714" classname="org.joda.time.TestDateMidnight_Basics" time="0.001"/>
  <testcase name="testPropertyRoundFloorMonthOfYear735" classname="org.joda.time.TestDateMidnight_Properties" time="0.002">
    <failure message="expected:&lt;2004-0[7]-01T00:00:00.000+01:...&gt; but was:&lt;2004-0[6]-01T00:00:00.000+01:...&gt;" type="junit.framework.ComparisonFailure"><![CDATA[junit.framework.ComparisonFailure: expected:<2004-0[7]-01T00:00:00.000+01:...> but was:<2004-0[6]-01T00:00:00.000+01:...>
	at junit.framework.Assert.assertEquals(Assert.java:81)
	at junit.framework.Assert.assertEquals(Assert.java:87)
	at org.joda.time.TestDateMidnight_Properties.__CLR4_4_1gwcq6nh3f(TestDateMidnight_Properties.java:182)
	at org.joda.time.TestDateMidnight_Properties.testPropertyRoundFloorMonthOfYear735(TestDateMidnight_Properties.java:176)
]]></failure>
  </testcase>
  <testcase name="testPropertyGetEra731" classname="org.joda.time.TestDateMidnight_Properties" time="0.002"/>
  <testcase name="testPropertyRoundCeilingMonthOfYear736" classname="org.joda.time.TestDateMidnight_Properties" time="0.002">
    <failure message="expected:&lt;2004-0[6]-01T00:00:00.000+01:...&gt; but was:&lt;2004-0[7]-01T00:00:00.000+01:...&gt;" type="junit.framework.ComparisonFailure"><![CDATA[junit.framework.ComparisonFailure: expected:<2004-0[6]-01T00:00:00.000+01:...> but was:<2004-0[7]-01T00:00:00.000+01:...>
	at junit.framework.Assert.assertEquals(Assert.java:81)
	at junit.framework.Assert.assertEquals(Assert.java:87)
	at org.joda.time.TestDateMidnight_Properties.__CLR4_4_1txmom5h3p(TestDateMidnight_Properties.java:196)
	at org.joda.time.TestDateMidnight_Properties.testPropertyRoundCeilingMonthOfYear736(TestDateMidnight_Properties.java:187)
]]></failure>
  </testcase>
  <testcase name="testPropertyAddMonthOfYear732" classname="org.joda.time.TestDateMidnight_Properties" time="0.001"/>
  <testcase name="testPropertyWithMaximumValueMonthOfYear733" classname="org.joda.time.TestDateMidnight_Properties" time="0.001">
    <failure message="expected:&lt;2&gt; but was:&lt;12&gt;" type="junit.framework.AssertionFailedError"><![CDATA[junit.framework.AssertionFailedError: expected:<2> but was:<12>
	at junit.framework.Assert.fail(Assert.java:47)
	at junit.framework.Assert.failNotEquals(Assert.java:280)
	at junit.framework.Assert.assertEquals(Assert.java:64)
	at junit.framework.Assert.assertEquals(Assert.java:198)
	at junit.framework.Assert.assertEquals(Assert.java:204)
	at org.joda.time.TestDateMidnight_Properties.__CLR4_4_1pestiwh33(TestDateMidnight_Properties.java:166)
	at org.joda.time.TestDateMidnight_Properties.testPropertyWithMaximumValueMonthOfYear733(TestDateMidnight_Properties.java:162)
]]></failure>
  </testcase>
  <testcase name="testPropertyWithMinimumValueDayOfMonth734" classname="org.joda.time.TestDateMidnight_Properties" time="0.004">
    <failure message="expected:&lt;2&gt; but was:&lt;6&gt;" type="junit.framework.AssertionFailedError"><![CDATA[junit.framework.AssertionFailedError: expected:<2> but was:<6>
	at junit.framework.Assert.fail(Assert.java:47)
	at junit.framework.Assert.failNotEquals(Assert.java:280)
	at junit.framework.Assert.assertEquals(Assert.java:64)
	at junit.framework.Assert.assertEquals(Assert.java:198)
	at junit.framework.Assert.assertEquals(Assert.java:204)
	at org.joda.time.TestDateMidnight_Properties.__CLR4_4_1bzai0uh39(TestDateMidnight_Properties.java:173)
	at org.joda.time.TestDateMidnight_Properties.testPropertyWithMinimumValueDayOfMonth734(TestDateMidnight_Properties.java:169)
]]></failure>
  </testcase>
  <testcase name="testPropertyGetEra726" classname="org.joda.time.TestDateMidnight_Properties" time="0.002">
    <failure message="expected:&lt;[1]&gt; but was:&lt;[AD]&gt;" type="junit.framework.ComparisonFailure"><![CDATA[junit.framework.ComparisonFailure: expected:<[1]> but was:<[AD]>
	at junit.framework.Assert.assertEquals(Assert.java:81)
	at junit.framework.Assert.assertEquals(Assert.java:87)
	at org.joda.time.TestDateMidnight_Properties.__CLR4_4_1u04cylh1i(TestDateMidnight_Properties.java:107)
	at org.joda.time.TestDateMidnight_Properties.testPropertyGetEra726(TestDateMidnight_Properties.java:100)
]]></failure>
  </testcase>
  <testcase name="testPropertySetTextDayOfMonth729" classname="org.joda.time.TestDateMidnight_Properties" time="0.002">
    <failure message="expected:&lt;2&gt; but was:&lt;6&gt;" type="junit.framework.AssertionFailedError"><![CDATA[junit.framework.AssertionFailedError: expected:<2> but was:<6>
	at junit.framework.Assert.fail(Assert.java:47)
	at junit.framework.Assert.failNotEquals(Assert.java:280)
	at junit.framework.Assert.assertEquals(Assert.java:64)
	at junit.framework.Assert.assertEquals(Assert.java:198)
	at junit.framework.Assert.assertEquals(Assert.java:204)
	at org.joda.time.TestDateMidnight_Properties.__CLR4_4_1nizsxch25(TestDateMidnight_Properties.java:129)
	at org.joda.time.TestDateMidnight_Properties.testPropertySetTextDayOfMonth729(TestDateMidnight_Properties.java:125)
]]></failure>
  </testcase>
  <testcase name="testPropertySetTextMonthOfYear728" classname="org.joda.time.TestDateMidnight_Properties" time="0.001"/>
  <testcase name="testConstructor_RI_RI4275" classname="org.joda.time.TestDuration_Constructors" time="0"/>
  <testcase name="testToStandardHours79" classname="org.joda.time.TestDuration_Constructors" time="0.01"/>
  <testcase name="testFactory_standardDays_long75" classname="org.joda.time.TestDuration_Constructors" time="0.001">
    <failure message="expected:&lt;1000&gt; but was:&lt;86400000&gt;" type="junit.framework.AssertionFailedError"><![CDATA[junit.framework.AssertionFailedError: expected:<1000> but was:<86400000>
	at junit.framework.Assert.fail(Assert.java:47)
	at junit.framework.Assert.failNotEquals(Assert.java:280)
	at junit.framework.Assert.assertEquals(Assert.java:64)
	at junit.framework.Assert.assertEquals(Assert.java:133)
	at junit.framework.Assert.assertEquals(Assert.java:139)
	at org.joda.time.TestDuration_Constructors.__CLR4_4_12gus6dhvl(TestDuration_Constructors.java:111)
	at org.joda.time.TestDuration_Constructors.testFactory_standardDays_long75(TestDuration_Constructors.java:109)
]]></failure>
  </testcase>
  <testcase name="testToDurationTo77" classname="org.joda.time.TestDuration_Constructors" time="0.001"/>
  <testcase name="testFactory_standardDays_long74" classname="org.joda.time.TestDuration_Constructors" time="0.001">
    <failure message="expected:&lt;1440000&gt; but was:&lt;86400000&gt;" type="junit.framework.AssertionFailedError"><![CDATA[junit.framework.AssertionFailedError: expected:<1440000> but was:<86400000>
	at junit.framework.Assert.fail(Assert.java:47)
	at junit.framework.Assert.failNotEquals(Assert.java:280)
	at junit.framework.Assert.assertEquals(Assert.java:64)
	at junit.framework.Assert.assertEquals(Assert.java:133)
	at junit.framework.Assert.assertEquals(Assert.java:139)
	at org.joda.time.TestDuration_Constructors.__CLR4_4_1s56m4hve(TestDuration_Constructors.java:103)
	at org.joda.time.TestDuration_Constructors.testFactory_standardDays_long74(TestDuration_Constructors.java:101)
]]></failure>
  </testcase>
  <testcase name="testMinus_RD387" classname="org.joda.time.TestDuration_Basics" time="0.001"/>
  <testcase name="testWithMillis_long181" classname="org.joda.time.TestDuration_Basics" time="0.001">
    <failure message="expected:&lt;123&gt; but was:&lt;8000&gt;" type="junit.framework.AssertionFailedError"><![CDATA[junit.framework.AssertionFailedError: expected:<123> but was:<8000>
	at junit.framework.Assert.fail(Assert.java:47)
	at junit.framework.Assert.failNotEquals(Assert.java:280)
	at junit.framework.Assert.assertEquals(Assert.java:64)
	at junit.framework.Assert.assertEquals(Assert.java:133)
	at junit.framework.Assert.assertEquals(Assert.java:139)
	at org.joda.time.TestDuration_Basics.__CLR4_4_1e8de0kht1(TestDuration_Basics.java:130)
	at org.joda.time.TestDuration_Basics.testWithMillis_long181(TestDuration_Basics.java:127)
]]></failure>
  </testcase>
  <testcase name="testWithMillis_long182" classname="org.joda.time.TestDuration_Basics" time="0.007">
    <failure message="expected:&lt;8123&gt; but was:&lt;8000&gt;" type="junit.framework.AssertionFailedError"><![CDATA[junit.framework.AssertionFailedError: expected:<8123> but was:<8000>
	at junit.framework.Assert.fail(Assert.java:47)
	at junit.framework.Assert.failNotEquals(Assert.java:280)
	at junit.framework.Assert.assertEquals(Assert.java:64)
	at junit.framework.Assert.assertEquals(Assert.java:133)
	at junit.framework.Assert.assertEquals(Assert.java:139)
	at org.joda.time.TestDuration_Basics.__CLR4_4_1hhdct1ht5(TestDuration_Basics.java:135)
	at org.joda.time.TestDuration_Basics.testWithMillis_long182(TestDuration_Basics.java:132)
]]></failure>
  </testcase>
  <testcase name="testToStandardDays80" classname="org.joda.time.TestDuration_Basics" time="0">
    <failure message="expected:&lt;P1D&gt; but was:&lt;P0D&gt;" type="junit.framework.AssertionFailedError"><![CDATA[junit.framework.AssertionFailedError: expected:<P1D> but was:<P0D>
	at junit.framework.Assert.fail(Assert.java:47)
	at junit.framework.Assert.failNotEquals(Assert.java:280)
	at junit.framework.Assert.assertEquals(Assert.java:64)
	at junit.framework.Assert.assertEquals(Assert.java:71)
	at org.joda.time.TestDuration_Basics.__CLR4_4_13ldl28hsg(TestDuration_Basics.java:113)
	at org.joda.time.TestDuration_Basics.testToStandardDays80(TestDuration_Basics.java:105)
]]></failure>
  </testcase>
  <testcase name="testMinus_RD186" classname="org.joda.time.TestDuration_Basics" time="0"/>
  <testcase name="testWithMillis_long283" classname="org.joda.time.TestDuration_Basics" time="0"/>
  <testcase name="testWithMillis_long284" classname="org.joda.time.TestDuration_Basics" time="0.002">
    <failure message="expected same:&lt;PT0.123S&gt; was not:&lt;PT0S&gt;" type="junit.framework.AssertionFailedError"><![CDATA[junit.framework.AssertionFailedError: expected same:<PT0.123S> was not:<PT0S>
	at junit.framework.Assert.fail(Assert.java:47)
	at junit.framework.Assert.failNotSame(Assert.java:276)
	at junit.framework.Assert.assertSame(Assert.java:239)
	at junit.framework.Assert.assertSame(Assert.java:246)
	at org.joda.time.TestDuration_Basics.__CLR4_4_1luiliwhtd(TestDuration_Basics.java:145)
	at org.joda.time.TestDuration_Basics.testWithMillis_long284(TestDuration_Basics.java:142)
]]></failure>
  </testcase>
  <testcase name="testWithDurationAdded_RD_int385" classname="org.joda.time.TestDuration_Basics" time="0"/>
  <testcase name="testToPeriodTo279" classname="org.joda.time.TestDuration_Basics" time="0.003"/>
  <testcase name="testToIntervalTo280" classname="org.joda.time.TestDuration_Basics" time="0.004"/>
  <testcase name="testFactoryFieldDifference1318" classname="org.joda.time.TestDuration_Basics" time="0.015"/>
  <testcase name="testConstructor_RI_RP3325" classname="org.joda.time.TestInterval_Constructors" time="0.002"/>
  <testcase name="testConstructor_Object_Chronology1114" classname="org.joda.time.TestInterval_Constructors" time="0.003"/>
  <testcase name="testWithPeriodAfterStart2116" classname="org.joda.time.TestInterval_Basics" time="0"/>
  <testcase name="testToString584" classname="org.joda.time.TestInterval_Basics" time="0.002">
    <failure message="expected:&lt;[PT1H/2010-06-09T00:00:00.000+01]:00&gt; but was:&lt;[2002-04-05T14:24:00.000+02:00/2003-05-06T16:28:00.000+02]:00&gt;" type="junit.framework.ComparisonFailure"><![CDATA[junit.framework.ComparisonFailure: expected:<[PT1H/2010-06-09T00:00:00.000+01]:00> but was:<[2002-04-05T14:24:00.000+02:00/2003-05-06T16:28:00.000+02]:00>
	at junit.framework.Assert.assertEquals(Assert.java:81)
	at junit.framework.Assert.assertEquals(Assert.java:87)
	at org.joda.time.TestInterval_Basics.__CLR4_4_11n3vgai3r(TestInterval_Basics.java:227)
	at org.joda.time.TestInterval_Basics.testToString584(TestInterval_Basics.java:225)
]]></failure>
  </testcase>
  <testcase name="testToString585" classname="org.joda.time.TestInterval_Basics" time="0.02">
    <failure message="expected:&lt;[PT1S/PT2S]&gt; but was:&lt;[2002-04-05T14:24:00.000+02:00/2003-05-06T16:28:00.000+02:00]&gt;" type="junit.framework.ComparisonFailure"><![CDATA[junit.framework.ComparisonFailure: expected:<[PT1S/PT2S]> but was:<[2002-04-05T14:24:00.000+02:00/2003-05-06T16:28:00.000+02:00]>
	at junit.framework.Assert.assertEquals(Assert.java:81)
	at junit.framework.Assert.assertEquals(Assert.java:87)
	at org.joda.time.TestInterval_Basics.__CLR4_4_14w3u8ri3w(TestInterval_Basics.java:233)
	at org.joda.time.TestInterval_Basics.testToString585(TestInterval_Basics.java:231)
]]></failure>
  </testcase>
  <testcase name="testWithDurationBeforeEnd4115" classname="org.joda.time.TestInterval_Basics" time="0"/>
  <testcase name="testToString582" classname="org.joda.time.TestInterval_Basics" time="0">
    <failure message="expected:&lt;[PT1H/2010-06-09T00:00:00.000+01]:00&gt; but was:&lt;[2002-04-05T14:24:00.000+02:00/2003-05-06T16:28:00.000+02]:00&gt;" type="junit.framework.ComparisonFailure"><![CDATA[junit.framework.ComparisonFailure: expected:<[PT1H/2010-06-09T00:00:00.000+01]:00> but was:<[2002-04-05T14:24:00.000+02:00/2003-05-06T16:28:00.000+02]:00>
	at junit.framework.Assert.assertEquals(Assert.java:81)
	at junit.framework.Assert.assertEquals(Assert.java:87)
	at org.joda.time.TestInterval_Basics.__CLR4_4_14uw24oi3m(TestInterval_Basics.java:221)
	at org.joda.time.TestInterval_Basics.testToString582(TestInterval_Basics.java:219)
]]></failure>
  </testcase>
  <testcase name="testContains_RI_null569" classname="org.joda.time.TestInterval_Basics" time="0"/>
  <testcase name="testIsEqual_RInterval570" classname="org.joda.time.TestInterval_Basics" time="0">
    <failure message="expected:&lt;true&gt; but was:&lt;false&gt;" type="junit.framework.AssertionFailedError"><![CDATA[junit.framework.AssertionFailedError: expected:<true> but was:<false>
	at junit.framework.Assert.fail(Assert.java:47)
	at junit.framework.Assert.failNotEquals(Assert.java:280)
	at junit.framework.Assert.assertEquals(Assert.java:64)
	at junit.framework.Assert.assertEquals(Assert.java:146)
	at junit.framework.Assert.assertEquals(Assert.java:152)
	at org.joda.time.TestInterval_Basics.__CLR4_4_1ts2duji1l(TestInterval_Basics.java:141)
	at org.joda.time.TestInterval_Basics.testIsEqual_RInterval570(TestInterval_Basics.java:139)
]]></failure>
  </testcase>
  <testcase name="testIsBefore_RI571" classname="org.joda.time.TestInterval_Basics" time="0"/>
  <testcase name="testIsBefore_RI572" classname="org.joda.time.TestInterval_Basics" time="0"/>
  <testcase name="testIsBeforeNow573" classname="org.joda.time.TestInterval_Basics" time="0"/>
  <testcase name="testIsBefore_RI_null574" classname="org.joda.time.TestInterval_Basics" time="0"/>
  <testcase name="testIsAfterNow576" classname="org.joda.time.TestInterval_Basics" time="0"/>
  <testcase name="testIsAfter_RI_null577" classname="org.joda.time.TestInterval_Basics" time="0"/>
  <testcase name="testConstructor_Chronology641" classname="org.joda.time.TestLocalDateTime_Constructors" time="0.006">
    <failure message="expected:&lt;GregorianChronology[Europe/Moscow]&gt; but was:&lt;GregorianChronology[UTC]&gt;" type="junit.framework.AssertionFailedError"><![CDATA[junit.framework.AssertionFailedError: expected:<GregorianChronology[Europe/Moscow]> but was:<GregorianChronology[UTC]>
	at junit.framework.Assert.fail(Assert.java:47)
	at junit.framework.Assert.failNotEquals(Assert.java:280)
	at junit.framework.Assert.assertEquals(Assert.java:64)
	at junit.framework.Assert.assertEquals(Assert.java:71)
	at org.joda.time.TestLocalDateTime_Constructors.__CLR4_4_1haybxxidq(TestLocalDateTime_Constructors.java:96)
	at org.joda.time.TestLocalDateTime_Constructors.testConstructor_Chronology641(TestLocalDateTime_Constructors.java:94)
]]></failure>
  </testcase>
  <testcase name="testFactory_fromDateFields_before1970644" classname="org.joda.time.TestLocalDateTime_Constructors" time="0"/>
  <testcase name="testParse_noFormatter642" classname="org.joda.time.TestLocalDateTime_Constructors" time="0.005">
    <error message="Invalid format: &quot;2010-06-30T10:20:30Z&quot; is malformed at &quot;Z&quot;" type="java.lang.IllegalArgumentException">java.lang.IllegalArgumentException: Invalid format: "2010-06-30T10:20:30Z" is malformed at "Z"
	at org.joda.time.format.DateTimeFormatter.parseLocalDateTime(DateTimeFormatter.java:837)
	at org.joda.time.LocalDateTime.parse(LocalDateTime.java:168)
	at org.joda.time.LocalDateTime.parse(LocalDateTime.java:157)
	at org.joda.time.TestLocalDateTime_Constructors.__CLR4_4_1eodx1sie1(TestLocalDateTime_Constructors.java:107)
	at org.joda.time.TestLocalDateTime_Constructors.testParse_noFormatter642(TestLocalDateTime_Constructors.java:106)
</error>
  </testcase>
  <testcase name="testProperty655" classname="org.joda.time.TestLocalDateTime_Basics" time="0.003">
    <failure type="junit.framework.AssertionFailedError">junit.framework.AssertionFailedError
	at junit.framework.Assert.fail(Assert.java:47)
	at junit.framework.Assert.fail(Assert.java:53)
	at org.joda.time.TestLocalDateTime_Basics.__CLR4_4_112nsq2i8a(TestLocalDateTime_Basics.java:182)
	at org.joda.time.TestLocalDateTime_Basics.testProperty655(TestLocalDateTime_Basics.java:166)
</failure>
  </testcase>
  <testcase name="testToDateTime648" classname="org.joda.time.TestLocalDateTime_Basics" time="0.002"/>
  <testcase name="testIsSupported_DateTimeFieldType647" classname="org.joda.time.TestLocalDateTime_Basics" time="0.002">
    <failure message="expected:&lt;false&gt; but was:&lt;true&gt;" type="junit.framework.AssertionFailedError"><![CDATA[junit.framework.AssertionFailedError: expected:<false> but was:<true>
	at junit.framework.Assert.fail(Assert.java:47)
	at junit.framework.Assert.failNotEquals(Assert.java:280)
	at junit.framework.Assert.assertEquals(Assert.java:64)
	at junit.framework.Assert.assertEquals(Assert.java:146)
	at junit.framework.Assert.assertEquals(Assert.java:152)
	at org.joda.time.TestLocalDateTime_Basics.__CLR4_4_1wa987oi6z(TestLocalDateTime_Basics.java:116)
	at org.joda.time.TestLocalDateTime_Basics.testIsSupported_DateTimeFieldType647(TestLocalDateTime_Basics.java:114)
]]></failure>
  </testcase>
  <testcase name="testPropertyWithMaxMinValueHour665" classname="org.joda.time.TestLocalDateTime_Basics" time="0.004"/>
  <testcase name="testMinusMillis_int653" classname="org.joda.time.TestLocalDateTime_Basics" time="0.002">
    <failure message="expected:&lt;2002-05-03T10:20:30.041&gt; but was:&lt;2002-05-03T10:20:30.039&gt;" type="junit.framework.AssertionFailedError"><![CDATA[junit.framework.AssertionFailedError: expected:<2002-05-03T10:20:30.041> but was:<2002-05-03T10:20:30.039>
	at junit.framework.Assert.fail(Assert.java:47)
	at junit.framework.Assert.failNotEquals(Assert.java:280)
	at junit.framework.Assert.assertEquals(Assert.java:64)
	at junit.framework.Assert.assertEquals(Assert.java:71)
	at org.joda.time.TestLocalDateTime_Basics.__CLR4_4_1m1r1fdi83(TestLocalDateTime_Basics.java:162)
	at org.joda.time.TestLocalDateTime_Basics.testMinusMillis_int653(TestLocalDateTime_Basics.java:158)
]]></failure>
  </testcase>
  <testcase name="testProperty656" classname="org.joda.time.TestLocalDateTime_Basics" time="0.002">
    <failure type="junit.framework.AssertionFailedError">junit.framework.AssertionFailedError
	at junit.framework.Assert.fail(Assert.java:47)
	at junit.framework.Assert.fail(Assert.java:53)
	at org.joda.time.TestLocalDateTime_Basics.__CLR4_4_126c62fi8u(TestLocalDateTime_Basics.java:209)
	at org.joda.time.TestLocalDateTime_Basics.testProperty656(TestLocalDateTime_Basics.java:191)
</failure>
  </testcase>
  <testcase name="testPropertyGetEra657" classname="org.joda.time.TestLocalDateTime_Basics" time="0.003">
    <failure message="expected:&lt;20&gt; but was:&lt;1&gt;" type="junit.framework.AssertionFailedError"><![CDATA[junit.framework.AssertionFailedError: expected:<20> but was:<1>
	at junit.framework.Assert.fail(Assert.java:47)
	at junit.framework.Assert.failNotEquals(Assert.java:280)
	at junit.framework.Assert.assertEquals(Assert.java:64)
	at junit.framework.Assert.assertEquals(Assert.java:198)
	at junit.framework.Assert.assertEquals(Assert.java:204)
	at org.joda.time.TestLocalDateTime_Basics.__CLR4_4_1hiodpii9g(TestLocalDateTime_Basics.java:224)
	at org.joda.time.TestLocalDateTime_Basics.testPropertyGetEra657(TestLocalDateTime_Basics.java:218)
]]></failure>
  </testcase>
  <testcase name="testPropertyGetCenturyOfEra658" classname="org.joda.time.TestLocalDateTime_Basics" time="0.001"/>
  <testcase name="testPropertyGetYearOfCentury659" classname="org.joda.time.TestLocalDateTime_Basics" time="0.002">
    <failure message="expected:&lt;4&gt; but was:&lt;5&gt;" type="junit.framework.AssertionFailedError"><![CDATA[junit.framework.AssertionFailedError: expected:<4> but was:<5>
	at junit.framework.Assert.fail(Assert.java:47)
	at junit.framework.Assert.failNotEquals(Assert.java:280)
	at junit.framework.Assert.assertEquals(Assert.java:64)
	at junit.framework.Assert.assertEquals(Assert.java:198)
	at junit.framework.Assert.assertEquals(Assert.java:204)
	at org.joda.time.TestLocalDateTime_Basics.__CLR4_4_14fj58wiai(TestLocalDateTime_Basics.java:264)
	at org.joda.time.TestLocalDateTime_Basics.testPropertyGetYearOfCentury659(TestLocalDateTime_Basics.java:258)
]]></failure>
  </testcase>
  <testcase name="testPropertyGetYearOfEra660" classname="org.joda.time.TestLocalDateTime_Basics" time="0.005"/>
  <testcase name="testPropertyGetWeekyear661" classname="org.joda.time.TestLocalDateTime_Basics" time="0.003"/>
  <testcase name="testPropertySetWeekOfWeekyear662" classname="org.joda.time.TestLocalDateTime_Basics" time="0.002">
    <failure message="expected:&lt;6&gt; but was:&lt;1&gt;" type="junit.framework.AssertionFailedError"><![CDATA[junit.framework.AssertionFailedError: expected:<6> but was:<1>
	at junit.framework.Assert.fail(Assert.java:47)
	at junit.framework.Assert.failNotEquals(Assert.java:280)
	at junit.framework.Assert.assertEquals(Assert.java:64)
	at junit.framework.Assert.assertEquals(Assert.java:198)
	at junit.framework.Assert.assertEquals(Assert.java:204)
	at org.joda.time.TestLocalDateTime_Basics.check(TestLocalDateTime_Basics.java:536)
	at org.joda.time.TestLocalDateTime_Basics.__CLR4_4_1ygqge6ibu(TestLocalDateTime_Basics.java:313)
	at org.joda.time.TestLocalDateTime_Basics.testPropertySetWeekOfWeekyear662(TestLocalDateTime_Basics.java:309)
]]></failure>
  </testcase>
  <testcase name="testPropertyAddToCopyMonth664" classname="org.joda.time.TestLocalDateTime_Basics" time="0.001"/>
  <testcase name="testToString_DTFormatter666" classname="org.joda.time.TestLocalDateTime_Basics" time="0.001"/>
  <testcase name="testWithDate_int_int_int650" classname="org.joda.time.TestLocalDateTime_Basics" time="0.001">
    <failure message="expected:&lt;2003&gt; but was:&lt;2002&gt;" type="junit.framework.AssertionFailedError"><![CDATA[junit.framework.AssertionFailedError: expected:<2003> but was:<2002>
	at junit.framework.Assert.fail(Assert.java:47)
	at junit.framework.Assert.failNotEquals(Assert.java:280)
	at junit.framework.Assert.assertEquals(Assert.java:64)
	at junit.framework.Assert.assertEquals(Assert.java:198)
	at junit.framework.Assert.assertEquals(Assert.java:204)
	at org.joda.time.TestLocalDateTime_Basics.check(TestLocalDateTime_Basics.java:535)
	at org.joda.time.TestLocalDateTime_Basics.__CLR4_4_17ktm02i7y(TestLocalDateTime_Basics.java:155)
	at org.joda.time.TestLocalDateTime_Basics.testWithDate_int_int_int650(TestLocalDateTime_Basics.java:152)
]]></failure>
  </testcase>
  <testcase name="testPropertyRoundHour667" classname="org.joda.time.TestLocalDateTime_Properties" time="0.002">
    <failure message="expected:&lt;10&gt; but was:&lt;11&gt;" type="junit.framework.AssertionFailedError"><![CDATA[junit.framework.AssertionFailedError: expected:<10> but was:<11>
	at junit.framework.Assert.fail(Assert.java:47)
	at junit.framework.Assert.failNotEquals(Assert.java:280)
	at junit.framework.Assert.assertEquals(Assert.java:64)
	at junit.framework.Assert.assertEquals(Assert.java:198)
	at junit.framework.Assert.assertEquals(Assert.java:204)
	at org.joda.time.TestLocalDateTime_Properties.check(TestLocalDateTime_Properties.java:248)
	at org.joda.time.TestLocalDateTime_Properties.__CLR4_4_1vf3ofhier(TestLocalDateTime_Properties.java:90)
	at org.joda.time.TestLocalDateTime_Properties.testPropertyRoundHour667(TestLocalDateTime_Properties.java:88)
]]></failure>
  </testcase>
  <testcase name="testPropertyRoundHalfCeilingHourOfDay669" classname="org.joda.time.TestLocalDateTime_Properties" time="0.001">
    <failure message="expected:&lt;20&gt; but was:&lt;0&gt;" type="junit.framework.AssertionFailedError"><![CDATA[junit.framework.AssertionFailedError: expected:<20> but was:<0>
	at junit.framework.Assert.fail(Assert.java:47)
	at junit.framework.Assert.failNotEquals(Assert.java:280)
	at junit.framework.Assert.assertEquals(Assert.java:64)
	at junit.framework.Assert.assertEquals(Assert.java:198)
	at junit.framework.Assert.assertEquals(Assert.java:204)
	at org.joda.time.TestLocalDateTime_Properties.check(TestLocalDateTime_Properties.java:249)
	at org.joda.time.TestLocalDateTime_Properties.__CLR4_4_1b96cwyif8(TestLocalDateTime_Properties.java:109)
	at org.joda.time.TestLocalDateTime_Properties.testPropertyRoundHalfCeilingHourOfDay669(TestLocalDateTime_Properties.java:107)
]]></failure>
  </testcase>
  <testcase name="testPropertyCompareToMonth290" classname="org.joda.time.TestLocalDate_Constructors" time="0.002"/>
  <testcase name="testPlusMonths_int303" classname="org.joda.time.TestLocalDate_Basics" time="0.001"/>
  <testcase name="testMinusYears_int304" classname="org.joda.time.TestLocalDate_Basics" time="0.001"/>
  <testcase name="testToString_String_Locale308" classname="org.joda.time.TestLocalDate_Basics" time="0.003">
    <failure message="expected:&lt;[2002 ]&gt; but was:&lt;[Sun 9/6]&gt;" type="junit.framework.ComparisonFailure"><![CDATA[junit.framework.ComparisonFailure: expected:<[2002 ]> but was:<[Sun 9/6]>
	at junit.framework.Assert.assertEquals(Assert.java:81)
	at junit.framework.Assert.assertEquals(Assert.java:87)
	at org.joda.time.TestLocalDate_Basics.__CLR4_4_1k9ohs5ijk(TestLocalDate_Basics.java:268)
	at org.joda.time.TestLocalDate_Basics.testToString_String_Locale308(TestLocalDate_Basics.java:266)
]]></failure>
  </testcase>
  <testcase name="testToString_String_Locale309" classname="org.joda.time.TestLocalDate_Basics" time="0.002">
    <failure message="expected:&lt;[ ]/6&gt; but was:&lt;[Sun 9]/6&gt;" type="junit.framework.ComparisonFailure"><![CDATA[junit.framework.ComparisonFailure: expected:<[ ]/6> but was:<[Sun 9]/6>
	at junit.framework.Assert.assertEquals(Assert.java:81)
	at junit.framework.Assert.assertEquals(Assert.java:87)
	at org.joda.time.TestLocalDate_Basics.__CLR4_4_1h0oizoijr(TestLocalDate_Basics.java:276)
	at org.joda.time.TestLocalDate_Basics.testToString_String_Locale309(TestLocalDate_Basics.java:274)
]]></failure>
  </testcase>
  <testcase name="testToString_String_Locale548" classname="org.joda.time.TestLocalDate_Basics" time="0.001"/>
  <testcase name="testGetValues305" classname="org.joda.time.TestLocalDate_Basics" time="0.001"/>
  <testcase name="test_LocalDate_toDateMidnight_Gaza291" classname="org.joda.time.TestLocalDate_Basics" time="0.002"/>
  <testcase name="testWithFieldAdded_DurationFieldType_int_2302" classname="org.joda.time.TestLocalDate_Basics" time="0.001"/>
  <testcase name="testToDateTimeAtStartOfDay293" classname="org.joda.time.TestLocalDate_Basics" time="0.002">
    <failure message="expected:&lt;2005-06-09T06:07:08.009Z&gt; but was:&lt;2005-06-09T00:00:00.000Z&gt;" type="junit.framework.AssertionFailedError"><![CDATA[junit.framework.AssertionFailedError: expected:<2005-06-09T06:07:08.009Z> but was:<2005-06-09T00:00:00.000Z>
	at junit.framework.Assert.fail(Assert.java:47)
	at junit.framework.Assert.failNotEquals(Assert.java:280)
	at junit.framework.Assert.assertEquals(Assert.java:64)
	at junit.framework.Assert.assertEquals(Assert.java:71)
	at org.joda.time.TestLocalDate_Basics.__CLR4_4_16zudmdigt(TestLocalDate_Basics.java:155)
	at org.joda.time.TestLocalDate_Basics.testToDateTimeAtStartOfDay293(TestLocalDate_Basics.java:145)
]]></failure>
  </testcase>
  <testcase name="testToDateTimeAtStartOfDay294" classname="org.joda.time.TestLocalDate_Basics" time="0.001"/>
  <testcase name="testWithers307" classname="org.joda.time.TestLocalDate_Basics" time="0.001"/>
  <testcase name="testToDateTimeAtCurrentTime296" classname="org.joda.time.TestLocalDate_Basics" time="0.001"/>
  <testcase name="testToDateMidnight297" classname="org.joda.time.TestLocalDate_Basics" time="0.001"/>
  <testcase name="testToDateTime_LocalTime299" classname="org.joda.time.TestLocalDate_Basics" time="0.001">
    <error message="The chronology of the time does not match" type="java.lang.IllegalArgumentException">java.lang.IllegalArgumentException: The chronology of the time does not match
	at org.joda.time.LocalDate.toDateTime(LocalDate.java:940)
	at org.joda.time.LocalDate.toDateTime(LocalDate.java:917)
	at org.joda.time.TestLocalDate_Basics.__CLR4_4_1tinuewihz(TestLocalDate_Basics.java:199)
	at org.joda.time.TestLocalDate_Basics.testToDateTime_LocalTime299(TestLocalDate_Basics.java:196)
</error>
  </testcase>
  <testcase name="testToDateTimeAtStartOfDay_nullZone295" classname="org.joda.time.TestLocalDate_Basics" time="0.001"/>
  <testcase name="testWithFieldAdded_DurationFieldType_int_1301" classname="org.joda.time.TestLocalDate_Basics" time="0.001"/>
  <testcase name="testToLocalDateTime_nullLocalTime298" classname="org.joda.time.TestLocalDate_Basics" time="0.001"/>
  <testcase name="testPropertyGetDay292" classname="org.joda.time.TestLocalDate_Basics" time="0.001"/>
  <testcase name="warning" classname="junit.framework.TestSuite$1" time="0">
    <failure message="No tests found in org.joda.time.TestLocalDate_Properties" type="junit.framework.AssertionFailedError">junit.framework.AssertionFailedError: No tests found in org.joda.time.TestLocalDate_Properties
	at junit.framework.Assert.fail(Assert.java:47)
	at junit.framework.TestSuite$1.runTest(TestSuite.java:90)
	at junit.framework.TestCase.runBare(TestCase.java:130)
	at junit.framework.TestResult$1.protect(TestResult.java:106)
	at junit.framework.TestResult.runProtected(TestResult.java:124)
	at junit.framework.TestResult.run(TestResult.java:109)
	at junit.framework.TestCase.run(TestCase.java:120)
	at junit.framework.TestSuite.runTest(TestSuite.java:230)
	at junit.framework.TestSuite.run(TestSuite.java:225)
	at junit.framework.TestSuite.runTest(TestSuite.java:230)
	at junit.framework.TestSuite.run(TestSuite.java:225)
	at junit.framework.TestSuite.runTest(TestSuite.java:230)
	at junit.framework.TestSuite.run(TestSuite.java:225)
	at sun.reflect.NativeMethodAccessorImpl.invoke0(Native Method)
	at sun.reflect.NativeMethodAccessorImpl.invoke(NativeMethodAccessorImpl.java:62)
	at sun.reflect.DelegatingMethodAccessorImpl.invoke(DelegatingMethodAccessorImpl.java:43)
	at java.lang.reflect.Method.invoke(Method.java:498)
	at org.apache.maven.surefire.junit.JUnitTestSet.execute(JUnitTestSet.java:95)
	at org.apache.maven.surefire.junit.JUnit3Provider.executeTestSet(JUnit3Provider.java:131)
	at org.apache.maven.surefire.junit.JUnit3Provider.invoke(JUnit3Provider.java:108)
	at org.apache.maven.surefire.booter.ForkedBooter.invokeProviderInSameClassLoader(ForkedBooter.java:200)
	at org.apache.maven.surefire.booter.ForkedBooter.runSuitesInProcess(ForkedBooter.java:153)
	at org.apache.maven.surefire.booter.ForkedBooter.main(ForkedBooter.java:103)
</failure>
  </testcase>
  <testcase name="testFactoryMillisOfDay_long1456" classname="org.joda.time.TestLocalTime_Constructors" time="0.001"/>
  <testcase name="testFactory_FromCalendarFields_null458" classname="org.joda.time.TestLocalTime_Constructors" time="0.001"/>
  <testcase name="testFactory_FromMillisOfDay_long1455" classname="org.joda.time.TestLocalTime_Constructors" time="0.002">
    <failure message="expected:&lt;11&gt; but was:&lt;1&gt;" type="junit.framework.AssertionFailedError"><![CDATA[junit.framework.AssertionFailedError: expected:<11> but was:<1>
	at junit.framework.Assert.fail(Assert.java:47)
	at junit.framework.Assert.failNotEquals(Assert.java:280)
	at junit.framework.Assert.assertEquals(Assert.java:64)
	at junit.framework.Assert.assertEquals(Assert.java:198)
	at junit.framework.Assert.assertEquals(Assert.java:204)
	at org.joda.time.TestLocalTime_Constructors.__CLR4_4_1md5193ip9(TestLocalTime_Constructors.java:122)
	at org.joda.time.TestLocalTime_Constructors.testFactory_FromMillisOfDay_long1455(TestLocalTime_Constructors.java:119)
]]></failure>
  </testcase>
  <testcase name="testFactory_FromCalendarFields457" classname="org.joda.time.TestLocalTime_Constructors" time="0.001"/>
  <testcase name="testConstructor_DateTimeZone454" classname="org.joda.time.TestLocalTime_Constructors" time="0.002">
    <failure message="expected:&lt;2005&gt; but was:&lt;23&gt;" type="junit.framework.AssertionFailedError"><![CDATA[junit.framework.AssertionFailedError: expected:<2005> but was:<23>
	at junit.framework.Assert.fail(Assert.java:47)
	at junit.framework.Assert.failNotEquals(Assert.java:280)
	at junit.framework.Assert.assertEquals(Assert.java:64)
	at junit.framework.Assert.assertEquals(Assert.java:198)
	at junit.framework.Assert.assertEquals(Assert.java:204)
	at org.joda.time.TestLocalTime_Constructors.__CLR4_4_1wwrwh0iot(TestLocalTime_Constructors.java:107)
	at org.joda.time.TestLocalTime_Constructors.testConstructor_DateTimeZone454(TestLocalTime_Constructors.java:102)
]]></failure>
  </testcase>
  <testcase name="testConstructor_nullDateTimeZone460" classname="org.joda.time.TestLocalTime_Constructors" time="0.001"/>
  <testcase name="testConstructor_long_nullDateTimeZone462" classname="org.joda.time.TestLocalTime_Constructors" time="0.001">
    <failure message="expected:&lt;11&gt; but was:&lt;2&gt;" type="junit.framework.AssertionFailedError"><![CDATA[junit.framework.AssertionFailedError: expected:<11> but was:<2>
	at junit.framework.Assert.fail(Assert.java:47)
	at junit.framework.Assert.failNotEquals(Assert.java:280)
	at junit.framework.Assert.assertEquals(Assert.java:64)
	at junit.framework.Assert.assertEquals(Assert.java:198)
	at junit.framework.Assert.assertEquals(Assert.java:204)
	at org.joda.time.TestLocalTime_Constructors.__CLR4_4_1ih70zhiq3(TestLocalTime_Constructors.java:159)
	at org.joda.time.TestLocalTime_Constructors.testConstructor_long_nullDateTimeZone462(TestLocalTime_Constructors.java:156)
]]></failure>
  </testcase>
  <testcase name="testWithers474" classname="org.joda.time.TestLocalTime_Basics" time="0"/>
  <testcase name="testWithField_DateTimeFieldType_int_3469" classname="org.joda.time.TestLocalTime_Basics" time="0"/>
  <testcase name="testGetField_int464" classname="org.joda.time.TestLocalTime_Basics" time="0"/>
  <testcase name="testWithField_DateTimeFieldType_int_1470" classname="org.joda.time.TestLocalTime_Basics" time="0"/>
  <testcase name="testMinusHours_int473" classname="org.joda.time.TestLocalTime_Basics" time="0.002">
    <failure message="expected:&lt;02:02:03.004&gt; but was:&lt;00:02:03.004&gt;" type="junit.framework.AssertionFailedError"><![CDATA[junit.framework.AssertionFailedError: expected:<02:02:03.004> but was:<00:02:03.004>
	at junit.framework.Assert.fail(Assert.java:47)
	at junit.framework.Assert.failNotEquals(Assert.java:280)
	at junit.framework.Assert.assertEquals(Assert.java:64)
	at junit.framework.Assert.assertEquals(Assert.java:71)
	at org.joda.time.TestLocalTime_Basics.__CLR4_4_1rcfkomin6(TestLocalTime_Basics.java:145)
	at org.joda.time.TestLocalTime_Basics.testMinusHours_int473(TestLocalTime_Basics.java:141)
]]></failure>
  </testcase>
  <testcase name="testWithFieldAdded_DurationFieldType_int_3471" classname="org.joda.time.TestLocalTime_Basics" time="0"/>
  <testcase name="testPlusMillis_int472" classname="org.joda.time.TestLocalTime_Basics" time="0"/>
  <testcase name="testToDateTimeToday477" classname="org.joda.time.TestLocalTime_Basics" time="0.001"/>
  <testcase name="testProperty465" classname="org.joda.time.TestLocalTime_Properties" time="0.002"/>
  <testcase name="testPropertyCompareToSecond461" classname="org.joda.time.TestLocalTime_Properties" time="0.001"/>
  <testcase name="testPropertyWithMaximumValueHour478" classname="org.joda.time.TestLocalTime_Properties" time="0.001"/>
  <testcase name="testPropertyGetMinute475" classname="org.joda.time.TestLocalTime_Properties" time="0.001"/>
  <testcase name="testPropertySetTextSecond476" classname="org.joda.time.TestLocalTime_Properties" time="0"/>
  <testcase name="testPropertyWithMinimumValueHour479" classname="org.joda.time.TestLocalTime_Properties" time="0"/>
  <testcase name="warning" classname="junit.framework.TestSuite$1" time="0.001">
    <failure message="No tests found in org.joda.time.TestMutableInterval_Constructors" type="junit.framework.AssertionFailedError">junit.framework.AssertionFailedError: No tests found in org.joda.time.TestMutableInterval_Constructors
	at junit.framework.Assert.fail(Assert.java:47)
	at junit.framework.TestSuite$1.runTest(TestSuite.java:90)
	at junit.framework.TestCase.runBare(TestCase.java:130)
	at junit.framework.TestResult$1.protect(TestResult.java:106)
	at junit.framework.TestResult.runProtected(TestResult.java:124)
	at junit.framework.TestResult.run(TestResult.java:109)
	at junit.framework.TestCase.run(TestCase.java:120)
	at junit.framework.TestSuite.runTest(TestSuite.java:230)
	at junit.framework.TestSuite.run(TestSuite.java:225)
	at junit.framework.TestSuite.runTest(TestSuite.java:230)
	at junit.framework.TestSuite.run(TestSuite.java:225)
	at junit.framework.TestSuite.runTest(TestSuite.java:230)
	at junit.framework.TestSuite.run(TestSuite.java:225)
	at sun.reflect.NativeMethodAccessorImpl.invoke0(Native Method)
	at sun.reflect.NativeMethodAccessorImpl.invoke(NativeMethodAccessorImpl.java:62)
	at sun.reflect.DelegatingMethodAccessorImpl.invoke(DelegatingMethodAccessorImpl.java:43)
	at java.lang.reflect.Method.invoke(Method.java:498)
	at org.apache.maven.surefire.junit.JUnitTestSet.execute(JUnitTestSet.java:95)
	at org.apache.maven.surefire.junit.JUnit3Provider.executeTestSet(JUnit3Provider.java:131)
	at org.apache.maven.surefire.junit.JUnit3Provider.invoke(JUnit3Provider.java:108)
	at org.apache.maven.surefire.booter.ForkedBooter.invokeProviderInSameClassLoader(ForkedBooter.java:200)
	at org.apache.maven.surefire.booter.ForkedBooter.runSuitesInProcess(ForkedBooter.java:153)
	at org.apache.maven.surefire.booter.ForkedBooter.main(ForkedBooter.java:103)
</failure>
  </testcase>
  <testcase name="testToInterval1579" classname="org.joda.time.TestMutableInterval_Basics" time="0.001">
    <failure message="expected not same" type="junit.framework.AssertionFailedError">junit.framework.AssertionFailedError: expected not same
	at junit.framework.Assert.fail(Assert.java:47)
	at junit.framework.Assert.failSame(Assert.java:269)
	at junit.framework.Assert.assertNotSame(Assert.java:255)
	at junit.framework.Assert.assertNotSame(Assert.java:262)
	at org.joda.time.TestMutableInterval_Basics.__CLR4_4_1xza3hdj7l(TestMutableInterval_Basics.java:112)
	at org.joda.time.TestMutableInterval_Basics.testToInterval1579(TestMutableInterval_Basics.java:108)
</failure>
  </testcase>
  <testcase name="testSetInterval_RI_RI3707" classname="org.joda.time.TestMutableInterval_Updates" time="0.001"/>
  <testcase name="testSetPeriodBeforeEnd_RI3708" classname="org.joda.time.TestMutableInterval_Updates" time="0"/>
  <testcase name="testConstructor_long_Chronology416" classname="org.joda.time.TestPeriod_Constructors" time="0.002">
    <failure message="expected:&lt;0&gt; but was:&lt;4&gt;" type="junit.framework.AssertionFailedError"><![CDATA[junit.framework.AssertionFailedError: expected:<0> but was:<4>
	at junit.framework.Assert.fail(Assert.java:47)
	at junit.framework.Assert.failNotEquals(Assert.java:280)
	at junit.framework.Assert.assertEquals(Assert.java:64)
	at junit.framework.Assert.assertEquals(Assert.java:198)
	at junit.framework.Assert.assertEquals(Assert.java:204)
	at org.joda.time.TestPeriod_Constructors.__CLR4_4_1qxypycjvg(TestPeriod_Constructors.java:95)
	at org.joda.time.TestPeriod_Constructors.testConstructor_long_Chronology416(TestPeriod_Constructors.java:88)
]]></failure>
  </testcase>
  <testcase name="testConstructor_long_Chronology217" classname="org.joda.time.TestPeriod_Constructors" time="0.002">
    <failure message="expected:&lt;0&gt; but was:&lt;4&gt;" type="junit.framework.AssertionFailedError"><![CDATA[junit.framework.AssertionFailedError: expected:<0> but was:<4>
	at junit.framework.Assert.fail(Assert.java:47)
	at junit.framework.Assert.failNotEquals(Assert.java:280)
	at junit.framework.Assert.assertEquals(Assert.java:64)
	at junit.framework.Assert.assertEquals(Assert.java:198)
	at junit.framework.Assert.assertEquals(Assert.java:204)
	at org.joda.time.TestPeriod_Constructors.__CLR4_4_1jf9dfpjvs(TestPeriod_Constructors.java:108)
	at org.joda.time.TestPeriod_Constructors.testConstructor_long_Chronology217(TestPeriod_Constructors.java:101)
]]></failure>
  </testcase>
  <testcase name="testConstructor_long_long_PeriodType119" classname="org.joda.time.TestPeriod_Constructors" time="0.004"/>
  <testcase name="testConstructor_RP_RP_PeriodType6337" classname="org.joda.time.TestPeriod_Constructors" time="0.001"/>
  <testcase name="testConstructor_long_long118" classname="org.joda.time.TestPeriod_Constructors" time="0.002"/>
  <testcase name="testAddDays338" classname="org.joda.time.TestPeriod_Basics" time="0"/>
  <testcase name="testWithPeriodType121" classname="org.joda.time.TestPeriod_Basics" time="0.001"/>
  <testcase name="testConstructor_long_PeriodType_Chronology4320" classname="org.joda.time.TestPeriod_Basics" time="0.001"/>
  <testcase name="testWithFields122" classname="org.joda.time.TestPeriod_Basics" time="0.001"/>
  <testcase name="testWithFieldAdded123" classname="org.joda.time.TestPeriod_Basics" time="0"/>
  <testcase name="testToStandardDays_years26" classname="org.joda.time.TestPeriod_Basics" time="0.001"/>
  <testcase name="testToString_PeriodFormatter589" classname="org.joda.time.TestPeriod_Basics" time="0.005"/>
  <testcase name="testSerialization616" classname="org.joda.time.TestPeriod_Basics" time="0.002"/>
  <testcase name="testFactory_days_int618" classname="org.joda.time.TestPeriod_Basics" time="0.001"/>
  <testcase name="testPlusFields25" classname="org.joda.time.TestPeriod_Basics" time="0.001"/>
  <testcase name="testWithFieldAdded424" classname="org.joda.time.TestPeriod_Basics" time="0.001"/>
  <testcase name="testConstructor_RI_RI_PeriodType1594" classname="org.joda.time.TestMutablePeriod_Constructors" time="0.002">
    <failure message="expected:&lt;1&gt; but was:&lt;0&gt;" type="junit.framework.AssertionFailedError"><![CDATA[junit.framework.AssertionFailedError: expected:<1> but was:<0>
	at junit.framework.Assert.fail(Assert.java:47)
	at junit.framework.Assert.failNotEquals(Assert.java:280)
	at junit.framework.Assert.assertEquals(Assert.java:64)
	at junit.framework.Assert.assertEquals(Assert.java:198)
	at junit.framework.Assert.assertEquals(Assert.java:204)
	at org.joda.time.TestMutablePeriod_Constructors.__CLR4_4_14zioawjc0(TestMutablePeriod_Constructors.java:107)
	at org.joda.time.TestMutablePeriod_Constructors.testConstructor_RI_RI_PeriodType1594(TestMutablePeriod_Constructors.java:101)
]]></failure>
  </testcase>
  <testcase name="testConstructor_RI_RD2595" classname="org.joda.time.TestMutablePeriod_Constructors" time="0.001"/>
  <testcase name="testToPeriod596" classname="org.joda.time.TestMutablePeriod_Constructors" time="0"/>
  <testcase name="testToMutablePeriod597" classname="org.joda.time.TestMutablePeriod_Constructors" time="0"/>
  <testcase name="warning" classname="junit.framework.TestSuite$1" time="0.001">
    <failure message="No tests found in org.joda.time.TestMutablePeriod_Basics" type="junit.framework.AssertionFailedError">junit.framework.AssertionFailedError: No tests found in org.joda.time.TestMutablePeriod_Basics
	at junit.framework.Assert.fail(Assert.java:47)
	at junit.framework.TestSuite$1.runTest(TestSuite.java:90)
	at junit.framework.TestCase.runBare(TestCase.java:130)
	at junit.framework.TestResult$1.protect(TestResult.java:106)
	at junit.framework.TestResult.runProtected(TestResult.java:124)
	at junit.framework.TestResult.run(TestResult.java:109)
	at junit.framework.TestCase.run(TestCase.java:120)
	at junit.framework.TestSuite.runTest(TestSuite.java:230)
	at junit.framework.TestSuite.run(TestSuite.java:225)
	at junit.framework.TestSuite.runTest(TestSuite.java:230)
	at junit.framework.TestSuite.run(TestSuite.java:225)
	at junit.framework.TestSuite.runTest(TestSuite.java:230)
	at junit.framework.TestSuite.run(TestSuite.java:225)
	at sun.reflect.NativeMethodAccessorImpl.invoke0(Native Method)
	at sun.reflect.NativeMethodAccessorImpl.invoke(NativeMethodAccessorImpl.java:62)
	at sun.reflect.DelegatingMethodAccessorImpl.invoke(DelegatingMethodAccessorImpl.java:43)
	at java.lang.reflect.Method.invoke(Method.java:498)
	at org.apache.maven.surefire.junit.JUnitTestSet.execute(JUnitTestSet.java:95)
	at org.apache.maven.surefire.junit.JUnit3Provider.executeTestSet(JUnit3Provider.java:131)
	at org.apache.maven.surefire.junit.JUnit3Provider.invoke(JUnit3Provider.java:108)
	at org.apache.maven.surefire.booter.ForkedBooter.invokeProviderInSameClassLoader(ForkedBooter.java:200)
	at org.apache.maven.surefire.booter.ForkedBooter.runSuitesInProcess(ForkedBooter.java:153)
	at org.apache.maven.surefire.booter.ForkedBooter.main(ForkedBooter.java:103)
</failure>
  </testcase>
  <testcase name="testSetPeriod_8ints2590" classname="org.joda.time.TestMutablePeriod_Updates" time="0"/>
  <testcase name="testSetPeriod_long2591" classname="org.joda.time.TestMutablePeriod_Updates" time="0.001"/>
  <testcase name="testSetPeriod_8ints2593" classname="org.joda.time.TestMutablePeriod_Updates" time="0.001">
    <failure type="junit.framework.AssertionFailedError">junit.framework.AssertionFailedError
	at junit.framework.Assert.fail(Assert.java:47)
	at junit.framework.Assert.fail(Assert.java:53)
	at org.joda.time.TestMutablePeriod_Updates.__CLR4_4_1k0uaiajgl(TestMutablePeriod_Updates.java:226)
	at org.joda.time.TestMutablePeriod_Updates.testSetPeriod_8ints2593(TestMutablePeriod_Updates.java:222)
</failure>
  </testcase>
  <testcase name="testSetPeriod_RI_RI3599" classname="org.joda.time.TestMutablePeriod_Updates" time="0.001"/>
  <testcase name="testSetPeriod_RInterval1600" classname="org.joda.time.TestMutablePeriod_Updates" time="0.001"/>
  <testcase name="testAdd_RInterval1602" classname="org.joda.time.TestMutablePeriod_Updates" time="0.002">
    <failure message="expected:&lt;1&gt; but was:&lt;2&gt;" type="junit.framework.AssertionFailedError"><![CDATA[junit.framework.AssertionFailedError: expected:<1> but was:<2>
	at junit.framework.Assert.fail(Assert.java:47)
	at junit.framework.Assert.failNotEquals(Assert.java:280)
	at junit.framework.Assert.assertEquals(Assert.java:64)
	at junit.framework.Assert.assertEquals(Assert.java:198)
	at junit.framework.Assert.assertEquals(Assert.java:204)
	at org.joda.time.TestMutablePeriod_Updates.__CLR4_4_1iupcwljie(TestMutablePeriod_Updates.java:303)
	at org.joda.time.TestMutablePeriod_Updates.testAdd_RInterval1602(TestMutablePeriod_Updates.java:298)
]]></failure>
  </testcase>
  <testcase name="testAddMillis608" classname="org.joda.time.TestMutablePeriod_Updates" time="0.001">
    <failure message="expected:&lt;11&gt; but was:&lt;1&gt;" type="junit.framework.AssertionFailedError"><![CDATA[junit.framework.AssertionFailedError: expected:<11> but was:<1>
	at junit.framework.Assert.fail(Assert.java:47)
	at junit.framework.Assert.failNotEquals(Assert.java:280)
	at junit.framework.Assert.assertEquals(Assert.java:64)
	at junit.framework.Assert.assertEquals(Assert.java:198)
	at junit.framework.Assert.assertEquals(Assert.java:204)
	at org.joda.time.TestMutablePeriod_Updates.__CLR4_4_1xycjrkjjw(TestMutablePeriod_Updates.java:360)
	at org.joda.time.TestMutablePeriod_Updates.testAddMillis608(TestMutablePeriod_Updates.java:357)
]]></failure>
  </testcase>
  <testcase name="testAddWeeks607" classname="org.joda.time.TestMutablePeriod_Updates" time="0.001">
    <failure message="expected:&lt;11&gt; but was:&lt;13&gt;" type="junit.framework.AssertionFailedError"><![CDATA[junit.framework.AssertionFailedError: expected:<11> but was:<13>
	at junit.framework.Assert.fail(Assert.java:47)
	at junit.framework.Assert.failNotEquals(Assert.java:280)
	at junit.framework.Assert.assertEquals(Assert.java:64)
	at junit.framework.Assert.assertEquals(Assert.java:198)
	at junit.framework.Assert.assertEquals(Assert.java:204)
	at org.joda.time.TestMutablePeriod_Updates.__CLR4_4_1fq9h3ojjm(TestMutablePeriod_Updates.java:349)
	at org.joda.time.TestMutablePeriod_Updates.testAddWeeks607(TestMutablePeriod_Updates.java:346)
]]></failure>
  </testcase>
  <testcase name="testSet598" classname="org.joda.time.TestMutablePeriod_Updates" time="0.003">
    <failure message="expected:&lt;0&gt; but was:&lt;1&gt;" type="junit.framework.AssertionFailedError"><![CDATA[junit.framework.AssertionFailedError: expected:<0> but was:<1>
	at junit.framework.Assert.fail(Assert.java:47)
	at junit.framework.Assert.failNotEquals(Assert.java:280)
	at junit.framework.Assert.assertEquals(Assert.java:64)
	at junit.framework.Assert.assertEquals(Assert.java:198)
	at junit.framework.Assert.assertEquals(Assert.java:204)
	at org.joda.time.TestMutablePeriod_Updates.__CLR4_4_1z4bnfvjgy(TestMutablePeriod_Updates.java:245)
	at org.joda.time.TestMutablePeriod_Updates.testSet598(TestMutablePeriod_Updates.java:238)
]]></failure>
  </testcase>
  <testcase name="testAdd_RD3603" classname="org.joda.time.TestMutablePeriod_Updates" time="0"/>
  <testcase name="testAddWeeks606" classname="org.joda.time.TestMutablePeriod_Updates" time="0.001">
    <failure message="expected:&lt;14&gt; but was:&lt;13&gt;" type="junit.framework.AssertionFailedError"><![CDATA[junit.framework.AssertionFailedError: expected:<14> but was:<13>
	at junit.framework.Assert.fail(Assert.java:47)
	at junit.framework.Assert.failNotEquals(Assert.java:280)
	at junit.framework.Assert.assertEquals(Assert.java:64)
	at junit.framework.Assert.assertEquals(Assert.java:198)
	at junit.framework.Assert.assertEquals(Assert.java:204)
	at org.joda.time.TestMutablePeriod_Updates.__CLR4_4_1ch9ib7jjc(TestMutablePeriod_Updates.java:338)
	at org.joda.time.TestMutablePeriod_Updates.testAddWeeks606(TestMutablePeriod_Updates.java:335)
]]></failure>
  </testcase>
  <testcase name="testAdd_RP3340" classname="org.joda.time.TestMutablePeriod_Updates" time="0.001">
    <failure message="expected:&lt;1&gt; but was:&lt;2&gt;" type="junit.framework.AssertionFailedError"><![CDATA[junit.framework.AssertionFailedError: expected:<1> but was:<2>
	at junit.framework.Assert.fail(Assert.java:47)
	at junit.framework.Assert.failNotEquals(Assert.java:280)
	at junit.framework.Assert.assertEquals(Assert.java:64)
	at junit.framework.Assert.assertEquals(Assert.java:198)
	at junit.framework.Assert.assertEquals(Assert.java:204)
	at org.joda.time.TestMutablePeriod_Updates.__CLR4_4_1dxe94hje4(TestMutablePeriod_Updates.java:126)
	at org.joda.time.TestMutablePeriod_Updates.testAdd_RP3340(TestMutablePeriod_Updates.java:123)
]]></failure>
  </testcase>
  <testcase name="testAddMonths605" classname="org.joda.time.TestMutablePeriod_Updates" time="0.001">
    <failure message="expected:&lt;11&gt; but was:&lt;12&gt;" type="junit.framework.AssertionFailedError"><![CDATA[junit.framework.AssertionFailedError: expected:<11> but was:<12>
	at junit.framework.Assert.fail(Assert.java:47)
	at junit.framework.Assert.failNotEquals(Assert.java:280)
	at junit.framework.Assert.assertEquals(Assert.java:64)
	at junit.framework.Assert.assertEquals(Assert.java:198)
	at junit.framework.Assert.assertEquals(Assert.java:204)
	at org.joda.time.TestMutablePeriod_Updates.__CLR4_4_1droag0jj2(TestMutablePeriod_Updates.java:327)
	at org.joda.time.TestMutablePeriod_Updates.testAddMonths605(TestMutablePeriod_Updates.java:324)
]]></failure>
  </testcase>
  <testcase name="testAdd_RP4342" classname="org.joda.time.TestMutablePeriod_Updates" time="0.001">
    <error message="Period does not support field &apos;weeks&apos;" type="java.lang.IllegalArgumentException">java.lang.IllegalArgumentException: Period does not support field 'weeks'
	at org.joda.time.base.BasePeriod.addPeriodInto(BasePeriod.java:585)
	at org.joda.time.base.BasePeriod.addPeriod(BasePeriod.java:565)
	at org.joda.time.MutablePeriod.add(MutablePeriod.java:637)
	at org.joda.time.TestMutablePeriod_Updates.__CLR4_4_1pa2twyjeq(TestMutablePeriod_Updates.java:149)
	at org.joda.time.TestMutablePeriod_Updates.testAdd_RP4342(TestMutablePeriod_Updates.java:147)
</error>
  </testcase>
  <testcase name="testSetMethods343" classname="org.joda.time.TestMutablePeriod_Updates" time="0"/>
  <testcase name="testAdd_RP4341" classname="org.joda.time.TestMutablePeriod_Updates" time="0.001">
    <error message="Period does not support field &apos;weeks&apos;" type="java.lang.IllegalArgumentException">java.lang.IllegalArgumentException: Period does not support field 'weeks'
	at org.joda.time.base.BasePeriod.addPeriodInto(BasePeriod.java:585)
	at org.joda.time.base.BasePeriod.addPeriod(BasePeriod.java:565)
	at org.joda.time.MutablePeriod.add(MutablePeriod.java:637)
	at org.joda.time.TestMutablePeriod_Updates.__CLR4_4_1m12v4hjef(TestMutablePeriod_Updates.java:137)
	at org.joda.time.TestMutablePeriod_Updates.testAdd_RP4341(TestMutablePeriod_Updates.java:135)
</error>
  </testcase>
  <testcase name="testAdd_RP2601" classname="org.joda.time.TestMutablePeriod_Updates" time="0.001"/>
  <testcase name="testSetHours592" classname="org.joda.time.TestMutablePeriod_Updates" time="0"/>
  <testcase name="testPropertyRemainderHourOfDay95" classname="org.joda.time.TestMutablePeriod_Updates" time="0.001"/>
  <testcase name="testGetValues586" classname="org.joda.time.TestMutablePeriod_Updates" time="0.001">
    <failure message="expected:&lt;2&gt; but was:&lt;8&gt;" type="junit.framework.AssertionFailedError"><![CDATA[junit.framework.AssertionFailedError: expected:<2> but was:<8>
	at junit.framework.Assert.fail(Assert.java:47)
	at junit.framework.Assert.failNotEquals(Assert.java:280)
	at junit.framework.Assert.assertEquals(Assert.java:64)
	at junit.framework.Assert.assertEquals(Assert.java:198)
	at junit.framework.Assert.assertEquals(Assert.java:204)
	at org.joda.time.TestMutablePeriod_Updates.__CLR4_4_1ix3jrgjfe(TestMutablePeriod_Updates.java:176)
	at org.joda.time.TestMutablePeriod_Updates.testGetValues586(TestMutablePeriod_Updates.java:173)
]]></failure>
  </testcase>
  <testcase name="testToPeriod_PeriodType_Chronology20" classname="org.joda.time.TestMutablePeriod_Updates" time="0.001">
    <failure message="expected:&lt;P64W2DT5H6M7.008S&gt; but was:&lt;P64W2DT5H6M7S&gt;" type="junit.framework.AssertionFailedError"><![CDATA[junit.framework.AssertionFailedError: expected:<P64W2DT5H6M7.008S> but was:<P64W2DT5H6M7S>
	at junit.framework.Assert.fail(Assert.java:47)
	at junit.framework.Assert.failNotEquals(Assert.java:280)
	at junit.framework.Assert.assertEquals(Assert.java:64)
	at junit.framework.Assert.assertEquals(Assert.java:71)
	at org.joda.time.TestMutablePeriod_Updates.__CLR4_4_1ha69zkjdk(TestMutablePeriod_Updates.java:104)
	at org.joda.time.TestMutablePeriod_Updates.testToPeriod_PeriodType_Chronology20(TestMutablePeriod_Updates.java:100)
]]></failure>
  </testcase>
  <testcase name="testAdd_RP3339" classname="org.joda.time.TestMutablePeriod_Updates" time="0.002">
    <failure message="expected:&lt;14&gt; but was:&lt;2&gt;" type="junit.framework.AssertionFailedError"><![CDATA[junit.framework.AssertionFailedError: expected:<14> but was:<2>
	at junit.framework.Assert.fail(Assert.java:47)
	at junit.framework.Assert.failNotEquals(Assert.java:280)
	at junit.framework.Assert.assertEquals(Assert.java:64)
	at junit.framework.Assert.assertEquals(Assert.java:198)
	at junit.framework.Assert.assertEquals(Assert.java:204)
	at org.joda.time.TestMutablePeriod_Updates.__CLR4_4_1dgj1p7jdt(TestMutablePeriod_Updates.java:114)
	at org.joda.time.TestMutablePeriod_Updates.testAdd_RP3339(TestMutablePeriod_Updates.java:111)
]]></failure>
  </testcase>
  <testcase name="testGetValue195" classname="org.joda.time.TestBaseSingleFieldPeriod" time="0.002">
    <error message="1" type="java.lang.IndexOutOfBoundsException">java.lang.IndexOutOfBoundsException: 1
	at org.joda.time.base.BaseSingleFieldPeriod.getValue(BaseSingleFieldPeriod.java:234)
	at org.joda.time.TestBaseSingleFieldPeriod.__CLR4_4_19b8qmfgtu(TestBaseSingleFieldPeriod.java:55)
	at org.joda.time.TestBaseSingleFieldPeriod.testGetValue195(TestBaseSingleFieldPeriod.java:52)
</error>
  </testcase>
  <testcase name="testFactory_yearsBetween_RInstant282" classname="org.joda.time.TestYears" time="0.004"/>
  <testcase name="testFactory_parseYears_String281" classname="org.joda.time.TestYears" time="0.001">
    <error message="Period does not support field &apos;months&apos;" type="java.lang.IllegalArgumentException">java.lang.IllegalArgumentException: Period does not support field 'months'
	at org.joda.time.base.BasePeriod.setFieldInto(BasePeriod.java:489)
	at org.joda.time.base.BasePeriod.setField(BasePeriod.java:474)
	at org.joda.time.MutablePeriod.setMonths(MutablePeriod.java:843)
	at org.joda.time.format.PeriodFormatterBuilder$FieldFormatter.setFieldValue(PeriodFormatterBuilder.java:1511)
	at org.joda.time.format.PeriodFormatterBuilder$FieldFormatter.parseInto(PeriodFormatterBuilder.java:1308)
	at org.joda.time.format.PeriodFormatterBuilder$Composite.parseInto(PeriodFormatterBuilder.java:1837)
	at org.joda.time.format.PeriodFormatterBuilder$Separator.parseInto(PeriodFormatterBuilder.java:1709)
	at org.joda.time.format.PeriodFormatter.parseMutablePeriod(PeriodFormatter.java:318)
	at org.joda.time.format.PeriodFormatter.parsePeriod(PeriodFormatter.java:304)
	at org.joda.time.Years.parseYears(Years.java:162)
	at org.joda.time.TestYears.__CLR4_4_1q5uar0kgk(TestYears.java:58)
	at org.joda.time.TestYears.testFactory_parseYears_String281(TestYears.java:55)
</error>
  </testcase>
  <testcase name="testFactory_parseYears_String283" classname="org.joda.time.TestYears" time="0.002">
    <error message="Period does not support field &apos;months&apos;" type="java.lang.IllegalArgumentException">java.lang.IllegalArgumentException: Period does not support field 'months'
	at org.joda.time.base.BasePeriod.setFieldInto(BasePeriod.java:489)
	at org.joda.time.base.BasePeriod.setField(BasePeriod.java:474)
	at org.joda.time.MutablePeriod.setMonths(MutablePeriod.java:843)
	at org.joda.time.format.PeriodFormatterBuilder$FieldFormatter.setFieldValue(PeriodFormatterBuilder.java:1511)
	at org.joda.time.format.PeriodFormatterBuilder$FieldFormatter.parseInto(PeriodFormatterBuilder.java:1308)
	at org.joda.time.format.PeriodFormatterBuilder$Composite.parseInto(PeriodFormatterBuilder.java:1837)
	at org.joda.time.format.PeriodFormatterBuilder$Separator.parseInto(PeriodFormatterBuilder.java:1709)
	at org.joda.time.format.PeriodFormatter.parseMutablePeriod(PeriodFormatter.java:318)
	at org.joda.time.format.PeriodFormatter.parsePeriod(PeriodFormatter.java:304)
	at org.joda.time.Years.parseYears(Years.java:162)
	at org.joda.time.TestYears.__CLR4_4_1wnu8bykh6(TestYears.java:86)
	at org.joda.time.TestYears.testFactory_parseYears_String283(TestYears.java:83)
</error>
  </testcase>
  <testcase name="testMultipliedBy_int284" classname="org.joda.time.TestYears" time="0"/>
  <testcase name="testFactory_parseMonths_String112" classname="org.joda.time.TestMonths" time="0.003"/>
  <testcase name="testFactory_months_int111" classname="org.joda.time.TestMonths" time="0"/>
  <testcase name="testFactory_monthsBetween_RPartial_YearMonth113" classname="org.joda.time.TestMonths" time="0.002"/>
  <testcase name="testToStandardSeconds217" classname="org.joda.time.TestWeeks" time="0.002">
    <failure message="expected:&lt;PT20160S&gt; but was:&lt;PT1209600S&gt;" type="junit.framework.AssertionFailedError"><![CDATA[junit.framework.AssertionFailedError: expected:<PT20160S> but was:<PT1209600S>
	at junit.framework.Assert.fail(Assert.java:47)
	at junit.framework.Assert.failNotEquals(Assert.java:280)
	at junit.framework.Assert.assertEquals(Assert.java:64)
	at junit.framework.Assert.assertEquals(Assert.java:71)
	at org.joda.time.TestWeeks.__CLR4_4_1g5c4cqk82(TestWeeks.java:68)
	at org.joda.time.TestWeeks.testToStandardSeconds217(TestWeeks.java:65)
]]></failure>
  </testcase>
  <testcase name="testToStandardMinutes207" classname="org.joda.time.TestWeeks" time="0.002">
    <failure type="junit.framework.AssertionFailedError">junit.framework.AssertionFailedError
	at junit.framework.Assert.fail(Assert.java:47)
	at junit.framework.Assert.fail(Assert.java:53)
	at org.joda.time.TestWeeks.__CLR4_4_1d0o68lk7v(TestWeeks.java:61)
	at org.joda.time.TestWeeks.testToStandardMinutes207(TestWeeks.java:55)
</failure>
  </testcase>
  <testcase name="testToStandardDuration218" classname="org.joda.time.TestWeeks" time="0.001"/>
  <testcase name="testMultipliedBy_int219" classname="org.joda.time.TestWeeks" time="0.001"/>
  <testcase name="testPlus_Days617" classname="org.joda.time.TestDays" time="0"/>
  <testcase name="testToString625" classname="org.joda.time.TestDays" time="0.001"/>
  <testcase name="testFactory_daysBetween_RPartial620" classname="org.joda.time.TestDays" time="0.002"/>
  <testcase name="testFactory_daysBetween_RPartial619" classname="org.joda.time.TestDays" time="0"/>
  <testcase name="testGetMethods615" classname="org.joda.time.TestDays" time="0"/>
  <testcase name="testToStandardSeconds622" classname="org.joda.time.TestDays" time="0.002">
    <failure message="expected:&lt;PT2880S&gt; but was:&lt;PT172800S&gt;" type="junit.framework.AssertionFailedError"><![CDATA[junit.framework.AssertionFailedError: expected:<PT2880S> but was:<PT172800S>
	at junit.framework.Assert.fail(Assert.java:47)
	at junit.framework.Assert.failNotEquals(Assert.java:280)
	at junit.framework.Assert.assertEquals(Assert.java:64)
	at junit.framework.Assert.assertEquals(Assert.java:71)
	at org.joda.time.TestDays.__CLR4_4_1l2sfhkhpu(TestDays.java:108)
	at org.joda.time.TestDays.testToStandardSeconds622(TestDays.java:105)
]]></failure>
  </testcase>
  <testcase name="testMinus_Days623" classname="org.joda.time.TestDays" time="0"/>
  <testcase name="testDividedBy_int624" classname="org.joda.time.TestDays" time="0.001"/>
  <testcase name="testToStandardDays621" classname="org.joda.time.TestDays" time="0.001"/>
  <testcase name="testToStandardHours507" classname="org.joda.time.TestHours" time="0"/>
  <testcase name="testToString588" classname="org.joda.time.TestHours" time="0.002">
    <failure message="expected:&lt;[1 year, 2 months, 3 weeks, 4 days, 5 hours, 6 minutes, 7 seconds and 8 milliseconds]&gt; but was:&lt;[P1Y4DT5H6M7.008S]&gt;" type="junit.framework.ComparisonFailure"><![CDATA[junit.framework.ComparisonFailure: expected:<[1 year, 2 months, 3 weeks, 4 days, 5 hours, 6 minutes, 7 seconds and 8 milliseconds]> but was:<[P1Y4DT5H6M7.008S]>
	at junit.framework.Assert.assertEquals(Assert.java:81)
	at junit.framework.Assert.assertEquals(Assert.java:87)
	at org.joda.time.TestHours.__CLR4_4_1en3qm6hy0(TestHours.java:113)
	at org.joda.time.TestHours.testToString588(TestHours.java:111)
]]></failure>
  </testcase>
  <testcase name="testDividedBy_int510" classname="org.joda.time.TestHours" time="0.001"/>
  <testcase name="testToStandardWeeks508" classname="org.joda.time.TestHours" time="0.002">
    <failure message="expected:&lt;P2W&gt; but was:&lt;P0W&gt;" type="junit.framework.AssertionFailedError"><![CDATA[junit.framework.AssertionFailedError: expected:<P2W> but was:<P0W>
	at junit.framework.Assert.fail(Assert.java:47)
	at junit.framework.Assert.failNotEquals(Assert.java:280)
	at junit.framework.Assert.assertEquals(Assert.java:64)
	at junit.framework.Assert.assertEquals(Assert.java:71)
	at org.joda.time.TestHours.__CLR4_4_1fbef01hxd(TestHours.java:84)
	at org.joda.time.TestHours.testToStandardWeeks508(TestHours.java:81)
]]></failure>
  </testcase>
  <testcase name="testToStandardSeconds509" classname="org.joda.time.TestHours" time="0.002">
    <failure message="expected:&lt;PT180S&gt; but was:&lt;PT10800S&gt;" type="junit.framework.AssertionFailedError"><![CDATA[junit.framework.AssertionFailedError: expected:<PT180S> but was:<PT10800S>
	at junit.framework.Assert.fail(Assert.java:47)
	at junit.framework.Assert.failNotEquals(Assert.java:280)
	at junit.framework.Assert.assertEquals(Assert.java:64)
	at junit.framework.Assert.assertEquals(Assert.java:71)
	at org.joda.time.TestHours.__CLR4_4_1dh2x74hxh(TestHours.java:89)
	at org.joda.time.TestHours.testToStandardSeconds509(TestHours.java:86)
]]></failure>
  </testcase>
  <testcase name="testFactory_standardHoursIn_RPeriod506" classname="org.joda.time.TestHours" time="0.003">
    <failure message="expected:&lt;1&gt; but was:&lt;0&gt;" type="junit.framework.AssertionFailedError"><![CDATA[junit.framework.AssertionFailedError: expected:<1> but was:<0>
	at junit.framework.Assert.fail(Assert.java:47)
	at junit.framework.Assert.failNotEquals(Assert.java:280)
	at junit.framework.Assert.assertEquals(Assert.java:64)
	at junit.framework.Assert.assertEquals(Assert.java:198)
	at junit.framework.Assert.assertEquals(Assert.java:204)
	at org.joda.time.TestHours.__CLR4_4_1w1zhqahwt(TestHours.java:58)
	at org.joda.time.TestHours.testFactory_standardHoursIn_RPeriod506(TestHours.java:55)
]]></failure>
  </testcase>
  <testcase name="testFactory_minutesIn_RInterval430" classname="org.joda.time.TestMinutes" time="0"/>
  <testcase name="testToStandardDuration432" classname="org.joda.time.TestMinutes" time="0"/>
  <testcase name="testDividedBy_int433" classname="org.joda.time.TestMinutes" time="0"/>
  <testcase name="testNegated434" classname="org.joda.time.TestMinutes" time="0.001"/>
  <testcase name="testFactory_minutesBetween_RPartial431" classname="org.joda.time.TestMinutes" time="0.001"/>
  <testcase name="testToStandardMinutes319" classname="org.joda.time.TestMinutes" time="0"/>
  <testcase name="testPlus_int202" classname="org.joda.time.TestSeconds" time="0.001"/>
  <testcase name="testMinus_int208" classname="org.joda.time.TestSeconds" time="0.001"/>
  <testcase name="testFactory_seconds_int203" classname="org.joda.time.TestSeconds" time="0"/>
  <testcase name="testFactory_secondsIn_RInterval205" classname="org.joda.time.TestSeconds" time="0.002">
    <failure message="expected:&lt;3&gt; but was:&lt;259200&gt;" type="junit.framework.AssertionFailedError"><![CDATA[junit.framework.AssertionFailedError: expected:<3> but was:<259200>
	at junit.framework.Assert.fail(Assert.java:47)
	at junit.framework.Assert.failNotEquals(Assert.java:280)
	at junit.framework.Assert.assertEquals(Assert.java:64)
	at junit.framework.Assert.assertEquals(Assert.java:198)
	at junit.framework.Assert.assertEquals(Assert.java:204)
	at org.joda.time.TestSeconds.__CLR4_4_14tovw7jy3(TestSeconds.java:97)
	at org.joda.time.TestSeconds.testFactory_secondsIn_RInterval205(TestSeconds.java:92)
]]></failure>
  </testcase>
  <testcase name="testToStandardMinutes201" classname="org.joda.time.TestSeconds" time="0"/>
  <testcase name="testFactory_secondsBetween_RInstant204" classname="org.joda.time.TestSeconds" time="0.002">
    <failure message="expected:&lt;3&gt; but was:&lt;259200&gt;" type="junit.framework.AssertionFailedError"><![CDATA[junit.framework.AssertionFailedError: expected:<3> but was:<259200>
	at junit.framework.Assert.fail(Assert.java:47)
	at junit.framework.Assert.failNotEquals(Assert.java:280)
	at junit.framework.Assert.assertEquals(Assert.java:64)
	at junit.framework.Assert.assertEquals(Assert.java:198)
	at junit.framework.Assert.assertEquals(Assert.java:204)
	at org.joda.time.TestSeconds.__CLR4_4_1gkh22pjxu(TestSeconds.java:86)
	at org.joda.time.TestSeconds.testFactory_secondsBetween_RInstant204(TestSeconds.java:82)
]]></failure>
  </testcase>
  <testcase name="testFactory_standardSecondsIn_RPeriod206" classname="org.joda.time.TestSeconds" time="0.001">
    <failure message="expected:&lt;1&gt; but was:&lt;60&gt;" type="junit.framework.AssertionFailedError"><![CDATA[junit.framework.AssertionFailedError: expected:<1> but was:<60>
	at junit.framework.Assert.fail(Assert.java:47)
	at junit.framework.Assert.failNotEquals(Assert.java:280)
	at junit.framework.Assert.assertEquals(Assert.java:64)
	at junit.framework.Assert.assertEquals(Assert.java:198)
	at junit.framework.Assert.assertEquals(Assert.java:204)
	at org.joda.time.TestSeconds.__CLR4_4_1y462fpjyc(TestSeconds.java:105)
	at org.joda.time.TestSeconds.testFactory_standardSecondsIn_RPeriod206(TestSeconds.java:102)
]]></failure>
  </testcase>
  <testcase name="testPlus_RP564" classname="org.joda.time.TestTimeOfDay_Basics" time="0.001"/>
  <testcase name="testPropertyGetHourOfDay245" classname="org.joda.time.TestTimeOfDay_Basics" time="0.001"/>
  <testcase name="testPropertyGetMinuteOfHour247" classname="org.joda.time.TestTimeOfDay_Basics" time="0.001"/>
  <testcase name="testPropertyGetMillisOfSecond249" classname="org.joda.time.TestTimeOfDay_Basics" time="0.001"/>
  <testcase name="testPropertyAddMonthOfYear251" classname="org.joda.time.TestTimeOfDay_Basics" time="0.002"/>
  <testcase name="testWithField4563" classname="org.joda.time.TestTimeOfDay_Basics" time="0.001"/>
  <testcase name="testToDateTimeToday_nullZone568" classname="org.joda.time.TestTimeOfDay_Basics" time="0"/>
  <testcase name="testPropertyAddHour129" classname="org.joda.time.TestTimeOfDay_Basics" time="0.002"/>
  <testcase name="testIsContiguous_RP1" classname="org.joda.time.TestTimeOfDay_Basics" time="0.001"/>
  <testcase name="testWithChronologyRetainFields_sameChrono562" classname="org.joda.time.TestTimeOfDay_Basics" time="0"/>
  <testcase name="testMinusMillis_int130" classname="org.joda.time.TestTimeOfDay_Basics" time="0.002"/>
  <testcase name="testPropertyWithMinimumValueMillisOfDayDSTGap255" classname="org.joda.time.TestTimeOfDay_Basics" time="0"/>
  <testcase name="testFactory_FromCalendarFields555" classname="org.joda.time.TestTimeOfDay_Constructors" time="0"/>
  <testcase name="testFactory_FromCalendarFields_null556" classname="org.joda.time.TestTimeOfDay_Constructors" time="0.001"/>
  <testcase name="testFactory_FromCalendarFields557" classname="org.joda.time.TestTimeOfDay_Constructors" time="0"/>
  <testcase name="testConstructor_DateTimeZone558" classname="org.joda.time.TestTimeOfDay_Constructors" time="0.002">
    <failure message="expected:&lt;11&gt; but was:&lt;23&gt;" type="junit.framework.AssertionFailedError"><![CDATA[junit.framework.AssertionFailedError: expected:<11> but was:<23>
	at junit.framework.Assert.fail(Assert.java:47)
	at junit.framework.Assert.failNotEquals(Assert.java:280)
	at junit.framework.Assert.assertEquals(Assert.java:64)
	at junit.framework.Assert.assertEquals(Assert.java:198)
	at junit.framework.Assert.assertEquals(Assert.java:204)
	at org.joda.time.TestTimeOfDay_Constructors.__CLR4_4_1m1mq67k6h(TestTimeOfDay_Constructors.java:123)
	at org.joda.time.TestTimeOfDay_Constructors.testConstructor_DateTimeZone558(TestTimeOfDay_Constructors.java:118)
]]></failure>
  </testcase>
  <testcase name="testConstructor_Object_Chronology559" classname="org.joda.time.TestTimeOfDay_Constructors" time="0.002">
    <failure message="expected:&lt;6&gt; but was:&lt;2&gt;" type="junit.framework.AssertionFailedError"><![CDATA[junit.framework.AssertionFailedError: expected:<6> but was:<2>
	at junit.framework.Assert.fail(Assert.java:47)
	at junit.framework.Assert.failNotEquals(Assert.java:280)
	at junit.framework.Assert.assertEquals(Assert.java:64)
	at junit.framework.Assert.assertEquals(Assert.java:198)
	at junit.framework.Assert.assertEquals(Assert.java:204)
	at org.joda.time.TestTimeOfDay_Constructors.__CLR4_4_1s3d2ovk6w(TestTimeOfDay_Constructors.java:138)
	at org.joda.time.TestTimeOfDay_Constructors.testConstructor_Object_Chronology559(TestTimeOfDay_Constructors.java:134)
]]></failure>
  </testcase>
  <testcase name="warning" classname="junit.framework.TestSuite$1" time="0">
    <failure message="No tests found in org.joda.time.TestTimeOfDay_Properties" type="junit.framework.AssertionFailedError">junit.framework.AssertionFailedError: No tests found in org.joda.time.TestTimeOfDay_Properties
	at junit.framework.Assert.fail(Assert.java:47)
	at junit.framework.TestSuite$1.runTest(TestSuite.java:90)
	at junit.framework.TestCase.runBare(TestCase.java:130)
	at junit.framework.TestResult$1.protect(TestResult.java:106)
	at junit.framework.TestResult.runProtected(TestResult.java:124)
	at junit.framework.TestResult.run(TestResult.java:109)
	at junit.framework.TestCase.run(TestCase.java:120)
	at junit.framework.TestSuite.runTest(TestSuite.java:230)
	at junit.framework.TestSuite.run(TestSuite.java:225)
	at junit.framework.TestSuite.runTest(TestSuite.java:230)
	at junit.framework.TestSuite.run(TestSuite.java:225)
	at junit.framework.TestSuite.runTest(TestSuite.java:230)
	at junit.framework.TestSuite.run(TestSuite.java:225)
	at sun.reflect.NativeMethodAccessorImpl.invoke0(Native Method)
	at sun.reflect.NativeMethodAccessorImpl.invoke(NativeMethodAccessorImpl.java:62)
	at sun.reflect.DelegatingMethodAccessorImpl.invoke(DelegatingMethodAccessorImpl.java:43)
	at java.lang.reflect.Method.invoke(Method.java:498)
	at org.apache.maven.surefire.junit.JUnitTestSet.execute(JUnitTestSet.java:95)
	at org.apache.maven.surefire.junit.JUnit3Provider.executeTestSet(JUnit3Provider.java:131)
	at org.apache.maven.surefire.junit.JUnit3Provider.invoke(JUnit3Provider.java:108)
	at org.apache.maven.surefire.booter.ForkedBooter.invokeProviderInSameClassLoader(ForkedBooter.java:200)
	at org.apache.maven.surefire.booter.ForkedBooter.runSuitesInProcess(ForkedBooter.java:153)
	at org.apache.maven.surefire.booter.ForkedBooter.main(ForkedBooter.java:103)
</failure>
  </testcase>
  <testcase name="testWithField48" classname="org.joda.time.TestYearMonthDay_Basics" time="0.001"/>
  <testcase name="testPropertySetMonth7" classname="org.joda.time.TestYearMonthDay_Basics" time="0.001"/>
  <testcase name="testPlusDays_int9" classname="org.joda.time.TestYearMonthDay_Basics" time="0"/>
  <testcase name="testToDateTimeAtMidnight10" classname="org.joda.time.TestYearMonthDay_Basics" time="0.001"/>
  <testcase name="warning" classname="junit.framework.TestSuite$1" time="0">
    <failure message="No tests found in org.joda.time.TestYearMonthDay_Constructors" type="junit.framework.AssertionFailedError">junit.framework.AssertionFailedError: No tests found in org.joda.time.TestYearMonthDay_Constructors
	at junit.framework.Assert.fail(Assert.java:47)
	at junit.framework.TestSuite$1.runTest(TestSuite.java:90)
	at junit.framework.TestCase.runBare(TestCase.java:130)
	at junit.framework.TestResult$1.protect(TestResult.java:106)
	at junit.framework.TestResult.runProtected(TestResult.java:124)
	at junit.framework.TestResult.run(TestResult.java:109)
	at junit.framework.TestCase.run(TestCase.java:120)
	at junit.framework.TestSuite.runTest(TestSuite.java:230)
	at junit.framework.TestSuite.run(TestSuite.java:225)
	at junit.framework.TestSuite.runTest(TestSuite.java:230)
	at junit.framework.TestSuite.run(TestSuite.java:225)
	at junit.framework.TestSuite.runTest(TestSuite.java:230)
	at junit.framework.TestSuite.run(TestSuite.java:225)
	at sun.reflect.NativeMethodAccessorImpl.invoke0(Native Method)
	at sun.reflect.NativeMethodAccessorImpl.invoke(NativeMethodAccessorImpl.java:62)
	at sun.reflect.DelegatingMethodAccessorImpl.invoke(DelegatingMethodAccessorImpl.java:43)
	at java.lang.reflect.Method.invoke(Method.java:498)
	at org.apache.maven.surefire.junit.JUnitTestSet.execute(JUnitTestSet.java:95)
	at org.apache.maven.surefire.junit.JUnit3Provider.executeTestSet(JUnit3Provider.java:131)
	at org.apache.maven.surefire.junit.JUnit3Provider.invoke(JUnit3Provider.java:108)
	at org.apache.maven.surefire.booter.ForkedBooter.invokeProviderInSameClassLoader(ForkedBooter.java:200)
	at org.apache.maven.surefire.booter.ForkedBooter.runSuitesInProcess(ForkedBooter.java:153)
	at org.apache.maven.surefire.booter.ForkedBooter.main(ForkedBooter.java:103)
</failure>
  </testcase>
  <testcase name="testPropertySetTextDay12" classname="org.joda.time.TestYearMonthDay_Properties" time="0.001"/>
  <testcase name="testPropertyGetYear13" classname="org.joda.time.TestYearMonthDay_Properties" time="0"/>
  <testcase name="testPropertyAddWrapFieldMonth15" classname="org.joda.time.TestYearMonthDay_Properties" time="0.001">
    <failure message="expected:&lt;30&gt; but was:&lt;9&gt;" type="junit.framework.AssertionFailedError"><![CDATA[junit.framework.AssertionFailedError: expected:<30> but was:<9>
	at junit.framework.Assert.fail(Assert.java:47)
	at junit.framework.Assert.failNotEquals(Assert.java:280)
	at junit.framework.Assert.assertEquals(Assert.java:64)
	at junit.framework.Assert.assertEquals(Assert.java:198)
	at junit.framework.Assert.assertEquals(Assert.java:204)
	at org.joda.time.TestYearMonthDay_Properties.check(TestYearMonthDay_Properties.java:212)
	at org.joda.time.TestYearMonthDay_Properties.__CLR4_4_1lmaqkrkcg(TestYearMonthDay_Properties.java:144)
	at org.joda.time.TestYearMonthDay_Properties.testPropertyAddWrapFieldMonth15(TestYearMonthDay_Properties.java:140)
]]></failure>
  </testcase>
  <testcase name="testPropertyAddWrapFieldDay14" classname="org.joda.time.TestYearMonthDay_Properties" time="0.001">
    <failure message="expected:&lt;1981&gt; but was:&lt;1972&gt;" type="junit.framework.AssertionFailedError"><![CDATA[junit.framework.AssertionFailedError: expected:<1981> but was:<1972>
	at junit.framework.Assert.fail(Assert.java:47)
	at junit.framework.Assert.failNotEquals(Assert.java:280)
	at junit.framework.Assert.assertEquals(Assert.java:64)
	at junit.framework.Assert.assertEquals(Assert.java:198)
	at junit.framework.Assert.assertEquals(Assert.java:204)
	at org.joda.time.TestYearMonthDay_Properties.check(TestYearMonthDay_Properties.java:210)
	at org.joda.time.TestYearMonthDay_Properties.__CLR4_4_1vx1a9ckbv(TestYearMonthDay_Properties.java:118)
	at org.joda.time.TestYearMonthDay_Properties.testPropertyAddWrapFieldDay14(TestYearMonthDay_Properties.java:114)
]]></failure>
  </testcase>
  <testcase name="testPropertySetCopyTextDay11" classname="org.joda.time.TestYearMonthDay_Properties" time="0"/>
  <testcase name="warning" classname="junit.framework.TestSuite$1" time="0.001">
    <failure message="No tests found in org.joda.time.TestYearMonth_Basics" type="junit.framework.AssertionFailedError">junit.framework.AssertionFailedError: No tests found in org.joda.time.TestYearMonth_Basics
	at junit.framework.Assert.fail(Assert.java:47)
	at junit.framework.TestSuite$1.runTest(TestSuite.java:90)
	at junit.framework.TestCase.runBare(TestCase.java:130)
	at junit.framework.TestResult$1.protect(TestResult.java:106)
	at junit.framework.TestResult.runProtected(TestResult.java:124)
	at junit.framework.TestResult.run(TestResult.java:109)
	at junit.framework.TestCase.run(TestCase.java:120)
	at junit.framework.TestSuite.runTest(TestSuite.java:230)
	at junit.framework.TestSuite.run(TestSuite.java:225)
	at junit.framework.TestSuite.runTest(TestSuite.java:230)
	at junit.framework.TestSuite.run(TestSuite.java:225)
	at junit.framework.TestSuite.runTest(TestSuite.java:230)
	at junit.framework.TestSuite.run(TestSuite.java:225)
	at sun.reflect.NativeMethodAccessorImpl.invoke0(Native Method)
	at sun.reflect.NativeMethodAccessorImpl.invoke(NativeMethodAccessorImpl.java:62)
	at sun.reflect.DelegatingMethodAccessorImpl.invoke(DelegatingMethodAccessorImpl.java:43)
	at java.lang.reflect.Method.invoke(Method.java:498)
	at org.apache.maven.surefire.junit.JUnitTestSet.execute(JUnitTestSet.java:95)
	at org.apache.maven.surefire.junit.JUnit3Provider.executeTestSet(JUnit3Provider.java:131)
	at org.apache.maven.surefire.junit.JUnit3Provider.invoke(JUnit3Provider.java:108)
	at org.apache.maven.surefire.booter.ForkedBooter.invokeProviderInSameClassLoader(ForkedBooter.java:200)
	at org.apache.maven.surefire.booter.ForkedBooter.runSuitesInProcess(ForkedBooter.java:153)
	at org.apache.maven.surefire.booter.ForkedBooter.main(ForkedBooter.java:103)
</failure>
  </testcase>
  <testcase name="testFactory_FromCalendarFields119" classname="org.joda.time.TestYearMonth_Constructors" time="0"/>
  <testcase name="testConstructor120" classname="org.joda.time.TestYearMonth_Constructors" time="0.001"/>
  <testcase name="testConstructor_Object_Chronology121" classname="org.joda.time.TestYearMonth_Constructors" time="0.001"/>
  <testcase name="testParse_noFormatter545" classname="org.joda.time.TestYearMonth_Constructors" time="0.002">
    <failure message="expected:&lt;2010-06-30T12:30:00.000+02:00/2010-07-01T14:30:00.000+02:00&gt; but was:&lt;2010-06-30T12:30:00.000+01:00/2010-07-01T14:30:00.000+01:00&gt;" type="junit.framework.AssertionFailedError"><![CDATA[junit.framework.AssertionFailedError: expected:<2010-06-30T12:30:00.000+02:00/2010-07-01T14:30:00.000+02:00> but was:<2010-06-30T12:30:00.000+01:00/2010-07-01T14:30:00.000+01:00>
	at junit.framework.Assert.fail(Assert.java:47)
	at junit.framework.Assert.failNotEquals(Assert.java:280)
	at junit.framework.Assert.assertEquals(Assert.java:64)
	at junit.framework.Assert.assertEquals(Assert.java:71)
	at org.joda.time.TestYearMonth_Constructors.__CLR4_4_12sjbtaker(TestYearMonth_Constructors.java:124)
	at org.joda.time.TestYearMonth_Constructors.testParse_noFormatter545(TestYearMonth_Constructors.java:121)
]]></failure>
  </testcase>
  <testcase name="testConstructor_Chronology738" classname="org.joda.time.TestYearMonth_Constructors" time="0.001">
    <failure message="expected:&lt;GregorianChronology[Europe/London]&gt; but was:&lt;GregorianChronology[UTC]&gt;" type="junit.framework.AssertionFailedError"><![CDATA[junit.framework.AssertionFailedError: expected:<GregorianChronology[Europe/London]> but was:<GregorianChronology[UTC]>
	at junit.framework.Assert.fail(Assert.java:47)
	at junit.framework.Assert.failNotEquals(Assert.java:280)
	at junit.framework.Assert.assertEquals(Assert.java:64)
	at junit.framework.Assert.assertEquals(Assert.java:71)
	at org.joda.time.TestYearMonth_Constructors.__CLR4_4_1qeo5t8kex(TestYearMonth_Constructors.java:130)
	at org.joda.time.TestYearMonth_Constructors.testConstructor_Chronology738(TestYearMonth_Constructors.java:128)
]]></failure>
  </testcase>
  <testcase name="testConstructor117" classname="org.joda.time.TestYearMonth_Constructors" time="0"/>
  <testcase name="testConstructor_Chronology118" classname="org.joda.time.TestYearMonth_Constructors" time="0.001"/>
  <testcase name="testPropertyCompareToMonth124" classname="org.joda.time.TestYearMonth_Properties" time="0.001"/>
  <testcase name="testPropertyHashCode161" classname="org.joda.time.TestYearMonth_Properties" time="0.001">
    <failure message="expected:&lt;false&gt; but was:&lt;true&gt;" type="junit.framework.AssertionFailedError"><![CDATA[junit.framework.AssertionFailedError: expected:<false> but was:<true>
	at junit.framework.Assert.fail(Assert.java:47)
	at junit.framework.Assert.failNotEquals(Assert.java:280)
	at junit.framework.Assert.assertEquals(Assert.java:64)
	at junit.framework.Assert.assertEquals(Assert.java:146)
	at junit.framework.Assert.assertEquals(Assert.java:152)
	at org.joda.time.TestYearMonth_Properties.__CLR4_4_1ly5nldkg2(TestYearMonth_Properties.java:109)
	at org.joda.time.TestYearMonth_Properties.testPropertyHashCode161(TestYearMonth_Properties.java:105)
]]></failure>
  </testcase>
  <testcase name="testFormat_unknownString542" classname="org.joda.time.TestMonthDay_Basics" time="0.001"/>
  <testcase name="testPropertySetDayOfMonth637" classname="org.joda.time.TestMonthDay_Basics" time="0.003">
    <failure message="expected:&lt;4&gt; but was:&lt;14&gt;" type="junit.framework.AssertionFailedError"><![CDATA[junit.framework.AssertionFailedError: expected:<4> but was:<14>
	at junit.framework.Assert.fail(Assert.java:47)
	at junit.framework.Assert.failNotEquals(Assert.java:280)
	at junit.framework.Assert.assertEquals(Assert.java:64)
	at junit.framework.Assert.assertEquals(Assert.java:198)
	at junit.framework.Assert.assertEquals(Assert.java:204)
	at org.joda.time.TestMonthDay_Basics.check(TestMonthDay_Basics.java:329)
	at org.joda.time.TestMonthDay_Basics.__CLR4_4_1va6kzdivq(TestMonthDay_Basics.java:128)
	at org.joda.time.TestMonthDay_Basics.testPropertySetDayOfMonth637(TestMonthDay_Basics.java:120)
]]></failure>
  </testcase>
  <testcase name="testPropertySetMonthOfYear630" classname="org.joda.time.TestMonthDay_Basics" time="0"/>
  <testcase name="testPlusMonths_int631" classname="org.joda.time.TestMonthDay_Basics" time="0.001">
    <failure message="expected:&lt;--08-09&gt; but was:&lt;--07-05&gt;" type="junit.framework.AssertionFailedError"><![CDATA[junit.framework.AssertionFailedError: expected:<--08-09> but was:<--07-05>
	at junit.framework.Assert.fail(Assert.java:47)
	at junit.framework.Assert.failNotEquals(Assert.java:280)
	at junit.framework.Assert.assertEquals(Assert.java:64)
	at junit.framework.Assert.assertEquals(Assert.java:71)
	at org.joda.time.TestMonthDay_Basics.__CLR4_4_182knd8ivl(TestMonthDay_Basics.java:118)
	at org.joda.time.TestMonthDay_Basics.testPlusMonths_int631(TestMonthDay_Basics.java:114)
]]></failure>
  </testcase>
  <testcase name="testToString_String638" classname="org.joda.time.TestMonthDay_Basics" time="0.001"/>
  <testcase name="testPropertyGetDayOfMonth639" classname="org.joda.time.TestMonthDay_Basics" time="0.001"/>
  <testcase name="testConstructor_Chronology629" classname="org.joda.time.TestMonthDay_Constructors" time="0.001"/>
  <testcase name="testConstructor_Chronology627" classname="org.joda.time.TestMonthDay_Constructors" time="0.001">
    <failure message="expected:&lt;GregorianChronology[Europe/London]&gt; but was:&lt;GregorianChronology[UTC]&gt;" type="junit.framework.AssertionFailedError"><![CDATA[junit.framework.AssertionFailedError: expected:<GregorianChronology[Europe/London]> but was:<GregorianChronology[UTC]>
	at junit.framework.Assert.fail(Assert.java:47)
	at junit.framework.Assert.failNotEquals(Assert.java:280)
	at junit.framework.Assert.assertEquals(Assert.java:64)
	at junit.framework.Assert.assertEquals(Assert.java:71)
	at org.joda.time.TestMonthDay_Constructors.__CLR4_4_1dsfpozixf(TestMonthDay_Constructors.java:83)
	at org.joda.time.TestMonthDay_Constructors.testConstructor_Chronology627(TestMonthDay_Constructors.java:81)
]]></failure>
  </testcase>
  <testcase name="testConstructor_Chronology628" classname="org.joda.time.TestMonthDay_Constructors" time="0.001">
    <failure message="expected:&lt;4&gt; but was:&lt;6&gt;" type="junit.framework.AssertionFailedError"><![CDATA[junit.framework.AssertionFailedError: expected:<4> but was:<6>
	at junit.framework.Assert.fail(Assert.java:47)
	at junit.framework.Assert.failNotEquals(Assert.java:280)
	at junit.framework.Assert.assertEquals(Assert.java:64)
	at junit.framework.Assert.assertEquals(Assert.java:198)
	at junit.framework.Assert.assertEquals(Assert.java:204)
	at org.joda.time.TestMonthDay_Constructors.__CLR4_4_1h1fohgixl(TestMonthDay_Constructors.java:91)
	at org.joda.time.TestMonthDay_Constructors.testConstructor_Chronology628(TestMonthDay_Constructors.java:88)
]]></failure>
  </testcase>
  <testcase name="warning" classname="junit.framework.TestSuite$1" time="0.001">
    <failure message="No tests found in org.joda.time.TestMonthDay_Properties" type="junit.framework.AssertionFailedError">junit.framework.AssertionFailedError: No tests found in org.joda.time.TestMonthDay_Properties
	at junit.framework.Assert.fail(Assert.java:47)
	at junit.framework.TestSuite$1.runTest(TestSuite.java:90)
	at junit.framework.TestCase.runBare(TestCase.java:130)
	at junit.framework.TestResult$1.protect(TestResult.java:106)
	at junit.framework.TestResult.runProtected(TestResult.java:124)
	at junit.framework.TestResult.run(TestResult.java:109)
	at junit.framework.TestCase.run(TestCase.java:120)
	at junit.framework.TestSuite.runTest(TestSuite.java:230)
	at junit.framework.TestSuite.run(TestSuite.java:225)
	at junit.framework.TestSuite.runTest(TestSuite.java:230)
	at junit.framework.TestSuite.run(TestSuite.java:225)
	at junit.framework.TestSuite.runTest(TestSuite.java:230)
	at junit.framework.TestSuite.run(TestSuite.java:225)
	at sun.reflect.NativeMethodAccessorImpl.invoke0(Native Method)
	at sun.reflect.NativeMethodAccessorImpl.invoke(NativeMethodAccessorImpl.java:62)
	at sun.reflect.DelegatingMethodAccessorImpl.invoke(DelegatingMethodAccessorImpl.java:43)
	at java.lang.reflect.Method.invoke(Method.java:498)
	at org.apache.maven.surefire.junit.JUnitTestSet.execute(JUnitTestSet.java:95)
	at org.apache.maven.surefire.junit.JUnit3Provider.executeTestSet(JUnit3Provider.java:131)
	at org.apache.maven.surefire.junit.JUnit3Provider.invoke(JUnit3Provider.java:108)
	at org.apache.maven.surefire.booter.ForkedBooter.invokeProviderInSameClassLoader(ForkedBooter.java:200)
	at org.apache.maven.surefire.booter.ForkedBooter.runSuitesInProcess(ForkedBooter.java:153)
	at org.apache.maven.surefire.booter.ForkedBooter.main(ForkedBooter.java:103)
</failure>
  </testcase>
  <testcase name="testWith3f267" classname="org.joda.time.TestPartial_Basics" time="0"/>
  <testcase name="testGetFormatter3268" classname="org.joda.time.TestPartial_Basics" time="0.001"/>
  <testcase name="testWithFieldAdded4269" classname="org.joda.time.TestPartial_Basics" time="0"/>
  <testcase name="testWithFieldAddWrapped5270" classname="org.joda.time.TestPartial_Basics" time="0.001"/>
  <testcase name="testWithChronologyRetainFields_Chrono266" classname="org.joda.time.TestPartial_Basics" time="0.001"/>
  <testcase name="testWith1272" classname="org.joda.time.TestPartial_Basics" time="0"/>
  <testcase name="testConstructor263" classname="org.joda.time.TestPartial_Basics" time="0"/>
  <testcase name="testConstructor2262" classname="org.joda.time.TestPartial_Basics" time="0.001"/>
  <testcase name="testToString5273" classname="org.joda.time.TestPartial_Basics" time="0"/>
  <testcase name="testConstructor_TypeArray_intArray_Chrono167" classname="org.joda.time.TestPartial_Constructors" time="0"/>
  <testcase name="warning" classname="junit.framework.TestSuite$1" time="0.001">
    <failure message="No tests found in org.joda.time.TestPartial_Properties" type="junit.framework.AssertionFailedError">junit.framework.AssertionFailedError: No tests found in org.joda.time.TestPartial_Properties
	at junit.framework.Assert.fail(Assert.java:47)
	at junit.framework.TestSuite$1.runTest(TestSuite.java:90)
	at junit.framework.TestCase.runBare(TestCase.java:130)
	at junit.framework.TestResult$1.protect(TestResult.java:106)
	at junit.framework.TestResult.runProtected(TestResult.java:124)
	at junit.framework.TestResult.run(TestResult.java:109)
	at junit.framework.TestCase.run(TestCase.java:120)
	at junit.framework.TestSuite.runTest(TestSuite.java:230)
	at junit.framework.TestSuite.run(TestSuite.java:225)
	at junit.framework.TestSuite.runTest(TestSuite.java:230)
	at junit.framework.TestSuite.run(TestSuite.java:225)
	at junit.framework.TestSuite.runTest(TestSuite.java:230)
	at junit.framework.TestSuite.run(TestSuite.java:225)
	at sun.reflect.NativeMethodAccessorImpl.invoke0(Native Method)
	at sun.reflect.NativeMethodAccessorImpl.invoke(NativeMethodAccessorImpl.java:62)
	at sun.reflect.DelegatingMethodAccessorImpl.invoke(DelegatingMethodAccessorImpl.java:43)
	at java.lang.reflect.Method.invoke(Method.java:498)
	at org.apache.maven.surefire.junit.JUnitTestSet.execute(JUnitTestSet.java:95)
	at org.apache.maven.surefire.junit.JUnit3Provider.executeTestSet(JUnit3Provider.java:131)
	at org.apache.maven.surefire.junit.JUnit3Provider.invoke(JUnit3Provider.java:108)
	at org.apache.maven.surefire.booter.ForkedBooter.invokeProviderInSameClassLoader(ForkedBooter.java:200)
	at org.apache.maven.surefire.booter.ForkedBooter.runSuitesInProcess(ForkedBooter.java:153)
	at org.apache.maven.surefire.booter.ForkedBooter.main(ForkedBooter.java:103)
</failure>
  </testcase>
  <testcase name="testIsMatch_RI271" classname="org.joda.time.TestPartial_Match" time="0.001">
    <failure type="junit.framework.AssertionFailedError">junit.framework.AssertionFailedError
	at junit.framework.Assert.fail(Assert.java:47)
	at junit.framework.Assert.fail(Assert.java:53)
	at org.joda.time.TestPartial_Match.__CLR4_4_1784djujnw(TestPartial_Match.java:117)
	at org.joda.time.TestPartial_Match.testIsMatch_RI271(TestPartial_Match.java:95)
</failure>
  </testcase>
  <testcase name="warning" classname="junit.framework.TestSuite$1" time="0">
    <failure message="No tests found in org.joda.time.TestAbstractPartial" type="junit.framework.AssertionFailedError">junit.framework.AssertionFailedError: No tests found in org.joda.time.TestAbstractPartial
	at junit.framework.Assert.fail(Assert.java:47)
	at junit.framework.TestSuite$1.runTest(TestSuite.java:90)
	at junit.framework.TestCase.runBare(TestCase.java:130)
	at junit.framework.TestResult$1.protect(TestResult.java:106)
	at junit.framework.TestResult.runProtected(TestResult.java:124)
	at junit.framework.TestResult.run(TestResult.java:109)
	at junit.framework.TestCase.run(TestCase.java:120)
	at junit.framework.TestSuite.runTest(TestSuite.java:230)
	at junit.framework.TestSuite.run(TestSuite.java:225)
	at junit.framework.TestSuite.runTest(TestSuite.java:230)
	at junit.framework.TestSuite.run(TestSuite.java:225)
	at junit.framework.TestSuite.runTest(TestSuite.java:230)
	at junit.framework.TestSuite.run(TestSuite.java:225)
	at sun.reflect.NativeMethodAccessorImpl.invoke0(Native Method)
	at sun.reflect.NativeMethodAccessorImpl.invoke(NativeMethodAccessorImpl.java:62)
	at sun.reflect.DelegatingMethodAccessorImpl.invoke(DelegatingMethodAccessorImpl.java:43)
	at java.lang.reflect.Method.invoke(Method.java:498)
	at org.apache.maven.surefire.junit.JUnitTestSet.execute(JUnitTestSet.java:95)
	at org.apache.maven.surefire.junit.JUnit3Provider.executeTestSet(JUnit3Provider.java:131)
	at org.apache.maven.surefire.junit.JUnit3Provider.invoke(JUnit3Provider.java:108)
	at org.apache.maven.surefire.booter.ForkedBooter.invokeProviderInSameClassLoader(ForkedBooter.java:200)
	at org.apache.maven.surefire.booter.ForkedBooter.runSuitesInProcess(ForkedBooter.java:153)
	at org.apache.maven.surefire.booter.ForkedBooter.main(ForkedBooter.java:103)
</failure>
  </testcase>
  <testcase name="warning" classname="junit.framework.TestSuite$1" time="0.001">
    <failure message="No tests found in org.joda.time.TestBasePartial" type="junit.framework.AssertionFailedError">junit.framework.AssertionFailedError: No tests found in org.joda.time.TestBasePartial
	at junit.framework.Assert.fail(Assert.java:47)
	at junit.framework.TestSuite$1.runTest(TestSuite.java:90)
	at junit.framework.TestCase.runBare(TestCase.java:130)
	at junit.framework.TestResult$1.protect(TestResult.java:106)
	at junit.framework.TestResult.runProtected(TestResult.java:124)
	at junit.framework.TestResult.run(TestResult.java:109)
	at junit.framework.TestCase.run(TestCase.java:120)
	at junit.framework.TestSuite.runTest(TestSuite.java:230)
	at junit.framework.TestSuite.run(TestSuite.java:225)
	at junit.framework.TestSuite.runTest(TestSuite.java:230)
	at junit.framework.TestSuite.run(TestSuite.java:225)
	at junit.framework.TestSuite.runTest(TestSuite.java:230)
	at junit.framework.TestSuite.run(TestSuite.java:225)
	at sun.reflect.NativeMethodAccessorImpl.invoke0(Native Method)
	at sun.reflect.NativeMethodAccessorImpl.invoke(NativeMethodAccessorImpl.java:62)
	at sun.reflect.DelegatingMethodAccessorImpl.invoke(DelegatingMethodAccessorImpl.java:43)
	at java.lang.reflect.Method.invoke(Method.java:498)
	at org.apache.maven.surefire.junit.JUnitTestSet.execute(JUnitTestSet.java:95)
	at org.apache.maven.surefire.junit.JUnit3Provider.executeTestSet(JUnit3Provider.java:131)
	at org.apache.maven.surefire.junit.JUnit3Provider.invoke(JUnit3Provider.java:108)
	at org.apache.maven.surefire.booter.ForkedBooter.invokeProviderInSameClassLoader(ForkedBooter.java:200)
	at org.apache.maven.surefire.booter.ForkedBooter.runSuitesInProcess(ForkedBooter.java:153)
	at org.apache.maven.surefire.booter.ForkedBooter.main(ForkedBooter.java:103)
</failure>
  </testcase>
  <testcase name="testStaticGetDateOnlyInstance194" classname="org.joda.time.TestDateTimeComparator" time="0.002"/>
  <testcase name="testStaticGetLowerLimit192" classname="org.joda.time.TestDateTimeComparator" time="0"/>
  <testcase name="testEqualsHashCode193" classname="org.joda.time.TestDateTimeComparator" time="0"/>
  <testcase name="testStaticGetInstanceLowerUpper191" classname="org.joda.time.TestDateTimeComparator" time="0"/>
  <testcase name="warning" classname="junit.framework.TestSuite$1" time="0.001">
    <failure message="No tests found in org.joda.time.TestDateTimeConstants" type="junit.framework.AssertionFailedError">junit.framework.AssertionFailedError: No tests found in org.joda.time.TestDateTimeConstants
	at junit.framework.Assert.fail(Assert.java:47)
	at junit.framework.TestSuite$1.runTest(TestSuite.java:90)
	at junit.framework.TestCase.runBare(TestCase.java:130)
	at junit.framework.TestResult$1.protect(TestResult.java:106)
	at junit.framework.TestResult.runProtected(TestResult.java:124)
	at junit.framework.TestResult.run(TestResult.java:109)
	at junit.framework.TestCase.run(TestCase.java:120)
	at junit.framework.TestSuite.runTest(TestSuite.java:230)
	at junit.framework.TestSuite.run(TestSuite.java:225)
	at junit.framework.TestSuite.runTest(TestSuite.java:230)
	at junit.framework.TestSuite.run(TestSuite.java:225)
	at junit.framework.TestSuite.runTest(TestSuite.java:230)
	at junit.framework.TestSuite.run(TestSuite.java:225)
	at sun.reflect.NativeMethodAccessorImpl.invoke0(Native Method)
	at sun.reflect.NativeMethodAccessorImpl.invoke(NativeMethodAccessorImpl.java:62)
	at sun.reflect.DelegatingMethodAccessorImpl.invoke(DelegatingMethodAccessorImpl.java:43)
	at java.lang.reflect.Method.invoke(Method.java:498)
	at org.apache.maven.surefire.junit.JUnitTestSet.execute(JUnitTestSet.java:95)
	at org.apache.maven.surefire.junit.JUnit3Provider.executeTestSet(JUnit3Provider.java:131)
	at org.apache.maven.surefire.junit.JUnit3Provider.invoke(JUnit3Provider.java:108)
	at org.apache.maven.surefire.booter.ForkedBooter.invokeProviderInSameClassLoader(ForkedBooter.java:200)
	at org.apache.maven.surefire.booter.ForkedBooter.runSuitesInProcess(ForkedBooter.java:153)
	at org.apache.maven.surefire.booter.ForkedBooter.main(ForkedBooter.java:103)
</failure>
  </testcase>
  <testcase name="testMillisProvider_null323" classname="org.joda.time.TestDateTimeUtils" time="0"/>
  <testcase name="testConstructor_long_long_Chronology1322" classname="org.joda.time.TestDateTimeUtils" time="0.003">
    <failure message="expected:&lt;1&gt; but was:&lt;0&gt;" type="junit.framework.AssertionFailedError"><![CDATA[junit.framework.AssertionFailedError: expected:<1> but was:<0>
	at junit.framework.Assert.fail(Assert.java:47)
	at junit.framework.Assert.failNotEquals(Assert.java:280)
	at junit.framework.Assert.assertEquals(Assert.java:64)
	at junit.framework.Assert.assertEquals(Assert.java:198)
	at junit.framework.Assert.assertEquals(Assert.java:204)
	at org.joda.time.TestDateTimeUtils.__CLR4_4_13hp7p4hac(TestDateTimeUtils.java:144)
	at org.joda.time.TestDateTimeUtils.testConstructor_long_long_Chronology1322(TestDateTimeUtils.java:139)
]]></failure>
  </testcase>
  <testcase name="testPatchedNameKeysSydneyHistoric695" classname="org.joda.time.TestDateTimeZone" time="0.008"/>
  <testcase name="testNameProvider98" classname="org.joda.time.TestDateTimeZone" time="0.001"/>
  <testcase name="testGetShortNameProviderName694" classname="org.joda.time.TestDateTimeZone" time="0.001"/>
  <testcase name="testPropertyGetEra697" classname="org.joda.time.TestDateTimeZone" time="0.001"/>
  <testcase name="testForOffsetMillis_int328" classname="org.joda.time.TestDateTimeZoneCutover" time="0.001"/>
  <testcase name="test_DateTime_setHourForward_NewYork_Spring333" classname="org.joda.time.TestDateTimeZoneCutover" time="0.001"/>
  <testcase name="testForOffsetHours_int327" classname="org.joda.time.TestDateTimeZoneCutover" time="0"/>
  <testcase name="testPeriod332" classname="org.joda.time.TestDateTimeZoneCutover" time="0.001"/>
  <testcase name="testDays317" classname="org.joda.time.TestPeriodType" time="0.002">
    <failure message="expected:&lt;2&gt; but was:&lt;1&gt;" type="junit.framework.AssertionFailedError"><![CDATA[junit.framework.AssertionFailedError: expected:<2> but was:<1>
	at junit.framework.Assert.fail(Assert.java:47)
	at junit.framework.Assert.failNotEquals(Assert.java:280)
	at junit.framework.Assert.assertEquals(Assert.java:64)
	at junit.framework.Assert.assertEquals(Assert.java:198)
	at junit.framework.Assert.assertEquals(Assert.java:204)
	at org.joda.time.TestPeriodType.__CLR4_4_1aa630pjpo(TestPeriodType.java:104)
	at org.joda.time.TestPeriodType.testDays317(TestPeriodType.java:102)
]]></failure>
  </testcase>
  <testcase name="testMaskTwice2321" classname="org.joda.time.TestPeriodType" time="0"/>
  <testcase name="warning" classname="junit.framework.TestSuite$1" time="0.001">
    <failure message="No tests found in org.joda.time.TestDurationField" type="junit.framework.AssertionFailedError">junit.framework.AssertionFailedError: No tests found in org.joda.time.TestDurationField
	at junit.framework.Assert.fail(Assert.java:47)
	at junit.framework.TestSuite$1.runTest(TestSuite.java:90)
	at junit.framework.TestCase.runBare(TestCase.java:130)
	at junit.framework.TestResult$1.protect(TestResult.java:106)
	at junit.framework.TestResult.runProtected(TestResult.java:124)
	at junit.framework.TestResult.run(TestResult.java:109)
	at junit.framework.TestCase.run(TestCase.java:120)
	at junit.framework.TestSuite.runTest(TestSuite.java:230)
	at junit.framework.TestSuite.run(TestSuite.java:225)
	at junit.framework.TestSuite.runTest(TestSuite.java:230)
	at junit.framework.TestSuite.run(TestSuite.java:225)
	at junit.framework.TestSuite.runTest(TestSuite.java:230)
	at junit.framework.TestSuite.run(TestSuite.java:225)
	at sun.reflect.NativeMethodAccessorImpl.invoke0(Native Method)
	at sun.reflect.NativeMethodAccessorImpl.invoke(NativeMethodAccessorImpl.java:62)
	at sun.reflect.DelegatingMethodAccessorImpl.invoke(DelegatingMethodAccessorImpl.java:43)
	at java.lang.reflect.Method.invoke(Method.java:498)
	at org.apache.maven.surefire.junit.JUnitTestSet.execute(JUnitTestSet.java:95)
	at org.apache.maven.surefire.junit.JUnit3Provider.executeTestSet(JUnit3Provider.java:131)
	at org.apache.maven.surefire.junit.JUnit3Provider.invoke(JUnit3Provider.java:108)
	at org.apache.maven.surefire.booter.ForkedBooter.invokeProviderInSameClassLoader(ForkedBooter.java:200)
	at org.apache.maven.surefire.booter.ForkedBooter.runSuitesInProcess(ForkedBooter.java:153)
	at org.apache.maven.surefire.booter.ForkedBooter.main(ForkedBooter.java:103)
</failure>
  </testcase>
  <testcase name="testToString220" classname="org.joda.time.TestStringConvert" time="0"/>
  <testcase name="testSerializedDateTimeProperty252" classname="org.joda.time.TestSerialization" time="0.009"/>
  <testcase name="testSerializedDateTimeProperty253" classname="org.joda.time.TestSerialization" time="0.002"/>
  <testcase name="testSerializedLocalDateBuddhist645" classname="org.joda.time.TestSerialization" time="0.01">
    <failure message="expected:&lt;2545-06-09T00:00:00.000&gt; but was:&lt;2545-06-09&gt;" type="junit.framework.AssertionFailedError"><![CDATA[junit.framework.AssertionFailedError: expected:<2545-06-09T00:00:00.000> but was:<2545-06-09>
	at junit.framework.Assert.fail(Assert.java:47)
	at junit.framework.Assert.failNotEquals(Assert.java:280)
	at junit.framework.Assert.assertEquals(Assert.java:64)
	at junit.framework.Assert.assertEquals(Assert.java:71)
	at org.joda.time.TestSerialization.loadAndCompare(TestSerialization.java:200)
	at org.joda.time.TestSerialization.__CLR4_4_1d8115yjzs(TestSerialization.java:134)
	at org.joda.time.TestSerialization.testSerializedLocalDateBuddhist645(TestSerialization.java:132)
]]></failure>
  </testcase>
  <testcase name="warning" classname="junit.framework.TestSuite$1" time="0">
    <failure message="No tests found in org.joda.time.TestIllegalFieldValueException" type="junit.framework.AssertionFailedError">junit.framework.AssertionFailedError: No tests found in org.joda.time.TestIllegalFieldValueException
	at junit.framework.Assert.fail(Assert.java:47)
	at junit.framework.TestSuite$1.runTest(TestSuite.java:90)
	at junit.framework.TestCase.runBare(TestCase.java:130)
	at junit.framework.TestResult$1.protect(TestResult.java:106)
	at junit.framework.TestResult.runProtected(TestResult.java:124)
	at junit.framework.TestResult.run(TestResult.java:109)
	at junit.framework.TestCase.run(TestCase.java:120)
	at junit.framework.TestSuite.runTest(TestSuite.java:230)
	at junit.framework.TestSuite.run(TestSuite.java:225)
	at junit.framework.TestSuite.runTest(TestSuite.java:230)
	at junit.framework.TestSuite.run(TestSuite.java:225)
	at junit.framework.TestSuite.runTest(TestSuite.java:230)
	at junit.framework.TestSuite.run(TestSuite.java:225)
	at sun.reflect.NativeMethodAccessorImpl.invoke0(Native Method)
	at sun.reflect.NativeMethodAccessorImpl.invoke(NativeMethodAccessorImpl.java:62)
	at sun.reflect.DelegatingMethodAccessorImpl.invoke(DelegatingMethodAccessorImpl.java:43)
	at java.lang.reflect.Method.invoke(Method.java:498)
	at org.apache.maven.surefire.junit.JUnitTestSet.execute(JUnitTestSet.java:95)
	at org.apache.maven.surefire.junit.JUnit3Provider.executeTestSet(JUnit3Provider.java:131)
	at org.apache.maven.surefire.junit.JUnit3Provider.invoke(JUnit3Provider.java:108)
	at org.apache.maven.surefire.booter.ForkedBooter.invokeProviderInSameClassLoader(ForkedBooter.java:200)
	at org.apache.maven.surefire.booter.ForkedBooter.runSuitesInProcess(ForkedBooter.java:153)
	at org.apache.maven.surefire.booter.ForkedBooter.main(ForkedBooter.java:103)
</failure>
  </testcase>
  <testcase name="testWithZone157" classname="org.joda.time.chrono.TestBuddhistChronology" time="0.001"/>
  <testcase name="testFactory_Zone155" classname="org.joda.time.chrono.TestBuddhistChronology" time="0"/>
  <testcase name="testDurationFields109" classname="org.joda.time.chrono.TestCopticChronology" time="0.001"/>
  <testcase name="testEra110" classname="org.joda.time.chrono.TestCopticChronology" time="0"/>
  <testcase name="warning" classname="junit.framework.TestSuite$1" time="0">
    <failure message="No tests found in org.joda.time.chrono.TestEthiopicChronology" type="junit.framework.AssertionFailedError">junit.framework.AssertionFailedError: No tests found in org.joda.time.chrono.TestEthiopicChronology
	at junit.framework.Assert.fail(Assert.java:47)
	at junit.framework.TestSuite$1.runTest(TestSuite.java:90)
	at junit.framework.TestCase.runBare(TestCase.java:130)
	at junit.framework.TestResult$1.protect(TestResult.java:106)
	at junit.framework.TestResult.runProtected(TestResult.java:124)
	at junit.framework.TestResult.run(TestResult.java:109)
	at junit.framework.TestCase.run(TestCase.java:120)
	at junit.framework.TestSuite.runTest(TestSuite.java:230)
	at junit.framework.TestSuite.run(TestSuite.java:225)
	at junit.framework.TestSuite.runTest(TestSuite.java:230)
	at junit.framework.TestSuite.run(TestSuite.java:225)
	at junit.framework.TestSuite.runTest(TestSuite.java:230)
	at junit.framework.TestSuite.run(TestSuite.java:225)
	at sun.reflect.NativeMethodAccessorImpl.invoke0(Native Method)
	at sun.reflect.NativeMethodAccessorImpl.invoke(NativeMethodAccessorImpl.java:62)
	at sun.reflect.DelegatingMethodAccessorImpl.invoke(DelegatingMethodAccessorImpl.java:43)
	at java.lang.reflect.Method.invoke(Method.java:498)
	at org.apache.maven.surefire.junit.JUnitTestSet.execute(JUnitTestSet.java:95)
	at org.apache.maven.surefire.junit.JUnit3Provider.executeTestSet(JUnit3Provider.java:131)
	at org.apache.maven.surefire.junit.JUnit3Provider.invoke(JUnit3Provider.java:108)
	at org.apache.maven.surefire.booter.ForkedBooter.invokeProviderInSameClassLoader(ForkedBooter.java:200)
	at org.apache.maven.surefire.booter.ForkedBooter.runSuitesInProcess(ForkedBooter.java:153)
	at org.apache.maven.surefire.booter.ForkedBooter.main(ForkedBooter.java:103)
</failure>
  </testcase>
  <testcase name="testLeapYearRulesConstruction32" classname="org.joda.time.chrono.TestGJChronology" time="0"/>
  <testcase name="testPlusHours_int565" classname="org.joda.time.chrono.TestGJChronology" time="0.001"/>
  <testcase name="testSubtractDays31" classname="org.joda.time.chrono.TestGJChronology" time="0.002"/>
  <testcase name="testPlusMinutes_int566" classname="org.joda.time.chrono.TestGJChronology" time="0.001"/>
  <testcase name="testMinusHours_int567" classname="org.joda.time.chrono.TestGJChronology" time="0.002">
    <failure message="expected:&lt;T01:02:03.004&gt; but was:&lt;T00:02:03.004&gt;" type="junit.framework.AssertionFailedError"><![CDATA[junit.framework.AssertionFailedError: expected:<T01:02:03.004> but was:<T00:02:03.004>
	at junit.framework.Assert.fail(Assert.java:47)
	at junit.framework.Assert.failNotEquals(Assert.java:280)
	at junit.framework.Assert.assertEquals(Assert.java:64)
	at junit.framework.Assert.assertEquals(Assert.java:71)
	at org.joda.time.chrono.TestGJChronology.__CLR4_4_18hpufwkn4(TestGJChronology.java:137)
	at org.joda.time.chrono.TestGJChronology.testMinusHours_int567(TestGJChronology.java:133)
]]></failure>
  </testcase>
  <testcase name="testMaximumValue36" classname="org.joda.time.chrono.TestGJChronology" time="0.563"/>
  <testcase name="testToString334" classname="org.joda.time.chrono.TestGregorianChronology" time="0.007"/>
  <testcase name="testToString335" classname="org.joda.time.chrono.TestGregorianChronology" time="0.002">
    <failure message="expected:&lt;...ope/Paris], NoLimit,[mdfw=2]]&gt; but was:&lt;...ope/Paris], NoLimit,[ NoLimit]]&gt;" type="junit.framework.ComparisonFailure">junit.framework.ComparisonFailure: expected:&lt;...ope/Paris], NoLimit,[mdfw=2]]&gt; but was:&lt;...ope/Paris], NoLimit,[ NoLimit]]&gt;	at junit.framework.Assert.assertEquals(Assert.java:81)	at junit.framework.Assert.assertEquals(Assert.java:87)	at org.joda.time.chrono.TestGregorianChronology.__CLR4_4_12mqt7ikp1(TestGregorianChronology.java:117)	at org.joda.time.chrono.TestGregorianChronology.testToString335(TestGregorianChronology.java:104)</failure>
  </testcase>
  <testcase name="testEquality435" classname="org.joda.time.chrono.TestGregorianChronology" time="0.001"/>
  <testcase name="testFactory_Zone_int436" classname="org.joda.time.chrono.TestGregorianChronology" time="0.001"/>
  <testcase name="testWithZone437" classname="org.joda.time.chrono.TestGregorianChronology" time="0.001"/>
  <testcase name="testFactoryUTC29" classname="org.joda.time.chrono.TestIslamicChronology" time="0"/>
  <testcase name="testFactory27" classname="org.joda.time.chrono.TestIslamicChronology" time="0.001"/>
  <testcase name="testWithZone30" classname="org.joda.time.chrono.TestIslamicChronology" time="0.001"/>
  <testcase name="testSampleDateWithZone28" classname="org.joda.time.chrono.TestIslamicChronology" time="0.002"/>
  <testcase name="warning" classname="junit.framework.TestSuite$1" time="0">
    <failure message="No tests found in org.joda.time.chrono.TestJulianChronology" type="junit.framework.AssertionFailedError">junit.framework.AssertionFailedError: No tests found in org.joda.time.chrono.TestJulianChronology
	at junit.framework.Assert.fail(Assert.java:47)
	at junit.framework.TestSuite$1.runTest(TestSuite.java:90)
	at junit.framework.TestCase.runBare(TestCase.java:130)
	at junit.framework.TestResult$1.protect(TestResult.java:106)
	at junit.framework.TestResult.runProtected(TestResult.java:124)
	at junit.framework.TestResult.run(TestResult.java:109)
	at junit.framework.TestCase.run(TestCase.java:120)
	at junit.framework.TestSuite.runTest(TestSuite.java:230)
	at junit.framework.TestSuite.run(TestSuite.java:225)
	at junit.framework.TestSuite.runTest(TestSuite.java:230)
	at junit.framework.TestSuite.run(TestSuite.java:225)
	at junit.framework.TestSuite.runTest(TestSuite.java:230)
	at junit.framework.TestSuite.run(TestSuite.java:225)
	at sun.reflect.NativeMethodAccessorImpl.invoke0(Native Method)
	at sun.reflect.NativeMethodAccessorImpl.invoke(NativeMethodAccessorImpl.java:62)
	at sun.reflect.DelegatingMethodAccessorImpl.invoke(DelegatingMethodAccessorImpl.java:43)
	at java.lang.reflect.Method.invoke(Method.java:498)
	at org.apache.maven.surefire.junit.JUnitTestSet.execute(JUnitTestSet.java:95)
	at org.apache.maven.surefire.junit.JUnit3Provider.executeTestSet(JUnit3Provider.java:131)
	at org.apache.maven.surefire.junit.JUnit3Provider.invoke(JUnit3Provider.java:108)
	at org.apache.maven.surefire.booter.ForkedBooter.invokeProviderInSameClassLoader(ForkedBooter.java:200)
	at org.apache.maven.surefire.booter.ForkedBooter.runSuitesInProcess(ForkedBooter.java:153)
	at org.apache.maven.surefire.booter.ForkedBooter.main(ForkedBooter.java:103)
</failure>
  </testcase>
  <testcase name="testCutoverAddYears106" classname="org.joda.time.chrono.TestISOChronology" time="0.008"/>
  <testcase name="testFactory_Zone104" classname="org.joda.time.chrono.TestISOChronology" time="0"/>
  <testcase name="warning" classname="junit.framework.TestSuite$1" time="0.001">
    <failure message="No tests found in org.joda.time.chrono.TestLenientChronology" type="junit.framework.AssertionFailedError">junit.framework.AssertionFailedError: No tests found in org.joda.time.chrono.TestLenientChronology
	at junit.framework.Assert.fail(Assert.java:47)
	at junit.framework.TestSuite$1.runTest(TestSuite.java:90)
	at junit.framework.TestCase.runBare(TestCase.java:130)
	at junit.framework.TestResult$1.protect(TestResult.java:106)
	at junit.framework.TestResult.runProtected(TestResult.java:124)
	at junit.framework.TestResult.run(TestResult.java:109)
	at junit.framework.TestCase.run(TestCase.java:120)
	at junit.framework.TestSuite.runTest(TestSuite.java:230)
	at junit.framework.TestSuite.run(TestSuite.java:225)
	at junit.framework.TestSuite.runTest(TestSuite.java:230)
	at junit.framework.TestSuite.run(TestSuite.java:225)
	at junit.framework.TestSuite.runTest(TestSuite.java:230)
	at junit.framework.TestSuite.run(TestSuite.java:225)
	at sun.reflect.NativeMethodAccessorImpl.invoke0(Native Method)
	at sun.reflect.NativeMethodAccessorImpl.invoke(NativeMethodAccessorImpl.java:62)
	at sun.reflect.DelegatingMethodAccessorImpl.invoke(DelegatingMethodAccessorImpl.java:43)
	at java.lang.reflect.Method.invoke(Method.java:498)
	at org.apache.maven.surefire.junit.JUnitTestSet.execute(JUnitTestSet.java:95)
	at org.apache.maven.surefire.junit.JUnit3Provider.executeTestSet(JUnit3Provider.java:131)
	at org.apache.maven.surefire.junit.JUnit3Provider.invoke(JUnit3Provider.java:108)
	at org.apache.maven.surefire.booter.ForkedBooter.invokeProviderInSameClassLoader(ForkedBooter.java:200)
	at org.apache.maven.surefire.booter.ForkedBooter.runSuitesInProcess(ForkedBooter.java:153)
	at org.apache.maven.surefire.booter.ForkedBooter.main(ForkedBooter.java:103)
</failure>
  </testcase>
  <testcase name="warning" classname="junit.framework.TestSuite$1" time="0">
    <failure message="No tests found in org.joda.time.chrono.TestGJDate" type="junit.framework.AssertionFailedError">junit.framework.AssertionFailedError: No tests found in org.joda.time.chrono.TestGJDate
	at junit.framework.Assert.fail(Assert.java:47)
	at junit.framework.TestSuite$1.runTest(TestSuite.java:90)
	at junit.framework.TestCase.runBare(TestCase.java:130)
	at junit.framework.TestResult$1.protect(TestResult.java:106)
	at junit.framework.TestResult.runProtected(TestResult.java:124)
	at junit.framework.TestResult.run(TestResult.java:109)
	at junit.framework.TestCase.run(TestCase.java:120)
	at junit.framework.TestSuite.runTest(TestSuite.java:230)
	at junit.framework.TestSuite.run(TestSuite.java:225)
	at junit.framework.TestSuite.runTest(TestSuite.java:230)
	at junit.framework.TestSuite.run(TestSuite.java:225)
	at junit.framework.TestSuite.runTest(TestSuite.java:230)
	at junit.framework.TestSuite.run(TestSuite.java:225)
	at sun.reflect.NativeMethodAccessorImpl.invoke0(Native Method)
	at sun.reflect.NativeMethodAccessorImpl.invoke(NativeMethodAccessorImpl.java:62)
	at sun.reflect.DelegatingMethodAccessorImpl.invoke(DelegatingMethodAccessorImpl.java:43)
	at java.lang.reflect.Method.invoke(Method.java:498)
	at org.apache.maven.surefire.junit.JUnitTestSet.execute(JUnitTestSet.java:95)
	at org.apache.maven.surefire.junit.JUnit3Provider.executeTestSet(JUnit3Provider.java:131)
	at org.apache.maven.surefire.junit.JUnit3Provider.invoke(JUnit3Provider.java:108)
	at org.apache.maven.surefire.booter.ForkedBooter.invokeProviderInSameClassLoader(ForkedBooter.java:200)
	at org.apache.maven.surefire.booter.ForkedBooter.runSuitesInProcess(ForkedBooter.java:153)
	at org.apache.maven.surefire.booter.ForkedBooter.main(ForkedBooter.java:103)
</failure>
  </testcase>
  <testcase name="testChronology" classname="org.joda.time.chrono.gj.MainTest" time="0.689"/>
  <testcase name="testChronology" classname="org.joda.time.chrono.gj.MainTest" time="0.479"/>
  <testcase name="testGetDurationConverterRemovedNull179" classname="org.joda.time.convert.TestConverterManager" time="0.001"/>
  <testcase name="testGetInstantConverterOKMultipleMatches185" classname="org.joda.time.convert.TestConverterManager" time="0.003"/>
  <testcase name="testAddPartialConverter4178" classname="org.joda.time.convert.TestConverterManager" time="0"/>
  <testcase name="testGetPartialConverter177" classname="org.joda.time.convert.TestConverterManager" time="0.001"/>
  <testcase name="testRemoveInstantConverter3176" classname="org.joda.time.convert.TestConverterManager" time="0.001"/>
  <testcase name="testAddDurationConverter3180" classname="org.joda.time.convert.TestConverterManager" time="0"/>
  <testcase name="testRemovePeriodConverter3181" classname="org.joda.time.convert.TestConverterManager" time="0.001"/>
  <testcase name="testAddIntervalConverter1182" classname="org.joda.time.convert.TestConverterManager" time="0"/>
  <testcase name="testRemoveIntervalConverter3183" classname="org.joda.time.convert.TestConverterManager" time="0.002"/>
  <testcase name="testGetPeriodConverter184" classname="org.joda.time.convert.TestConverterManager" time="0.001"/>
  <testcase name="testRemoveNullRemoved2514" classname="org.joda.time.convert.TestConverterSet" time="0"/>
  <testcase name="warning" classname="junit.framework.TestSuite$1" time="0.001">
    <failure message="No tests found in org.joda.time.convert.TestCalendarConverter" type="junit.framework.AssertionFailedError">junit.framework.AssertionFailedError: No tests found in org.joda.time.convert.TestCalendarConverter
	at junit.framework.Assert.fail(Assert.java:47)
	at junit.framework.TestSuite$1.runTest(TestSuite.java:90)
	at junit.framework.TestCase.runBare(TestCase.java:130)
	at junit.framework.TestResult$1.protect(TestResult.java:106)
	at junit.framework.TestResult.runProtected(TestResult.java:124)
	at junit.framework.TestResult.run(TestResult.java:109)
	at junit.framework.TestCase.run(TestCase.java:120)
	at junit.framework.TestSuite.runTest(TestSuite.java:230)
	at junit.framework.TestSuite.run(TestSuite.java:225)
	at junit.framework.TestSuite.runTest(TestSuite.java:230)
	at junit.framework.TestSuite.run(TestSuite.java:225)
	at junit.framework.TestSuite.runTest(TestSuite.java:230)
	at junit.framework.TestSuite.run(TestSuite.java:225)
	at sun.reflect.NativeMethodAccessorImpl.invoke0(Native Method)
	at sun.reflect.NativeMethodAccessorImpl.invoke(NativeMethodAccessorImpl.java:62)
	at sun.reflect.DelegatingMethodAccessorImpl.invoke(DelegatingMethodAccessorImpl.java:43)
	at java.lang.reflect.Method.invoke(Method.java:498)
	at org.apache.maven.surefire.junit.JUnitTestSet.execute(JUnitTestSet.java:95)
	at org.apache.maven.surefire.junit.JUnit3Provider.executeTestSet(JUnit3Provider.java:131)
	at org.apache.maven.surefire.junit.JUnit3Provider.invoke(JUnit3Provider.java:108)
	at org.apache.maven.surefire.booter.ForkedBooter.invokeProviderInSameClassLoader(ForkedBooter.java:200)
	at org.apache.maven.surefire.booter.ForkedBooter.runSuitesInProcess(ForkedBooter.java:153)
	at org.apache.maven.surefire.booter.ForkedBooter.main(ForkedBooter.java:103)
</failure>
  </testcase>
  <testcase name="warning" classname="junit.framework.TestSuite$1" time="0">
    <failure message="No tests found in org.joda.time.convert.TestDateConverter" type="junit.framework.AssertionFailedError">junit.framework.AssertionFailedError: No tests found in org.joda.time.convert.TestDateConverter
	at junit.framework.Assert.fail(Assert.java:47)
	at junit.framework.TestSuite$1.runTest(TestSuite.java:90)
	at junit.framework.TestCase.runBare(TestCase.java:130)
	at junit.framework.TestResult$1.protect(TestResult.java:106)
	at junit.framework.TestResult.runProtected(TestResult.java:124)
	at junit.framework.TestResult.run(TestResult.java:109)
	at junit.framework.TestCase.run(TestCase.java:120)
	at junit.framework.TestSuite.runTest(TestSuite.java:230)
	at junit.framework.TestSuite.run(TestSuite.java:225)
	at junit.framework.TestSuite.runTest(TestSuite.java:230)
	at junit.framework.TestSuite.run(TestSuite.java:225)
	at junit.framework.TestSuite.runTest(TestSuite.java:230)
	at junit.framework.TestSuite.run(TestSuite.java:225)
	at sun.reflect.NativeMethodAccessorImpl.invoke0(Native Method)
	at sun.reflect.NativeMethodAccessorImpl.invoke(NativeMethodAccessorImpl.java:62)
	at sun.reflect.DelegatingMethodAccessorImpl.invoke(DelegatingMethodAccessorImpl.java:43)
	at java.lang.reflect.Method.invoke(Method.java:498)
	at org.apache.maven.surefire.junit.JUnitTestSet.execute(JUnitTestSet.java:95)
	at org.apache.maven.surefire.junit.JUnit3Provider.executeTestSet(JUnit3Provider.java:131)
	at org.apache.maven.surefire.junit.JUnit3Provider.invoke(JUnit3Provider.java:108)
	at org.apache.maven.surefire.booter.ForkedBooter.invokeProviderInSameClassLoader(ForkedBooter.java:200)
	at org.apache.maven.surefire.booter.ForkedBooter.runSuitesInProcess(ForkedBooter.java:153)
	at org.apache.maven.surefire.booter.ForkedBooter.main(ForkedBooter.java:103)
</failure>
  </testcase>
  <testcase name="warning" classname="junit.framework.TestSuite$1" time="0.001">
    <failure message="No tests found in org.joda.time.convert.TestLongConverter" type="junit.framework.AssertionFailedError">junit.framework.AssertionFailedError: No tests found in org.joda.time.convert.TestLongConverter
	at junit.framework.Assert.fail(Assert.java:47)
	at junit.framework.TestSuite$1.runTest(TestSuite.java:90)
	at junit.framework.TestCase.runBare(TestCase.java:130)
	at junit.framework.TestResult$1.protect(TestResult.java:106)
	at junit.framework.TestResult.runProtected(TestResult.java:124)
	at junit.framework.TestResult.run(TestResult.java:109)
	at junit.framework.TestCase.run(TestCase.java:120)
	at junit.framework.TestSuite.runTest(TestSuite.java:230)
	at junit.framework.TestSuite.run(TestSuite.java:225)
	at junit.framework.TestSuite.runTest(TestSuite.java:230)
	at junit.framework.TestSuite.run(TestSuite.java:225)
	at junit.framework.TestSuite.runTest(TestSuite.java:230)
	at junit.framework.TestSuite.run(TestSuite.java:225)
	at sun.reflect.NativeMethodAccessorImpl.invoke0(Native Method)
	at sun.reflect.NativeMethodAccessorImpl.invoke(NativeMethodAccessorImpl.java:62)
	at sun.reflect.DelegatingMethodAccessorImpl.invoke(DelegatingMethodAccessorImpl.java:43)
	at java.lang.reflect.Method.invoke(Method.java:498)
	at org.apache.maven.surefire.junit.JUnitTestSet.execute(JUnitTestSet.java:95)
	at org.apache.maven.surefire.junit.JUnit3Provider.executeTestSet(JUnit3Provider.java:131)
	at org.apache.maven.surefire.junit.JUnit3Provider.invoke(JUnit3Provider.java:108)
	at org.apache.maven.surefire.booter.ForkedBooter.invokeProviderInSameClassLoader(ForkedBooter.java:200)
	at org.apache.maven.surefire.booter.ForkedBooter.runSuitesInProcess(ForkedBooter.java:153)
	at org.apache.maven.surefire.booter.ForkedBooter.main(ForkedBooter.java:103)
</failure>
  </testcase>
  <testcase name="testToString324" classname="org.joda.time.convert.TestNullConverter" time="0.001">
    <failure message="expected:&lt;Converter[[java.lang.String]]&gt; but was:&lt;Converter[[null]]&gt;" type="junit.framework.ComparisonFailure">junit.framework.ComparisonFailure: expected:&lt;Converter[[java.lang.String]]&gt; but was:&lt;Converter[[null]]&gt;	at junit.framework.Assert.assertEquals(Assert.java:81)	at junit.framework.Assert.assertEquals(Assert.java:87)	at org.joda.time.convert.TestNullConverter.__CLR4_4_1uc424ilo6(TestNullConverter.java:103)	at org.joda.time.convert.TestNullConverter.testToString324(TestNullConverter.java:102)</failure>
  </testcase>
  <testcase name="warning" classname="junit.framework.TestSuite$1" time="0">
    <failure message="No tests found in org.joda.time.convert.TestReadableDurationConverter" type="junit.framework.AssertionFailedError">junit.framework.AssertionFailedError: No tests found in org.joda.time.convert.TestReadableDurationConverter
	at junit.framework.Assert.fail(Assert.java:47)
	at junit.framework.TestSuite$1.runTest(TestSuite.java:90)
	at junit.framework.TestCase.runBare(TestCase.java:130)
	at junit.framework.TestResult$1.protect(TestResult.java:106)
	at junit.framework.TestResult.runProtected(TestResult.java:124)
	at junit.framework.TestResult.run(TestResult.java:109)
	at junit.framework.TestCase.run(TestCase.java:120)
	at junit.framework.TestSuite.runTest(TestSuite.java:230)
	at junit.framework.TestSuite.run(TestSuite.java:225)
	at junit.framework.TestSuite.runTest(TestSuite.java:230)
	at junit.framework.TestSuite.run(TestSuite.java:225)
	at junit.framework.TestSuite.runTest(TestSuite.java:230)
	at junit.framework.TestSuite.run(TestSuite.java:225)
	at sun.reflect.NativeMethodAccessorImpl.invoke0(Native Method)
	at sun.reflect.NativeMethodAccessorImpl.invoke(NativeMethodAccessorImpl.java:62)
	at sun.reflect.DelegatingMethodAccessorImpl.invoke(DelegatingMethodAccessorImpl.java:43)
	at java.lang.reflect.Method.invoke(Method.java:498)
	at org.apache.maven.surefire.junit.JUnitTestSet.execute(JUnitTestSet.java:95)
	at org.apache.maven.surefire.junit.JUnit3Provider.executeTestSet(JUnit3Provider.java:131)
	at org.apache.maven.surefire.junit.JUnit3Provider.invoke(JUnit3Provider.java:108)
	at org.apache.maven.surefire.booter.ForkedBooter.invokeProviderInSameClassLoader(ForkedBooter.java:200)
	at org.apache.maven.surefire.booter.ForkedBooter.runSuitesInProcess(ForkedBooter.java:153)
	at org.apache.maven.surefire.booter.ForkedBooter.main(ForkedBooter.java:103)
</failure>
  </testcase>
  <testcase name="testToString693" classname="org.joda.time.convert.TestReadableIntervalConverter" time="0.002"/>
  <testcase name="testIsReadableInterval_Object_Chronology691" classname="org.joda.time.convert.TestReadableIntervalConverter" time="0"/>
  <testcase name="testSetInto_Object1690" classname="org.joda.time.convert.TestReadableIntervalConverter" time="0.001"/>
  <testcase name="testSetIntoInterval_Object1692" classname="org.joda.time.convert.TestReadableIntervalConverter" time="0"/>
  <testcase name="testGetChronology_Object_nullChronology153" classname="org.joda.time.convert.TestReadableInstantConverter" time="0.001"/>
  <testcase name="warning" classname="junit.framework.TestSuite$1" time="0.001">
    <failure message="No tests found in org.joda.time.convert.TestReadablePartialConverter" type="junit.framework.AssertionFailedError">junit.framework.AssertionFailedError: No tests found in org.joda.time.convert.TestReadablePartialConverter
	at junit.framework.Assert.fail(Assert.java:47)
	at junit.framework.TestSuite$1.runTest(TestSuite.java:90)
	at junit.framework.TestCase.runBare(TestCase.java:130)
	at junit.framework.TestResult$1.protect(TestResult.java:106)
	at junit.framework.TestResult.runProtected(TestResult.java:124)
	at junit.framework.TestResult.run(TestResult.java:109)
	at junit.framework.TestCase.run(TestCase.java:120)
	at junit.framework.TestSuite.runTest(TestSuite.java:230)
	at junit.framework.TestSuite.run(TestSuite.java:225)
	at junit.framework.TestSuite.runTest(TestSuite.java:230)
	at junit.framework.TestSuite.run(TestSuite.java:225)
	at junit.framework.TestSuite.runTest(TestSuite.java:230)
	at junit.framework.TestSuite.run(TestSuite.java:225)
	at sun.reflect.NativeMethodAccessorImpl.invoke0(Native Method)
	at sun.reflect.NativeMethodAccessorImpl.invoke(NativeMethodAccessorImpl.java:62)
	at sun.reflect.DelegatingMethodAccessorImpl.invoke(DelegatingMethodAccessorImpl.java:43)
	at java.lang.reflect.Method.invoke(Method.java:498)
	at org.apache.maven.surefire.junit.JUnitTestSet.execute(JUnitTestSet.java:95)
	at org.apache.maven.surefire.junit.JUnit3Provider.executeTestSet(JUnit3Provider.java:131)
	at org.apache.maven.surefire.junit.JUnit3Provider.invoke(JUnit3Provider.java:108)
	at org.apache.maven.surefire.booter.ForkedBooter.invokeProviderInSameClassLoader(ForkedBooter.java:200)
	at org.apache.maven.surefire.booter.ForkedBooter.runSuitesInProcess(ForkedBooter.java:153)
	at org.apache.maven.surefire.booter.ForkedBooter.main(ForkedBooter.java:103)
</failure>
  </testcase>
  <testcase name="warning" classname="junit.framework.TestSuite$1" time="0">
    <failure message="No tests found in org.joda.time.convert.TestReadablePeriodConverter" type="junit.framework.AssertionFailedError">junit.framework.AssertionFailedError: No tests found in org.joda.time.convert.TestReadablePeriodConverter
	at junit.framework.Assert.fail(Assert.java:47)
	at junit.framework.TestSuite$1.runTest(TestSuite.java:90)
	at junit.framework.TestCase.runBare(TestCase.java:130)
	at junit.framework.TestResult$1.protect(TestResult.java:106)
	at junit.framework.TestResult.runProtected(TestResult.java:124)
	at junit.framework.TestResult.run(TestResult.java:109)
	at junit.framework.TestCase.run(TestCase.java:120)
	at junit.framework.TestSuite.runTest(TestSuite.java:230)
	at junit.framework.TestSuite.run(TestSuite.java:225)
	at junit.framework.TestSuite.runTest(TestSuite.java:230)
	at junit.framework.TestSuite.run(TestSuite.java:225)
	at junit.framework.TestSuite.runTest(TestSuite.java:230)
	at junit.framework.TestSuite.run(TestSuite.java:225)
	at sun.reflect.NativeMethodAccessorImpl.invoke0(Native Method)
	at sun.reflect.NativeMethodAccessorImpl.invoke(NativeMethodAccessorImpl.java:62)
	at sun.reflect.DelegatingMethodAccessorImpl.invoke(DelegatingMethodAccessorImpl.java:43)
	at java.lang.reflect.Method.invoke(Method.java:498)
	at org.apache.maven.surefire.junit.JUnitTestSet.execute(JUnitTestSet.java:95)
	at org.apache.maven.surefire.junit.JUnit3Provider.executeTestSet(JUnit3Provider.java:131)
	at org.apache.maven.surefire.junit.JUnit3Provider.invoke(JUnit3Provider.java:108)
	at org.apache.maven.surefire.booter.ForkedBooter.invokeProviderInSameClassLoader(ForkedBooter.java:200)
	at org.apache.maven.surefire.booter.ForkedBooter.runSuitesInProcess(ForkedBooter.java:153)
	at org.apache.maven.surefire.booter.ForkedBooter.main(ForkedBooter.java:103)
</failure>
  </testcase>
  <testcase name="testSetIntoIntervalEx_Object_Chronology143" classname="org.joda.time.convert.TestStringConverter" time="0"/>
  <testcase name="testSetIntoIntervalEx_Object_Chronology144" classname="org.joda.time.convert.TestStringConverter" time="0"/>
  <testcase name="testSetIntoIntervalEx_Object_Chronology345" classname="org.joda.time.convert.TestStringConverter" time="0.001"/>
  <testcase name="testGetDurationMillis_Object141" classname="org.joda.time.convert.TestStringConverter" time="0"/>
  <testcase name="testGetInstantMillis_Object_Chronology39" classname="org.joda.time.convert.TestStringConverter" time="0.001">
    <error message="Invalid format: &quot;PT12.345S&quot;" type="java.lang.IllegalArgumentException">java.lang.IllegalArgumentException: Invalid format: "PT12.345S"
	at org.joda.time.format.DateTimeFormatter.parseMillis(DateTimeFormatter.java:763)
	at org.joda.time.convert.StringConverter.getInstantMillis(StringConverter.java:65)
	at org.joda.time.convert.TestStringConverter.__CLR4_4_1iv8osplrf(TestStringConverter.java:95)
	at org.joda.time.convert.TestStringConverter.testGetInstantMillis_Object_Chronology39(TestStringConverter.java:94)
</error>
  </testcase>
  <testcase name="testSetIntoPeriod_Object842" classname="org.joda.time.convert.TestStringConverter" time="0.001"/>
  <testcase name="testGetInstantMillis_Object_Chronology38" classname="org.joda.time.convert.TestStringConverter" time="0.001">
    <error message="Invalid format: &quot;PT12.345S&quot;" type="java.lang.IllegalArgumentException">java.lang.IllegalArgumentException: Invalid format: "PT12.345S"
	at org.joda.time.format.DateTimeFormatter.parseMillis(DateTimeFormatter.java:763)
	at org.joda.time.convert.StringConverter.getInstantMillis(StringConverter.java:65)
	at org.joda.time.convert.TestStringConverter.__CLR4_4_1fm8q08lrc(TestStringConverter.java:91)
	at org.joda.time.convert.TestStringConverter.testGetInstantMillis_Object_Chronology38(TestStringConverter.java:90)
</error>
  </testcase>
  <testcase name="testSetIntoInterval_Object846" classname="org.joda.time.convert.TestStringConverter" time="0"/>
  <testcase name="testSetIntoInterval_Object847" classname="org.joda.time.convert.TestStringConverter" time="0.001"/>
  <testcase name="warning" classname="junit.framework.TestSuite$1" time="0">
    <failure message="No tests found in org.joda.time.field.TestFieldUtils" type="junit.framework.AssertionFailedError">junit.framework.AssertionFailedError: No tests found in org.joda.time.field.TestFieldUtils
	at junit.framework.Assert.fail(Assert.java:47)
	at junit.framework.TestSuite$1.runTest(TestSuite.java:90)
	at junit.framework.TestCase.runBare(TestCase.java:130)
	at junit.framework.TestResult$1.protect(TestResult.java:106)
	at junit.framework.TestResult.runProtected(TestResult.java:124)
	at junit.framework.TestResult.run(TestResult.java:109)
	at junit.framework.TestCase.run(TestCase.java:120)
	at junit.framework.TestSuite.runTest(TestSuite.java:230)
	at junit.framework.TestSuite.run(TestSuite.java:225)
	at junit.framework.TestSuite.runTest(TestSuite.java:230)
	at junit.framework.TestSuite.run(TestSuite.java:225)
	at junit.framework.TestSuite.runTest(TestSuite.java:230)
	at junit.framework.TestSuite.run(TestSuite.java:225)
	at sun.reflect.NativeMethodAccessorImpl.invoke0(Native Method)
	at sun.reflect.NativeMethodAccessorImpl.invoke(NativeMethodAccessorImpl.java:62)
	at sun.reflect.DelegatingMethodAccessorImpl.invoke(DelegatingMethodAccessorImpl.java:43)
	at java.lang.reflect.Method.invoke(Method.java:498)
	at org.apache.maven.surefire.junit.JUnitTestSet.execute(JUnitTestSet.java:95)
	at org.apache.maven.surefire.junit.JUnit3Provider.executeTestSet(JUnit3Provider.java:131)
	at org.apache.maven.surefire.junit.JUnit3Provider.invoke(JUnit3Provider.java:108)
	at org.apache.maven.surefire.booter.ForkedBooter.invokeProviderInSameClassLoader(ForkedBooter.java:200)
	at org.apache.maven.surefire.booter.ForkedBooter.runSuitesInProcess(ForkedBooter.java:153)
	at org.apache.maven.surefire.booter.ForkedBooter.main(ForkedBooter.java:103)
</failure>
  </testcase>
  <testcase name="test_getMaximumValue_long141" classname="org.joda.time.field.TestBaseDateTimeField" time="0.003">
    <failure message="expected:&lt;0&gt; but was:&lt;59&gt;" type="junit.framework.AssertionFailedError"><![CDATA[junit.framework.AssertionFailedError: expected:<0> but was:<59>
	at junit.framework.Assert.fail(Assert.java:47)
	at junit.framework.Assert.failNotEquals(Assert.java:280)
	at junit.framework.Assert.assertEquals(Assert.java:64)
	at junit.framework.Assert.assertEquals(Assert.java:198)
	at junit.framework.Assert.assertEquals(Assert.java:204)
	at org.joda.time.field.TestBaseDateTimeField.__CLR4_4_1ol8i50lwe(TestBaseDateTimeField.java:131)
	at org.joda.time.field.TestBaseDateTimeField.test_getMaximumValue_long141(TestBaseDateTimeField.java:129)
]]></failure>
  </testcase>
  <testcase name="test_roundHalfEven_long147" classname="org.joda.time.field.TestBaseDateTimeField" time="0.001"/>
  <testcase name="test_getAsText_RP_Locale128" classname="org.joda.time.field.TestBaseDateTimeField" time="0.002">
    <failure message="expected:&lt;[2]0&gt; but was:&lt;[4]0&gt;" type="junit.framework.ComparisonFailure"><![CDATA[junit.framework.ComparisonFailure: expected:<[2]0> but was:<[4]0>
	at junit.framework.Assert.assertEquals(Assert.java:81)
	at junit.framework.Assert.assertEquals(Assert.java:87)
	at org.joda.time.field.TestBaseDateTimeField.__CLR4_4_1xf5svulv4(TestBaseDateTimeField.java:80)
	at org.joda.time.field.TestBaseDateTimeField.test_getAsText_RP_Locale128(TestBaseDateTimeField.java:78)
]]></failure>
  </testcase>
  <testcase name="test_setDayOfMonth136" classname="org.joda.time.field.TestBaseDateTimeField" time="0.001">
    <failure message="expected:&lt;true&gt; but was:&lt;false&gt;" type="junit.framework.AssertionFailedError"><![CDATA[junit.framework.AssertionFailedError: expected:<true> but was:<false>
	at junit.framework.Assert.fail(Assert.java:47)
	at junit.framework.Assert.failNotEquals(Assert.java:280)
	at junit.framework.Assert.assertEquals(Assert.java:64)
	at junit.framework.Assert.assertEquals(Assert.java:146)
	at junit.framework.Assert.assertEquals(Assert.java:152)
	at org.joda.time.field.TestBaseDateTimeField.__CLR4_4_12lt7dzlv8(TestBaseDateTimeField.java:88)
	at org.joda.time.field.TestBaseDateTimeField.test_setDayOfMonth136(TestBaseDateTimeField.java:83)
]]></failure>
  </testcase>
  <testcase name="test_set_RP_int_intarray_int138" classname="org.joda.time.field.TestBaseDateTimeField" time="0.001">
    <failure message="expected:&lt;true&gt; but was:&lt;false&gt;" type="junit.framework.AssertionFailedError"><![CDATA[junit.framework.AssertionFailedError: expected:<true> but was:<false>
	at junit.framework.Assert.fail(Assert.java:47)
	at junit.framework.Assert.failNotEquals(Assert.java:280)
	at junit.framework.Assert.assertEquals(Assert.java:64)
	at junit.framework.Assert.assertEquals(Assert.java:146)
	at junit.framework.Assert.assertEquals(Assert.java:152)
	at org.joda.time.field.TestBaseDateTimeField.__CLR4_4_1nwumrolvq(TestBaseDateTimeField.java:107)
	at org.joda.time.field.TestBaseDateTimeField.test_set_RP_int_intarray_int138(TestBaseDateTimeField.java:102)
]]></failure>
  </testcase>
  <testcase name="test_getLeapAmount_long139" classname="org.joda.time.field.TestBaseDateTimeField" time="0"/>
  <testcase name="test_toString148" classname="org.joda.time.field.TestBaseDateTimeField" time="0.002">
    <failure message="expected:&lt;DateTimeField[[Europe/London]]&gt; but was:&lt;DateTimeField[[secondOfMinute]]&gt;" type="junit.framework.ComparisonFailure">junit.framework.ComparisonFailure: expected:&lt;DateTimeField[[Europe/London]]&gt; but was:&lt;DateTimeField[[secondOfMinute]]&gt;	at junit.framework.Assert.assertEquals(Assert.java:81)	at junit.framework.Assert.assertEquals(Assert.java:87)	at org.joda.time.field.TestBaseDateTimeField.__CLR4_4_1180pwjlxw(TestBaseDateTimeField.java:215)	at org.joda.time.field.TestBaseDateTimeField.test_toString148(TestBaseDateTimeField.java:213)</failure>
  </testcase>
  <testcase name="test_convertText125" classname="org.joda.time.field.TestBaseDateTimeField" time="0"/>
  <testcase name="test_getMaximumShortTextLength_Locale146" classname="org.joda.time.field.TestBaseDateTimeField" time="0.001"/>
  <testcase name="test_getMaximumShortTextLength_Locale145" classname="org.joda.time.field.TestBaseDateTimeField" time="0.001">
    <failure message="expected:&lt;1&gt; but was:&lt;5&gt;" type="junit.framework.AssertionFailedError"><![CDATA[junit.framework.AssertionFailedError: expected:<1> but was:<5>
	at junit.framework.Assert.fail(Assert.java:47)
	at junit.framework.Assert.failNotEquals(Assert.java:280)
	at junit.framework.Assert.assertEquals(Assert.java:64)
	at junit.framework.Assert.assertEquals(Assert.java:198)
	at junit.framework.Assert.assertEquals(Assert.java:204)
	at org.joda.time.field.TestBaseDateTimeField.__CLR4_4_1xpu6d4lwn(TestBaseDateTimeField.java:150)
	at org.joda.time.field.TestBaseDateTimeField.test_getMaximumShortTextLength_Locale145(TestBaseDateTimeField.java:141)
]]></failure>
  </testcase>
  <testcase name="test_getMaximumValue_RP_intarray144" classname="org.joda.time.field.TestBaseDateTimeField" time="0.001">
    <failure message="expected:&lt;0&gt; but was:&lt;59&gt;" type="junit.framework.AssertionFailedError"><![CDATA[junit.framework.AssertionFailedError: expected:<0> but was:<59>
	at junit.framework.Assert.fail(Assert.java:47)
	at junit.framework.Assert.failNotEquals(Assert.java:280)
	at junit.framework.Assert.assertEquals(Assert.java:64)
	at junit.framework.Assert.assertEquals(Assert.java:198)
	at junit.framework.Assert.assertEquals(Assert.java:204)
	at org.joda.time.field.TestBaseDateTimeField.__CLR4_4_1t228qalwk(TestBaseDateTimeField.java:139)
	at org.joda.time.field.TestBaseDateTimeField.test_getMaximumValue_RP_intarray144(TestBaseDateTimeField.java:137)
]]></failure>
  </testcase>
  <testcase name="test_getMinimumValue_RP_intarray140" classname="org.joda.time.field.TestBaseDateTimeField" time="0"/>
  <testcase name="test_getMaximumValue_RP_intarray142" classname="org.joda.time.field.TestBaseDateTimeField" time="0.001">
    <failure message="expected:&lt;2&gt; but was:&lt;59&gt;" type="junit.framework.AssertionFailedError"><![CDATA[junit.framework.AssertionFailedError: expected:<2> but was:<59>
	at junit.framework.Assert.fail(Assert.java:47)
	at junit.framework.Assert.failNotEquals(Assert.java:280)
	at junit.framework.Assert.assertEquals(Assert.java:64)
	at junit.framework.Assert.assertEquals(Assert.java:198)
	at junit.framework.Assert.assertEquals(Assert.java:204)
	at org.joda.time.field.TestBaseDateTimeField.__CLR4_4_1mk2b5clwh(TestBaseDateTimeField.java:135)
	at org.joda.time.field.TestBaseDateTimeField.test_getMaximumValue_RP_intarray142(TestBaseDateTimeField.java:133)
]]></failure>
  </testcase>
  <testcase name="test_getName127" classname="org.joda.time.field.TestBaseDateTimeField" time="0.001">
    <failure message="expected:&lt;[DateTimeField[dayOfMonth]]&gt; but was:&lt;[secondOfMinute]&gt;" type="junit.framework.ComparisonFailure">junit.framework.ComparisonFailure: expected:&lt;[DateTimeField[dayOfMonth]]&gt; but was:&lt;[secondOfMinute]&gt;	at junit.framework.Assert.assertEquals(Assert.java:81)	at junit.framework.Assert.assertEquals(Assert.java:87)	at org.joda.time.field.TestBaseDateTimeField.__CLR4_4_1lhh6zblv1(TestBaseDateTimeField.java:76)	at org.joda.time.field.TestBaseDateTimeField.test_getName127(TestBaseDateTimeField.java:74)</failure>
  </testcase>
  <testcase name="warning" classname="junit.framework.TestSuite$1" time="0">
    <failure message="No tests found in org.joda.time.field.TestOffsetDateTimeField" type="junit.framework.AssertionFailedError">junit.framework.AssertionFailedError: No tests found in org.joda.time.field.TestOffsetDateTimeField
	at junit.framework.Assert.fail(Assert.java:47)
	at junit.framework.TestSuite$1.runTest(TestSuite.java:90)
	at junit.framework.TestCase.runBare(TestCase.java:130)
	at junit.framework.TestResult$1.protect(TestResult.java:106)
	at junit.framework.TestResult.runProtected(TestResult.java:124)
	at junit.framework.TestResult.run(TestResult.java:109)
	at junit.framework.TestCase.run(TestCase.java:120)
	at junit.framework.TestSuite.runTest(TestSuite.java:230)
	at junit.framework.TestSuite.run(TestSuite.java:225)
	at junit.framework.TestSuite.runTest(TestSuite.java:230)
	at junit.framework.TestSuite.run(TestSuite.java:225)
	at junit.framework.TestSuite.runTest(TestSuite.java:230)
	at junit.framework.TestSuite.run(TestSuite.java:225)
	at sun.reflect.NativeMethodAccessorImpl.invoke0(Native Method)
	at sun.reflect.NativeMethodAccessorImpl.invoke(NativeMethodAccessorImpl.java:62)
	at sun.reflect.DelegatingMethodAccessorImpl.invoke(DelegatingMethodAccessorImpl.java:43)
	at java.lang.reflect.Method.invoke(Method.java:498)
	at org.apache.maven.surefire.junit.JUnitTestSet.execute(JUnitTestSet.java:95)
	at org.apache.maven.surefire.junit.JUnit3Provider.executeTestSet(JUnit3Provider.java:131)
	at org.apache.maven.surefire.junit.JUnit3Provider.invoke(JUnit3Provider.java:108)
	at org.apache.maven.surefire.booter.ForkedBooter.invokeProviderInSameClassLoader(ForkedBooter.java:200)
	at org.apache.maven.surefire.booter.ForkedBooter.runSuitesInProcess(ForkedBooter.java:153)
	at org.apache.maven.surefire.booter.ForkedBooter.main(ForkedBooter.java:103)
</failure>
  </testcase>
  <testcase name="test_set_long_String609" classname="org.joda.time.field.TestPreciseDurationDateTimeField" time="0.001"/>
  <testcase name="test_getDurationField610" classname="org.joda.time.field.TestPreciseDurationDateTimeField" time="0.001">
    <failure message="expected:&lt;null&gt; but was:&lt;DurationField[seconds]&gt;" type="junit.framework.AssertionFailedError"><![CDATA[junit.framework.AssertionFailedError: expected:<null> but was:<DurationField[seconds]>
	at junit.framework.Assert.fail(Assert.java:47)
	at junit.framework.Assert.failNotEquals(Assert.java:280)
	at junit.framework.Assert.assertEquals(Assert.java:64)
	at junit.framework.Assert.assertEquals(Assert.java:71)
	at org.joda.time.field.TestPreciseDurationDateTimeField.__CLR4_4_1fh49rm3r(TestPreciseDurationDateTimeField.java:63)
	at org.joda.time.field.TestPreciseDurationDateTimeField.test_getDurationField610(TestPreciseDurationDateTimeField.java:61)
]]></failure>
  </testcase>
  <testcase name="test_getMinimumValue611" classname="org.joda.time.field.TestPreciseDurationDateTimeField" time="0.001"/>
  <testcase name="warning" classname="junit.framework.TestSuite$1" time="0">
    <failure message="No tests found in org.joda.time.field.TestPreciseDateTimeField" type="junit.framework.AssertionFailedError">junit.framework.AssertionFailedError: No tests found in org.joda.time.field.TestPreciseDateTimeField
	at junit.framework.Assert.fail(Assert.java:47)
	at junit.framework.TestSuite$1.runTest(TestSuite.java:90)
	at junit.framework.TestCase.runBare(TestCase.java:130)
	at junit.framework.TestResult$1.protect(TestResult.java:106)
	at junit.framework.TestResult.runProtected(TestResult.java:124)
	at junit.framework.TestResult.run(TestResult.java:109)
	at junit.framework.TestCase.run(TestCase.java:120)
	at junit.framework.TestSuite.runTest(TestSuite.java:230)
	at junit.framework.TestSuite.run(TestSuite.java:225)
	at junit.framework.TestSuite.runTest(TestSuite.java:230)
	at junit.framework.TestSuite.run(TestSuite.java:225)
	at junit.framework.TestSuite.runTest(TestSuite.java:230)
	at junit.framework.TestSuite.run(TestSuite.java:225)
	at sun.reflect.NativeMethodAccessorImpl.invoke0(Native Method)
	at sun.reflect.NativeMethodAccessorImpl.invoke(NativeMethodAccessorImpl.java:62)
	at sun.reflect.DelegatingMethodAccessorImpl.invoke(DelegatingMethodAccessorImpl.java:43)
	at java.lang.reflect.Method.invoke(Method.java:498)
	at org.apache.maven.surefire.junit.JUnitTestSet.execute(JUnitTestSet.java:95)
	at org.apache.maven.surefire.junit.JUnit3Provider.executeTestSet(JUnit3Provider.java:131)
	at org.apache.maven.surefire.junit.JUnit3Provider.invoke(JUnit3Provider.java:108)
	at org.apache.maven.surefire.booter.ForkedBooter.invokeProviderInSameClassLoader(ForkedBooter.java:200)
	at org.apache.maven.surefire.booter.ForkedBooter.runSuitesInProcess(ForkedBooter.java:153)
	at org.apache.maven.surefire.booter.ForkedBooter.main(ForkedBooter.java:103)
</failure>
  </testcase>
  <testcase name="test_getValueAsLong_long_long679" classname="org.joda.time.field.TestMillisDurationField" time="0"/>
  <testcase name="test_getValue_long_long678" classname="org.joda.time.field.TestMillisDurationField" time="0.001"/>
  <testcase name="testSerialization677" classname="org.joda.time.field.TestMillisDurationField" time="0.001"/>
  <testcase name="test_add_long_long680" classname="org.joda.time.field.TestMillisDurationField" time="0.001"/>
  <testcase name="test_equals162" classname="org.joda.time.field.TestPreciseDurationField" time="0"/>
  <testcase name="test_getValue_long_long101" classname="org.joda.time.field.TestScaledDurationField" time="0.001">
    <error message="Value cannot fit in an int: 193273529229" type="java.lang.ArithmeticException">java.lang.ArithmeticException: Value cannot fit in an int: 193273529229
	at org.joda.time.field.FieldUtils.safeToInt(FieldUtils.java:206)
	at org.joda.time.field.MillisDurationField.getValue(MillisDurationField.java:93)
	at org.joda.time.field.ScaledDurationField.getValue(ScaledDurationField.java:63)
	at org.joda.time.field.TestScaledDurationField.__CLR4_4_1iiv1oxm6u(TestScaledDurationField.java:69)
	at org.joda.time.field.TestScaledDurationField.test_getValue_long_long101(TestScaledDurationField.java:65)
</error>
  </testcase>
  <testcase name="test_getMillis_long_long102" classname="org.joda.time.field.TestScaledDurationField" time="0.001"/>
  <testcase name="test_equals103" classname="org.joda.time.field.TestScaledDurationField" time="0"/>
  <testcase name="warning" classname="junit.framework.TestSuite$1" time="0">
    <failure message="No tests found in org.joda.time.field.TestUnsupportedDateTimeField" type="junit.framework.AssertionFailedError">junit.framework.AssertionFailedError: No tests found in org.joda.time.field.TestUnsupportedDateTimeField
	at junit.framework.Assert.fail(Assert.java:47)
	at junit.framework.TestSuite$1.runTest(TestSuite.java:90)
	at junit.framework.TestCase.runBare(TestCase.java:130)
	at junit.framework.TestResult$1.protect(TestResult.java:106)
	at junit.framework.TestResult.runProtected(TestResult.java:124)
	at junit.framework.TestResult.run(TestResult.java:109)
	at junit.framework.TestCase.run(TestCase.java:120)
	at junit.framework.TestSuite.runTest(TestSuite.java:230)
	at junit.framework.TestSuite.run(TestSuite.java:225)
	at junit.framework.TestSuite.runTest(TestSuite.java:230)
	at junit.framework.TestSuite.run(TestSuite.java:225)
	at junit.framework.TestSuite.runTest(TestSuite.java:230)
	at junit.framework.TestSuite.run(TestSuite.java:225)
	at sun.reflect.NativeMethodAccessorImpl.invoke0(Native Method)
	at sun.reflect.NativeMethodAccessorImpl.invoke(NativeMethodAccessorImpl.java:62)
	at sun.reflect.DelegatingMethodAccessorImpl.invoke(DelegatingMethodAccessorImpl.java:43)
	at java.lang.reflect.Method.invoke(Method.java:498)
	at org.apache.maven.surefire.junit.JUnitTestSet.execute(JUnitTestSet.java:95)
	at org.apache.maven.surefire.junit.JUnit3Provider.executeTestSet(JUnit3Provider.java:131)
	at org.apache.maven.surefire.junit.JUnit3Provider.invoke(JUnit3Provider.java:108)
	at org.apache.maven.surefire.booter.ForkedBooter.invokeProviderInSameClassLoader(ForkedBooter.java:200)
	at org.apache.maven.surefire.booter.ForkedBooter.runSuitesInProcess(ForkedBooter.java:153)
	at org.apache.maven.surefire.booter.ForkedBooter.main(ForkedBooter.java:103)
</failure>
  </testcase>
  <testcase name="testPrinterParserMethods673" classname="org.joda.time.format.TestDateTimeFormatter" time="0.002">
    <error message="Invalid format: &quot;2004-06-09T10:20:30Z&quot;" type="java.lang.IllegalArgumentException">java.lang.IllegalArgumentException: Invalid format: "2004-06-09T10:20:30Z"
	at org.joda.time.format.DateTimeFormatter.parseDateTime(DateTimeFormatter.java:882)
	at org.joda.time.format.TestDateTimeFormatter.__CLR4_4_1ssu766mbj(TestDateTimeFormatter.java:118)
	at org.joda.time.format.TestDateTimeFormatter.testPrinterParserMethods673(TestDateTimeFormatter.java:110)
</error>
  </testcase>
  <testcase name="test_parseWrongOffset71" classname="org.joda.time.format.TestDateTimeFormat" time="0.001"/>
  <testcase name="testFormat_dayOfWeekShortText72" classname="org.joda.time.format.TestDateTimeFormat" time="0.001"/>
  <testcase name="testForStyle_shortTime69" classname="org.joda.time.format.TestDateTimeFormatStyle" time="0.014"/>
  <testcase name="testForStyle_invalidStrings73" classname="org.joda.time.format.TestDateTimeFormatStyle" time="0.001"/>
  <testcase name="testFormat_date352" classname="org.joda.time.format.TestISODateTimeFormat" time="0"/>
  <testcase name="testFormat_hourMinute362" classname="org.joda.time.format.TestISODateTimeFormat" time="0.002">
    <failure message="expected:&lt;10[]&gt; but was:&lt;10[:20]&gt;" type="junit.framework.ComparisonFailure"><![CDATA[junit.framework.ComparisonFailure: expected:<10[]> but was:<10[:20]>
	at junit.framework.Assert.assertEquals(Assert.java:81)
	at junit.framework.Assert.assertEquals(Assert.java:87)
	at org.joda.time.format.TestISODateTimeFormat.__CLR4_4_1344uqwmft(TestISODateTimeFormat.java:122)
	at org.joda.time.format.TestISODateTimeFormat.testFormat_hourMinute362(TestISODateTimeFormat.java:120)
]]></failure>
  </testcase>
  <testcase name="testFormat_hourMinuteSecond363" classname="org.joda.time.format.TestISODateTimeFormat" time="0.001">
    <failure message="expected:&lt;10[]&gt; but was:&lt;10[:20:30]&gt;" type="junit.framework.ComparisonFailure"><![CDATA[junit.framework.ComparisonFailure: expected:<10[]> but was:<10[:20:30]>
	at junit.framework.Assert.assertEquals(Assert.java:81)
	at junit.framework.Assert.assertEquals(Assert.java:87)
	at org.joda.time.format.TestISODateTimeFormat.__CLR4_4_19u7fclmg0(TestISODateTimeFormat.java:130)
	at org.joda.time.format.TestISODateTimeFormat.testFormat_hourMinuteSecond363(TestISODateTimeFormat.java:128)
]]></failure>
  </testcase>
  <testcase name="testFormat_dateHourMinute366" classname="org.joda.time.format.TestISODateTimeFormat" time="0.001">
    <failure message="expected:&lt;2004-06-09T10:20[:30]&gt; but was:&lt;2004-06-09T10:20[]&gt;" type="junit.framework.ComparisonFailure"><![CDATA[junit.framework.ComparisonFailure: expected:<2004-06-09T10:20[:30]> but was:<2004-06-09T10:20[]>
	at junit.framework.Assert.assertEquals(Assert.java:81)
	at junit.framework.Assert.assertEquals(Assert.java:87)
	at org.joda.time.format.TestISODateTimeFormat.__CLR4_4_1kekulamgl(TestISODateTimeFormat.java:154)
	at org.joda.time.format.TestISODateTimeFormat.testFormat_dateHourMinute366(TestISODateTimeFormat.java:152)
]]></failure>
  </testcase>
  <testcase name="testFormat_hourMinuteSecondMillis364" classname="org.joda.time.format.TestISODateTimeFormat" time="0.001">
    <failure message="expected:&lt;[2004-06-09T]10:20:30.040&gt; but was:&lt;[]10:20:30.040&gt;" type="junit.framework.ComparisonFailure"><![CDATA[junit.framework.ComparisonFailure: expected:<[2004-06-09T]10:20:30.040> but was:<[]10:20:30.040>
	at junit.framework.Assert.assertEquals(Assert.java:81)
	at junit.framework.Assert.assertEquals(Assert.java:87)
	at org.joda.time.format.TestISODateTimeFormat.__CLR4_4_1kn7tsgmg7(TestISODateTimeFormat.java:138)
	at org.joda.time.format.TestISODateTimeFormat.testFormat_hourMinuteSecondMillis364(TestISODateTimeFormat.java:136)
]]></failure>
  </testcase>
  <testcase name="testFormat_hourMinuteSecondFraction365" classname="org.joda.time.format.TestISODateTimeFormat" time="0.001">
    <failure message="expected:&lt;[2004-06-09T]10:20:30.040&gt; but was:&lt;[]10:20:30.040&gt;" type="junit.framework.ComparisonFailure"><![CDATA[junit.framework.ComparisonFailure: expected:<[2004-06-09T]10:20:30.040> but was:<[]10:20:30.040>
	at junit.framework.Assert.assertEquals(Assert.java:81)
	at junit.framework.Assert.assertEquals(Assert.java:87)
	at org.joda.time.format.TestISODateTimeFormat.__CLR4_4_17a2wobmge(TestISODateTimeFormat.java:146)
	at org.joda.time.format.TestISODateTimeFormat.testFormat_hourMinuteSecondFraction365(TestISODateTimeFormat.java:144)
]]></failure>
  </testcase>
  <testcase name="testFormat_time353" classname="org.joda.time.format.TestISODateTimeFormat" time="0.001">
    <failure message="expected:&lt;10:20:30[]&gt; but was:&lt;10:20:30[.040Z]&gt;" type="junit.framework.ComparisonFailure"><![CDATA[junit.framework.ComparisonFailure: expected:<10:20:30[]> but was:<10:20:30[.040Z]>
	at junit.framework.Assert.assertEquals(Assert.java:81)
	at junit.framework.Assert.assertEquals(Assert.java:87)
	at org.joda.time.format.TestISODateTimeFormat.__CLR4_4_1g5i5bfmf8(TestISODateTimeFormat.java:98)
	at org.joda.time.format.TestISODateTimeFormat.testFormat_time353(TestISODateTimeFormat.java:96)
]]></failure>
  </testcase>
  <testcase name="testFormat_weekDate359" classname="org.joda.time.format.TestISODateTimeFormat" time="0.001">
    <failure message="expected:&lt;2004-W24[]&gt; but was:&lt;2004-W24[-3]&gt;" type="junit.framework.ComparisonFailure"><![CDATA[junit.framework.ComparisonFailure: expected:<2004-W24[]> but was:<2004-W24[-3]>
	at junit.framework.Assert.assertEquals(Assert.java:81)
	at junit.framework.Assert.assertEquals(Assert.java:87)
	at org.joda.time.format.TestISODateTimeFormat.__CLR4_4_1adqc12mff(TestISODateTimeFormat.java:106)
	at org.joda.time.format.TestISODateTimeFormat.testFormat_weekDate359(TestISODateTimeFormat.java:104)
]]></failure>
  </testcase>
  <testcase name="testFormat_weekDate360" classname="org.joda.time.format.TestISODateTimeFormat" time="0"/>
  <testcase name="testForFields_time_HSm350" classname="org.joda.time.format.TestISODateTimeFormat_Fields" time="0.001"/>
  <testcase name="testForFields_time_MS349" classname="org.joda.time.format.TestISODateTimeFormat_Fields" time="0.001"/>
  <testcase name="testForFields_calBased_YD346" classname="org.joda.time.format.TestISODateTimeFormat_Fields" time="0"/>
  <testcase name="testForFields_calBased_YM347" classname="org.joda.time.format.TestISODateTimeFormat_Fields" time="0.001"/>
  <testcase name="testForFields_time_Mm351" classname="org.joda.time.format.TestISODateTimeFormat_Fields" time="0"/>
  <testcase name="testForFields_weekBased_YWD348" classname="org.joda.time.format.TestISODateTimeFormat_Fields" time="0.001"/>
  <testcase name="testForFields_calBased_YMD_unmodifiable345" classname="org.joda.time.format.TestISODateTimeFormat_Fields" time="0.001"/>
  <testcase name="testForFields_datetime_YH344" classname="org.joda.time.format.TestISODateTimeFormat_Fields" time="0"/>
  <testcase name="test_basicTime361" classname="org.joda.time.format.TestISODateTimeFormatParsing" time="0.002">
    <error message="Invalid format: &quot;102030Z&quot; is malformed at &quot;Z&quot;" type="java.lang.IllegalArgumentException">java.lang.IllegalArgumentException: Invalid format: "102030Z" is malformed at "Z"
	at org.joda.time.format.DateTimeFormatter.parseDateTime(DateTimeFormatter.java:882)
	at org.joda.time.format.TestISODateTimeFormatParsing.assertParse(TestISODateTimeFormatParsing.java:218)
	at org.joda.time.format.TestISODateTimeFormatParsing.__CLR4_4_1cvruntmhc(TestISODateTimeFormatParsing.java:72)
	at org.joda.time.format.TestISODateTimeFormatParsing.test_basicTime361(TestISODateTimeFormatParsing.java:69)
</error>
  </testcase>
  <testcase name="test_append_nullPrinter_Parser517" classname="org.joda.time.format.TestDateTimeFormatterBuilder" time="0"/>
  <testcase name="test_toFormatter516" classname="org.joda.time.format.TestDateTimeFormatterBuilder" time="0"/>
  <testcase name="test_appendLiteral521" classname="org.joda.time.format.TestDateTimeFormatterBuilder" time="0.001"/>
  <testcase name="testFormat_appendPattern539" classname="org.joda.time.format.TestDateTimeFormatterBuilder" time="0"/>
  <testcase name="test_canBuildFormatter540" classname="org.joda.time.format.TestDateTimeFormatterBuilder" time="0"/>
  <testcase name="test_printParseZoneParis543" classname="org.joda.time.format.TestDateTimeFormatterBuilder" time="0.003"/>
  <testcase name="test_parseWrongOffsetAndZone552" classname="org.joda.time.format.TestDateTimeFormatterBuilder" time="0.001"/>
  <testcase name="test_canBuildPrinter519" classname="org.joda.time.format.TestDateTimeFormatterBuilder" time="0.001"/>
  <testcase name="test_toPrinter518" classname="org.joda.time.format.TestDateTimeFormatterBuilder" time="0"/>
  <testcase name="testWithGetLocale260" classname="org.joda.time.format.TestPeriodFormatter" time="0"/>
  <testcase name="testBug249545557" classname="org.joda.time.format.TestPeriodFormat" time="0.001"/>
  <testcase name="test_wordBased_de_FormatOneField310" classname="org.joda.time.format.TestPeriodFormat" time="0.002"/>
  <testcase name="testParseStandardFail162" classname="org.joda.time.format.TestPeriodFormat" time="0"/>
  <testcase name="testFormatAlternate89" classname="org.joda.time.format.TestISOPeriodFormat" time="0.001">
    <failure message="expected:&lt;P0001[-02-04T05:06:]07.008&gt; but was:&lt;P0001[0204T0506]07.008&gt;" type="junit.framework.ComparisonFailure"><![CDATA[junit.framework.ComparisonFailure: expected:<P0001[-02-04T05:06:]07.008> but was:<P0001[0204T0506]07.008>
	at junit.framework.Assert.assertEquals(Assert.java:81)
	at junit.framework.Assert.assertEquals(Assert.java:87)
	at org.joda.time.format.TestISOPeriodFormat.__CLR4_4_14s8bfrmmq(TestISOPeriodFormat.java:95)
	at org.joda.time.format.TestISOPeriodFormat.testFormatAlternate89(TestISOPeriodFormat.java:93)
]]></failure>
  </testcase>
  <testcase name="testFormatAlternateWithWeeks90" classname="org.joda.time.format.TestISOPeriodFormat" time="0.002">
    <failure message="expected:&lt;P0001[-W03-04T05:06:]07.008&gt; but was:&lt;P0001[W0304T0506]07.008&gt;" type="junit.framework.ComparisonFailure"><![CDATA[junit.framework.ComparisonFailure: expected:<P0001[-W03-04T05:06:]07.008> but was:<P0001[W0304T0506]07.008>
	at junit.framework.Assert.assertEquals(Assert.java:81)
	at junit.framework.Assert.assertEquals(Assert.java:87)
	at org.joda.time.format.TestISOPeriodFormat.__CLR4_4_18hmxvqmn3(TestISOPeriodFormat.java:109)
	at org.joda.time.format.TestISOPeriodFormat.testFormatAlternateWithWeeks90(TestISOPeriodFormat.java:107)
]]></failure>
  </testcase>
  <testcase name="testFormatAppend_PrinterParser_PrinterParser59" classname="org.joda.time.format.TestISOPeriodFormatParsing" time="0"/>
  <testcase name="warning" classname="junit.framework.TestSuite$1" time="0">
    <failure message="No tests found in org.joda.time.format.TestPeriodFormatParsing" type="junit.framework.AssertionFailedError">junit.framework.AssertionFailedError: No tests found in org.joda.time.format.TestPeriodFormatParsing
	at junit.framework.Assert.fail(Assert.java:47)
	at junit.framework.TestSuite$1.runTest(TestSuite.java:90)
	at junit.framework.TestCase.runBare(TestCase.java:130)
	at junit.framework.TestResult$1.protect(TestResult.java:106)
	at junit.framework.TestResult.runProtected(TestResult.java:124)
	at junit.framework.TestResult.run(TestResult.java:109)
	at junit.framework.TestCase.run(TestCase.java:120)
	at junit.framework.TestSuite.runTest(TestSuite.java:230)
	at junit.framework.TestSuite.run(TestSuite.java:225)
	at junit.framework.TestSuite.runTest(TestSuite.java:230)
	at junit.framework.TestSuite.run(TestSuite.java:225)
	at junit.framework.TestSuite.runTest(TestSuite.java:230)
	at junit.framework.TestSuite.run(TestSuite.java:225)
	at sun.reflect.NativeMethodAccessorImpl.invoke0(Native Method)
	at sun.reflect.NativeMethodAccessorImpl.invoke(NativeMethodAccessorImpl.java:62)
	at sun.reflect.DelegatingMethodAccessorImpl.invoke(DelegatingMethodAccessorImpl.java:43)
	at java.lang.reflect.Method.invoke(Method.java:498)
	at org.apache.maven.surefire.junit.JUnitTestSet.execute(JUnitTestSet.java:95)
	at org.apache.maven.surefire.junit.JUnit3Provider.executeTestSet(JUnit3Provider.java:131)
	at org.apache.maven.surefire.junit.JUnit3Provider.invoke(JUnit3Provider.java:108)
	at org.apache.maven.surefire.booter.ForkedBooter.invokeProviderInSameClassLoader(ForkedBooter.java:200)
	at org.apache.maven.surefire.booter.ForkedBooter.runSuitesInProcess(ForkedBooter.java:153)
	at org.apache.maven.surefire.booter.ForkedBooter.main(ForkedBooter.java:103)
</failure>
  </testcase>
  <testcase name="testFormatSuffixPlural353" classname="org.joda.time.format.TestPeriodFormatterBuilder" time="0.001"/>
  <testcase name="testFormatSuffixPlural454" classname="org.joda.time.format.TestPeriodFormatterBuilder" time="0"/>
  <testcase name="testFormatAppend_PrinterParser_Printer_null_null_Parser51" classname="org.joda.time.format.TestPeriodFormatterBuilder" time="0.001"/>
  <testcase name="testFormatPrintZeroAlways50" classname="org.joda.time.format.TestPeriodFormatterBuilder" time="0.002">
    <failure message="expected:&lt;0-[--]&gt; but was:&lt;0-[0-0-0]&gt;" type="junit.framework.ComparisonFailure"><![CDATA[junit.framework.ComparisonFailure: expected:<0-[--]> but was:<0-[0-0-0]>
	at junit.framework.Assert.assertEquals(Assert.java:81)
	at junit.framework.Assert.assertEquals(Assert.java:87)
	at org.joda.time.format.TestPeriodFormatterBuilder.__CLR4_4_130zjxfmri(TestPeriodFormatterBuilder.java:117)
	at org.joda.time.format.TestPeriodFormatterBuilder.testFormatPrintZeroAlways50(TestPeriodFormatterBuilder.java:112)
]]></failure>
  </testcase>
  <testcase name="testFormatSuffixPlural252" classname="org.joda.time.format.TestPeriodFormatterBuilder" time="0"/>
  <testcase name="testFormatSeparatorIfFieldsAfter55" classname="org.joda.time.format.TestPeriodFormatterBuilder" time="0.001"/>
  <testcase name="testFormatPrintZeroRarelyFirst49" classname="org.joda.time.format.TestPeriodFormatterBuilder" time="0.001"/>
  <testcase name="testFormatPrefixSimple258" classname="org.joda.time.format.TestPeriodFormatterBuilder" time="0.001"/>
  <testcase name="testFormatSuffixPlural160" classname="org.joda.time.format.TestPeriodFormatterBuilder" time="0"/>
  <testcase name="testFormatSeparatorIfFieldsBefore56" classname="org.joda.time.format.TestPeriodFormatterBuilder" time="0.002">
    <failure message="expected:&lt;[T]5&gt; but was:&lt;[]5&gt;" type="junit.framework.ComparisonFailure"><![CDATA[junit.framework.ComparisonFailure: expected:<[T]5> but was:<[]5>
	at junit.framework.Assert.assertEquals(Assert.java:81)
	at junit.framework.Assert.assertEquals(Assert.java:87)
	at org.joda.time.format.TestPeriodFormatterBuilder.__CLR4_4_1kvr7o9msx(TestPeriodFormatterBuilder.java:180)
	at org.joda.time.format.TestPeriodFormatterBuilder.testFormatSeparatorIfFieldsBefore56(TestPeriodFormatterBuilder.java:175)
]]></failure>
  </testcase>
  <testcase name="warning" classname="junit.framework.TestSuite$1" time="0">
    <failure message="No tests found in org.joda.time.format.TestTextFields" type="junit.framework.AssertionFailedError">junit.framework.AssertionFailedError: No tests found in org.joda.time.format.TestTextFields
	at junit.framework.Assert.fail(Assert.java:47)
	at junit.framework.TestSuite$1.runTest(TestSuite.java:90)
	at junit.framework.TestCase.runBare(TestCase.java:130)
	at junit.framework.TestResult$1.protect(TestResult.java:106)
	at junit.framework.TestResult.runProtected(TestResult.java:124)
	at junit.framework.TestResult.run(TestResult.java:109)
	at junit.framework.TestCase.run(TestCase.java:120)
	at junit.framework.TestSuite.runTest(TestSuite.java:230)
	at junit.framework.TestSuite.run(TestSuite.java:225)
	at junit.framework.TestSuite.runTest(TestSuite.java:230)
	at junit.framework.TestSuite.run(TestSuite.java:225)
	at junit.framework.TestSuite.runTest(TestSuite.java:230)
	at junit.framework.TestSuite.run(TestSuite.java:225)
	at sun.reflect.NativeMethodAccessorImpl.invoke0(Native Method)
	at sun.reflect.NativeMethodAccessorImpl.invoke(NativeMethodAccessorImpl.java:62)
	at sun.reflect.DelegatingMethodAccessorImpl.invoke(DelegatingMethodAccessorImpl.java:43)
	at java.lang.reflect.Method.invoke(Method.java:498)
	at org.apache.maven.surefire.junit.JUnitTestSet.execute(JUnitTestSet.java:95)
	at org.apache.maven.surefire.junit.JUnit3Provider.executeTestSet(JUnit3Provider.java:131)
	at org.apache.maven.surefire.junit.JUnit3Provider.invoke(JUnit3Provider.java:108)
	at org.apache.maven.surefire.booter.ForkedBooter.invokeProviderInSameClassLoader(ForkedBooter.java:200)
	at org.apache.maven.surefire.booter.ForkedBooter.runSuitesInProcess(ForkedBooter.java:153)
	at org.apache.maven.surefire.booter.ForkedBooter.main(ForkedBooter.java:103)
</failure>
  </testcase>
  <testcase name="warning" classname="junit.framework.TestSuite$1" time="0">
    <failure message="No tests found in org.joda.time.tz.TestUTCProvider" type="junit.framework.AssertionFailedError">junit.framework.AssertionFailedError: No tests found in org.joda.time.tz.TestUTCProvider
	at junit.framework.Assert.fail(Assert.java:47)
	at junit.framework.TestSuite$1.runTest(TestSuite.java:90)
	at junit.framework.TestCase.runBare(TestCase.java:130)
	at junit.framework.TestResult$1.protect(TestResult.java:106)
	at junit.framework.TestResult.runProtected(TestResult.java:124)
	at junit.framework.TestResult.run(TestResult.java:109)
	at junit.framework.TestCase.run(TestCase.java:120)
	at junit.framework.TestSuite.runTest(TestSuite.java:230)
	at junit.framework.TestSuite.run(TestSuite.java:225)
	at junit.framework.TestSuite.runTest(TestSuite.java:230)
	at junit.framework.TestSuite.run(TestSuite.java:225)
	at junit.framework.TestSuite.runTest(TestSuite.java:230)
	at junit.framework.TestSuite.run(TestSuite.java:225)
	at sun.reflect.NativeMethodAccessorImpl.invoke0(Native Method)
	at sun.reflect.NativeMethodAccessorImpl.invoke(NativeMethodAccessorImpl.java:62)
	at sun.reflect.DelegatingMethodAccessorImpl.invoke(DelegatingMethodAccessorImpl.java:43)
	at java.lang.reflect.Method.invoke(Method.java:498)
	at org.apache.maven.surefire.junit.JUnitTestSet.execute(JUnitTestSet.java:95)
	at org.apache.maven.surefire.junit.JUnit3Provider.executeTestSet(JUnit3Provider.java:131)
	at org.apache.maven.surefire.junit.JUnit3Provider.invoke(JUnit3Provider.java:108)
	at org.apache.maven.surefire.booter.ForkedBooter.invokeProviderInSameClassLoader(ForkedBooter.java:200)
	at org.apache.maven.surefire.booter.ForkedBooter.runSuitesInProcess(ForkedBooter.java:153)
	at org.apache.maven.surefire.booter.ForkedBooter.main(ForkedBooter.java:103)
</failure>
  </testcase>
  <testcase name="warning" classname="junit.framework.TestSuite$1" time="0">
    <failure message="No tests found in org.joda.time.tz.TestBuilder" type="junit.framework.AssertionFailedError">junit.framework.AssertionFailedError: No tests found in org.joda.time.tz.TestBuilder
	at junit.framework.Assert.fail(Assert.java:47)
	at junit.framework.TestSuite$1.runTest(TestSuite.java:90)
	at junit.framework.TestCase.runBare(TestCase.java:130)
	at junit.framework.TestResult$1.protect(TestResult.java:106)
	at junit.framework.TestResult.runProtected(TestResult.java:124)
	at junit.framework.TestResult.run(TestResult.java:109)
	at junit.framework.TestCase.run(TestCase.java:120)
	at junit.framework.TestSuite.runTest(TestSuite.java:230)
	at junit.framework.TestSuite.run(TestSuite.java:225)
	at junit.framework.TestSuite.runTest(TestSuite.java:230)
	at junit.framework.TestSuite.run(TestSuite.java:225)
	at junit.framework.TestSuite.runTest(TestSuite.java:230)
	at junit.framework.TestSuite.run(TestSuite.java:225)
	at sun.reflect.NativeMethodAccessorImpl.invoke0(Native Method)
	at sun.reflect.NativeMethodAccessorImpl.invoke(NativeMethodAccessorImpl.java:62)
	at sun.reflect.DelegatingMethodAccessorImpl.invoke(DelegatingMethodAccessorImpl.java:43)
	at java.lang.reflect.Method.invoke(Method.java:498)
	at org.apache.maven.surefire.junit.JUnitTestSet.execute(JUnitTestSet.java:95)
	at org.apache.maven.surefire.junit.JUnit3Provider.executeTestSet(JUnit3Provider.java:131)
	at org.apache.maven.surefire.junit.JUnit3Provider.invoke(JUnit3Provider.java:108)
	at org.apache.maven.surefire.booter.ForkedBooter.invokeProviderInSameClassLoader(ForkedBooter.java:200)
	at org.apache.maven.surefire.booter.ForkedBooter.runSuitesInProcess(ForkedBooter.java:153)
	at org.apache.maven.surefire.booter.ForkedBooter.main(ForkedBooter.java:103)
</failure>
  </testcase>
  <testcase name="warning" classname="junit.framework.TestSuite$1" time="0">
    <failure message="No tests found in org.joda.time.tz.TestCompiler" type="junit.framework.AssertionFailedError">junit.framework.AssertionFailedError: No tests found in org.joda.time.tz.TestCompiler
	at junit.framework.Assert.fail(Assert.java:47)
	at junit.framework.TestSuite$1.runTest(TestSuite.java:90)
	at junit.framework.TestCase.runBare(TestCase.java:130)
	at junit.framework.TestResult$1.protect(TestResult.java:106)
	at junit.framework.TestResult.runProtected(TestResult.java:124)
	at junit.framework.TestResult.run(TestResult.java:109)
	at junit.framework.TestCase.run(TestCase.java:120)
	at junit.framework.TestSuite.runTest(TestSuite.java:230)
	at junit.framework.TestSuite.run(TestSuite.java:225)
	at junit.framework.TestSuite.runTest(TestSuite.java:230)
	at junit.framework.TestSuite.run(TestSuite.java:225)
	at junit.framework.TestSuite.runTest(TestSuite.java:230)
	at junit.framework.TestSuite.run(TestSuite.java:225)
	at sun.reflect.NativeMethodAccessorImpl.invoke0(Native Method)
	at sun.reflect.NativeMethodAccessorImpl.invoke(NativeMethodAccessorImpl.java:62)
	at sun.reflect.DelegatingMethodAccessorImpl.invoke(DelegatingMethodAccessorImpl.java:43)
	at java.lang.reflect.Method.invoke(Method.java:498)
	at org.apache.maven.surefire.junit.JUnitTestSet.execute(JUnitTestSet.java:95)
	at org.apache.maven.surefire.junit.JUnit3Provider.executeTestSet(JUnit3Provider.java:131)
	at org.apache.maven.surefire.junit.JUnit3Provider.invoke(JUnit3Provider.java:108)
	at org.apache.maven.surefire.booter.ForkedBooter.invokeProviderInSameClassLoader(ForkedBooter.java:200)
	at org.apache.maven.surefire.booter.ForkedBooter.runSuitesInProcess(ForkedBooter.java:153)
	at org.apache.maven.surefire.booter.ForkedBooter.main(ForkedBooter.java:103)
</failure>
  </testcase>
  <testcase name="warning" classname="junit.framework.TestSuite$1" time="0.001">
    <failure message="No tests found in org.joda.time.tz.TestCachedDateTimeZone" type="junit.framework.AssertionFailedError">junit.framework.AssertionFailedError: No tests found in org.joda.time.tz.TestCachedDateTimeZone
	at junit.framework.Assert.fail(Assert.java:47)
	at junit.framework.TestSuite$1.runTest(TestSuite.java:90)
	at junit.framework.TestCase.runBare(TestCase.java:130)
	at junit.framework.TestResult$1.protect(TestResult.java:106)
	at junit.framework.TestResult.runProtected(TestResult.java:124)
	at junit.framework.TestResult.run(TestResult.java:109)
	at junit.framework.TestCase.run(TestCase.java:120)
	at junit.framework.TestSuite.runTest(TestSuite.java:230)
	at junit.framework.TestSuite.run(TestSuite.java:225)
	at junit.framework.TestSuite.runTest(TestSuite.java:230)
	at junit.framework.TestSuite.run(TestSuite.java:225)
	at junit.framework.TestSuite.runTest(TestSuite.java:230)
	at junit.framework.TestSuite.run(TestSuite.java:225)
	at sun.reflect.NativeMethodAccessorImpl.invoke0(Native Method)
	at sun.reflect.NativeMethodAccessorImpl.invoke(NativeMethodAccessorImpl.java:62)
	at sun.reflect.DelegatingMethodAccessorImpl.invoke(DelegatingMethodAccessorImpl.java:43)
	at java.lang.reflect.Method.invoke(Method.java:498)
	at org.apache.maven.surefire.junit.JUnitTestSet.execute(JUnitTestSet.java:95)
	at org.apache.maven.surefire.junit.JUnit3Provider.executeTestSet(JUnit3Provider.java:131)
	at org.apache.maven.surefire.junit.JUnit3Provider.invoke(JUnit3Provider.java:108)
	at org.apache.maven.surefire.booter.ForkedBooter.invokeProviderInSameClassLoader(ForkedBooter.java:200)
	at org.apache.maven.surefire.booter.ForkedBooter.runSuitesInProcess(ForkedBooter.java:153)
	at org.apache.maven.surefire.booter.ForkedBooter.main(ForkedBooter.java:103)
</failure>
  </testcase>
  <testcase name="warning" classname="junit.framework.TestSuite$1" time="0">
    <failure message="No tests found in org.joda.time.tz.TestFixedDateTimeZone" type="junit.framework.AssertionFailedError">junit.framework.AssertionFailedError: No tests found in org.joda.time.tz.TestFixedDateTimeZone
	at junit.framework.Assert.fail(Assert.java:47)
	at junit.framework.TestSuite$1.runTest(TestSuite.java:90)
	at junit.framework.TestCase.runBare(TestCase.java:130)
	at junit.framework.TestResult$1.protect(TestResult.java:106)
	at junit.framework.TestResult.runProtected(TestResult.java:124)
	at junit.framework.TestResult.run(TestResult.java:109)
	at junit.framework.TestCase.run(TestCase.java:120)
	at junit.framework.TestSuite.runTest(TestSuite.java:230)
	at junit.framework.TestSuite.run(TestSuite.java:225)
	at junit.framework.TestSuite.runTest(TestSuite.java:230)
	at junit.framework.TestSuite.run(TestSuite.java:225)
	at junit.framework.TestSuite.runTest(TestSuite.java:230)
	at junit.framework.TestSuite.run(TestSuite.java:225)
	at sun.reflect.NativeMethodAccessorImpl.invoke0(Native Method)
	at sun.reflect.NativeMethodAccessorImpl.invoke(NativeMethodAccessorImpl.java:62)
	at sun.reflect.DelegatingMethodAccessorImpl.invoke(DelegatingMethodAccessorImpl.java:43)
	at java.lang.reflect.Method.invoke(Method.java:498)
	at org.apache.maven.surefire.junit.JUnitTestSet.execute(JUnitTestSet.java:95)
	at org.apache.maven.surefire.junit.JUnit3Provider.executeTestSet(JUnit3Provider.java:131)
	at org.apache.maven.surefire.junit.JUnit3Provider.invoke(JUnit3Provider.java:108)
	at org.apache.maven.surefire.booter.ForkedBooter.invokeProviderInSameClassLoader(ForkedBooter.java:200)
	at org.apache.maven.surefire.booter.ForkedBooter.runSuitesInProcess(ForkedBooter.java:153)
	at org.apache.maven.surefire.booter.ForkedBooter.main(ForkedBooter.java:103)
</failure>
  </testcase>
</testsuite>