Testsuite: org.apache.commons.lang3.AnnotationUtilsTest
Tests run: 3, Failures: 0, Errors: 2, Skipped: 0, Time elapsed: 0.045 sec

Testcase: testToString290 took 0.002 sec
	Caused an ERROR
org.apache.commons.lang3.AnnotationUtilsTest.testToString()
java.lang.NoSuchMethodException: org.apache.commons.lang3.AnnotationUtilsTest.testToString()
	at java.lang.Class.getDeclaredMethod(Class.java:2130)
	at org.apache.commons.lang3.AnnotationUtilsTest.testToString290(AnnotationUtilsTest.java:399)
	at java.util.concurrent.FutureTask.run(FutureTask.java:266)
	at java.lang.Thread.run(Thread.java:750)

Testcase: testHashCode292 took 0 sec
	Caused an ERROR
org.apache.commons.lang3.AnnotationUtilsTest.testHashCode()
java.lang.NoSuchMethodException: org.apache.commons.lang3.AnnotationUtilsTest.testHashCode()
	at java.lang.Class.getDeclaredMethod(Class.java:2130)
	at org.apache.commons.lang3.AnnotationUtilsTest.testHashCode292(AnnotationUtilsTest.java:413)
	at java.util.concurrent.FutureTask.run(FutureTask.java:266)
	at java.lang.Thread.run(Thread.java:750)

Testcase: testSameInstance291 took 0.026 sec
