Testsuite: org.apache.commons.lang3.ClassUtilsTest
Tests run: 27, Failures: 2, Errors: 0, Skipped: 0, Time elapsed: 0.067 sec

Testcase: testGetClassInvalidArguments185 took 0.029 sec
Testcase: test_getAllInterfaces_Class173 took 0.001 sec
Testcase: test_getShortClassName_Class166 took 0 sec
Testcase: test_getSimpleName_Object168 took 0 sec
Testcase: testToClass_object188 took 0.005 sec
Testcase: test_getShortCanonicalName_Object189 took 0.002 sec
	FAILED
expected:<ClassUtilsTest.[6]> but was:<ClassUtilsTest.[5]>
junit.framework.AssertionFailedError: expected:<ClassUtilsTest.[6]> but was:<ClassUtilsTest.[5]>
	at org.apache.commons.lang3.ClassUtilsTest.test_getShortCanonicalName_Object189(ClassUtilsTest.java:503)

Testcase: test_isAssignable_Unboxing_Widening180 took 0 sec
Testcase: testWithInterleavingWhitespace187 took 0 sec
Testcase: testWrappersToPrimitivesNull181 took 0 sec
Testcase: test_getSimpleName_Class169 took 0.001 sec
Testcase: testGetClassRawPrimitives183 took 0 sec
Testcase: testGetClassClassNotFound184 took 0.001 sec
Testcase: testGetClassWithArrayClasses182 took 0 sec
Testcase: test_getPackageCanonicalName_Class191 took 0 sec
Testcase: test_getPackageName_Class171 took 0.001 sec
Testcase: test_getShortCanonicalName_String167 took 0 sec
Testcase: test_isAssignable_ClassArray_ClassArray_NoAutoboxing177 took 0 sec
Testcase: test_isAssignable179 took 0.002 sec
Testcase: test_getPackageName_Object170 took 0 sec
Testcase: test_getPackageCanonicalName_Object165 took 0 sec
Testcase: test_getShortCanonicalName_Class190 took 0.001 sec
	FAILED
expected:<ClassUtilsTest.[7]> but was:<ClassUtilsTest.[6]>
junit.framework.AssertionFailedError: expected:<ClassUtilsTest.[7]> but was:<ClassUtilsTest.[6]>
	at org.apache.commons.lang3.ClassUtilsTest.test_getShortCanonicalName_Class190(ClassUtilsTest.java:517)

Testcase: test_convertClassNamesToClasses_List174 took 0.001 sec
Testcase: test_convertClassesToClassNames_List175 took 0 sec
Testcase: testIsPrimitiveOrWrapper178 took 0 sec
Testcase: testGetPublicMethod186 took 0 sec
Testcase: test_isAssignable_ClassArray_ClassArray176 took 0.001 sec
Testcase: test_getAllSuperclasses_Class172 took 0 sec
