<!DOCTYPE html>
<html xmlns="http://www.w3.org/1999/xhtml" xml:lang="en" lang="en">
<head>
    <meta http-equiv="Content-Type" content="text/html; charset=UTF-8"/>

    
    
    <link rel="SHORTCUT ICON" href="../../../img/clover.ico" />

    <link rel="stylesheet" href="../../../aui/css/aui.min.css" media="all"/>
    <link rel="stylesheet" href="../../../aui/css/aui-experimental.min.css" media="all"/>
    <!--[if IE 9]><link rel="stylesheet" href="../../../aui/css/aui-ie9.min.css" media="all"/><![endif]-->

    <style type="text/css" media="all">
        @import url('../../../style.css');
        @import url('../../../tree.css');
        
    </style>

    <script src="../../../jquery-1.8.3.min.js" type="text/javascript"></script>
    <script src="../../../aui/js/aui.min.js" type="text/javascript"></script>
    <script src="../../../aui/js/aui-experimental.min.js" type="text/javascript"></script>
    <script src="../../../aui/js/aui-soy.min.js" type="text/javascript"></script>

    <script src="../../../package-nodes-tree.js" type="text/javascript"></script>
    <script src="../../../clover-tree.js" type="text/javascript"></script>
    <script src="../../../clover.js" type="text/javascript"></script>
    <script src="../../../clover-descriptions.js" type="text/javascript"></script>
    <script src="../../../cloud.js" type="text/javascript"></script>

            <title>jsoup</title>
    </head>

<body>
    <div id="page">
        
        


<header id="header" role="banner">
    <nav class="aui-header aui-dropdown2-trigger-group" role="navigation">
        <div class="aui-header-inner">
            <div class="aui-header-primary">
                <h1 id="logo" class="aui-header-logo aui-header-logo-clover">
                    <a href="http://openclover.org" title="Visit OpenClover home page"><span class="aui-header-logo-device">OpenClover</span></a>
                </h1>
                                <ul class="aui-nav">
                    <li>
                        <a href="#dropdown2-jira3" aria-owns="dropdown2-jira3" aria-haspopup="true"
                           class="aui-dropdown2-trigger" aria-controls="dropdown2-header7">
                            Linked reports
                            <span class="aui-icon-dropdown"></span>
                        </a>

                        <div class="aui-dropdown2 aui-style-default aui-dropdown2-in-header" id="dropdown2-jira3"
                             style="display: none; top: 40px; min-width: 160px; left: 1213px; " aria-hidden="true">
                            <div class="aui-dropdown2-section">
                                <ul>
                                                                                                                <li><a href="../../../historical.html">jsoup-Historical</a></li>
                                                                    </ul>
                            </div>
                        </div>
                    </li>
                </ul>
                            </div>
            <div class="aui-header-secondary">
                <ul class="aui-nav">
                    <li id="system-help-menu">
                        <a class="aui-nav-link" title="Open online documentation" target="_blank"
                           href="http://openclover.org/documentation">
                            <span class="aui-icon aui-icon-small aui-iconfont-help">&#160;Help</span>
                        </a>
                    </li>
                </ul>
            </div>
        </div>
    </nav>
</header>
        
        <div class="aui-page-panel">
            <div class="aui-page-panel-inner">
                <div class="aui-page-panel-nav aui-page-panel-nav-clover">
                    

<div class="aui-page-header-inner" style="margin-bottom: 20px;">
    <div class="aui-page-header-image">
                <div class="aui-avatar aui-avatar-large aui-avatar-project">
            <div class="aui-avatar-inner">
                                    <img src="../../../img/clover_logo_large.png" alt="Clover icon"/>
                            </div>
        </div>
            </div>
    <div class="aui-page-header-main" >
        <h1>
                                        jsoup
                                </h1>
    </div>
</div>

<nav class="aui-navgroup aui-navgroup-vertical">
    <div class="aui-navgroup-inner">
                                            <ul class="aui-nav">
                <li class="">
                    <a href="../../../dashboard.html">Project overview</a>
                </li>
            </ul>
        
                <div class="aui-nav-heading packages-nav-heading">
            <strong>Packages</strong>
        </div>
        <div class="aui-nav project-packages">
            <form method="get" action="#" class="aui package-filter-container">
                <input type="text" autocomplete="off" class="package-filter text"
                       placeholder="Type to filter packages..." name="package-filter" id="package-filter"
                       title="Start typing package name (or part of the name) to search through the tree. Use arrow keys and the Enter key to navigate."/>
            </form>
            <p class="package-filter-no-results-message hidden">
                <small>No results found.</small>
            </p>
                                                <div class="packages-tree-wrapper" data-root-relative="../../../" data-package-name="org.jsoup.nodes">
                <div class="packages-tree-container"></div>
                <div class="clover-packages-lozenges"></div>
            </div>
        </div>
        
            </div>
</nav>                </div>
                <section class="aui-page-panel-content">
                    <div class="aui-page-panel-content-clover">

                    
                    <div class="aui-page-header-main"><ol class="aui-nav aui-nav-breadcrumbs">
    
    <li><a href="../../../dashboard.html"> Project Clover database Thu Feb 9 2023 12:41:54 MST</a></li>
     <li><a href="test-pkg-summary.html">Package org.jsoup.nodes</a></li>
</ol></div>
    
<h1 class="aui-h2-clover">
            
        Class ElementTest
    </h1>


 
<div class="aui-tabs horizontal-tabs" id="tabs-file">
    <ul class="tabs-menu">
        <li class="menu-item">
            <a href="ElementTest.html"><strong>Source file</strong></a>
        </li>
        <li class="menu-item active-tab">
            <a href="#tabs-file-test-results"><strong>Test results</strong></a>
        </li>
    </ul>
    <div class="tabs-pane aui-tabs-pane-100-pcnt active-pane" id="tabs-file-test-results">
        <div>&#160;</div>




<table id="testClassSummaryTable" class="aui">
<thead>
    <tr>
        <th width="40%"><label>Class</label></th>
        <th width="10%"><label title="Total number of tests (or test iterations) executed.">Tests</label></th>
        <th width="10%"><label title="Number of failed tests">Fail</label></th>
        <th width="10%"><label title="Number of test errors">Error</label></th>
        <th width="10%">
            <label title="The total time in seconds taken to run this set of tests.">Time (secs)</label>
        </th>
        <th width="20%"><label>% Tests Success</label></th>
    </tr>
</thead>
<tbody>
    <tr>
        <td>ElementTest</td>
        <td class="testPasses"><span class="sortValue">8</span>8</td>
<td class="testFailures"><span class="sortValue">7</span>7</td>
<td class=""><span class="sortValue">0</span>0</td>
        <td>0.04</td>
        <td class="align-middle">
            

<div style="display: table; width: 100%">
            <div class="barGraphValue"><span class="sortValue">0.125</span>12.5%</div>         <div style="display: table-cell">
            
            <div title="0% Errors" style="min-width: 40px;" class="testBarError">
                <div title="12.5% of tests passed&lt;br/&gt;87.5% of tests failed" class="testBarFail" style="width: 100%"><div class="testBarPass" style="width: 12.5%"></div></div>
            </div>
        </div>
    </div>        </td>
    </tr>
</tbody>
</table>

<div>&#160;</div>

<table id="testClassTestsTable" class="aui aui-table-sortable">
<thead>
    <tr>
        <th width="40%">
            <label title="Tests (or test iterations) which were executed.">Tests</label>
        </th>
        <th width="10%"><label>Started</label></th>
        <th width="10%"><label>Status</label></th>
        <th width="10%">
            <label title="The total time in seconds taken to run this set of tests.">Time (secs)</label>
        </th>
        <th width="30%"><label>Message</label></th>
    </tr>
</thead>
<tbody>


<tr>
    <td><span class="sortValue">ElementTest.testChild89</span><a href="ElementTest_testChild89_m.html">ElementTest.testChild89</a></td>
    <td style="whitespace:nowrap;"><span class="sortValue">1675971716642</span>9 Feb 12:41:56</td>
    <td>      <span class="sortValue">3</span><span class="aui-lozenge aui-lozenge-error">FAIL</span>
  </td>
    <td><span class="sortValue">0.0</span>0</td>
    <td style="width:50%">
    <span class="sortValue">Index:&#160;0,&#160;Size:&#160;0</span>
        <span class="expand" id="togglebut1" onclick="toggleNodeExpansion('togglebut1', 'msgc1', 'msge1');return false;">&#160;</span>
        <div class="errorMessage" id="msgc1">Index:&#160;0,&#160;Size:&#160;0</div>
        <div class="errorMessage" id="msge1" style="display:none;"> <div>java.lang.IndexOutOfBoundsException: Index: 0, Size: 0</div><div> at java.util.ArrayList.rangeCheck(ArrayList.java:659)</div><div> at java.util.ArrayList.get(ArrayList.java:435)</div><div>	at <a href="../../../org/jsoup/select/Elements.html?line=354#src-354">org.jsoup.select.Elements.get(Elements.java:354)</a></div><div>	at <a href="../../../org/jsoup/nodes/ElementTest.html?line=22#src-22">org.jsoup.nodes.ElementTest.testChild89(ElementTest.java:22)</a></div><div> at org.junit.runners.model.FrameworkMethod$1.runReflectiveCall(FrameworkMethod.java:44)</div><div> at org.junit.internal.runners.model.ReflectiveCallable.run(ReflectiveCallable.java:15)</div><div> at org.junit.runners.model.FrameworkMethod.invokeExplosively(FrameworkMethod.java:41)</div><div> at org.junit.internal.runners.statements.InvokeMethod.evaluate(InvokeMethod.java:20)</div><div> at org.junit.internal.runners.statements.RunBefores.evaluate(RunBefores.java:28)</div><div> at org.junit.internal.runners.statements.RunAfters.evaluate(RunAfters.java:31)</div><div> at org.junit.runners.BlockJUnit4ClassRunner.runChild(BlockJUnit4ClassRunner.java:73)</div><div> at org.junit.runners.BlockJUnit4ClassRunner.runChild(BlockJUnit4ClassRunner.java:46)</div><div> at org.junit.runners.ParentRunner.runChildren(ParentRunner.java:180)</div><div> at org.junit.runners.ParentRunner.access$000(ParentRunner.java:41)</div><div> at org.junit.runners.ParentRunner$1.evaluate(ParentRunner.java:173)</div><div> at org.junit.internal.runners.statements.RunBefores.evaluate(RunBefores.java:28)</div><div> at org.junit.internal.runners.statements.RunAfters.evaluate(RunAfters.java:31)</div><div> at org.junit.runners.ParentRunner.run(ParentRunner.java:220)</div><div> at junit.framework.JUnit4TestAdapter.run(JUnit4TestAdapter.java:39)</div></div>
        </td>
</tr>
<tr>
    <td><span class="sortValue">ElementTest.testPrependElement92</span><a href="ElementTest_testPrependElement92_16.html">ElementTest.testPrependElement92</a></td>
    <td style="whitespace:nowrap;"><span class="sortValue">1675971716583</span>9 Feb 12:41:56</td>
    <td>      <span class="sortValue">3</span><span class="aui-lozenge aui-lozenge-error">FAIL</span>
  </td>
    <td><span class="sortValue">0.029</span>0.029</td>
    <td style="width:50%">
    <span class="sortValue">Cannot&#160;(yet)&#160;move&#160;nodes&#160;in&#160;tree</span>
        <span class="expand" id="togglebut2" onclick="toggleNodeExpansion('togglebut2', 'msgc2', 'msge2');return false;">&#160;</span>
        <div class="errorMessage" id="msgc2">Cannot&#160;(yet)&#160;move&#160;nodes&#160;in&#160;tree</div>
        <div class="errorMessage" id="msge2" style="display:none;"> <div>org.apache.commons.lang.NotImplementedException: Cannot (yet) move nodes in tree</div><div>	at <a href="../../../org/jsoup/nodes/Node.html?line=213#src-213">org.jsoup.nodes.Node.setParentNode(Node.java:213)</a></div><div>	at <a href="../../../org/jsoup/nodes/Element.html?line=188#src-188">org.jsoup.nodes.Element.prependChild(Element.java:188)</a></div><div>	at <a href="../../../org/jsoup/nodes/ElementTest.html?line=28#src-28">org.jsoup.nodes.ElementTest.testPrependElement92(ElementTest.java:28)</a></div><div> at org.junit.runners.model.FrameworkMethod$1.runReflectiveCall(FrameworkMethod.java:44)</div><div> at org.junit.internal.runners.model.ReflectiveCallable.run(ReflectiveCallable.java:15)</div><div> at org.junit.runners.model.FrameworkMethod.invokeExplosively(FrameworkMethod.java:41)</div><div> at org.junit.internal.runners.statements.InvokeMethod.evaluate(InvokeMethod.java:20)</div><div> at org.junit.internal.runners.statements.RunBefores.evaluate(RunBefores.java:28)</div><div> at org.junit.internal.runners.statements.RunAfters.evaluate(RunAfters.java:31)</div><div> at org.junit.runners.BlockJUnit4ClassRunner.runChild(BlockJUnit4ClassRunner.java:73)</div><div> at org.junit.runners.BlockJUnit4ClassRunner.runChild(BlockJUnit4ClassRunner.java:46)</div><div> at org.junit.runners.ParentRunner.runChildren(ParentRunner.java:180)</div><div> at org.junit.runners.ParentRunner.access$000(ParentRunner.java:41)</div><div> at org.junit.runners.ParentRunner$1.evaluate(ParentRunner.java:173)</div><div> at org.junit.internal.runners.statements.RunBefores.evaluate(RunBefores.java:28)</div><div> at org.junit.internal.runners.statements.RunAfters.evaluate(RunAfters.java:31)</div><div> at org.junit.runners.ParentRunner.run(ParentRunner.java:220)</div><div> at junit.framework.JUnit4TestAdapter.run(JUnit4TestAdapter.java:39)</div></div>
        </td>
</tr>
<tr>
    <td><span class="sortValue">ElementTest.testWrap95</span><a href="ElementTest_testWrap95_2g.html">ElementTest.testWrap95</a></td>
    <td style="whitespace:nowrap;"><span class="sortValue">1675971716630</span>9 Feb 12:41:56</td>
    <td>      <span class="sortValue">3</span><span class="aui-lozenge aui-lozenge-error">FAIL</span>
  </td>
    <td><span class="sortValue">0.002</span>0.002</td>
    <td style="width:50%">
    <span class="sortValue">expected:&lt;&lt;div&gt;[&lt;div&gt;one&lt;/div&gt;&lt;div&gt;two&lt;/div&gt;&lt;p&gt;Three&lt;/p]&gt;&lt;/div&gt;&gt;&#160;but&#160;was:&lt;&lt;div&gt;[one&lt;div&gt;&lt;p&gt;Hello\nthere&lt;/p&gt;&lt;p&gt;Three&lt;/p&gt;&lt;/div&gt;&lt;div&gt;two&lt;/div]&gt;&lt;/div&gt;&gt;</span>
        <span class="expand" id="togglebut3" onclick="toggleNodeExpansion('togglebut3', 'msgc3', 'msge3');return false;">&#160;</span>
        <div class="errorMessage" id="msgc3">expected:&lt;&lt;div&gt;[&lt;div&gt;one&lt;/div&gt;&lt;div&gt;two&lt;/div&gt;&lt;p&gt;Three&lt;/p]&gt;&lt;/div&gt;&gt;&#160;but&#160;was:&lt;&lt;div&gt;[one&lt;div&gt;&lt;p&gt;Hello\nthere&lt;/p&gt;&lt;p&gt;Three&lt;/p&gt;&lt;/div&gt;&lt;div&gt;two&lt;/div]&gt;&lt;/div&gt;&gt;</div>
        <div class="errorMessage" id="msge3" style="display:none;"> <div>org.junit.ComparisonFailure: expected:&lt;&lt;div&gt;[&lt;div&gt;one&lt;/div&gt;&lt;div&gt;two&lt;/div&gt;&lt;p&gt;Three&lt;/p]&gt;&lt;/div&gt;&gt; but was:&lt;&lt;div&gt;[one&lt;div&gt;&lt;p&gt;Hello\nthere&lt;/p&gt;&lt;p&gt;Three&lt;/p&gt;&lt;/div&gt;&lt;div&gt;two&lt;/div]&gt;&lt;/div&gt;&gt;</div><div> at org.junit.Assert.assertEquals(Assert.java:123)</div><div> at org.junit.Assert.assertEquals(Assert.java:145)</div><div>	at <a href="../../../org/jsoup/nodes/ElementTest.html?line=32#src-32">org.jsoup.nodes.ElementTest.testWrap95(ElementTest.java:32)</a></div><div> at org.junit.runners.model.FrameworkMethod$1.runReflectiveCall(FrameworkMethod.java:44)</div><div> at org.junit.internal.runners.model.ReflectiveCallable.run(ReflectiveCallable.java:15)</div><div> at org.junit.runners.model.FrameworkMethod.invokeExplosively(FrameworkMethod.java:41)</div><div> at org.junit.internal.runners.statements.InvokeMethod.evaluate(InvokeMethod.java:20)</div><div> at org.junit.internal.runners.statements.RunBefores.evaluate(RunBefores.java:28)</div><div> at org.junit.internal.runners.statements.RunAfters.evaluate(RunAfters.java:31)</div><div> at org.junit.runners.BlockJUnit4ClassRunner.runChild(BlockJUnit4ClassRunner.java:73)</div><div> at org.junit.runners.BlockJUnit4ClassRunner.runChild(BlockJUnit4ClassRunner.java:46)</div><div> at org.junit.runners.ParentRunner.runChildren(ParentRunner.java:180)</div><div> at org.junit.runners.ParentRunner.access$000(ParentRunner.java:41)</div><div> at org.junit.runners.ParentRunner$1.evaluate(ParentRunner.java:173)</div><div> at org.junit.internal.runners.statements.RunBefores.evaluate(RunBefores.java:28)</div><div> at org.junit.internal.runners.statements.RunAfters.evaluate(RunAfters.java:31)</div><div> at org.junit.runners.ParentRunner.run(ParentRunner.java:220)</div><div> at junit.framework.JUnit4TestAdapter.run(JUnit4TestAdapter.java:39)</div></div>
        </td>
</tr>
<tr>
    <td><span class="sortValue">ElementTest.testWrap93</span><a href="ElementTest_testWrap93_5.html">ElementTest.testWrap93</a></td>
    <td style="whitespace:nowrap;"><span class="sortValue">1675971716622</span>9 Feb 12:41:56</td>
    <td>      <span class="sortValue">3</span><span class="aui-lozenge aui-lozenge-error">FAIL</span>
  </td>
    <td><span class="sortValue">0.006</span>0.006</td>
    <td style="width:50%">
    <span class="sortValue">expected:&lt;&lt;div&gt;&lt;[p&gt;Hello\nthere&lt;/p]&gt;&lt;/div&gt;&gt;&#160;but&#160;was:&lt;&lt;div&gt;&lt;[div&gt;&lt;p&gt;now!&lt;p&gt;Hello\nthere&lt;/p&gt;&lt;/p&gt;&lt;/div]&gt;&lt;/div&gt;&gt;</span>
        <span class="expand" id="togglebut4" onclick="toggleNodeExpansion('togglebut4', 'msgc4', 'msge4');return false;">&#160;</span>
        <div class="errorMessage" id="msgc4">expected:&lt;&lt;div&gt;&lt;[p&gt;Hello\nthere&lt;/p]&gt;&lt;/div&gt;&gt;&#160;but&#160;was:&lt;&lt;div&gt;&lt;[div&gt;&lt;p&gt;now!&lt;p&gt;Hello\nthere&lt;/p&gt;&lt;/p&gt;&lt;/div]&gt;&lt;/div&gt;&gt;</div>
        <div class="errorMessage" id="msge4" style="display:none;"> <div>org.junit.ComparisonFailure: expected:&lt;&lt;div&gt;&lt;[p&gt;Hello\nthere&lt;/p]&gt;&lt;/div&gt;&gt; but was:&lt;&lt;div&gt;&lt;[div&gt;&lt;p&gt;now!&lt;p&gt;Hello\nthere&lt;/p&gt;&lt;/p&gt;&lt;/div]&gt;&lt;/div&gt;&gt;</div><div> at org.junit.Assert.assertEquals(Assert.java:123)</div><div> at org.junit.Assert.assertEquals(Assert.java:145)</div><div>	at <a href="../../../org/jsoup/nodes/ElementTest.html?line=30#src-30">org.jsoup.nodes.ElementTest.testWrap93(ElementTest.java:30)</a></div><div> at org.junit.runners.model.FrameworkMethod$1.runReflectiveCall(FrameworkMethod.java:44)</div><div> at org.junit.internal.runners.model.ReflectiveCallable.run(ReflectiveCallable.java:15)</div><div> at org.junit.runners.model.FrameworkMethod.invokeExplosively(FrameworkMethod.java:41)</div><div> at org.junit.internal.runners.statements.InvokeMethod.evaluate(InvokeMethod.java:20)</div><div> at org.junit.internal.runners.statements.RunBefores.evaluate(RunBefores.java:28)</div><div> at org.junit.internal.runners.statements.RunAfters.evaluate(RunAfters.java:31)</div><div> at org.junit.runners.BlockJUnit4ClassRunner.runChild(BlockJUnit4ClassRunner.java:73)</div><div> at org.junit.runners.BlockJUnit4ClassRunner.runChild(BlockJUnit4ClassRunner.java:46)</div><div> at org.junit.runners.ParentRunner.runChildren(ParentRunner.java:180)</div><div> at org.junit.runners.ParentRunner.access$000(ParentRunner.java:41)</div><div> at org.junit.runners.ParentRunner$1.evaluate(ParentRunner.java:173)</div><div> at org.junit.internal.runners.statements.RunBefores.evaluate(RunBefores.java:28)</div><div> at org.junit.internal.runners.statements.RunAfters.evaluate(RunAfters.java:31)</div><div> at org.junit.runners.ParentRunner.run(ParentRunner.java:220)</div><div> at junit.framework.JUnit4TestAdapter.run(JUnit4TestAdapter.java:39)</div></div>
        </td>
</tr>
<tr>
    <td><span class="sortValue">ElementTest.testGetDeepChild108</span><a href="ElementTest_testGetDeepChild108_v.html">ElementTest.testGetDeepChild108</a></td>
    <td style="whitespace:nowrap;"><span class="sortValue">1675971716638</span>9 Feb 12:41:56</td>
    <td>      <span class="sortValue">3</span><span class="aui-lozenge aui-lozenge-error">FAIL</span>
  </td>
    <td><span class="sortValue">0.0</span>0</td>
    <td style="width:50%">
    <span class="sortValue">Index:&#160;0,&#160;Size:&#160;0</span>
        <span class="expand" id="togglebut5" onclick="toggleNodeExpansion('togglebut5', 'msgc5', 'msge5');return false;">&#160;</span>
        <div class="errorMessage" id="msgc5">Index:&#160;0,&#160;Size:&#160;0</div>
        <div class="errorMessage" id="msge5" style="display:none;"> <div>java.lang.IndexOutOfBoundsException: Index: 0, Size: 0</div><div> at java.util.ArrayList.rangeCheck(ArrayList.java:659)</div><div> at java.util.ArrayList.get(ArrayList.java:435)</div><div>	at <a href="../../../org/jsoup/select/Elements.html?line=354#src-354">org.jsoup.select.Elements.get(Elements.java:354)</a></div><div>	at <a href="../../../org/jsoup/nodes/Element.html?line=123#src-123">org.jsoup.nodes.Element.child(Element.java:123)</a></div><div>	at <a href="../../../org/jsoup/nodes/ElementTest.html?line=36#src-36">org.jsoup.nodes.ElementTest.testGetDeepChild108(ElementTest.java:36)</a></div><div> at org.junit.runners.model.FrameworkMethod$1.runReflectiveCall(FrameworkMethod.java:44)</div><div> at org.junit.internal.runners.model.ReflectiveCallable.run(ReflectiveCallable.java:15)</div><div> at org.junit.runners.model.FrameworkMethod.invokeExplosively(FrameworkMethod.java:41)</div><div> at org.junit.internal.runners.statements.InvokeMethod.evaluate(InvokeMethod.java:20)</div><div> at org.junit.internal.runners.statements.RunBefores.evaluate(RunBefores.java:28)</div><div> at org.junit.internal.runners.statements.RunAfters.evaluate(RunAfters.java:31)</div><div> at org.junit.runners.BlockJUnit4ClassRunner.runChild(BlockJUnit4ClassRunner.java:73)</div><div> at org.junit.runners.BlockJUnit4ClassRunner.runChild(BlockJUnit4ClassRunner.java:46)</div><div> at org.junit.runners.ParentRunner.runChildren(ParentRunner.java:180)</div><div> at org.junit.runners.ParentRunner.access$000(ParentRunner.java:41)</div><div> at org.junit.runners.ParentRunner$1.evaluate(ParentRunner.java:173)</div><div> at org.junit.internal.runners.statements.RunBefores.evaluate(RunBefores.java:28)</div><div> at org.junit.internal.runners.statements.RunAfters.evaluate(RunAfters.java:31)</div><div> at org.junit.runners.ParentRunner.run(ParentRunner.java:220)</div><div> at junit.framework.JUnit4TestAdapter.run(JUnit4TestAdapter.java:39)</div></div>
        </td>
</tr>
<tr>
    <td><span class="sortValue">ElementTest.testGetDeepChild107</span><a href="ElementTest_testGetDeepChild107_21.html">ElementTest.testGetDeepChild107</a></td>
    <td style="whitespace:nowrap;"><span class="sortValue">1675971716634</span>9 Feb 12:41:56</td>
    <td>      <span class="sortValue">3</span><span class="aui-lozenge aui-lozenge-error">FAIL</span>
  </td>
    <td><span class="sortValue">0.001</span>0.001</td>
    <td style="width:50%">
    <span class="sortValue">expected:&lt;2&gt;&#160;but&#160;was:&lt;0&gt;</span>
        <span class="expand" id="togglebut6" onclick="toggleNodeExpansion('togglebut6', 'msgc6', 'msge6');return false;">&#160;</span>
        <div class="errorMessage" id="msgc6">expected:&lt;2&gt;&#160;but&#160;was:&lt;0&gt;</div>
        <div class="errorMessage" id="msge6" style="display:none;"> <div>java.lang.AssertionError: expected:&lt;2&gt; but was:&lt;0&gt;</div><div> at org.junit.Assert.fail(Assert.java:91)</div><div> at org.junit.Assert.failNotEquals(Assert.java:618)</div><div> at org.junit.Assert.assertEquals(Assert.java:126)</div><div> at org.junit.Assert.assertEquals(Assert.java:443)</div><div> at org.junit.Assert.assertEquals(Assert.java:427)</div><div>	at <a href="../../../org/jsoup/nodes/ElementTest.html?line=34#src-34">org.jsoup.nodes.ElementTest.testGetDeepChild107(ElementTest.java:34)</a></div><div> at org.junit.runners.model.FrameworkMethod$1.runReflectiveCall(FrameworkMethod.java:44)</div><div> at org.junit.internal.runners.model.ReflectiveCallable.run(ReflectiveCallable.java:15)</div><div> at org.junit.runners.model.FrameworkMethod.invokeExplosively(FrameworkMethod.java:41)</div><div> at org.junit.internal.runners.statements.InvokeMethod.evaluate(InvokeMethod.java:20)</div><div> at org.junit.internal.runners.statements.RunBefores.evaluate(RunBefores.java:28)</div><div> at org.junit.internal.runners.statements.RunAfters.evaluate(RunAfters.java:31)</div><div> at org.junit.runners.BlockJUnit4ClassRunner.runChild(BlockJUnit4ClassRunner.java:73)</div><div> at org.junit.runners.BlockJUnit4ClassRunner.runChild(BlockJUnit4ClassRunner.java:46)</div><div> at org.junit.runners.ParentRunner.runChildren(ParentRunner.java:180)</div><div> at org.junit.runners.ParentRunner.access$000(ParentRunner.java:41)</div><div> at org.junit.runners.ParentRunner$1.evaluate(ParentRunner.java:173)</div><div> at org.junit.internal.runners.statements.RunBefores.evaluate(RunBefores.java:28)</div><div> at org.junit.internal.runners.statements.RunAfters.evaluate(RunAfters.java:31)</div><div> at org.junit.runners.ParentRunner.run(ParentRunner.java:220)</div><div> at junit.framework.JUnit4TestAdapter.run(JUnit4TestAdapter.java:39)</div></div>
        </td>
</tr>
<tr>
    <td><span class="sortValue">ElementTest.testPrependElement91</span><a href="ElementTest_testPrependElement91_e.html">ElementTest.testPrependElement91</a></td>
    <td style="whitespace:nowrap;"><span class="sortValue">1675971716644</span>9 Feb 12:41:56</td>
    <td>      <span class="sortValue">3</span><span class="aui-lozenge aui-lozenge-error">FAIL</span>
  </td>
    <td><span class="sortValue">0.001</span>0.001</td>
    <td style="width:50%">
    <span class="sortValue">expected:&lt;Hello[]&gt;&#160;but&#160;was:&lt;Hello[\nthere]&gt;</span>
        <span class="expand" id="togglebut7" onclick="toggleNodeExpansion('togglebut7', 'msgc7', 'msge7');return false;">&#160;</span>
        <div class="errorMessage" id="msgc7">expected:&lt;Hello[]&gt;&#160;but&#160;was:&lt;Hello[\nthere]&gt;</div>
        <div class="errorMessage" id="msge7" style="display:none;"> <div>org.junit.ComparisonFailure: expected:&lt;Hello[]&gt; but was:&lt;Hello[\nthere]&gt;</div><div> at org.junit.Assert.assertEquals(Assert.java:123)</div><div> at org.junit.Assert.assertEquals(Assert.java:145)</div><div>	at <a href="../../../org/jsoup/nodes/ElementTest.html?line=26#src-26">org.jsoup.nodes.ElementTest.testPrependElement91(ElementTest.java:26)</a></div><div> at org.junit.runners.model.FrameworkMethod$1.runReflectiveCall(FrameworkMethod.java:44)</div><div> at org.junit.internal.runners.model.ReflectiveCallable.run(ReflectiveCallable.java:15)</div><div> at org.junit.runners.model.FrameworkMethod.invokeExplosively(FrameworkMethod.java:41)</div><div> at org.junit.internal.runners.statements.InvokeMethod.evaluate(InvokeMethod.java:20)</div><div> at org.junit.internal.runners.statements.RunBefores.evaluate(RunBefores.java:28)</div><div> at org.junit.internal.runners.statements.RunAfters.evaluate(RunAfters.java:31)</div><div> at org.junit.runners.BlockJUnit4ClassRunner.runChild(BlockJUnit4ClassRunner.java:73)</div><div> at org.junit.runners.BlockJUnit4ClassRunner.runChild(BlockJUnit4ClassRunner.java:46)</div><div> at org.junit.runners.ParentRunner.runChildren(ParentRunner.java:180)</div><div> at org.junit.runners.ParentRunner.access$000(ParentRunner.java:41)</div><div> at org.junit.runners.ParentRunner$1.evaluate(ParentRunner.java:173)</div><div> at org.junit.internal.runners.statements.RunBefores.evaluate(RunBefores.java:28)</div><div> at org.junit.internal.runners.statements.RunAfters.evaluate(RunAfters.java:31)</div><div> at org.junit.runners.ParentRunner.run(ParentRunner.java:220)</div><div> at junit.framework.JUnit4TestAdapter.run(JUnit4TestAdapter.java:39)</div></div>
        </td>
</tr>
<tr>
    <td><span class="sortValue">ElementTest.testPrependElement90</span><a href="ElementTest_testPrependElement90_2.html">ElementTest.testPrependElement90</a></td>
    <td style="whitespace:nowrap;"><span class="sortValue">1675971716640</span>9 Feb 12:41:56</td>
    <td>      <span class="sortValue">1</span><span class="aui-lozenge aui-lozenge-success">PASS</span>
  </td>
    <td><span class="sortValue">0.001</span>0.001</td>
    <td style="width:50%">
     &#160;     </td>
</tr>

    </tbody>
</table>

    </div> <!-- tabs-pane -->
</div> <!-- aui-tabs horizontal-tabs -->

                        </div> <!-- class="aui-page-panel-content-clover" -->
                    <footer id="footer" role="contentinfo">
    <section class="footer-body">
        <ul>
            <li>
                Report generated by <a target="_new" href="http://openclover.org">OpenClover</a> v 4.4.1
                on Thu Feb 9 2023 12:41:59 MST using coverage data from Thu Feb 9 2023 12:41:59 MST.
            </li>
        </ul>
        <ul>
            <li>OpenClover is free and open-source software. </li>
        </ul>
    </section>
</footer>                </section> <!-- class="aui-page-panel-content" -->
            </div> <!-- class="aui-page-panel-inner" -->
        </div> <!-- class="aui-page-panel" -->
    </div> <!-- id="page" -->
</body>
</html>